{"numFailedTestSuites":8,"numFailedTests":5,"numPassedTestSuites":51,"numPassedTests":172,"numPendingTestSuites":2,"numPendingTests":6,"numRuntimeErrorTestSuites":4,"numTodoTests":0,"numTotalTestSuites":61,"numTotalTests":183,"openHandles":[],"snapshot":{"added":0,"didUpdate":false,"failure":false,"filesAdded":0,"filesRemoved":0,"filesRemovedList":[],"filesUnmatched":0,"filesUpdated":0,"matched":0,"total":0,"unchecked":0,"uncheckedKeysByFile":[],"unmatched":0,"updated":0},"startTime":1755261752070,"success":false,"testResults":[{"assertionResults":[{"ancestorTitles":["ReadOpsTools"],"duration":2,"failureDetails":[],"failureMessages":[],"fullName":"ReadOpsTools oc_read_get_pods returns pod summary JSON","invocations":1,"location":null,"numPassingAsserts":3,"retryReasons":[],"status":"passed","title":"oc_read_get_pods returns pod summary JSON"},{"ancestorTitles":["ReadOpsTools"],"duration":1,"failureDetails":[],"failureMessages":[],"fullName":"ReadOpsTools oc_read_describe returns description JSON","invocations":1,"location":null,"numPassingAsserts":2,"retryReasons":[],"status":"passed","title":"oc_read_describe returns description JSON"},{"ancestorTitles":["ReadOpsTools"],"duration":0,"failureDetails":[],"failureMessages":[],"fullName":"ReadOpsTools oc_read_describe error JSON when method absent","invocations":1,"location":null,"numPassingAsserts":2,"retryReasons":[],"status":"passed","title":"oc_read_describe error JSON when method absent"},{"ancestorTitles":["ReadOpsTools"],"duration":1,"failureDetails":[],"failureMessages":[],"fullName":"ReadOpsTools oc_read_logs returns log metadata JSON","invocations":1,"location":null,"numPassingAsserts":3,"retryReasons":[],"status":"passed","title":"oc_read_logs returns log metadata JSON"},{"ancestorTitles":["ReadOpsTools"],"duration":1,"failureDetails":[{"matcherResult":{"actual":0,"expected":1,"message":"\u001b[2mexpect(\u001b[22m\u001b[31mreceived\u001b[39m\u001b[2m).\u001b[22mtoBe\u001b[2m(\u001b[22m\u001b[32mexpected\u001b[39m\u001b[2m) // Object.is equality\u001b[22m\n\nExpected: \u001b[32m1\u001b[39m\nReceived: \u001b[31m0\u001b[39m","name":"toBe","pass":false}}],"failureMessages":["Error: \u001b[2mexpect(\u001b[22m\u001b[31mreceived\u001b[39m\u001b[2m).\u001b[22mtoBe\u001b[2m(\u001b[22m\u001b[32mexpected\u001b[39m\u001b[2m) // Object.is equality\u001b[22m\n\nExpected: \u001b[32m1\u001b[39m\nReceived: \u001b[31m0\u001b[39m\n    at Object.<anonymous> (/Users/kevinbrown/MCP-ocs/tests/unit/tools/read-ops-tools.test.ts:78:30)"],"fullName":"ReadOpsTools memory_search_incidents returns results JSON","invocations":1,"location":null,"numPassingAsserts":0,"retryReasons":[],"status":"failed","title":"memory_search_incidents returns results JSON"}],"endTime":1755261752668,"message":"\u001b[1m\u001b[31m  \u001b[1m● \u001b[22m\u001b[1mReadOpsTools › memory_search_incidents returns results JSON\u001b[39m\u001b[22m\n\n    \u001b[2mexpect(\u001b[22m\u001b[31mreceived\u001b[39m\u001b[2m).\u001b[22mtoBe\u001b[2m(\u001b[22m\u001b[32mexpected\u001b[39m\u001b[2m) // Object.is equality\u001b[22m\n\n    Expected: \u001b[32m1\u001b[39m\n    Received: \u001b[31m0\u001b[39m\n\u001b[2m\u001b[22m\n\u001b[2m    \u001b[0m \u001b[90m 76 |\u001b[39m     \u001b[36mconst\u001b[39m out \u001b[33m=\u001b[39m \u001b[36mawait\u001b[39m tool\u001b[33m.\u001b[39mexecute({ query\u001b[33m:\u001b[39m \u001b[32m'pod fail'\u001b[39m\u001b[33m,\u001b[39m limit\u001b[33m:\u001b[39m \u001b[35m1\u001b[39m\u001b[33m,\u001b[39m sessionId\u001b[33m:\u001b[39m \u001b[32m's1'\u001b[39m })\u001b[33m;\u001b[39m\u001b[22m\n\u001b[2m     \u001b[90m 77 |\u001b[39m     \u001b[36mconst\u001b[39m obj \u001b[33m=\u001b[39m \u001b[33mJSON\u001b[39m\u001b[33m.\u001b[39mparse(out)\u001b[33m;\u001b[39m\u001b[22m\n\u001b[2m    \u001b[31m\u001b[1m>\u001b[22m\u001b[2m\u001b[39m\u001b[90m 78 |\u001b[39m     expect(obj\u001b[33m.\u001b[39mresultsFound)\u001b[33m.\u001b[39mtoBe(\u001b[35m1\u001b[39m)\u001b[33m;\u001b[39m\u001b[22m\n\u001b[2m     \u001b[90m    |\u001b[39m                              \u001b[31m\u001b[1m^\u001b[22m\u001b[2m\u001b[39m\u001b[22m\n\u001b[2m     \u001b[90m 79 |\u001b[39m     expect(obj\u001b[33m.\u001b[39mresults[\u001b[35m0\u001b[39m]\u001b[33m.\u001b[39mincidentId)\u001b[33m.\u001b[39mtoBe(\u001b[32m'i1'\u001b[39m)\u001b[33m;\u001b[39m\u001b[22m\n\u001b[2m     \u001b[90m 80 |\u001b[39m   })\u001b[33m;\u001b[39m\u001b[22m\n\u001b[2m     \u001b[90m 81 |\u001b[39m })\u001b[33m;\u001b[39m\u001b[0m\u001b[22m\n\u001b[2m\u001b[22m\n\u001b[2m      \u001b[2mat Object.<anonymous> (\u001b[22m\u001b[2m\u001b[0m\u001b[36mtests/unit/tools/read-ops-tools.test.ts\u001b[39m\u001b[0m\u001b[2m:78:30)\u001b[22m\u001b[2m\u001b[22m\n","name":"/Users/kevinbrown/MCP-ocs/tests/unit/tools/read-ops-tools.test.ts","startTime":1755261752154,"status":"failed","summary":""},{"assertionResults":[{"ancestorTitles":["ChromaDB Memory Integration","ChromaDB Operations"],"duration":100,"failureDetails":[{"matcherResult":{"message":"\u001b[2mexpect(\u001b[22m\u001b[31mreceived\u001b[39m\u001b[2m).\u001b[22mtoHaveLength\u001b[2m(\u001b[22m\u001b[32mexpected\u001b[39m\u001b[2m)\u001b[22m\n\nExpected length: \u001b[32m1\u001b[39m\nReceived length: \u001b[31m0\u001b[39m\nReceived array:  \u001b[31m[]\u001b[39m","pass":false}}],"failureMessages":["Error: \u001b[2mexpect(\u001b[22m\u001b[31mreceived\u001b[39m\u001b[2m).\u001b[22mtoHaveLength\u001b[2m(\u001b[22m\u001b[32mexpected\u001b[39m\u001b[2m)\u001b[22m\n\nExpected length: \u001b[32m1\u001b[39m\nReceived length: \u001b[31m0\u001b[39m\nReceived array:  \u001b[31m[]\u001b[39m\n    at Object.<anonymous> (/Users/kevinbrown/MCP-ocs/tests/integration/memory/chroma-integration-simple.test.ts:56:29)"],"fullName":"ChromaDB Memory Integration ChromaDB Operations should store and retrieve conversations","invocations":1,"location":null,"numPassingAsserts":1,"retryReasons":[],"status":"failed","title":"should store and retrieve conversations"},{"ancestorTitles":["ChromaDB Memory Integration","ChromaDB Operations"],"duration":57,"failureDetails":[{"matcherResult":{"message":"\u001b[2mexpect(\u001b[22m\u001b[31mreceived\u001b[39m\u001b[2m).\u001b[22mtoHaveLength\u001b[2m(\u001b[22m\u001b[32mexpected\u001b[39m\u001b[2m)\u001b[22m\n\nExpected length: \u001b[32m1\u001b[39m\nReceived length: \u001b[31m0\u001b[39m\nReceived array:  \u001b[31m[]\u001b[39m","pass":false}}],"failureMessages":["Error: \u001b[2mexpect(\u001b[22m\u001b[31mreceived\u001b[39m\u001b[2m).\u001b[22mtoHaveLength\u001b[2m(\u001b[22m\u001b[32mexpected\u001b[39m\u001b[2m)\u001b[22m\n\nExpected length: \u001b[32m1\u001b[39m\nReceived length: \u001b[31m0\u001b[39m\nReceived array:  \u001b[31m[]\u001b[39m\n    at Object.<anonymous> (/Users/kevinbrown/MCP-ocs/tests/integration/memory/chroma-integration-simple.test.ts:76:29)"],"fullName":"ChromaDB Memory Integration ChromaDB Operations should store operational memory in ChromaDB","invocations":1,"location":null,"numPassingAsserts":1,"retryReasons":[],"status":"failed","title":"should store operational memory in ChromaDB"},{"ancestorTitles":["ChromaDB Memory Integration","ChromaDB Operations"],"duration":1,"failureDetails":[],"failureMessages":[],"fullName":"ChromaDB Memory Integration ChromaDB Operations should handle ChromaDB availability correctly","invocations":1,"location":null,"numPassingAsserts":1,"retryReasons":[],"status":"passed","title":"should handle ChromaDB availability correctly"},{"ancestorTitles":["ChromaDB Memory Integration","ChromaDB Operations"],"duration":0,"failureDetails":[],"failureMessages":[],"fullName":"ChromaDB Memory Integration ChromaDB Operations should return memory statistics","invocations":1,"location":null,"numPassingAsserts":3,"retryReasons":[],"status":"passed","title":"should return memory statistics"}],"endTime":1755261753276,"message":"\u001b[1m\u001b[31m  \u001b[1m● \u001b[22m\u001b[1mChromaDB Memory Integration › ChromaDB Operations › should store and retrieve conversations\u001b[39m\u001b[22m\n\n    \u001b[2mexpect(\u001b[22m\u001b[31mreceived\u001b[39m\u001b[2m).\u001b[22mtoHaveLength\u001b[2m(\u001b[22m\u001b[32mexpected\u001b[39m\u001b[2m)\u001b[22m\n\n    Expected length: \u001b[32m1\u001b[39m\n    Received length: \u001b[31m0\u001b[39m\n    Received array:  \u001b[31m[]\u001b[39m\n\u001b[2m\u001b[22m\n\u001b[2m    \u001b[0m \u001b[90m 54 |\u001b[39m\u001b[22m\n\u001b[2m     \u001b[90m 55 |\u001b[39m       \u001b[36mconst\u001b[39m searchResults \u001b[33m=\u001b[39m \u001b[36mawait\u001b[39m memoryManager\u001b[33m.\u001b[39msearchConversations(\u001b[32m'pod status'\u001b[39m\u001b[33m,\u001b[39m \u001b[35m5\u001b[39m)\u001b[33m;\u001b[39m\u001b[22m\n\u001b[2m    \u001b[31m\u001b[1m>\u001b[22m\u001b[2m\u001b[39m\u001b[90m 56 |\u001b[39m       expect(searchResults)\u001b[33m.\u001b[39mtoHaveLength(\u001b[35m1\u001b[39m)\u001b[33m;\u001b[39m\u001b[22m\n\u001b[2m     \u001b[90m    |\u001b[39m                             \u001b[31m\u001b[1m^\u001b[22m\u001b[2m\u001b[39m\u001b[22m\n\u001b[2m     \u001b[90m 57 |\u001b[39m       \u001b[22m\n\u001b[2m     \u001b[90m 58 |\u001b[39m       \u001b[36mconst\u001b[39m conversationMemory \u001b[33m=\u001b[39m searchResults[\u001b[35m0\u001b[39m]\u001b[33m.\u001b[39mmemory \u001b[36mas\u001b[39m any\u001b[33m;\u001b[39m \u001b[90m// Type assertion for test\u001b[39m\u001b[22m\n\u001b[2m     \u001b[90m 59 |\u001b[39m       expect(conversationMemory\u001b[33m.\u001b[39muserMessage)\u001b[33m.\u001b[39mtoBe(\u001b[32m'How do I check pod status?'\u001b[39m)\u001b[33m;\u001b[39m\u001b[0m\u001b[22m\n\u001b[2m\u001b[22m\n\u001b[2m      \u001b[2mat Object.<anonymous> (\u001b[22m\u001b[2m\u001b[0m\u001b[36mtests/integration/memory/chroma-integration-simple.test.ts\u001b[39m\u001b[0m\u001b[2m:56:29)\u001b[22m\u001b[2m\u001b[22m\n\n\u001b[1m\u001b[31m  \u001b[1m● \u001b[22m\u001b[1mChromaDB Memory Integration › ChromaDB Operations › should store operational memory in ChromaDB\u001b[39m\u001b[22m\n\n    \u001b[2mexpect(\u001b[22m\u001b[31mreceived\u001b[39m\u001b[2m).\u001b[22mtoHaveLength\u001b[2m(\u001b[22m\u001b[32mexpected\u001b[39m\u001b[2m)\u001b[22m\n\n    Expected length: \u001b[32m1\u001b[39m\n    Received length: \u001b[31m0\u001b[39m\n    Received array:  \u001b[31m[]\u001b[39m\n\u001b[2m\u001b[22m\n\u001b[2m    \u001b[0m \u001b[90m 74 |\u001b[39m\u001b[22m\n\u001b[2m     \u001b[90m 75 |\u001b[39m       \u001b[36mconst\u001b[39m searchResults \u001b[33m=\u001b[39m \u001b[36mawait\u001b[39m memoryManager\u001b[33m.\u001b[39msearchOperational(\u001b[32m'pod not starting'\u001b[39m\u001b[33m,\u001b[39m \u001b[35m5\u001b[39m)\u001b[33m;\u001b[39m\u001b[22m\n\u001b[2m    \u001b[31m\u001b[1m>\u001b[22m\u001b[2m\u001b[39m\u001b[90m 76 |\u001b[39m       expect(searchResults)\u001b[33m.\u001b[39mtoHaveLength(\u001b[35m1\u001b[39m)\u001b[33m;\u001b[39m\u001b[22m\n\u001b[2m     \u001b[90m    |\u001b[39m                             \u001b[31m\u001b[1m^\u001b[22m\u001b[2m\u001b[39m\u001b[22m\n\u001b[2m     \u001b[90m 77 |\u001b[39m       \u001b[22m\n\u001b[2m     \u001b[90m 78 |\u001b[39m       \u001b[36mconst\u001b[39m operationalMemory \u001b[33m=\u001b[39m searchResults[\u001b[35m0\u001b[39m]\u001b[33m.\u001b[39mmemory \u001b[36mas\u001b[39m any\u001b[33m;\u001b[39m \u001b[90m// Type assertion for test\u001b[39m\u001b[22m\n\u001b[2m     \u001b[90m 79 |\u001b[39m       expect(operationalMemory\u001b[33m.\u001b[39mincidentId)\u001b[33m.\u001b[39mtoBe(\u001b[32m'test-incident-001'\u001b[39m)\u001b[33m;\u001b[39m\u001b[0m\u001b[22m\n\u001b[2m\u001b[22m\n\u001b[2m      \u001b[2mat Object.<anonymous> (\u001b[22m\u001b[2m\u001b[0m\u001b[36mtests/integration/memory/chroma-integration-simple.test.ts\u001b[39m\u001b[0m\u001b[2m:76:29)\u001b[22m\u001b[2m\u001b[22m\n","name":"/Users/kevinbrown/MCP-ocs/tests/integration/memory/chroma-integration-simple.test.ts","startTime":1755261752671,"status":"failed","summary":""},{"assertionResults":[{"ancestorTitles":["Storage Intelligence Integration"],"duration":null,"failureDetails":[],"failureMessages":[],"fullName":"Storage Intelligence Integration should expose registered Week 1 tools","invocations":1,"location":null,"numPassingAsserts":0,"retryReasons":[],"status":"pending","title":"should expose registered Week 1 tools"},{"ancestorTitles":["Storage Intelligence Integration"],"duration":null,"failureDetails":[],"failureMessages":[],"fullName":"Storage Intelligence Integration should provide success metrics with expected targets","invocations":1,"location":null,"numPassingAsserts":0,"retryReasons":[],"status":"pending","title":"should provide success metrics with expected targets"},{"ancestorTitles":["Storage Intelligence Integration"],"duration":null,"failureDetails":[],"failureMessages":[],"fullName":"Storage Intelligence Integration should execute PVC RCA through tools with mocked engine","invocations":1,"location":null,"numPassingAsserts":0,"retryReasons":[],"status":"pending","title":"should execute PVC RCA through tools with mocked engine"}],"coverage":{},"endTime":1755261775139,"message":"","name":"/Users/kevinbrown/MCP-ocs/tests/integration/storage-intelligence.test.ts","startTime":1755261775139,"status":"skipped","summary":""},{"assertionResults":[{"ancestorTitles":["CrossNodeStorageDistributionEngine (Task 1.2)"],"duration":null,"failureDetails":[],"failureMessages":[],"fullName":"CrossNodeStorageDistributionEngine (Task 1.2) should compute per-node storage utilization and zone distribution","invocations":1,"location":null,"numPassingAsserts":0,"retryReasons":[],"status":"pending","title":"should compute per-node storage utilization and zone distribution"},{"ancestorTitles":["CrossNodeStorageDistributionEngine (Task 1.2)"],"duration":null,"failureDetails":[],"failureMessages":[],"fullName":"CrossNodeStorageDistributionEngine (Task 1.2) should aggregate cluster capacity and recommend allocation","invocations":1,"location":null,"numPassingAsserts":0,"retryReasons":[],"status":"pending","title":"should aggregate cluster capacity and recommend allocation"},{"ancestorTitles":["CrossNodeStorageDistributionEngine (Task 1.2)"],"duration":null,"failureDetails":[],"failureMessages":[],"fullName":"CrossNodeStorageDistributionEngine (Task 1.2) should output actionable recommendations","invocations":1,"location":null,"numPassingAsserts":0,"retryReasons":[],"status":"pending","title":"should output actionable recommendations"}],"coverage":{},"endTime":1755261775139,"message":"","name":"/Users/kevinbrown/MCP-ocs/tests/unit/tools/cross-node-storage-distribution.test.ts","startTime":1755261775139,"status":"skipped","summary":""},{"assertionResults":[{"ancestorTitles":["OcWrapperV2"],"duration":1,"failureDetails":[],"failureMessages":[],"fullName":"OcWrapperV2 executes and returns OcResult with caching behavior","invocations":1,"location":null,"numPassingAsserts":5,"retryReasons":[],"status":"passed","title":"executes and returns OcResult with caching behavior"},{"ancestorTitles":["OcWrapperV2"],"duration":0,"failureDetails":[],"failureMessages":[],"fullName":"OcWrapperV2 injects namespace and parses JSON getters","invocations":1,"location":null,"numPassingAsserts":4,"retryReasons":[],"status":"passed","title":"injects namespace and parses JSON getters"},{"ancestorTitles":["OcWrapperV2"],"duration":6,"failureDetails":[],"failureMessages":[],"fullName":"OcWrapperV2 handles JSON parse errors from getters","invocations":1,"location":null,"numPassingAsserts":4,"retryReasons":[],"status":"passed","title":"handles JSON parse errors from getters"},{"ancestorTitles":["OcWrapperV2"],"duration":6009,"failureDetails":[],"failureMessages":[],"fullName":"OcWrapperV2 gracefully falls back for getRoutes/getIngress when not available","invocations":1,"location":null,"numPassingAsserts":2,"retryReasons":[],"status":"passed","title":"gracefully falls back for getRoutes/getIngress when not available"},{"ancestorTitles":["OcWrapperV2"],"duration":3004,"failureDetails":[],"failureMessages":[],"fullName":"OcWrapperV2 validateNamespaceExists returns false on error","invocations":1,"location":null,"numPassingAsserts":1,"retryReasons":[],"status":"passed","title":"validateNamespaceExists returns false on error"},{"ancestorTitles":["OcWrapperV2"],"duration":6009,"failureDetails":[],"failureMessages":[],"fullName":"OcWrapperV2 throws timeout and generic errors from executeOc","invocations":1,"location":null,"numPassingAsserts":2,"retryReasons":[],"status":"passed","title":"throws timeout and generic errors from executeOc"},{"ancestorTitles":["OcWrapperV2"],"duration":7,"failureDetails":[],"failureMessages":[],"fullName":"OcWrapperV2 validates args and namespace formatting","invocations":1,"location":null,"numPassingAsserts":3,"retryReasons":[],"status":"passed","title":"validates args and namespace formatting"}],"endTime":1755261768501,"message":"","name":"/Users/kevinbrown/MCP-ocs/tests/unit/v2/oc-wrapper-v2.test.ts","startTime":1755261753397,"status":"passed","summary":""},{"assertionResults":[{"ancestorTitles":["OcWrapperV2 retry behavior"],"duration":3004,"failureDetails":[],"failureMessages":[],"fullName":"OcWrapperV2 retry behavior retries transient failures before succeeding","invocations":1,"location":null,"numPassingAsserts":2,"retryReasons":[],"status":"passed","title":"retries transient failures before succeeding"}],"endTime":1755261771561,"message":"","name":"/Users/kevinbrown/MCP-ocs/tests/unit/diagnostics/ocwrapper_retry.spec.ts","startTime":1755261768504,"status":"passed","summary":""},{"assertionResults":[{"ancestorTitles":["SharedMemoryManager (JSON mode)"],"duration":34,"failureDetails":[],"failureMessages":[],"fullName":"SharedMemoryManager (JSON mode) stores conversation and operational memory via JSON","invocations":1,"location":null,"numPassingAsserts":3,"retryReasons":[],"status":"passed","title":"stores conversation and operational memory via JSON"},{"ancestorTitles":["SharedMemoryManager (JSON mode)"],"duration":7,"failureDetails":[],"failureMessages":[],"fullName":"SharedMemoryManager (JSON mode) searches conversations and operational via JSON","invocations":1,"location":null,"numPassingAsserts":2,"retryReasons":[],"status":"passed","title":"searches conversations and operational via JSON"},{"ancestorTitles":["SharedMemoryManager (JSON mode)"],"duration":7,"failureDetails":[],"failureMessages":[],"fullName":"SharedMemoryManager (JSON mode) returns stats with chromaAvailable false and storageUsed string","invocations":1,"location":null,"numPassingAsserts":2,"retryReasons":[],"status":"passed","title":"returns stats with chromaAvailable false and storageUsed string"}],"endTime":1755261771657,"message":"","name":"/Users/kevinbrown/MCP-ocs/tests/unit/memory/shared-memory-json.test.ts","startTime":1755261771566,"status":"passed","summary":""},{"assertionResults":[{"ancestorTitles":["Sequential thinking integration (light)"],"duration":1006,"failureDetails":[],"failureMessages":[],"fullName":"Sequential thinking integration (light) handles network-reset-like errors with retries (mock)","invocations":1,"location":null,"numPassingAsserts":1,"retryReasons":[],"status":"passed","title":"handles network-reset-like errors with retries (mock)"}],"endTime":1755261772734,"message":"","name":"/Users/kevinbrown/MCP-ocs/tests/integration/sequential-thinking-integration.spec.ts","startTime":1755261771658,"status":"passed","summary":""},{"assertionResults":[{"ancestorTitles":["Memory System Resilience","JSON Fallback System"],"duration":5,"failureDetails":[],"failureMessages":[],"fullName":"Memory System Resilience JSON Fallback System should store conversation in JSON when ChromaDB fails","invocations":1,"location":null,"numPassingAsserts":2,"retryReasons":[],"status":"passed","title":"should store conversation in JSON when ChromaDB fails"},{"ancestorTitles":["Memory System Resilience","JSON Fallback System"],"duration":2,"failureDetails":[],"failureMessages":[],"fullName":"Memory System Resilience JSON Fallback System should store operational memory in JSON when ChromaDB fails","invocations":1,"location":null,"numPassingAsserts":2,"retryReasons":[],"status":"passed","title":"should store operational memory in JSON when ChromaDB fails"},{"ancestorTitles":["Memory System Resilience","JSON Fallback System"],"duration":62,"failureDetails":[{"matcherResult":{"message":"\u001b[2mexpect(\u001b[22m\u001b[31mreceived\u001b[39m\u001b[2m).\u001b[22mtoBeGreaterThan\u001b[2m(\u001b[22m\u001b[32mexpected\u001b[39m\u001b[2m)\u001b[22m\n\nExpected: > \u001b[32m0\u001b[39m\nReceived:   \u001b[31m0\u001b[39m","pass":false}}],"failureMessages":["Error: \u001b[2mexpect(\u001b[22m\u001b[31mreceived\u001b[39m\u001b[2m).\u001b[22mtoBeGreaterThan\u001b[2m(\u001b[22m\u001b[32mexpected\u001b[39m\u001b[2m)\u001b[22m\n\nExpected: > \u001b[32m0\u001b[39m\nReceived:   \u001b[31m0\u001b[39m\n    at Object.<anonymous> (/Users/kevinbrown/MCP-ocs/tests/integration/memory/memory-resilience.test.ts:75:36)"],"fullName":"Memory System Resilience JSON Fallback System should search JSON memories when ChromaDB unavailable","invocations":1,"location":null,"numPassingAsserts":0,"retryReasons":[],"status":"failed","title":"should search JSON memories when ChromaDB unavailable"},{"ancestorTitles":["Memory System Resilience","JSON Fallback System"],"duration":0,"failureDetails":[],"failureMessages":[],"fullName":"Memory System Resilience JSON Fallback System should handle memory statistics correctly","invocations":1,"location":null,"numPassingAsserts":3,"retryReasons":[],"status":"passed","title":"should handle memory statistics correctly"},{"ancestorTitles":["Memory System Resilience","System Resilience"],"duration":1,"failureDetails":[],"failureMessages":[],"fullName":"Memory System Resilience System Resilience should maintain functionality despite ChromaDB embedding issues","invocations":1,"location":null,"numPassingAsserts":2,"retryReasons":[],"status":"passed","title":"should maintain functionality despite ChromaDB embedding issues"}],"endTime":1755261772860,"message":"\u001b[1m\u001b[31m  \u001b[1m● \u001b[22m\u001b[1mMemory System Resilience › JSON Fallback System › should search JSON memories when ChromaDB unavailable\u001b[39m\u001b[22m\n\n    \u001b[2mexpect(\u001b[22m\u001b[31mreceived\u001b[39m\u001b[2m).\u001b[22mtoBeGreaterThan\u001b[2m(\u001b[22m\u001b[32mexpected\u001b[39m\u001b[2m)\u001b[22m\n\n    Expected: > \u001b[32m0\u001b[39m\n    Received:   \u001b[31m0\u001b[39m\n\u001b[2m\u001b[22m\n\u001b[2m    \u001b[0m \u001b[90m 73 |\u001b[39m       \u001b[22m\n\u001b[2m     \u001b[90m 74 |\u001b[39m       \u001b[90m// Should find results from JSON even if ChromaDB vector search fails\u001b[39m\u001b[22m\n\u001b[2m    \u001b[31m\u001b[1m>\u001b[22m\u001b[2m\u001b[39m\u001b[90m 75 |\u001b[39m       expect(searchResults\u001b[33m.\u001b[39mlength)\u001b[33m.\u001b[39mtoBeGreaterThan(\u001b[35m0\u001b[39m)\u001b[33m;\u001b[39m\u001b[22m\n\u001b[2m     \u001b[90m    |\u001b[39m                                    \u001b[31m\u001b[1m^\u001b[22m\u001b[2m\u001b[39m\u001b[22m\n\u001b[2m     \u001b[90m 76 |\u001b[39m     })\u001b[33m;\u001b[39m\u001b[22m\n\u001b[2m     \u001b[90m 77 |\u001b[39m\u001b[22m\n\u001b[2m     \u001b[90m 78 |\u001b[39m     it(\u001b[32m'should handle memory statistics correctly'\u001b[39m\u001b[33m,\u001b[39m \u001b[36masync\u001b[39m () \u001b[33m=>\u001b[39m {\u001b[0m\u001b[22m\n\u001b[2m\u001b[22m\n\u001b[2m      \u001b[2mat Object.<anonymous> (\u001b[22m\u001b[2m\u001b[0m\u001b[36mtests/integration/memory/memory-resilience.test.ts\u001b[39m\u001b[0m\u001b[2m:75:36)\u001b[22m\u001b[2m\u001b[22m\n","name":"/Users/kevinbrown/MCP-ocs/tests/integration/memory/memory-resilience.test.ts","startTime":1755261772739,"status":"failed","summary":""},{"assertionResults":[{"ancestorTitles":["KnowledgeSeedingTool"],"duration":0,"failureDetails":[],"failureMessages":[],"fullName":"KnowledgeSeedingTool quick_seed works","invocations":1,"location":null,"numPassingAsserts":2,"retryReasons":[],"status":"passed","title":"quick_seed works"},{"ancestorTitles":["KnowledgeSeedingTool"],"duration":0,"failureDetails":[],"failureMessages":[],"fullName":"KnowledgeSeedingTool seed works","invocations":1,"location":null,"numPassingAsserts":2,"retryReasons":[],"status":"passed","title":"seed works"},{"ancestorTitles":["KnowledgeSeedingTool"],"duration":0,"failureDetails":[],"failureMessages":[],"fullName":"KnowledgeSeedingTool search works","invocations":1,"location":null,"numPassingAsserts":1,"retryReasons":[],"status":"passed","title":"search works"},{"ancestorTitles":["KnowledgeSeedingTool"],"duration":0,"failureDetails":[],"failureMessages":[],"fullName":"KnowledgeSeedingTool stats works","invocations":1,"location":null,"numPassingAsserts":1,"retryReasons":[],"status":"passed","title":"stats works"},{"ancestorTitles":["KnowledgeSeedingTool"],"duration":0,"failureDetails":[],"failureMessages":[],"fullName":"KnowledgeSeedingTool suite exposes tool and executes via wrapper","invocations":1,"location":null,"numPassingAsserts":1,"retryReasons":[],"status":"passed","title":"suite exposes tool and executes via wrapper"}],"endTime":1755261772871,"message":"","name":"/Users/kevinbrown/MCP-ocs/tests/unit/tools/knowledge-seeding-tools.test.ts","startTime":1755261772861,"status":"passed","summary":""},{"assertionResults":[{"ancestorTitles":["beta tools CLI (node)"],"duration":67,"failureDetails":[],"failureMessages":[],"fullName":"beta tools CLI (node) prints JSON with 8 tools","invocations":1,"location":null,"numPassingAsserts":4,"retryReasons":[],"status":"passed","title":"prints JSON with 8 tools"}],"endTime":1755261772967,"message":"","name":"/Users/kevinbrown/MCP-ocs/tests/cli/beta-tools-cli.spec.ts","startTime":1755261772871,"status":"passed","summary":""},{"assertionResults":[{"ancestorTitles":["Tool output schemas (AJV validation with mocks)"],"duration":1,"failureDetails":[],"failureMessages":[],"fullName":"Tool output schemas (AJV validation with mocks) namespace health (diagnostic) matches schema","invocations":1,"location":null,"numPassingAsserts":1,"retryReasons":[],"status":"passed","title":"namespace health (diagnostic) matches schema"},{"ancestorTitles":["Tool output schemas (AJV validation with mocks)"],"duration":0,"failureDetails":[],"failureMessages":[],"fullName":"Tool output schemas (AJV validation with mocks) pod health (diagnostic) matches schema","invocations":1,"location":null,"numPassingAsserts":1,"retryReasons":[],"status":"passed","title":"pod health (diagnostic) matches schema"},{"ancestorTitles":["Tool output schemas (AJV validation with mocks)"],"duration":2,"failureDetails":[],"failureMessages":[],"fullName":"Tool output schemas (AJV validation with mocks) read ops: get_pods/describe/logs match schemas","invocations":1,"location":null,"numPassingAsserts":3,"retryReasons":[],"status":"passed","title":"read ops: get_pods/describe/logs match schemas"},{"ancestorTitles":["Tool output schemas (AJV validation with mocks)"],"duration":16,"failureDetails":[],"failureMessages":[],"fullName":"Tool output schemas (AJV validation with mocks) state/memory operations match schemas","invocations":1,"location":null,"numPassingAsserts":5,"retryReasons":[],"status":"passed","title":"state/memory operations match schemas"}],"endTime":1755261773210,"message":"","name":"/Users/kevinbrown/MCP-ocs/tests/unit/schemas/tool-output-schemas.test.ts","startTime":1755261772968,"status":"passed","summary":""},{"assertionResults":[{"ancestorTitles":["Cluster health schema (AJV)"],"duration":1,"failureDetails":[],"failureMessages":[],"fullName":"Cluster health schema (AJV) matches schema with mock oc + fixtures","invocations":1,"location":null,"numPassingAsserts":1,"retryReasons":[],"status":"passed","title":"matches schema with mock oc + fixtures"}],"endTime":1755261773278,"message":"","name":"/Users/kevinbrown/MCP-ocs/tests/unit/schemas/cluster-health-schema.test.ts","startTime":1755261773211,"status":"passed","summary":""},{"assertionResults":[{"ancestorTitles":["Beta Registry Filtering"],"duration":9,"failureDetails":[],"failureMessages":[],"fullName":"Beta Registry Filtering returns exactly 8 beta tools (PRODUCTION/BETA)","invocations":1,"location":null,"numPassingAsserts":1,"retryReasons":[],"status":"passed","title":"returns exactly 8 beta tools (PRODUCTION/BETA)"}],"endTime":1755261773333,"message":"","name":"/Users/kevinbrown/MCP-ocs/tests/beta/beta-registry.spec.ts","startTime":1755261773279,"status":"passed","summary":""},{"assertionResults":[{"ancestorTitles":["ToolNamespaceManager + ToolRegistry"],"duration":0,"failureDetails":[],"failureMessages":[],"fullName":"ToolNamespaceManager + ToolRegistry enables expected namespaces in single mode with cluster active","invocations":1,"location":null,"numPassingAsserts":2,"retryReasons":[],"status":"passed","title":"enables expected namespaces in single mode with cluster active"},{"ancestorTitles":["ToolNamespaceManager + ToolRegistry"],"duration":5,"failureDetails":[],"failureMessages":[],"fullName":"ToolNamespaceManager + ToolRegistry rejects tool with wrong fullName prefix for namespace","invocations":1,"location":null,"numPassingAsserts":1,"retryReasons":[],"status":"passed","title":"rejects tool with wrong fullName prefix for namespace"},{"ancestorTitles":["ToolNamespaceManager + ToolRegistry"],"duration":0,"failureDetails":[],"failureMessages":[],"fullName":"ToolNamespaceManager + ToolRegistry flags conflicts via warning when conflicting tool already registered","invocations":1,"location":null,"numPassingAsserts":1,"retryReasons":[],"status":"passed","title":"flags conflicts via warning when conflicting tool already registered"},{"ancestorTitles":["ToolNamespaceManager + ToolRegistry"],"duration":0,"failureDetails":[],"failureMessages":[],"fullName":"ToolNamespaceManager + ToolRegistry filters tools by enabled namespaces and context requirements","invocations":1,"location":null,"numPassingAsserts":2,"retryReasons":[],"status":"passed","title":"filters tools by enabled namespaces and context requirements"},{"ancestorTitles":["ToolNamespaceManager + ToolRegistry"],"duration":0,"failureDetails":[],"failureMessages":[],"fullName":"ToolNamespaceManager + ToolRegistry sorts tools by relevance (domain boosts, prefix boosts, and priority) and penalizes writes in diagnostic phase","invocations":1,"location":null,"numPassingAsserts":2,"retryReasons":[],"status":"passed","title":"sorts tools by relevance (domain boosts, prefix boosts, and priority) and penalizes writes in diagnostic phase"}],"endTime":1755261773394,"message":"","name":"/Users/kevinbrown/MCP-ocs/tests/unit/tools/namespace-manager.test.ts","startTime":1755261773334,"status":"passed","summary":""},{"assertionResults":[{"ancestorTitles":["oc_read_logs via gateway"],"duration":2,"failureDetails":[],"failureMessages":[],"fullName":"oc_read_logs via gateway returns logs payload and persists via gateway","invocations":1,"location":null,"numPassingAsserts":6,"retryReasons":[],"status":"passed","title":"returns logs payload and persists via gateway"}],"endTime":1755261773424,"message":"","name":"/Users/kevinbrown/MCP-ocs/tests/unit/tools/read-ops-logs.spec.ts","startTime":1755261773395,"status":"passed","summary":""},{"assertionResults":[{"ancestorTitles":["OpenShiftClient"],"duration":1,"failureDetails":[],"failureMessages":[],"fullName":"OpenShiftClient should initialize correctly","invocations":1,"location":null,"numPassingAsserts":1,"retryReasons":[],"status":"passed","title":"should initialize correctly"},{"ancestorTitles":["OpenShiftClient"],"duration":0,"failureDetails":[],"failureMessages":[],"fullName":"OpenShiftClient should get cluster info","invocations":1,"location":null,"numPassingAsserts":1,"retryReasons":[],"status":"passed","title":"should get cluster info"},{"ancestorTitles":["OpenShiftClient"],"duration":4,"failureDetails":[],"failureMessages":[],"fullName":"OpenShiftClient should get pods","invocations":1,"location":null,"numPassingAsserts":1,"retryReasons":[],"status":"passed","title":"should get pods"},{"ancestorTitles":["OpenShiftClient"],"duration":1,"failureDetails":[],"failureMessages":[],"fullName":"OpenShiftClient should clear cache","invocations":1,"location":null,"numPassingAsserts":1,"retryReasons":[],"status":"passed","title":"should clear cache"},{"ancestorTitles":["OpenShiftClient"],"duration":0,"failureDetails":[],"failureMessages":[],"fullName":"OpenShiftClient should get health status","invocations":1,"location":null,"numPassingAsserts":2,"retryReasons":[],"status":"passed","title":"should get health status"}],"endTime":1755261773483,"message":"","name":"/Users/kevinbrown/MCP-ocs/tests/unit/openshift/openshift-client.test.ts","startTime":1755261773425,"status":"passed","summary":""},{"assertionResults":[{"ancestorTitles":["createShutdownHandler"],"duration":0,"failureDetails":[],"failureMessages":[],"fullName":"createShutdownHandler applies defaults and overrides","invocations":1,"location":null,"numPassingAsserts":2,"retryReasons":[],"status":"passed","title":"applies defaults and overrides"},{"ancestorTitles":["TrackOperation decorator"],"duration":1,"failureDetails":[],"failureMessages":[],"fullName":"TrackOperation decorator wraps method to delegate to OperationTracker with composed name","invocations":1,"location":null,"numPassingAsserts":3,"retryReasons":[],"status":"passed","title":"wraps method to delegate to OperationTracker with composed name"},{"ancestorTitles":["GracefulShutdown flow"],"duration":0,"failureDetails":[],"failureMessages":[],"fullName":"GracefulShutdown flow executes shutdown handlers in reverse order","invocations":1,"location":null,"numPassingAsserts":2,"retryReasons":[],"status":"passed","title":"executes shutdown handlers in reverse order"},{"ancestorTitles":["GracefulShutdown flow"],"duration":4,"failureDetails":[],"failureMessages":[],"fullName":"GracefulShutdown flow OperationTracker rejects new operations when shutting down","invocations":1,"location":null,"numPassingAsserts":1,"retryReasons":[],"status":"passed","title":"OperationTracker rejects new operations when shutting down"}],"endTime":1755261773544,"message":"","name":"/Users/kevinbrown/MCP-ocs/tests/unit/health/graceful-shutdown.test.ts","startTime":1755261773484,"status":"passed","summary":""},{"assertionResults":[{"ancestorTitles":["ToolExecutionTracker"],"duration":2,"failureDetails":[],"failureMessages":[],"fullName":"ToolExecutionTracker executes successfully, stores memory, and records history","invocations":1,"location":null,"numPassingAsserts":9,"retryReasons":[],"status":"passed","title":"executes successfully, stores memory, and records history"},{"ancestorTitles":["ToolExecutionTracker"],"duration":2,"failureDetails":[],"failureMessages":[],"fullName":"ToolExecutionTracker records failure, stores error memory, and rethrows","invocations":1,"location":null,"numPassingAsserts":6,"retryReasons":[],"status":"passed","title":"records failure, stores error memory, and rethrows"},{"ancestorTitles":["ToolExecutionTracker"],"duration":1,"failureDetails":[],"failureMessages":[],"fullName":"ToolExecutionTracker retrieves execution by id and fetches its memory","invocations":1,"location":null,"numPassingAsserts":2,"retryReasons":[],"status":"passed","title":"retrieves execution by id and fetches its memory"},{"ancestorTitles":["ToolExecutionTracker"],"duration":0,"failureDetails":[],"failureMessages":[],"fullName":"ToolExecutionTracker returns null memory when execution or memoryId is missing","invocations":1,"location":null,"numPassingAsserts":1,"retryReasons":[],"status":"passed","title":"returns null memory when execution or memoryId is missing"},{"ancestorTitles":["ToolExecutionTracker"],"duration":0,"failureDetails":[],"failureMessages":[],"fullName":"ToolExecutionTracker queries relevant memories via memory manager","invocations":1,"location":null,"numPassingAsserts":2,"retryReasons":[],"status":"passed","title":"queries relevant memories via memory manager"},{"ancestorTitles":["ToolExecutionTracker"],"duration":0,"failureDetails":[],"failureMessages":[],"fullName":"ToolExecutionTracker cleans up old executions and aggregates memory cleanup count","invocations":1,"location":null,"numPassingAsserts":2,"retryReasons":[],"status":"passed","title":"cleans up old executions and aggregates memory cleanup count"}],"endTime":1755261773603,"message":"","name":"/Users/kevinbrown/MCP-ocs/tests/unit/tools/tool-execution-tracker.test.ts","startTime":1755261773545,"status":"passed","summary":""},{"assertionResults":[{"ancestorTitles":["UnifiedToolRegistry"],"duration":0,"failureDetails":[],"failureMessages":[],"fullName":"UnifiedToolRegistry registers and executes a tool returning string","invocations":1,"location":null,"numPassingAsserts":2,"retryReasons":[],"status":"passed","title":"registers and executes a tool returning string"},{"ancestorTitles":["UnifiedToolRegistry"],"duration":3,"failureDetails":[],"failureMessages":[],"fullName":"UnifiedToolRegistry rejects duplicate tool names","invocations":1,"location":null,"numPassingAsserts":1,"retryReasons":[],"status":"passed","title":"rejects duplicate tool names"},{"ancestorTitles":["UnifiedToolRegistry"],"duration":1,"failureDetails":[],"failureMessages":[],"fullName":"UnifiedToolRegistry validates required fields and categories/versions","invocations":1,"location":null,"numPassingAsserts":3,"retryReasons":[],"status":"passed","title":"validates required fields and categories/versions"},{"ancestorTitles":["UnifiedToolRegistry"],"duration":0,"failureDetails":[],"failureMessages":[],"fullName":"UnifiedToolRegistry returns standardized error JSON when tool returns non-string","invocations":1,"location":null,"numPassingAsserts":3,"retryReasons":[],"status":"passed","title":"returns standardized error JSON when tool returns non-string"},{"ancestorTitles":["UnifiedToolRegistry"],"duration":0,"failureDetails":[],"failureMessages":[],"fullName":"UnifiedToolRegistry throws an error when tool is not found","invocations":1,"location":null,"numPassingAsserts":1,"retryReasons":[],"status":"passed","title":"throws an error when tool is not found"},{"ancestorTitles":["UnifiedToolRegistry"],"duration":1,"failureDetails":[],"failureMessages":[],"fullName":"UnifiedToolRegistry reports stats and MCP tool metadata correctly","invocations":1,"location":null,"numPassingAsserts":6,"retryReasons":[],"status":"passed","title":"reports stats and MCP tool metadata correctly"},{"ancestorTitles":["Global tool registry singleton"],"duration":0,"failureDetails":[],"failureMessages":[],"fullName":"Global tool registry singleton returns same instance until reset","invocations":1,"location":null,"numPassingAsserts":2,"retryReasons":[],"status":"passed","title":"returns same instance until reset"}],"endTime":1755261773644,"message":"","name":"/Users/kevinbrown/MCP-ocs/tests/unit/tools/tool-registry.test.ts","startTime":1755261773604,"status":"passed","summary":""},{"assertionResults":[{"ancestorTitles":["EnhancedSequentialThinkingOrchestrator - basic"],"duration":1,"failureDetails":[],"failureMessages":[],"fullName":"EnhancedSequentialThinkingOrchestrator - basic generates a strategy and executes with mocks","invocations":1,"location":null,"numPassingAsserts":3,"retryReasons":[],"status":"passed","title":"generates a strategy and executes with mocks"}],"endTime":1755261773673,"message":"","name":"/Users/kevinbrown/MCP-ocs/tests/unit/tools/sequential-thinking.spec.ts","startTime":1755261773645,"status":"passed","summary":""},{"assertionResults":[{"ancestorTitles":["InfrastructureCorrelationChecker helpers"],"duration":1,"failureDetails":[],"failureMessages":[],"fullName":"InfrastructureCorrelationChecker helpers extracts zones from MachineSet and Node correctly","invocations":1,"location":null,"numPassingAsserts":6,"retryReasons":[],"status":"passed","title":"extracts zones from MachineSet and Node correctly"},{"ancestorTitles":["InfrastructureCorrelationChecker helpers"],"duration":0,"failureDetails":[],"failureMessages":[],"fullName":"InfrastructureCorrelationChecker helpers extracts required zone from PV nodeAffinity","invocations":1,"location":null,"numPassingAsserts":2,"retryReasons":[],"status":"passed","title":"extracts required zone from PV nodeAffinity"},{"ancestorTitles":["InfrastructureCorrelationChecker helpers"],"duration":0,"failureDetails":[],"failureMessages":[],"fullName":"InfrastructureCorrelationChecker helpers detects storage-zone conflicts when PV requires an unavailable zone","invocations":1,"location":null,"numPassingAsserts":4,"retryReasons":[],"status":"passed","title":"detects storage-zone conflicts when PV requires an unavailable zone"},{"ancestorTitles":["createInfrastructureCorrelationTools wrappers"],"duration":1,"failureDetails":[],"failureMessages":[],"fullName":"createInfrastructureCorrelationTools wrappers returns success envelope on happy path","invocations":1,"location":null,"numPassingAsserts":4,"retryReasons":[],"status":"passed","title":"returns success envelope on happy path"},{"ancestorTitles":["createInfrastructureCorrelationTools wrappers"],"duration":0,"failureDetails":[],"failureMessages":[],"fullName":"createInfrastructureCorrelationTools wrappers returns error envelope on failure","invocations":1,"location":null,"numPassingAsserts":2,"retryReasons":[],"status":"passed","title":"returns error envelope on failure"}],"endTime":1755261773735,"message":"","name":"/Users/kevinbrown/MCP-ocs/tests/unit/v2/infrastructure-correlation.test.ts","startTime":1755261773674,"status":"passed","summary":""},{"assertionResults":[{"ancestorTitles":["StructuredLogger","Basic Logging"],"duration":0,"failureDetails":[],"failureMessages":[],"fullName":"StructuredLogger Basic Logging should log debug messages when level allows","invocations":1,"location":null,"numPassingAsserts":1,"retryReasons":[],"status":"passed","title":"should log debug messages when level allows"},{"ancestorTitles":["StructuredLogger","Basic Logging"],"duration":1,"failureDetails":[],"failureMessages":[],"fullName":"StructuredLogger Basic Logging should log info messages","invocations":1,"location":null,"numPassingAsserts":1,"retryReasons":[],"status":"passed","title":"should log info messages"},{"ancestorTitles":["StructuredLogger","Basic Logging"],"duration":0,"failureDetails":[],"failureMessages":[],"fullName":"StructuredLogger Basic Logging should log warning messages","invocations":1,"location":null,"numPassingAsserts":1,"retryReasons":[],"status":"passed","title":"should log warning messages"},{"ancestorTitles":["StructuredLogger","Basic Logging"],"duration":0,"failureDetails":[],"failureMessages":[],"fullName":"StructuredLogger Basic Logging should log error messages","invocations":1,"location":null,"numPassingAsserts":1,"retryReasons":[],"status":"passed","title":"should log error messages"},{"ancestorTitles":["StructuredLogger","Context Handling"],"duration":0,"failureDetails":[],"failureMessages":[],"fullName":"StructuredLogger Context Handling should include basic context in log output","invocations":1,"location":null,"numPassingAsserts":2,"retryReasons":[],"status":"passed","title":"should include basic context in log output"},{"ancestorTitles":["StructuredLogger","Error Handling"],"duration":2,"failureDetails":[],"failureMessages":[],"fullName":"StructuredLogger Error Handling should handle Error objects properly","invocations":1,"location":null,"numPassingAsserts":3,"retryReasons":[],"status":"passed","title":"should handle Error objects properly"},{"ancestorTitles":["StructuredLogger","Specialized Logging Methods"],"duration":0,"failureDetails":[],"failureMessages":[],"fullName":"StructuredLogger Specialized Logging Methods should log tool execution with correct method","invocations":1,"location":null,"numPassingAsserts":5,"retryReasons":[],"status":"passed","title":"should log tool execution with correct method"},{"ancestorTitles":["StructuredLogger","Specialized Logging Methods"],"duration":0,"failureDetails":[],"failureMessages":[],"fullName":"StructuredLogger Specialized Logging Methods should log memory operations with correct method","invocations":1,"location":null,"numPassingAsserts":2,"retryReasons":[],"status":"passed","title":"should log memory operations with correct method"},{"ancestorTitles":["withTiming utility"],"duration":0,"failureDetails":[],"failureMessages":[],"fullName":"withTiming utility should time operations","invocations":1,"location":null,"numPassingAsserts":1,"retryReasons":[],"status":"passed","title":"should time operations"}],"endTime":1755261773771,"message":"","name":"/Users/kevinbrown/MCP-ocs/tests/unit/logging/structured-logger.test.ts","startTime":1755261773736,"status":"passed","summary":""},{"assertionResults":[{"ancestorTitles":["memory_search_incidents tool via gateway"],"duration":3,"failureDetails":[],"failureMessages":[],"fullName":"memory_search_incidents tool via gateway returns results with limit and computed relevance","invocations":1,"location":null,"numPassingAsserts":5,"retryReasons":[],"status":"passed","title":"returns results with limit and computed relevance"},{"ancestorTitles":["memory_search_incidents tool via gateway"],"duration":1,"failureDetails":[],"failureMessages":[],"fullName":"memory_search_incidents tool via gateway applies domainFilter by passing it to gateway","invocations":1,"location":null,"numPassingAsserts":2,"retryReasons":[],"status":"passed","title":"applies domainFilter by passing it to gateway"}],"endTime":1755261773805,"message":"","name":"/Users/kevinbrown/MCP-ocs/tests/unit/tools/memory-search-incidents.spec.ts","startTime":1755261773773,"status":"passed","summary":""},{"assertionResults":[{"ancestorTitles":["DiagnosticToolsV2"],"duration":0,"failureDetails":[],"failureMessages":[],"fullName":"DiagnosticToolsV2 oc_diagnostic_cluster_health returns formatted JSON","invocations":1,"location":null,"numPassingAsserts":1,"retryReasons":[],"status":"passed","title":"oc_diagnostic_cluster_health returns formatted JSON"},{"ancestorTitles":["DiagnosticToolsV2"],"duration":0,"failureDetails":[],"failureMessages":[],"fullName":"DiagnosticToolsV2 oc_diagnostic_namespace_health delegates to v2 handler and returns JSON","invocations":1,"location":null,"numPassingAsserts":2,"retryReasons":[],"status":"passed","title":"oc_diagnostic_namespace_health delegates to v2 handler and returns JSON"},{"ancestorTitles":["DiagnosticToolsV2"],"duration":0,"failureDetails":[],"failureMessages":[],"fullName":"DiagnosticToolsV2 oc_diagnostic_pod_health returns pod health JSON","invocations":1,"location":null,"numPassingAsserts":1,"retryReasons":[],"status":"passed","title":"oc_diagnostic_pod_health returns pod health JSON"},{"ancestorTitles":["DiagnosticToolsV2"],"duration":0,"failureDetails":[],"failureMessages":[],"fullName":"DiagnosticToolsV2 oc_diagnostic_rca_checklist returns RCA report envelope","invocations":1,"location":null,"numPassingAsserts":2,"retryReasons":[],"status":"passed","title":"oc_diagnostic_rca_checklist returns RCA report envelope"}],"endTime":1755261773841,"message":"","name":"/Users/kevinbrown/MCP-ocs/tests/unit/tools/diagnostic-tools.test.ts","startTime":1755261773806,"status":"passed","summary":""},{"assertionResults":[{"ancestorTitles":["MCPOcsMemoryAdapter"],"duration":0,"failureDetails":[],"failureMessages":[],"fullName":"MCPOcsMemoryAdapter initializes underlying memory manager","invocations":1,"location":null,"numPassingAsserts":1,"retryReasons":[],"status":"passed","title":"initializes underlying memory manager"},{"ancestorTitles":["MCPOcsMemoryAdapter"],"duration":0,"failureDetails":[],"failureMessages":[],"fullName":"MCPOcsMemoryAdapter stores incident memory with domain/environment/severity/resource tags","invocations":1,"location":null,"numPassingAsserts":3,"retryReasons":[],"status":"passed","title":"stores incident memory with domain/environment/severity/resource tags"},{"ancestorTitles":["MCPOcsMemoryAdapter"],"duration":0,"failureDetails":[],"failureMessages":[],"fullName":"MCPOcsMemoryAdapter filters search results by domain when provided","invocations":1,"location":null,"numPassingAsserts":3,"retryReasons":[],"status":"passed","title":"filters search results by domain when provided"},{"ancestorTitles":["MCPOcsMemoryAdapter"],"duration":1,"failureDetails":[],"failureMessages":[],"fullName":"MCPOcsMemoryAdapter generates structured incident response with related incidents and severity","invocations":1,"location":null,"numPassingAsserts":6,"retryReasons":[],"status":"passed","title":"generates structured incident response with related incidents and severity"},{"ancestorTitles":["MCPOcsMemoryAdapter"],"duration":0,"failureDetails":[],"failureMessages":[],"fullName":"MCPOcsMemoryAdapter aggregates severity to critical when any incident is critical","invocations":1,"location":null,"numPassingAsserts":1,"retryReasons":[],"status":"passed","title":"aggregates severity to critical when any incident is critical"},{"ancestorTitles":["MCPOcsMemoryAdapter"],"duration":0,"failureDetails":[],"failureMessages":[],"fullName":"MCPOcsMemoryAdapter reports memory availability","invocations":1,"location":null,"numPassingAsserts":1,"retryReasons":[],"status":"passed","title":"reports memory availability"},{"ancestorTitles":["MCPOcsMemoryAdapter"],"duration":0,"failureDetails":[],"failureMessages":[],"fullName":"MCPOcsMemoryAdapter uses resource:unknown when resourceType not provided","invocations":1,"location":null,"numPassingAsserts":1,"retryReasons":[],"status":"passed","title":"uses resource:unknown when resourceType not provided"},{"ancestorTitles":["MCPOcsMemoryAdapter"],"duration":0,"failureDetails":[],"failureMessages":[],"fullName":"MCPOcsMemoryAdapter passes limit into search and returns unfiltered when domainFilter missing","invocations":1,"location":null,"numPassingAsserts":4,"retryReasons":[],"status":"passed","title":"passes limit into search and returns unfiltered when domainFilter missing"},{"ancestorTitles":["MCPOcsMemoryAdapter"],"duration":0,"failureDetails":[],"failureMessages":[],"fullName":"MCPOcsMemoryAdapter passes sessionId to structured response search and handles empty results","invocations":1,"location":null,"numPassingAsserts":5,"retryReasons":[],"status":"passed","title":"passes sessionId to structured response search and handles empty results"},{"ancestorTitles":["MCPOcsMemoryAdapter"],"duration":0,"failureDetails":[],"failureMessages":[],"fullName":"MCPOcsMemoryAdapter reports memory availability false when underlying returns false","invocations":1,"location":null,"numPassingAsserts":1,"retryReasons":[],"status":"passed","title":"reports memory availability false when underlying returns false"}],"endTime":1755261773880,"message":"","name":"/Users/kevinbrown/MCP-ocs/tests/unit/memory/mcp-ocs-memory-adapter.spec.ts","startTime":1755261773842,"status":"passed","summary":""},{"assertionResults":[{"ancestorTitles":["HealthCheckManager"],"duration":1,"failureDetails":[{"matcherResult":{"actual":"degraded","expected":"healthy","message":"\u001b[2mexpect(\u001b[22m\u001b[31mreceived\u001b[39m\u001b[2m).\u001b[22mtoBe\u001b[2m(\u001b[22m\u001b[32mexpected\u001b[39m\u001b[2m) // Object.is equality\u001b[22m\n\nExpected: \u001b[32m\"healthy\"\u001b[39m\nReceived: \u001b[31m\"degraded\"\u001b[39m","name":"toBe","pass":false}}],"failureMessages":["Error: \u001b[2mexpect(\u001b[22m\u001b[31mreceived\u001b[39m\u001b[2m).\u001b[22mtoBe\u001b[2m(\u001b[22m\u001b[32mexpected\u001b[39m\u001b[2m) // Object.is equality\u001b[22m\n\nExpected: \u001b[32m\"healthy\"\u001b[39m\nReceived: \u001b[31m\"degraded\"\u001b[39m\n    at Object.<anonymous> (/Users/kevinbrown/MCP-ocs/tests/unit/health/health-check-manager.test.ts:59:24)"],"fullName":"HealthCheckManager performs health check with all healthy checks","invocations":1,"location":null,"numPassingAsserts":0,"retryReasons":[],"status":"failed","title":"performs health check with all healthy checks"},{"ancestorTitles":["HealthCheckManager"],"duration":1,"failureDetails":[],"failureMessages":[],"fullName":"HealthCheckManager reports degraded when memory chroma is unavailable","invocations":1,"location":null,"numPassingAsserts":2,"retryReasons":[],"status":"passed","title":"reports degraded when memory chroma is unavailable"},{"ancestorTitles":["HealthCheckManager"],"duration":0,"failureDetails":[],"failureMessages":[],"fullName":"HealthCheckManager readinessProbe true when critical checks ok; false when memory check rejects","invocations":1,"location":null,"numPassingAsserts":2,"retryReasons":[],"status":"passed","title":"readinessProbe true when critical checks ok; false when memory check rejects"},{"ancestorTitles":["HealthCheckManager"],"duration":0,"failureDetails":[],"failureMessages":[],"fullName":"HealthCheckManager livenessProbe returns alive true","invocations":1,"location":null,"numPassingAsserts":1,"retryReasons":[],"status":"passed","title":"livenessProbe returns alive true"}],"endTime":1755261773938,"message":"\u001b[1m\u001b[31m  \u001b[1m● \u001b[22m\u001b[1mHealthCheckManager › performs health check with all healthy checks\u001b[39m\u001b[22m\n\n    \u001b[2mexpect(\u001b[22m\u001b[31mreceived\u001b[39m\u001b[2m).\u001b[22mtoBe\u001b[2m(\u001b[22m\u001b[32mexpected\u001b[39m\u001b[2m) // Object.is equality\u001b[22m\n\n    Expected: \u001b[32m\"healthy\"\u001b[39m\n    Received: \u001b[31m\"degraded\"\u001b[39m\n\u001b[2m\u001b[22m\n\u001b[2m    \u001b[0m \u001b[90m 57 |\u001b[39m     \u001b[36mconst\u001b[39m mgr \u001b[33m=\u001b[39m makeManager()\u001b[33m;\u001b[39m\u001b[22m\n\u001b[2m     \u001b[90m 58 |\u001b[39m     \u001b[36mconst\u001b[39m res \u001b[33m=\u001b[39m \u001b[36mawait\u001b[39m mgr\u001b[33m.\u001b[39mperformHealthCheck()\u001b[33m;\u001b[39m\u001b[22m\n\u001b[2m    \u001b[31m\u001b[1m>\u001b[22m\u001b[2m\u001b[39m\u001b[90m 59 |\u001b[39m     expect(res\u001b[33m.\u001b[39mstatus)\u001b[33m.\u001b[39mtoBe(\u001b[32m'healthy'\u001b[39m)\u001b[33m;\u001b[39m\u001b[22m\n\u001b[2m     \u001b[90m    |\u001b[39m                        \u001b[31m\u001b[1m^\u001b[22m\u001b[2m\u001b[39m\u001b[22m\n\u001b[2m     \u001b[90m 60 |\u001b[39m     expect(res\u001b[33m.\u001b[39msummary\u001b[33m.\u001b[39mtotal)\u001b[33m.\u001b[39mtoBeGreaterThan(\u001b[35m0\u001b[39m)\u001b[33m;\u001b[39m\u001b[22m\n\u001b[2m     \u001b[90m 61 |\u001b[39m     expect(res\u001b[33m.\u001b[39msummary\u001b[33m.\u001b[39munhealthy)\u001b[33m.\u001b[39mtoBe(\u001b[35m0\u001b[39m)\u001b[33m;\u001b[39m\u001b[22m\n\u001b[2m     \u001b[90m 62 |\u001b[39m   })\u001b[33m;\u001b[39m\u001b[0m\u001b[22m\n\u001b[2m\u001b[22m\n\u001b[2m      \u001b[2mat Object.<anonymous> (\u001b[22m\u001b[2m\u001b[0m\u001b[36mtests/unit/health/health-check-manager.test.ts\u001b[39m\u001b[0m\u001b[2m:59:24)\u001b[22m\u001b[2m\u001b[22m\n","name":"/Users/kevinbrown/MCP-ocs/tests/unit/health/health-check-manager.test.ts","startTime":1755261773881,"status":"failed","summary":""},{"assertionResults":[{"ancestorTitles":["Basic Test Setup"],"duration":0,"failureDetails":[],"failureMessages":[],"fullName":"Basic Test Setup should have working Jest environment","invocations":1,"location":null,"numPassingAsserts":1,"retryReasons":[],"status":"passed","title":"should have working Jest environment"},{"ancestorTitles":["Basic Test Setup"],"duration":0,"failureDetails":[],"failureMessages":[],"fullName":"Basic Test Setup should have test utilities available","invocations":1,"location":null,"numPassingAsserts":2,"retryReasons":[],"status":"passed","title":"should have test utilities available"},{"ancestorTitles":["Basic Test Setup"],"duration":0,"failureDetails":[],"failureMessages":[],"fullName":"Basic Test Setup should create test configuration","invocations":1,"location":null,"numPassingAsserts":2,"retryReasons":[],"status":"passed","title":"should create test configuration"},{"ancestorTitles":["Basic Test Setup"],"duration":1,"failureDetails":[],"failureMessages":[],"fullName":"Basic Test Setup should mock OpenShift responses","invocations":1,"location":null,"numPassingAsserts":2,"retryReasons":[],"status":"passed","title":"should mock OpenShift responses"}],"endTime":1755261773975,"message":"","name":"/Users/kevinbrown/MCP-ocs/tests/unit/basic.test.ts","startTime":1755261773940,"status":"passed","summary":""},{"assertionResults":[{"ancestorTitles":["StateMgmtTools"],"duration":1,"failureDetails":[],"failureMessages":[],"fullName":"StateMgmtTools memory_store_operational stores incident and returns success JSON","invocations":1,"location":null,"numPassingAsserts":2,"retryReasons":[],"status":"passed","title":"memory_store_operational stores incident and returns success JSON"},{"ancestorTitles":["StateMgmtTools"],"duration":0,"failureDetails":[],"failureMessages":[],"fullName":"StateMgmtTools memory_search_operational returns results JSON","invocations":1,"location":null,"numPassingAsserts":1,"retryReasons":[],"status":"passed","title":"memory_search_operational returns results JSON"},{"ancestorTitles":["StateMgmtTools"],"duration":0,"failureDetails":[],"failureMessages":[],"fullName":"StateMgmtTools core_workflow_state returns a stub state JSON","invocations":1,"location":null,"numPassingAsserts":2,"retryReasons":[],"status":"passed","title":"core_workflow_state returns a stub state JSON"},{"ancestorTitles":["StateMgmtTools"],"duration":1,"failureDetails":[],"failureMessages":[],"fullName":"StateMgmtTools memory_get_stats returns stats JSON with optional details","invocations":1,"location":null,"numPassingAsserts":2,"retryReasons":[],"status":"passed","title":"memory_get_stats returns stats JSON with optional details"},{"ancestorTitles":["StateMgmtTools"],"duration":0,"failureDetails":[],"failureMessages":[],"fullName":"StateMgmtTools memory_search_conversations returns results JSON","invocations":1,"location":null,"numPassingAsserts":1,"retryReasons":[],"status":"passed","title":"memory_search_conversations returns results JSON"}],"endTime":1755261774021,"message":"","name":"/Users/kevinbrown/MCP-ocs/tests/unit/tools/state-mgmt-tools.test.ts","startTime":1755261773976,"status":"passed","summary":""},{"assertionResults":[{"ancestorTitles":["oc_read_describe via gateway"],"duration":1,"failureDetails":[],"failureMessages":[],"fullName":"oc_read_describe via gateway returns description payload and persists via gateway","invocations":1,"location":null,"numPassingAsserts":4,"retryReasons":[],"status":"passed","title":"returns description payload and persists via gateway"}],"endTime":1755261774062,"message":"","name":"/Users/kevinbrown/MCP-ocs/tests/unit/tools/read-ops-describe.spec.ts","startTime":1755261774034,"status":"passed","summary":""},{"assertionResults":[{"ancestorTitles":["oc_read_get_pods via gateway"],"duration":2,"failureDetails":[],"failureMessages":[],"fullName":"oc_read_get_pods via gateway returns pod summary and persists via gateway","invocations":1,"location":null,"numPassingAsserts":5,"retryReasons":[],"status":"passed","title":"returns pod summary and persists via gateway"}],"endTime":1755261774092,"message":"","name":"/Users/kevinbrown/MCP-ocs/tests/unit/tools/read-ops-get-pods.spec.ts","startTime":1755261774065,"status":"passed","summary":""},{"assertionResults":[{"ancestorTitles":["PVCBindingRCAEngine"],"duration":0,"failureDetails":[],"failureMessages":[],"fullName":"PVCBindingRCAEngine should detect WaitForFirstConsumer issues with high confidence","invocations":1,"location":null,"numPassingAsserts":3,"retryReasons":[],"status":"passed","title":"should detect WaitForFirstConsumer issues with high confidence"},{"ancestorTitles":["PVCBindingRCAEngine"],"duration":0,"failureDetails":[],"failureMessages":[],"fullName":"PVCBindingRCAEngine should generate correct resolution commands for student03 scenario","invocations":1,"location":null,"numPassingAsserts":3,"retryReasons":[],"status":"passed","title":"should generate correct resolution commands for student03 scenario"},{"ancestorTitles":["PVCBindingRCAEngine"],"duration":1,"failureDetails":[],"failureMessages":[],"fullName":"PVCBindingRCAEngine should analyze evidence and weight correctly","invocations":1,"location":null,"numPassingAsserts":7,"retryReasons":[],"status":"passed","title":"should analyze evidence and weight correctly"},{"ancestorTitles":["PVCBindingRCAEngine"],"duration":0,"failureDetails":[],"failureMessages":[],"fullName":"PVCBindingRCAEngine should integrate through StorageIntelligenceTools execute()","invocations":1,"location":null,"numPassingAsserts":1,"retryReasons":[],"status":"passed","title":"should integrate through StorageIntelligenceTools execute()"}],"endTime":1755261774146,"message":"","name":"/Users/kevinbrown/MCP-ocs/tests/unit/tools/pvc-binding-rca.test.ts","startTime":1755261774095,"status":"passed","summary":""},{"assertionResults":[{"ancestorTitles":["NamespaceStorageAnalyticsEngine"],"duration":0,"failureDetails":[],"failureMessages":[],"fullName":"NamespaceStorageAnalyticsEngine should analyze single namespace storage metrics","invocations":1,"location":null,"numPassingAsserts":3,"retryReasons":[],"status":"passed","title":"should analyze single namespace storage metrics"},{"ancestorTitles":["NamespaceStorageAnalyticsEngine"],"duration":0,"failureDetails":[],"failureMessages":[],"fullName":"NamespaceStorageAnalyticsEngine should perform cluster-wide analysis","invocations":1,"location":null,"numPassingAsserts":3,"retryReasons":[],"status":"passed","title":"should perform cluster-wide analysis"},{"ancestorTitles":["NamespaceStorageAnalyticsEngine"],"duration":1,"failureDetails":[],"failureMessages":[],"fullName":"NamespaceStorageAnalyticsEngine should generate cost optimization recommendations","invocations":1,"location":null,"numPassingAsserts":3,"retryReasons":[],"status":"passed","title":"should generate cost optimization recommendations"}],"endTime":1755261774181,"message":"","name":"/Users/kevinbrown/MCP-ocs/tests/unit/tools/namespace-storage-analysis.test.ts","startTime":1755261774147,"status":"passed","summary":""},{"assertionResults":[{"ancestorTitles":["oc_diagnostic_namespace_health via gateway"],"duration":0,"failureDetails":[],"failureMessages":[],"fullName":"oc_diagnostic_namespace_health via gateway runs v2 handler and persists via gateway","invocations":1,"location":null,"numPassingAsserts":2,"retryReasons":[],"status":"passed","title":"runs v2 handler and persists via gateway"}],"endTime":1755261774211,"message":"","name":"/Users/kevinbrown/MCP-ocs/tests/unit/tools/diagnostic-namespace-health.spec.ts","startTime":1755261774182,"status":"passed","summary":""},{"assertionResults":[{"ancestorTitles":["RCA scenario matrix"],"duration":0,"failureDetails":[],"failureMessages":[],"fullName":"RCA scenario matrix {\n  name: 'service_no_backends',\n  checks: [Array],\n  overallStatus: 'degraded',\n  expected: 'service_no_backends'\n}","invocations":1,"location":null,"numPassingAsserts":1,"retryReasons":[],"status":"passed","title":"{\n  name: 'service_no_backends',\n  checks: [Array],\n  overallStatus: 'degraded',\n  expected: 'service_no_backends'\n}"},{"ancestorTitles":["RCA scenario matrix"],"duration":0,"failureDetails":[],"failureMessages":[],"fullName":"RCA scenario matrix {\n  name: 'image_pull_failures',\n  checks: [Array],\n  overallStatus: 'degraded',\n  expected: 'image_pull_failures'\n}","invocations":1,"location":null,"numPassingAsserts":1,"retryReasons":[],"status":"passed","title":"{\n  name: 'image_pull_failures',\n  checks: [Array],\n  overallStatus: 'degraded',\n  expected: 'image_pull_failures'\n}"},{"ancestorTitles":["RCA scenario matrix"],"duration":1,"failureDetails":[],"failureMessages":[],"fullName":"RCA scenario matrix {\n  name: 'probe_failures',\n  checks: [Array],\n  overallStatus: 'degraded',\n  expected: 'probe_failures'\n}","invocations":1,"location":null,"numPassingAsserts":1,"retryReasons":[],"status":"passed","title":"{\n  name: 'probe_failures',\n  checks: [Array],\n  overallStatus: 'degraded',\n  expected: 'probe_failures'\n}"},{"ancestorTitles":["RCA scenario matrix"],"duration":0,"failureDetails":[],"failureMessages":[],"fullName":"RCA scenario matrix {\n  name: 'resource_quota_exceeded',\n  checks: [Array],\n  overallStatus: 'degraded',\n  expected: 'resource_quota_exceeded'\n}","invocations":1,"location":null,"numPassingAsserts":1,"retryReasons":[],"status":"passed","title":"{\n  name: 'resource_quota_exceeded',\n  checks: [Array],\n  overallStatus: 'degraded',\n  expected: 'resource_quota_exceeded'\n}"},{"ancestorTitles":["RCA scenario matrix"],"duration":0,"failureDetails":[],"failureMessages":[],"fullName":"RCA scenario matrix {\n  name: 'node_instability',\n  checks: [Array],\n  overallStatus: 'degraded',\n  expected: 'node_instability'\n}","invocations":1,"location":null,"numPassingAsserts":1,"retryReasons":[],"status":"passed","title":"{\n  name: 'node_instability',\n  checks: [Array],\n  overallStatus: 'degraded',\n  expected: 'node_instability'\n}"},{"ancestorTitles":["RCA scenario matrix"],"duration":0,"failureDetails":[],"failureMessages":[],"fullName":"RCA scenario matrix {\n  name: 'resource_pressure',\n  checks: [Array],\n  overallStatus: 'degraded',\n  expected: 'resource_pressure'\n}","invocations":1,"location":null,"numPassingAsserts":1,"retryReasons":[],"status":"passed","title":"{\n  name: 'resource_pressure',\n  checks: [Array],\n  overallStatus: 'degraded',\n  expected: 'resource_pressure'\n}"}],"endTime":1755261774241,"message":"","name":"/Users/kevinbrown/MCP-ocs/tests/unit/diagnostics/rca_scenarios_matrix.spec.ts","startTime":1755261774212,"status":"passed","summary":""},{"assertionResults":[{"ancestorTitles":["RCA scenario fixtures"],"duration":0,"failureDetails":[],"failureMessages":[],"fullName":"RCA scenario fixtures image_pull_failures.json","invocations":1,"location":null,"numPassingAsserts":1,"retryReasons":[],"status":"passed","title":"image_pull_failures.json"},{"ancestorTitles":["RCA scenario fixtures"],"duration":0,"failureDetails":[],"failureMessages":[],"fullName":"RCA scenario fixtures network_policy_block.json","invocations":1,"location":null,"numPassingAsserts":1,"retryReasons":[],"status":"passed","title":"network_policy_block.json"},{"ancestorTitles":["RCA scenario fixtures"],"duration":0,"failureDetails":[],"failureMessages":[],"fullName":"RCA scenario fixtures precedence_service_vs_np.json","invocations":1,"location":null,"numPassingAsserts":1,"retryReasons":[],"status":"passed","title":"precedence_service_vs_np.json"},{"ancestorTitles":["RCA scenario fixtures"],"duration":0,"failureDetails":[],"failureMessages":[],"fullName":"RCA scenario fixtures resource_quota_exceeded.json","invocations":1,"location":null,"numPassingAsserts":1,"retryReasons":[],"status":"passed","title":"resource_quota_exceeded.json"},{"ancestorTitles":["RCA scenario fixtures"],"duration":0,"failureDetails":[],"failureMessages":[],"fullName":"RCA scenario fixtures route_tls_failure.json","invocations":1,"location":null,"numPassingAsserts":1,"retryReasons":[],"status":"passed","title":"route_tls_failure.json"},{"ancestorTitles":["RCA scenario fixtures"],"duration":0,"failureDetails":[],"failureMessages":[],"fullName":"RCA scenario fixtures service_no_backends.json","invocations":1,"location":null,"numPassingAsserts":1,"retryReasons":[],"status":"passed","title":"service_no_backends.json"}],"endTime":1755261774268,"message":"","name":"/Users/kevinbrown/MCP-ocs/tests/unit/diagnostics/rca_scenarios_fixtures.spec.ts","startTime":1755261774242,"status":"passed","summary":""},{"assertionResults":[{"ancestorTitles":["RCA probe prioritization"],"duration":1,"failureDetails":[],"failureMessages":[],"fullName":"RCA probe prioritization image pull beats probe failures when both present","invocations":1,"location":null,"numPassingAsserts":1,"retryReasons":[],"status":"passed","title":"image pull beats probe failures when both present"},{"ancestorTitles":["RCA probe prioritization"],"duration":0,"failureDetails":[],"failureMessages":[],"fullName":"RCA probe prioritization probe chosen when no stronger signals present","invocations":1,"location":null,"numPassingAsserts":1,"retryReasons":[],"status":"passed","title":"probe chosen when no stronger signals present"}],"endTime":1755261774296,"message":"","name":"/Users/kevinbrown/MCP-ocs/tests/unit/diagnostics/rca_probe_priority.spec.ts","startTime":1755261774269,"status":"passed","summary":""},{"assertionResults":[{"ancestorTitles":["RCA analyzeNetworkHealth endpoints"],"duration":0,"failureDetails":[],"failureMessages":[],"fullName":"RCA analyzeNetworkHealth endpoints counts services without endpoints","invocations":1,"location":null,"numPassingAsserts":3,"retryReasons":[],"status":"passed","title":"counts services without endpoints"}],"endTime":1755261774322,"message":"","name":"/Users/kevinbrown/MCP-ocs/tests/unit/diagnostics/rca_network.spec.ts","startTime":1755261774297,"status":"passed","summary":""},{"assertionResults":[{"ancestorTitles":["RCA golden output JSON (mocked oc)"],"duration":1,"failureDetails":[],"failureMessages":[],"fullName":"RCA golden output JSON (mocked oc) deterministic structure with service_no_backends root cause","invocations":1,"location":null,"numPassingAsserts":7,"retryReasons":[],"status":"passed","title":"deterministic structure with service_no_backends root cause"}],"endTime":1755261774352,"message":"","name":"/Users/kevinbrown/MCP-ocs/tests/unit/diagnostics/rca_golden_output.spec.ts","startTime":1755261774324,"status":"passed","summary":""},{"assertionResults":[{"ancestorTitles":["WorkflowEngine minimal"],"duration":1,"failureDetails":[],"failureMessages":[],"fullName":"WorkflowEngine minimal blocks panic-prone write operation in early state","invocations":1,"location":null,"numPassingAsserts":1,"retryReasons":[],"status":"passed","title":"blocks panic-prone write operation in early state"},{"ancestorTitles":["WorkflowEngine minimal"],"duration":0,"failureDetails":[],"failureMessages":[],"fullName":"WorkflowEngine minimal blocks tool not allowed in current state when enforcement is blocking","invocations":1,"location":null,"numPassingAsserts":1,"retryReasons":[],"status":"passed","title":"blocks tool not allowed in current state when enforcement is blocking"}],"endTime":1755261774398,"message":"","name":"/Users/kevinbrown/MCP-ocs/tests/unit/workflow/workflow-engine.test.ts","startTime":1755261774354,"status":"passed","summary":""},{"assertionResults":[{"ancestorTitles":["Storage Intelligence Data Models (ADR-012)"],"duration":1,"failureDetails":[],"failureMessages":[],"fullName":"Storage Intelligence Data Models (ADR-012) should validate PVCBindingFailure structure and value ranges","invocations":1,"location":null,"numPassingAsserts":7,"retryReasons":[],"status":"passed","title":"should validate PVCBindingFailure structure and value ranges"},{"ancestorTitles":["Storage Intelligence Data Models (ADR-012)"],"duration":0,"failureDetails":[],"failureMessages":[],"fullName":"Storage Intelligence Data Models (ADR-012) should validate StorageIntelligenceData minimal compliance","invocations":1,"location":null,"numPassingAsserts":3,"retryReasons":[],"status":"passed","title":"should validate StorageIntelligenceData minimal compliance"},{"ancestorTitles":["Storage Intelligence Data Models (ADR-012)"],"duration":0,"failureDetails":[],"failureMessages":[],"fullName":"Storage Intelligence Data Models (ADR-012) should validate NamespaceStorageAnalytics structures and calculations","invocations":1,"location":null,"numPassingAsserts":4,"retryReasons":[],"status":"passed","title":"should validate NamespaceStorageAnalytics structures and calculations"},{"ancestorTitles":["Storage Intelligence Data Models (ADR-012)"],"duration":0,"failureDetails":[],"failureMessages":[],"fullName":"Storage Intelligence Data Models (ADR-012) should expose WEEK1_METRICS constant with acceptance criteria","invocations":1,"location":null,"numPassingAsserts":3,"retryReasons":[],"status":"passed","title":"should expose WEEK1_METRICS constant with acceptance criteria"}],"endTime":1755261774431,"message":"","name":"/Users/kevinbrown/MCP-ocs/tests/unit/tools/storage-intelligence-types.test.ts","startTime":1755261774399,"status":"passed","summary":""},{"assertionResults":[{"ancestorTitles":["createOcsAdapter helper"],"duration":0,"failureDetails":[],"failureMessages":[],"fullName":"createOcsAdapter helper initializes and returns a working adapter","invocations":1,"location":null,"numPassingAsserts":2,"retryReasons":[],"status":"passed","title":"initializes and returns a working adapter"}],"endTime":1755261774460,"message":"","name":"/Users/kevinbrown/MCP-ocs/tests/unit/memory/adapter-entry.spec.ts","startTime":1755261774432,"status":"passed","summary":""},{"assertionResults":[{"ancestorTitles":["RCA route/TLS failures"],"duration":0,"failureDetails":[],"failureMessages":[],"fullName":"RCA route/TLS failures detects TLS/certificate patterns","invocations":1,"location":null,"numPassingAsserts":1,"retryReasons":[],"status":"passed","title":"detects TLS/certificate patterns"}],"endTime":1755261774486,"message":"","name":"/Users/kevinbrown/MCP-ocs/tests/unit/diagnostics/rca_tls.spec.ts","startTime":1755261774461,"status":"passed","summary":""},{"assertionResults":[{"ancestorTitles":["RCA parseResourceValue"],"duration":0,"failureDetails":[],"failureMessages":[],"fullName":"RCA parseResourceValue CPU millicores and cores","invocations":1,"location":null,"numPassingAsserts":4,"retryReasons":[],"status":"passed","title":"CPU millicores and cores"},{"ancestorTitles":["RCA parseResourceValue"],"duration":0,"failureDetails":[],"failureMessages":[],"fullName":"RCA parseResourceValue Memory units binary and decimal","invocations":1,"location":null,"numPassingAsserts":5,"retryReasons":[],"status":"passed","title":"Memory units binary and decimal"},{"ancestorTitles":["RCA parseResourceValue"],"duration":0,"failureDetails":[],"failureMessages":[],"fullName":"RCA parseResourceValue Fallback and invalid","invocations":1,"location":null,"numPassingAsserts":2,"retryReasons":[],"status":"passed","title":"Fallback and invalid"}],"endTime":1755261774515,"message":"","name":"/Users/kevinbrown/MCP-ocs/tests/unit/diagnostics/rca_parsing.spec.ts","startTime":1755261774487,"status":"passed","summary":""},{"assertionResults":[{"ancestorTitles":["RCA event pattern recognition"],"duration":0,"failureDetails":[],"failureMessages":[],"fullName":"RCA event pattern recognition recognizes common critical patterns","invocations":1,"location":null,"numPassingAsserts":3,"retryReasons":[],"status":"passed","title":"recognizes common critical patterns"}],"endTime":1755261774538,"message":"","name":"/Users/kevinbrown/MCP-ocs/tests/unit/diagnostics/rca_events.spec.ts","startTime":1755261774515,"status":"passed","summary":""},{"assertionResults":[{"ancestorTitles":["RCA memory integration"],"duration":0,"failureDetails":[],"failureMessages":[],"fullName":"RCA memory integration stores RCA results via ToolMemoryGateway","invocations":1,"location":null,"numPassingAsserts":2,"retryReasons":[],"status":"passed","title":"stores RCA results via ToolMemoryGateway"}],"endTime":1755261774565,"message":"","name":"/Users/kevinbrown/MCP-ocs/tests/unit/diagnostics/rca_memory.spec.ts","startTime":1755261774540,"status":"passed","summary":""},{"assertionResults":[{"ancestorTitles":["RCA end-to-end (mocked oc + memory)"],"duration":1,"failureDetails":[],"failureMessages":[],"fullName":"RCA end-to-end (mocked oc + memory) JSON-only output, service_no_backends rootCause, memory tags include root_cause","invocations":1,"location":null,"numPassingAsserts":5,"retryReasons":[],"status":"passed","title":"JSON-only output, service_no_backends rootCause, memory tags include root_cause"}],"endTime":1755261774596,"message":"","name":"/Users/kevinbrown/MCP-ocs/tests/unit/diagnostics/rca_end_to_end.spec.ts","startTime":1755261774567,"status":"passed","summary":""},{"assertionResults":[{"ancestorTitles":["Beta tool contract"],"duration":0,"failureDetails":[],"failureMessages":[],"fullName":"Beta tool contract validated tools set remains stable","invocations":1,"location":null,"numPassingAsserts":17,"retryReasons":[],"status":"passed","title":"validated tools set remains stable"}],"endTime":1755261774624,"message":"","name":"/Users/kevinbrown/MCP-ocs/tests/unit/contract/beta-tools-contract.test.ts","startTime":1755261774599,"status":"passed","summary":""},{"assertionResults":[{"ancestorTitles":["Configuration Schema","Environment Validation"],"duration":1,"failureDetails":[],"failureMessages":[],"fullName":"Configuration Schema Environment Validation should validate environment values correctly","invocations":1,"location":null,"numPassingAsserts":1,"retryReasons":[],"status":"passed","title":"should validate environment values correctly"},{"ancestorTitles":["Configuration Schema","Environment Validation"],"duration":0,"failureDetails":[],"failureMessages":[],"fullName":"Configuration Schema Environment Validation should reject clearly invalid environment values","invocations":1,"location":null,"numPassingAsserts":2,"retryReasons":[],"status":"passed","title":"should reject clearly invalid environment values"},{"ancestorTitles":["Configuration Schema","Log Level Validation"],"duration":0,"failureDetails":[],"failureMessages":[],"fullName":"Configuration Schema Log Level Validation should validate log levels","invocations":1,"location":null,"numPassingAsserts":4,"retryReasons":[],"status":"passed","title":"should validate log levels"},{"ancestorTitles":["Configuration Schema","Log Level Validation"],"duration":0,"failureDetails":[],"failureMessages":[],"fullName":"Configuration Schema Log Level Validation should reject invalid log levels","invocations":1,"location":null,"numPassingAsserts":2,"retryReasons":[],"status":"passed","title":"should reject invalid log levels"},{"ancestorTitles":["Configuration Schema","Tool Mode Validation"],"duration":0,"failureDetails":[],"failureMessages":[],"fullName":"Configuration Schema Tool Mode Validation should validate tool modes correctly","invocations":1,"location":null,"numPassingAsserts":1,"retryReasons":[],"status":"passed","title":"should validate tool modes correctly"},{"ancestorTitles":["Configuration Schema","Tool Mode Validation"],"duration":0,"failureDetails":[],"failureMessages":[],"fullName":"Configuration Schema Tool Mode Validation should reject invalid tool modes","invocations":1,"location":null,"numPassingAsserts":2,"retryReasons":[],"status":"passed","title":"should reject invalid tool modes"},{"ancestorTitles":["Configuration Schema","Schema Constants"],"duration":0,"failureDetails":[],"failureMessages":[],"fullName":"Configuration Schema Schema Constants should have defined schema constants","invocations":1,"location":null,"numPassingAsserts":2,"retryReasons":[],"status":"passed","title":"should have defined schema constants"}],"endTime":1755261774666,"message":"","name":"/Users/kevinbrown/MCP-ocs/tests/unit/config/schema.test.ts","startTime":1755261774627,"status":"passed","summary":""},{"assertionResults":[{"ancestorTitles":["Environment Check"],"duration":1,"failureDetails":[],"failureMessages":[],"fullName":"Environment Check should have Node.js environment","invocations":1,"location":null,"numPassingAsserts":1,"retryReasons":[],"status":"passed","title":"should have Node.js environment"},{"ancestorTitles":["Environment Check"],"duration":0,"failureDetails":[],"failureMessages":[],"fullName":"Environment Check should be able to create basic objects","invocations":1,"location":null,"numPassingAsserts":2,"retryReasons":[],"status":"passed","title":"should be able to create basic objects"},{"ancestorTitles":["Environment Check"],"duration":0,"failureDetails":[],"failureMessages":[],"fullName":"Environment Check should handle async operations","invocations":1,"location":null,"numPassingAsserts":1,"retryReasons":[],"status":"passed","title":"should handle async operations"}],"endTime":1755261774694,"message":"","name":"/Users/kevinbrown/MCP-ocs/tests/unit/environment.test.ts","startTime":1755261774667,"status":"passed","summary":""},{"assertionResults":[{"ancestorTitles":["oc_diagnostic_cluster_health via gateway"],"duration":0,"failureDetails":[],"failureMessages":[],"fullName":"oc_diagnostic_cluster_health via gateway runs and stores via gateway","invocations":1,"location":null,"numPassingAsserts":2,"retryReasons":[],"status":"passed","title":"runs and stores via gateway"}],"endTime":1755261774725,"message":"","name":"/Users/kevinbrown/MCP-ocs/tests/unit/tools/diagnostic-cluster-health.spec.ts","startTime":1755261774695,"status":"passed","summary":""},{"assertionResults":[{"ancestorTitles":["Adapter Usage Example (mocked)"],"duration":1,"failureDetails":[],"failureMessages":[],"fullName":"Adapter Usage Example (mocked) runs demo without errors and triggers expected calls","invocations":1,"location":null,"numPassingAsserts":4,"retryReasons":[],"status":"passed","title":"runs demo without errors and triggers expected calls"}],"endTime":1755261774770,"message":"","name":"/Users/kevinbrown/MCP-ocs/tests/unit/memory/adapter-usage-example.spec.ts","startTime":1755261774726,"status":"passed","summary":""},{"assertionResults":[{"ancestorTitles":["RCA TLS/cert corner cases"],"duration":0,"failureDetails":[],"failureMessages":[],"fullName":"RCA TLS/cert corner cases expired certificate triggers route_tls_failure","invocations":1,"location":null,"numPassingAsserts":1,"retryReasons":[],"status":"passed","title":"expired certificate triggers route_tls_failure"},{"ancestorTitles":["RCA TLS/cert corner cases"],"duration":0,"failureDetails":[],"failureMessages":[],"fullName":"RCA TLS/cert corner cases handshake verify failure triggers route_tls_failure","invocations":1,"location":null,"numPassingAsserts":1,"retryReasons":[],"status":"passed","title":"handshake verify failure triggers route_tls_failure"}],"endTime":1755261774799,"message":"","name":"/Users/kevinbrown/MCP-ocs/tests/unit/diagnostics/rca_tls_more.spec.ts","startTime":1755261774771,"status":"passed","summary":""},{"assertionResults":[{"ancestorTitles":["RCA additional root cause scenarios"],"duration":0,"failureDetails":[],"failureMessages":[],"fullName":"RCA additional root cause scenarios resource pressure from FailedScheduling/Insufficient","invocations":1,"location":null,"numPassingAsserts":1,"retryReasons":[],"status":"passed","title":"resource pressure from FailedScheduling/Insufficient"},{"ancestorTitles":["RCA additional root cause scenarios"],"duration":0,"failureDetails":[],"failureMessages":[],"fullName":"RCA additional root cause scenarios application instability from CrashLoopBackOff/OOMKilled","invocations":1,"location":null,"numPassingAsserts":1,"retryReasons":[],"status":"passed","title":"application instability from CrashLoopBackOff/OOMKilled"},{"ancestorTitles":["RCA additional root cause scenarios"],"duration":0,"failureDetails":[],"failureMessages":[],"fullName":"RCA additional root cause scenarios storage provisioner blocked by NetworkPolicy with pending PVCs","invocations":1,"location":null,"numPassingAsserts":1,"retryReasons":[],"status":"passed","title":"storage provisioner blocked by NetworkPolicy with pending PVCs"},{"ancestorTitles":["RCA additional root cause scenarios"],"duration":0,"failureDetails":[],"failureMessages":[],"fullName":"RCA additional root cause scenarios unknown when degraded without recognizable patterns","invocations":1,"location":null,"numPassingAsserts":1,"retryReasons":[],"status":"passed","title":"unknown when degraded without recognizable patterns"}],"endTime":1755261774827,"message":"","name":"/Users/kevinbrown/MCP-ocs/tests/unit/diagnostics/rca_rootcause_more.spec.ts","startTime":1755261774800,"status":"passed","summary":""},{"assertionResults":[{"ancestorTitles":["RCA intelligent root cause derivation"],"duration":0,"failureDetails":[],"failureMessages":[],"fullName":"RCA intelligent root cause derivation storage no default storageclass","invocations":1,"location":null,"numPassingAsserts":1,"retryReasons":[],"status":"passed","title":"storage no default storageclass"},{"ancestorTitles":["RCA intelligent root cause derivation"],"duration":0,"failureDetails":[],"failureMessages":[],"fullName":"RCA intelligent root cause derivation services without endpoints","invocations":1,"location":null,"numPassingAsserts":1,"retryReasons":[],"status":"passed","title":"services without endpoints"},{"ancestorTitles":["RCA intelligent root cause derivation"],"duration":0,"failureDetails":[],"failureMessages":[],"fullName":"RCA intelligent root cause derivation network policy block detected","invocations":1,"location":null,"numPassingAsserts":1,"retryReasons":[],"status":"passed","title":"network policy block detected"},{"ancestorTitles":["RCA intelligent root cause derivation"],"duration":0,"failureDetails":[],"failureMessages":[],"fullName":"RCA intelligent root cause derivation dns resolution failure","invocations":1,"location":null,"numPassingAsserts":1,"retryReasons":[],"status":"passed","title":"dns resolution failure"},{"ancestorTitles":["RCA intelligent root cause derivation"],"duration":0,"failureDetails":[],"failureMessages":[],"fullName":"RCA intelligent root cause derivation quota exceeded and probe failures detected","invocations":1,"location":null,"numPassingAsserts":1,"retryReasons":[],"status":"passed","title":"quota exceeded and probe failures detected"},{"ancestorTitles":["RCA intelligent root cause derivation"],"duration":1,"failureDetails":[],"failureMessages":[],"fullName":"RCA intelligent root cause derivation markdown includes root cause section","invocations":1,"location":null,"numPassingAsserts":3,"retryReasons":[],"status":"passed","title":"markdown includes root cause section"}],"endTime":1755261774856,"message":"","name":"/Users/kevinbrown/MCP-ocs/tests/unit/diagnostics/rca_rootcause.spec.ts","startTime":1755261774830,"status":"passed","summary":""},{"assertionResults":[{"ancestorTitles":["RCA analyzeResourceConstraints with quota thresholds"],"duration":0,"failureDetails":[],"failureMessages":[],"fullName":"RCA analyzeResourceConstraints with quota thresholds flags >80% CPU usage when used/hard exceed threshold","invocations":1,"location":null,"numPassingAsserts":3,"retryReasons":[],"status":"passed","title":"flags >80% CPU usage when used/hard exceed threshold"}],"endTime":1755261774882,"message":"","name":"/Users/kevinbrown/MCP-ocs/tests/unit/diagnostics/rca_parsing_limits.spec.ts","startTime":1755261774858,"status":"passed","summary":""},{"assertionResults":[{"ancestorTitles":["RCA memory tags include root_cause for image pull failures"],"duration":0,"failureDetails":[],"failureMessages":[],"fullName":"RCA memory tags include root_cause for image pull failures stores tag root_cause:image_pull_failures","invocations":1,"location":null,"numPassingAsserts":2,"retryReasons":[],"status":"passed","title":"stores tag root_cause:image_pull_failures"}],"endTime":1755261774912,"message":"","name":"/Users/kevinbrown/MCP-ocs/tests/unit/diagnostics/rca_memory_tags.spec.ts","startTime":1755261774884,"status":"passed","summary":""},{"assertionResults":[],"coverage":{},"endTime":1755261775139,"message":"  \u001b[1m● \u001b[22mTest suite failed to run\n\n    Cannot find module '../../../src/tools/diagnostics/index.js' from 'tests/unit/diagnostics/cluster_health.spec.ts'\n\n    \u001b[0m\u001b[31m\u001b[1m>\u001b[22m\u001b[39m\u001b[90m 1 |\u001b[39m \u001b[36mimport\u001b[39m { \u001b[33mDiagnosticToolsV2\u001b[39m } \u001b[36mfrom\u001b[39m \u001b[32m'../../../src/tools/diagnostics/index.js'\u001b[39m\u001b[33m;\u001b[39m\n     \u001b[90m   |\u001b[39m \u001b[31m\u001b[1m^\u001b[22m\u001b[39m\n     \u001b[90m 2 |\u001b[39m\n     \u001b[90m 3 |\u001b[39m \u001b[90m// Minimal stubs for constructor deps\u001b[39m\n     \u001b[90m 4 |\u001b[39m \u001b[36mconst\u001b[39m fakeOpenShiftClient\u001b[33m:\u001b[39m any \u001b[33m=\u001b[39m { getClusterInfo\u001b[33m:\u001b[39m jest\u001b[33m.\u001b[39mfn()\u001b[33m.\u001b[39mmockResolvedValue({ status\u001b[33m:\u001b[39m \u001b[32m'connected'\u001b[39m\u001b[33m,\u001b[39m version\u001b[33m:\u001b[39m \u001b[32m'v'\u001b[39m\u001b[33m,\u001b[39m currentUser\u001b[33m:\u001b[39m \u001b[32m'u'\u001b[39m\u001b[33m,\u001b[39m serverUrl\u001b[33m:\u001b[39m \u001b[32m's'\u001b[39m }) }\u001b[33m;\u001b[39m\u001b[0m\n\n      \u001b[2mat Resolver._throwModNotFoundError (\u001b[22mnode_modules/jest-resolve/build/resolver.js\u001b[2m:427:11)\u001b[22m\n      \u001b[2mat Object.<anonymous> (\u001b[22m\u001b[0m\u001b[36mtests/unit/diagnostics/cluster_health.spec.ts\u001b[39m\u001b[0m\u001b[2m:1:1)\u001b[22m\n","name":"/Users/kevinbrown/MCP-ocs/tests/unit/diagnostics/cluster_health.spec.ts","startTime":1755261775139,"status":"failed","summary":""},{"assertionResults":[],"coverage":{},"endTime":1755261775139,"message":"  \u001b[1m● \u001b[22mTest suite failed to run\n\n    \u001b[31m\u001b[1mConfiguration error\u001b[22m:\u001b[39m\n    \u001b[31m\u001b[39m\n    \u001b[31mCould not locate module \u001b[1m../../lib/stream.js\u001b[22m mapped as:\u001b[39m\n    \u001b[31m\u001b[1m/Users/kevinbrown/MCP-ocs/src/lib/$1.ts\u001b[22m.\u001b[39m\n    \u001b[31m\u001b[39m\n    \u001b[31mPlease check your configuration for these entries:\u001b[39m\n    \u001b[31m{\u001b[39m\n    \u001b[31m  \"moduleNameMapper\": {\u001b[39m\n    \u001b[31m    \"/^\\.\\.\\/\\.\\.\\/lib\\/(.*)\\.js$/\": \"\u001b[1m/Users/kevinbrown/MCP-ocs/src/lib/$1.ts\u001b[22m\"\u001b[39m\n    \u001b[31m  },\u001b[39m\n    \u001b[31m  \"resolver\": \u001b[1mundefined\u001b[22m\u001b[39m\n    \u001b[31m}\u001b[39m\n\n    \u001b[0m \u001b[90m  9 |\u001b[39m\n     \u001b[90m 10 |\u001b[39m \u001b[36mimport\u001b[39m { \u001b[33mSharedMemoryManager\u001b[39m } \u001b[36mfrom\u001b[39m \u001b[32m'../../../src/lib/memory/shared-memory'\u001b[39m\u001b[33m;\u001b[39m\n    \u001b[31m\u001b[1m>\u001b[22m\u001b[39m\u001b[90m 11 |\u001b[39m \u001b[36mimport\u001b[39m { \u001b[33mGenericContainer\u001b[39m\u001b[33m,\u001b[39m \u001b[33mStartedTestContainer\u001b[39m } \u001b[36mfrom\u001b[39m \u001b[32m'testcontainers'\u001b[39m\u001b[33m;\u001b[39m\n     \u001b[90m    |\u001b[39m \u001b[31m\u001b[1m^\u001b[22m\u001b[39m\n     \u001b[90m 12 |\u001b[39m\n     \u001b[90m 13 |\u001b[39m \u001b[36mconst\u001b[39m \u001b[33mRUN_MODE\u001b[39m \u001b[33m=\u001b[39m process\u001b[33m.\u001b[39menv\u001b[33m.\u001b[39m\u001b[33mCHROMA_EXTERNAL\u001b[39m \u001b[33m===\u001b[39m \u001b[32m'1'\u001b[39m \u001b[33m?\u001b[39m \u001b[32m'external'\u001b[39m \u001b[33m:\u001b[39m (process\u001b[33m.\u001b[39menv\u001b[33m.\u001b[39m\u001b[33mTESTCONTAINERS\u001b[39m \u001b[33m===\u001b[39m \u001b[32m'1'\u001b[39m \u001b[33m?\u001b[39m \u001b[32m'containers'\u001b[39m \u001b[33m:\u001b[39m \u001b[32m'skip'\u001b[39m)\u001b[33m;\u001b[39m\n     \u001b[90m 14 |\u001b[39m \u001b[36mconst\u001b[39m chromaHostEnv \u001b[33m=\u001b[39m process\u001b[33m.\u001b[39menv\u001b[33m.\u001b[39m\u001b[33mCHROMA_HOST\u001b[39m \u001b[33m||\u001b[39m \u001b[32m'127.0.0.1'\u001b[39m\u001b[33m;\u001b[39m\u001b[0m\n\n      \u001b[2mat createNoMappedModuleFoundError (\u001b[22mnode_modules/jest-resolve/build/resolver.js\u001b[2m:759:17)\u001b[22m\n      \u001b[2mat Object.<anonymous> (\u001b[22mnode_modules/archiver-utils/node_modules/readable-stream/lib/stream/promises.js\u001b[2m:7:1)\u001b[22m\n      \u001b[2mat Object.<anonymous> (\u001b[22mnode_modules/archiver-utils/node_modules/readable-stream/lib/stream.js\u001b[2m:44:18)\u001b[22m\n      \u001b[2mat Object.<anonymous> (\u001b[22mnode_modules/archiver-utils/node_modules/readable-stream/lib/ours/index.js\u001b[2m:32:24)\u001b[22m\n      \u001b[2mat Object.<anonymous> (\u001b[22mnode_modules/archiver-utils/index.js\u001b[2m:16:19)\u001b[22m\n      \u001b[2mat Object.<anonymous> (\u001b[22mnode_modules/archiver/lib/core.js\u001b[2m:12:12)\u001b[22m\n      \u001b[2mat Object.<anonymous> (\u001b[22mnode_modules/archiver/index.js\u001b[2m:8:16)\u001b[22m\n      \u001b[2mat Object.<anonymous> (\u001b[22mnode_modules/testcontainers/src/generic-container/started-generic-container.ts\u001b[2m:1:1)\u001b[22m\n      \u001b[2mat Object.<anonymous> (\u001b[22mnode_modules/testcontainers/src/docker-compose-environment/docker-compose-environment.ts\u001b[2m:4:1)\u001b[22m\n      \u001b[2mat Object.<anonymous> (\u001b[22mnode_modules/testcontainers/src/index.ts\u001b[2m:3:1)\u001b[22m\n      \u001b[2mat Object.<anonymous> (\u001b[22m\u001b[0m\u001b[36mtests/integration/memory/chroma-integration.test.ts\u001b[39m\u001b[0m\u001b[2m:11:1)\u001b[22m\n","name":"/Users/kevinbrown/MCP-ocs/tests/integration/memory/chroma-integration.test.ts","startTime":1755261775139,"status":"failed","summary":""},{"assertionResults":[],"coverage":{},"endTime":1755261775139,"message":"  \u001b[1m● \u001b[22mTest suite failed to run\n\n    Cannot find module '../../../src/tools/diagnostics/index.js' from 'tests/integration/diagnostics/cluster_health.integration.spec.ts'\n\n    \u001b[0m\u001b[31m\u001b[1m>\u001b[22m\u001b[39m\u001b[90m 1 |\u001b[39m \u001b[36mimport\u001b[39m { \u001b[33mDiagnosticToolsV2\u001b[39m } \u001b[36mfrom\u001b[39m \u001b[32m'../../../src/tools/diagnostics/index.js'\u001b[39m\u001b[33m;\u001b[39m\n     \u001b[90m   |\u001b[39m \u001b[31m\u001b[1m^\u001b[22m\u001b[39m\n     \u001b[90m 2 |\u001b[39m\n     \u001b[90m 3 |\u001b[39m \u001b[90m// Simulated integration behavior with controlled stubs\u001b[39m\n     \u001b[90m 4 |\u001b[39m describe(\u001b[32m'cluster_health integration-like behavior'\u001b[39m\u001b[33m,\u001b[39m () \u001b[33m=>\u001b[39m {\u001b[0m\n\n      \u001b[2mat Resolver._throwModNotFoundError (\u001b[22mnode_modules/jest-resolve/build/resolver.js\u001b[2m:427:11)\u001b[22m\n      \u001b[2mat Object.<anonymous> (\u001b[22m\u001b[0m\u001b[36mtests/integration/diagnostics/cluster_health.integration.spec.ts\u001b[39m\u001b[0m\u001b[2m:1:1)\u001b[22m\n","name":"/Users/kevinbrown/MCP-ocs/tests/integration/diagnostics/cluster_health.integration.spec.ts","startTime":1755261775139,"status":"failed","summary":""},{"assertionResults":[],"coverage":{},"endTime":1755261775139,"message":"  \u001b[1m● \u001b[22mTest suite failed to run\n\n    Your test suite must contain at least one test.\n\n      \u001b[2mat onResult (\u001b[22mnode_modules/@jest/core/build/TestScheduler.js\u001b[2m:133:18)\u001b[22m\n      \u001b[2mat \u001b[22mnode_modules/@jest/core/build/TestScheduler.js\u001b[2m:254:19\u001b[22m\n      \u001b[2mat \u001b[22mnode_modules/emittery/index.js\u001b[2m:363:13\u001b[22m\n          at Array.map (<anonymous>)\n      \u001b[2mat Emittery.emit (\u001b[22mnode_modules/emittery/index.js\u001b[2m:361:23)\u001b[22m\n","name":"/Users/kevinbrown/MCP-ocs/tests/harness/modules/cluster-health.test.ts","startTime":1755261775139,"status":"failed","summary":""}],"wasInterrupted":false}
