{"numFailedTestSuites":12,"numFailedTests":1,"numPassedTestSuites":64,"numPassedTests":206,"numPendingTestSuites":4,"numPendingTests":17,"numRuntimeErrorTestSuites":11,"numTodoTests":0,"numTotalTestSuites":80,"numTotalTests":224,"openHandles":[],"snapshot":{"added":0,"didUpdate":false,"failure":false,"filesAdded":0,"filesRemoved":0,"filesRemovedList":[],"filesUnmatched":0,"filesUpdated":0,"matched":0,"total":0,"unchecked":0,"uncheckedKeysByFile":[],"unmatched":0,"updated":0},"startTime":1757683547457,"success":false,"testResults":[{"assertionResults":[{"ancestorTitles":["Date-Time Safety"],"duration":9,"failureDetails":[],"failureMessages":[],"fullName":"Date-Time Safety StateMgmtTools: uses numeric epoch for memory stores (policy)","invocations":1,"location":null,"numPassingAsserts":7,"retryReasons":[],"status":"passed","title":"StateMgmtTools: uses numeric epoch for memory stores (policy)"},{"ancestorTitles":["Date-Time Safety"],"duration":22,"failureDetails":[],"failureMessages":[],"fullName":"Date-Time Safety ReadOpsTools: returns ISO for user-facing, numeric for memory","invocations":1,"location":null,"numPassingAsserts":4,"retryReasons":[],"status":"passed","title":"ReadOpsTools: returns ISO for user-facing, numeric for memory"},{"ancestorTitles":["Date-Time Safety"],"duration":5,"failureDetails":[],"failureMessages":[],"fullName":"Date-Time Safety EnhancedNamespaceHealthChecker: returns ISO timestamp and validates dates","invocations":1,"location":null,"numPassingAsserts":2,"retryReasons":[],"status":"passed","title":"EnhancedNamespaceHealthChecker: returns ISO timestamp and validates dates"}],"endTime":1757683548278,"message":"","name":"/Users/kevinbrown/MCP-ocs/tests/unit/date-time-safety.test.ts","startTime":1757683547602,"status":"passed","summary":""},{"assertionResults":[{"ancestorTitles":["Storage Intelligence Integration"],"duration":null,"failureDetails":[],"failureMessages":[],"fullName":"Storage Intelligence Integration should expose registered Week 1 tools","invocations":1,"location":null,"numPassingAsserts":0,"retryReasons":[],"status":"pending","title":"should expose registered Week 1 tools"},{"ancestorTitles":["Storage Intelligence Integration"],"duration":null,"failureDetails":[],"failureMessages":[],"fullName":"Storage Intelligence Integration should provide success metrics with expected targets","invocations":1,"location":null,"numPassingAsserts":0,"retryReasons":[],"status":"pending","title":"should provide success metrics with expected targets"},{"ancestorTitles":["Storage Intelligence Integration"],"duration":null,"failureDetails":[],"failureMessages":[],"fullName":"Storage Intelligence Integration should execute PVC RCA through tools with mocked engine","invocations":1,"location":null,"numPassingAsserts":0,"retryReasons":[],"status":"pending","title":"should execute PVC RCA through tools with mocked engine"}],"coverage":{},"endTime":1757683568886,"message":"","name":"/Users/kevinbrown/MCP-ocs/tests/integration/storage-intelligence.test.ts","startTime":1757683568886,"status":"skipped","summary":""},{"assertionResults":[{"ancestorTitles":["CrossNodeStorageDistributionEngine (Task 1.2)"],"duration":null,"failureDetails":[],"failureMessages":[],"fullName":"CrossNodeStorageDistributionEngine (Task 1.2) should compute per-node storage utilization and zone distribution","invocations":1,"location":null,"numPassingAsserts":0,"retryReasons":[],"status":"pending","title":"should compute per-node storage utilization and zone distribution"},{"ancestorTitles":["CrossNodeStorageDistributionEngine (Task 1.2)"],"duration":null,"failureDetails":[],"failureMessages":[],"fullName":"CrossNodeStorageDistributionEngine (Task 1.2) should aggregate cluster capacity and recommend allocation","invocations":1,"location":null,"numPassingAsserts":0,"retryReasons":[],"status":"pending","title":"should aggregate cluster capacity and recommend allocation"},{"ancestorTitles":["CrossNodeStorageDistributionEngine (Task 1.2)"],"duration":null,"failureDetails":[],"failureMessages":[],"fullName":"CrossNodeStorageDistributionEngine (Task 1.2) should output actionable recommendations","invocations":1,"location":null,"numPassingAsserts":0,"retryReasons":[],"status":"pending","title":"should output actionable recommendations"}],"coverage":{},"endTime":1757683568886,"message":"","name":"/Users/kevinbrown/MCP-ocs/tests/unit/tools/cross-node-storage-distribution.test.ts","startTime":1757683568886,"status":"skipped","summary":""},{"assertionResults":[{"ancestorTitles":["OcWrapperV2"],"duration":1,"failureDetails":[],"failureMessages":[],"fullName":"OcWrapperV2 executes and returns OcResult with caching behavior","invocations":1,"location":null,"numPassingAsserts":5,"retryReasons":[],"status":"passed","title":"executes and returns OcResult with caching behavior"},{"ancestorTitles":["OcWrapperV2"],"duration":2,"failureDetails":[],"failureMessages":[],"fullName":"OcWrapperV2 injects namespace and parses JSON getters","invocations":1,"location":null,"numPassingAsserts":4,"retryReasons":[],"status":"passed","title":"injects namespace and parses JSON getters"},{"ancestorTitles":["OcWrapperV2"],"duration":6,"failureDetails":[],"failureMessages":[],"fullName":"OcWrapperV2 handles JSON parse errors from getters","invocations":1,"location":null,"numPassingAsserts":4,"retryReasons":[],"status":"passed","title":"handles JSON parse errors from getters"},{"ancestorTitles":["OcWrapperV2"],"duration":6006,"failureDetails":[],"failureMessages":[],"fullName":"OcWrapperV2 gracefully falls back for getRoutes/getIngress when not available","invocations":1,"location":null,"numPassingAsserts":2,"retryReasons":[],"status":"passed","title":"gracefully falls back for getRoutes/getIngress when not available"},{"ancestorTitles":["OcWrapperV2"],"duration":3002,"failureDetails":[],"failureMessages":[],"fullName":"OcWrapperV2 validateNamespaceExists returns false on error","invocations":1,"location":null,"numPassingAsserts":1,"retryReasons":[],"status":"passed","title":"validateNamespaceExists returns false on error"},{"ancestorTitles":["OcWrapperV2"],"duration":6005,"failureDetails":[],"failureMessages":[],"fullName":"OcWrapperV2 throws timeout and generic errors from executeOc","invocations":1,"location":null,"numPassingAsserts":2,"retryReasons":[],"status":"passed","title":"throws timeout and generic errors from executeOc"},{"ancestorTitles":["OcWrapperV2"],"duration":3,"failureDetails":[],"failureMessages":[],"fullName":"OcWrapperV2 validates args and namespace formatting","invocations":1,"location":null,"numPassingAsserts":3,"retryReasons":[],"status":"passed","title":"validates args and namespace formatting"}],"endTime":1757683563343,"message":"","name":"/Users/kevinbrown/MCP-ocs/tests/unit/v2/oc-wrapper-v2.test.ts","startTime":1757683548307,"status":"passed","summary":""},{"assertionResults":[{"ancestorTitles":["OcWrapperV2 retry behavior"],"duration":3004,"failureDetails":[],"failureMessages":[],"fullName":"OcWrapperV2 retry behavior retries transient failures before succeeding","invocations":1,"location":null,"numPassingAsserts":2,"retryReasons":[],"status":"passed","title":"retries transient failures before succeeding"}],"endTime":1757683566382,"message":"","name":"/Users/kevinbrown/MCP-ocs/tests/unit/diagnostics/ocwrapper_retry.spec.ts","startTime":1757683563345,"status":"passed","summary":""},{"assertionResults":[{"ancestorTitles":["Instrumentation Middleware – Behavior"],"duration":1,"failureDetails":[],"failureMessages":[],"fullName":"Instrumentation Middleware – Behavior maps categories to opType","invocations":1,"location":null,"numPassingAsserts":5,"retryReasons":[],"status":"passed","title":"maps categories to opType"},{"ancestorTitles":["Instrumentation Middleware – Behavior"],"duration":1,"failureDetails":[],"failureMessages":[],"fullName":"Instrumentation Middleware – Behavior supports allowlist filtering","invocations":1,"location":null,"numPassingAsserts":2,"retryReasons":[],"status":"passed","title":"supports allowlist filtering"},{"ancestorTitles":["Instrumentation Middleware – Behavior"],"duration":0,"failureDetails":[],"failureMessages":[],"fullName":"Instrumentation Middleware – Behavior redacts sensitive args and truncates long strings","invocations":1,"location":null,"numPassingAsserts":9,"retryReasons":[],"status":"passed","title":"redacts sensitive args and truncates long strings"},{"ancestorTitles":["Instrumentation Middleware – Behavior"],"duration":1,"failureDetails":[],"failureMessages":[],"fullName":"Instrumentation Middleware – Behavior preInstrument returns null when disabled","invocations":1,"location":null,"numPassingAsserts":1,"retryReasons":[],"status":"passed","title":"preInstrument returns null when disabled"},{"ancestorTitles":["Instrumentation Middleware – Behavior"],"duration":1,"failureDetails":[],"failureMessages":[],"fullName":"Instrumentation Middleware – Behavior dual-writes: vector attempt + metrics append on success","invocations":1,"location":null,"numPassingAsserts":2,"retryReasons":[],"status":"passed","title":"dual-writes: vector attempt + metrics append on success"},{"ancestorTitles":["Instrumentation Middleware – Behavior"],"duration":1,"failureDetails":[],"failureMessages":[],"fullName":"Instrumentation Middleware – Behavior forces JSON-only when MCP_OCS_FORCE_JSON is set","invocations":1,"location":null,"numPassingAsserts":1,"retryReasons":[],"status":"passed","title":"forces JSON-only when MCP_OCS_FORCE_JSON is set"},{"ancestorTitles":["Instrumentation Middleware – Behavior"],"duration":1,"failureDetails":[],"failureMessages":[],"fullName":"Instrumentation Middleware – Behavior skips vector write when tool is not allowlisted","invocations":1,"location":null,"numPassingAsserts":1,"retryReasons":[],"status":"passed","title":"skips vector write when tool is not allowlisted"},{"ancestorTitles":["Instrumentation Middleware – Behavior"],"duration":51,"failureDetails":[],"failureMessages":[],"fullName":"Instrumentation Middleware – Behavior presearch enrichment attaches bounded evidence and is resilient to errors","invocations":1,"location":null,"numPassingAsserts":4,"retryReasons":[],"status":"passed","title":"presearch enrichment attaches bounded evidence and is resilient to errors"},{"ancestorTitles":["Instrumentation Middleware – Behavior"],"duration":51,"failureDetails":[],"failureMessages":[],"fullName":"Instrumentation Middleware – Behavior presearch returns 0 hits when no results","invocations":1,"location":null,"numPassingAsserts":1,"retryReasons":[],"status":"passed","title":"presearch returns 0 hits when no results"},{"ancestorTitles":["Instrumentation Middleware – Behavior"],"duration":1,"failureDetails":[],"failureMessages":[],"fullName":"Instrumentation Middleware – Behavior uses mcp-ocs domain for non-ocp categories during vector write","invocations":1,"location":null,"numPassingAsserts":1,"retryReasons":[],"status":"passed","title":"uses mcp-ocs domain for non-ocp categories during vector write"},{"ancestorTitles":["Instrumentation Middleware – Behavior"],"duration":1,"failureDetails":[],"failureMessages":[],"fullName":"Instrumentation Middleware – Behavior records error outcome via postInstrumentError","invocations":1,"location":null,"numPassingAsserts":0,"retryReasons":[],"status":"passed","title":"records error outcome via postInstrumentError"},{"ancestorTitles":["Instrumentation Middleware – Behavior"],"duration":1,"failureDetails":[],"failureMessages":[],"fullName":"Instrumentation Middleware – Behavior summarizes non-Error inputs in postInstrumentError","invocations":1,"location":null,"numPassingAsserts":0,"retryReasons":[],"status":"passed","title":"summarizes non-Error inputs in postInstrumentError"},{"ancestorTitles":["Instrumentation Middleware – Behavior"],"duration":1,"failureDetails":[],"failureMessages":[],"fullName":"Instrumentation Middleware – Behavior logs and continues when metrics writer throws","invocations":1,"location":null,"numPassingAsserts":0,"retryReasons":[],"status":"passed","title":"logs and continues when metrics writer throws"},{"ancestorTitles":["Instrumentation Middleware – Behavior"],"duration":1,"failureDetails":[],"failureMessages":[],"fullName":"Instrumentation Middleware – Behavior gracefully handles internal error in postInstrument","invocations":1,"location":null,"numPassingAsserts":0,"retryReasons":[],"status":"passed","title":"gracefully handles internal error in postInstrument"},{"ancestorTitles":["Instrumentation Middleware – Behavior"],"duration":0,"failureDetails":[],"failureMessages":[],"fullName":"Instrumentation Middleware – Behavior gracefully handles internal error in postInstrumentError","invocations":1,"location":null,"numPassingAsserts":0,"retryReasons":[],"status":"passed","title":"gracefully handles internal error in postInstrumentError"}],"endTime":1757683566533,"message":"","name":"/Users/kevinbrown/MCP-ocs/tests/unit/instrumentation/instrumentation-middleware.behavior.test.ts","startTime":1757683566388,"status":"passed","summary":""},{"assertionResults":[{"ancestorTitles":["OrchestrationQueue"],"duration":52,"failureDetails":[],"failureMessages":[],"fullName":"OrchestrationQueue enqueue/wait runs in parallel","invocations":1,"location":null,"numPassingAsserts":3,"retryReasons":[],"status":"passed","title":"enqueue/wait runs in parallel"},{"ancestorTitles":["OrchestrationQueue"],"duration":93,"failureDetails":[],"failureMessages":[],"fullName":"OrchestrationQueue fanout respects concurrency","invocations":1,"location":null,"numPassingAsserts":1,"retryReasons":[],"status":"passed","title":"fanout respects concurrency"},{"ancestorTitles":["OrchestrationQueue"],"duration":101,"failureDetails":[],"failureMessages":[],"fullName":"OrchestrationQueue cancel on threshold stops further work","invocations":1,"location":null,"numPassingAsserts":1,"retryReasons":[],"status":"passed","title":"cancel on threshold stops further work"},{"ancestorTitles":["pvcTriageOrchestration"],"duration":1,"failureDetails":[],"failureMessages":[],"fullName":"pvcTriageOrchestration merges signals and list, caps namespaces, and triages","invocations":1,"location":null,"numPassingAsserts":5,"retryReasons":[],"status":"passed","title":"merges signals and list, caps namespaces, and triages"}],"endTime":1757683566797,"message":"","name":"/Users/kevinbrown/MCP-ocs/tests/unit/orchestration/queue.test.ts","startTime":1757683566534,"status":"passed","summary":""},{"assertionResults":[{"ancestorTitles":["UnifiedToolRegistry"],"duration":3,"failureDetails":[],"failureMessages":[],"fullName":"UnifiedToolRegistry registers and executes a tool returning string","invocations":1,"location":null,"numPassingAsserts":2,"retryReasons":[],"status":"passed","title":"registers and executes a tool returning string"},{"ancestorTitles":["UnifiedToolRegistry"],"duration":5,"failureDetails":[],"failureMessages":[],"fullName":"UnifiedToolRegistry rejects duplicate tool names","invocations":1,"location":null,"numPassingAsserts":1,"retryReasons":[],"status":"passed","title":"rejects duplicate tool names"},{"ancestorTitles":["UnifiedToolRegistry"],"duration":0,"failureDetails":[],"failureMessages":[],"fullName":"UnifiedToolRegistry validates required fields and categories/versions","invocations":1,"location":null,"numPassingAsserts":3,"retryReasons":[],"status":"passed","title":"validates required fields and categories/versions"},{"ancestorTitles":["UnifiedToolRegistry"],"duration":1,"failureDetails":[],"failureMessages":[],"fullName":"UnifiedToolRegistry returns standardized error JSON when tool returns non-string","invocations":1,"location":null,"numPassingAsserts":4,"retryReasons":[],"status":"passed","title":"returns standardized error JSON when tool returns non-string"},{"ancestorTitles":["UnifiedToolRegistry"],"duration":1,"failureDetails":[],"failureMessages":[],"fullName":"UnifiedToolRegistry throws an error when tool is not found","invocations":1,"location":null,"numPassingAsserts":1,"retryReasons":[],"status":"passed","title":"throws an error when tool is not found"},{"ancestorTitles":["UnifiedToolRegistry"],"duration":0,"failureDetails":[],"failureMessages":[],"fullName":"UnifiedToolRegistry reports stats and MCP tool metadata correctly","invocations":1,"location":null,"numPassingAsserts":6,"retryReasons":[],"status":"passed","title":"reports stats and MCP tool metadata correctly"},{"ancestorTitles":["Global tool registry singleton"],"duration":0,"failureDetails":[],"failureMessages":[],"fullName":"Global tool registry singleton returns same instance until reset","invocations":1,"location":null,"numPassingAsserts":2,"retryReasons":[],"status":"passed","title":"returns same instance until reset"}],"endTime":1757683566832,"message":"","name":"/Users/kevinbrown/MCP-ocs/tests/unit/tools/tool-registry.test.ts","startTime":1757683566799,"status":"passed","summary":""},{"assertionResults":[{"ancestorTitles":["CLI memory-audit (unit)"],"duration":19,"failureDetails":[],"failureMessages":[],"fullName":"CLI memory-audit (unit) prints JSON with expected fields","invocations":1,"location":null,"numPassingAsserts":5,"retryReasons":[],"status":"passed","title":"prints JSON with expected fields"}],"endTime":1757683566864,"message":"","name":"/Users/kevinbrown/MCP-ocs/tests/unit/cli/memory-audit.test.ts","startTime":1757683566834,"status":"passed","summary":""},{"assertionResults":[{"ancestorTitles":["oc_read_describe via gateway"],"duration":0,"failureDetails":[],"failureMessages":[],"fullName":"oc_read_describe via gateway returns description payload and persists via gateway","invocations":1,"location":null,"numPassingAsserts":4,"retryReasons":[],"status":"passed","title":"returns description payload and persists via gateway"}],"endTime":1757683566876,"message":"","name":"/Users/kevinbrown/MCP-ocs/tests/unit/tools/read-ops-describe.spec.ts","startTime":1757683566866,"status":"passed","summary":""},{"assertionResults":[{"ancestorTitles":["Registry Integration – instrumentation hooks at boundary (Phase 3)"],"duration":1,"failureDetails":[],"failureMessages":[],"fullName":"Registry Integration – instrumentation hooks at boundary (Phase 3) calls pre/post hooks for diagnostic and read-ops tools; error path triggers postInstrumentError","invocations":1,"location":null,"numPassingAsserts":11,"retryReasons":[],"status":"passed","title":"calls pre/post hooks for diagnostic and read-ops tools; error path triggers postInstrumentError"}],"endTime":1757683566893,"message":"","name":"/Users/kevinbrown/MCP-ocs/tests/unit/tools/registry-integration.phase3.test.ts","startTime":1757683566878,"status":"passed","summary":""},{"assertionResults":[{"ancestorTitles":["OpenShiftClient"],"duration":0,"failureDetails":[],"failureMessages":[],"fullName":"OpenShiftClient should initialize correctly","invocations":1,"location":null,"numPassingAsserts":1,"retryReasons":[],"status":"passed","title":"should initialize correctly"},{"ancestorTitles":["OpenShiftClient"],"duration":1,"failureDetails":[],"failureMessages":[],"fullName":"OpenShiftClient should get cluster info","invocations":1,"location":null,"numPassingAsserts":1,"retryReasons":[],"status":"passed","title":"should get cluster info"},{"ancestorTitles":["OpenShiftClient"],"duration":5,"failureDetails":[],"failureMessages":[],"fullName":"OpenShiftClient should get pods","invocations":1,"location":null,"numPassingAsserts":1,"retryReasons":[],"status":"passed","title":"should get pods"},{"ancestorTitles":["OpenShiftClient"],"duration":0,"failureDetails":[],"failureMessages":[],"fullName":"OpenShiftClient should clear cache","invocations":1,"location":null,"numPassingAsserts":1,"retryReasons":[],"status":"passed","title":"should clear cache"},{"ancestorTitles":["OpenShiftClient"],"duration":0,"failureDetails":[],"failureMessages":[],"fullName":"OpenShiftClient should get health status","invocations":1,"location":null,"numPassingAsserts":2,"retryReasons":[],"status":"passed","title":"should get health status"}],"endTime":1757683566912,"message":"","name":"/Users/kevinbrown/MCP-ocs/tests/unit/openshift/openshift-client.test.ts","startTime":1757683566894,"status":"passed","summary":""},{"assertionResults":[{"ancestorTitles":["StateMgmtTools (Phase 2 focus)"],"duration":0,"failureDetails":[],"failureMessages":[],"fullName":"StateMgmtTools (Phase 2 focus) exposes tools and executes store_incident","invocations":1,"location":null,"numPassingAsserts":3,"retryReasons":[],"status":"passed","title":"exposes tools and executes store_incident"},{"ancestorTitles":["StateMgmtTools (Phase 2 focus)"],"duration":1,"failureDetails":[],"failureMessages":[],"fullName":"StateMgmtTools (Phase 2 focus) executes search_operational and returns results","invocations":1,"location":null,"numPassingAsserts":1,"retryReasons":[],"status":"passed","title":"executes search_operational and returns results"},{"ancestorTitles":["StateMgmtTools (Phase 2 focus)"],"duration":0,"failureDetails":[],"failureMessages":[],"fullName":"StateMgmtTools (Phase 2 focus) returns memory stats with detailed=false and detailed=true","invocations":1,"location":null,"numPassingAsserts":2,"retryReasons":[],"status":"passed","title":"returns memory stats with detailed=false and detailed=true"},{"ancestorTitles":["StateMgmtTools (Phase 2 focus)"],"duration":0,"failureDetails":[],"failureMessages":[],"fullName":"StateMgmtTools (Phase 2 focus) search_conversations returns shape and stores analytics","invocations":1,"location":null,"numPassingAsserts":1,"retryReasons":[],"status":"passed","title":"search_conversations returns shape and stores analytics"},{"ancestorTitles":["StateMgmtTools (Phase 2 focus)"],"duration":0,"failureDetails":[],"failureMessages":[],"fullName":"StateMgmtTools (Phase 2 focus) get_workflow_state returns ISO timestamp and structure","invocations":1,"location":null,"numPassingAsserts":2,"retryReasons":[],"status":"passed","title":"get_workflow_state returns ISO timestamp and structure"}],"endTime":1757683566924,"message":"","name":"/Users/kevinbrown/MCP-ocs/tests/unit/tools/state-mgmt-tools.phase2.test.ts","startTime":1757683566913,"status":"passed","summary":""},{"assertionResults":[{"ancestorTitles":["beta tools CLI (node)"],"duration":98,"failureDetails":[],"failureMessages":[],"fullName":"beta tools CLI (node) prints JSON with 8 tools","invocations":1,"location":null,"numPassingAsserts":4,"retryReasons":[],"status":"passed","title":"prints JSON with 8 tools"}],"endTime":1757683567033,"message":"","name":"/Users/kevinbrown/MCP-ocs/tests/cli/beta-tools-cli.spec.ts","startTime":1757683566925,"status":"passed","summary":""},{"assertionResults":[{"ancestorTitles":["UnifiedMemoryAdapter"],"duration":0,"failureDetails":[],"failureMessages":[],"fullName":"UnifiedMemoryAdapter chooses separate strategy and eagerly ensures collections","invocations":1,"location":null,"numPassingAsserts":1,"retryReasons":[],"status":"passed","title":"chooses separate strategy and eagerly ensures collections"},{"ancestorTitles":["UnifiedMemoryAdapter"],"duration":0,"failureDetails":[],"failureMessages":[],"fullName":"UnifiedMemoryAdapter chooses unified strategy when CHROMA_COLLECTION set","invocations":1,"location":null,"numPassingAsserts":1,"retryReasons":[],"status":"passed","title":"chooses unified strategy when CHROMA_COLLECTION set"},{"ancestorTitles":["UnifiedMemoryAdapter"],"duration":39,"failureDetails":[],"failureMessages":[],"fullName":"UnifiedMemoryAdapter getStats returns shape with storage info and chromaAvailable","invocations":1,"location":null,"numPassingAsserts":4,"retryReasons":[],"status":"passed","title":"getStats returns shape with storage info and chromaAvailable"},{"ancestorTitles":["UnifiedMemoryAdapter"],"duration":0,"failureDetails":[],"failureMessages":[],"fullName":"UnifiedMemoryAdapter searchConversations maps fields and computes similarity/relevance","invocations":1,"location":null,"numPassingAsserts":4,"retryReasons":[],"status":"passed","title":"searchConversations maps fields and computes similarity/relevance"}],"endTime":1757683567084,"message":"","name":"/Users/kevinbrown/MCP-ocs/tests/unit/memory/unified-memory-adapter.test.ts","startTime":1757683567035,"status":"passed","summary":""},{"assertionResults":[{"ancestorTitles":["ToolNamespaceManager + ToolRegistry"],"duration":1,"failureDetails":[],"failureMessages":[],"fullName":"ToolNamespaceManager + ToolRegistry enables expected namespaces in single mode with cluster active","invocations":1,"location":null,"numPassingAsserts":2,"retryReasons":[],"status":"passed","title":"enables expected namespaces in single mode with cluster active"},{"ancestorTitles":["ToolNamespaceManager + ToolRegistry"],"duration":5,"failureDetails":[],"failureMessages":[],"fullName":"ToolNamespaceManager + ToolRegistry rejects tool with wrong fullName prefix for namespace","invocations":1,"location":null,"numPassingAsserts":1,"retryReasons":[],"status":"passed","title":"rejects tool with wrong fullName prefix for namespace"},{"ancestorTitles":["ToolNamespaceManager + ToolRegistry"],"duration":0,"failureDetails":[],"failureMessages":[],"fullName":"ToolNamespaceManager + ToolRegistry flags conflicts via warning when conflicting tool already registered","invocations":1,"location":null,"numPassingAsserts":1,"retryReasons":[],"status":"passed","title":"flags conflicts via warning when conflicting tool already registered"},{"ancestorTitles":["ToolNamespaceManager + ToolRegistry"],"duration":0,"failureDetails":[],"failureMessages":[],"fullName":"ToolNamespaceManager + ToolRegistry filters tools by enabled namespaces and context requirements","invocations":1,"location":null,"numPassingAsserts":2,"retryReasons":[],"status":"passed","title":"filters tools by enabled namespaces and context requirements"},{"ancestorTitles":["ToolNamespaceManager + ToolRegistry"],"duration":1,"failureDetails":[],"failureMessages":[],"fullName":"ToolNamespaceManager + ToolRegistry sorts tools by relevance (domain boosts, prefix boosts, and priority) and penalizes writes in diagnostic phase","invocations":1,"location":null,"numPassingAsserts":2,"retryReasons":[],"status":"passed","title":"sorts tools by relevance (domain boosts, prefix boosts, and priority) and penalizes writes in diagnostic phase"}],"endTime":1757683567102,"message":"","name":"/Users/kevinbrown/MCP-ocs/tests/unit/tools/namespace-manager.test.ts","startTime":1757683567085,"status":"passed","summary":""},{"assertionResults":[{"ancestorTitles":["vector-writer"],"duration":0,"failureDetails":[],"failureMessages":[],"fullName":"vector-writer short-circuits when vector writes disabled","invocations":1,"location":null,"numPassingAsserts":1,"retryReasons":[],"status":"passed","title":"short-circuits when vector writes disabled"},{"ancestorTitles":["vector-writer"],"duration":0,"failureDetails":[],"failureMessages":[],"fullName":"vector-writer respects MCP_OCS_FORCE_JSON flag","invocations":1,"location":null,"numPassingAsserts":1,"retryReasons":[],"status":"passed","title":"respects MCP_OCS_FORCE_JSON flag"},{"ancestorTitles":["vector-writer"],"duration":0,"failureDetails":[],"failureMessages":[],"fullName":"vector-writer invokes gateway with trimmed result payload","invocations":1,"location":null,"numPassingAsserts":3,"retryReasons":[],"status":"passed","title":"invokes gateway with trimmed result payload"},{"ancestorTitles":["vector-writer"],"duration":1,"failureDetails":[],"failureMessages":[],"fullName":"vector-writer handles gateway errors gracefully","invocations":1,"location":null,"numPassingAsserts":1,"retryReasons":[],"status":"passed","title":"handles gateway errors gracefully"}],"endTime":1757683567112,"message":"","name":"/Users/kevinbrown/MCP-ocs/tests/unit/tools/vector-writer.test.ts","startTime":1757683567103,"status":"passed","summary":""},{"assertionResults":[{"ancestorTitles":["oc_diagnostic_cluster_health via gateway"],"duration":1,"failureDetails":[],"failureMessages":[],"fullName":"oc_diagnostic_cluster_health via gateway runs and stores via gateway","invocations":1,"location":null,"numPassingAsserts":2,"retryReasons":[],"status":"passed","title":"runs and stores via gateway"}],"endTime":1757683567132,"message":"","name":"/Users/kevinbrown/MCP-ocs/tests/unit/tools/diagnostic-cluster-health.spec.ts","startTime":1757683567113,"status":"passed","summary":""},{"assertionResults":[{"ancestorTitles":["MEMORY_RECALL_CONFIDENCE_V1"],"duration":0,"failureDetails":[],"failureMessages":[],"fullName":"MEMORY_RECALL_CONFIDENCE_V1 labels High for strong and fresh recall","invocations":1,"location":null,"numPassingAsserts":2,"retryReasons":[],"status":"passed","title":"labels High for strong and fresh recall"},{"ancestorTitles":["MEMORY_RECALL_CONFIDENCE_V1"],"duration":0,"failureDetails":[],"failureMessages":[],"fullName":"MEMORY_RECALL_CONFIDENCE_V1 labels Medium for decent similarity","invocations":1,"location":null,"numPassingAsserts":1,"retryReasons":[],"status":"passed","title":"labels Medium for decent similarity"},{"ancestorTitles":["MEMORY_RECALL_CONFIDENCE_V1"],"duration":1,"failureDetails":[],"failureMessages":[],"fullName":"MEMORY_RECALL_CONFIDENCE_V1 labels Medium for recent but low similarity","invocations":1,"location":null,"numPassingAsserts":1,"retryReasons":[],"status":"passed","title":"labels Medium for recent but low similarity"},{"ancestorTitles":["MEMORY_RECALL_CONFIDENCE_V1"],"duration":0,"failureDetails":[],"failureMessages":[],"fullName":"MEMORY_RECALL_CONFIDENCE_V1 labels Low otherwise","invocations":1,"location":null,"numPassingAsserts":1,"retryReasons":[],"status":"passed","title":"labels Low otherwise"}],"endTime":1757683567144,"message":"","name":"/Users/kevinbrown/MCP-ocs/tests/unit/rubrics/intelligence/memory-recall-confidence.spec.ts","startTime":1757683567133,"status":"passed","summary":""},{"assertionResults":[{"ancestorTitles":["HealthCheckManager"],"duration":1,"failureDetails":[],"failureMessages":[],"fullName":"HealthCheckManager performs health check with all healthy checks","invocations":1,"location":null,"numPassingAsserts":3,"retryReasons":[],"status":"passed","title":"performs health check with all healthy checks"},{"ancestorTitles":["HealthCheckManager"],"duration":0,"failureDetails":[],"failureMessages":[],"fullName":"HealthCheckManager reports degraded when memory chroma is unavailable","invocations":1,"location":null,"numPassingAsserts":2,"retryReasons":[],"status":"passed","title":"reports degraded when memory chroma is unavailable"},{"ancestorTitles":["HealthCheckManager"],"duration":0,"failureDetails":[],"failureMessages":[],"fullName":"HealthCheckManager readinessProbe true when critical checks ok; false when memory check rejects","invocations":1,"location":null,"numPassingAsserts":2,"retryReasons":[],"status":"passed","title":"readinessProbe true when critical checks ok; false when memory check rejects"},{"ancestorTitles":["HealthCheckManager"],"duration":0,"failureDetails":[],"failureMessages":[],"fullName":"HealthCheckManager livenessProbe returns alive true","invocations":1,"location":null,"numPassingAsserts":1,"retryReasons":[],"status":"passed","title":"livenessProbe returns alive true"}],"endTime":1757683567158,"message":"","name":"/Users/kevinbrown/MCP-ocs/tests/unit/health/health-check-manager.test.ts","startTime":1757683567146,"status":"passed","summary":""},{"assertionResults":[{"ancestorTitles":["metrics-writer"],"duration":1,"failureDetails":[],"failureMessages":[],"fullName":"metrics-writer appends records without throwing","invocations":1,"location":null,"numPassingAsserts":3,"retryReasons":[],"status":"passed","title":"appends records without throwing"},{"ancestorTitles":["metrics-writer"],"duration":1,"failureDetails":[],"failureMessages":[],"fullName":"metrics-writer returns vector identifiers from env with fallbacks","invocations":1,"location":null,"numPassingAsserts":2,"retryReasons":[],"status":"passed","title":"returns vector identifiers from env with fallbacks"},{"ancestorTitles":["metrics-writer"],"duration":0,"failureDetails":[],"failureMessages":[],"fullName":"metrics-writer swallows fs errors (does not throw)","invocations":1,"location":null,"numPassingAsserts":1,"retryReasons":[],"status":"passed","title":"swallows fs errors (does not throw)"}],"endTime":1757683567170,"message":"","name":"/Users/kevinbrown/MCP-ocs/tests/unit/tools/metrics-writer.test.ts","startTime":1757683567159,"status":"passed","summary":""},{"assertionResults":[{"ancestorTitles":["WorkflowEngine minimal"],"duration":1,"failureDetails":[],"failureMessages":[],"fullName":"WorkflowEngine minimal blocks panic-prone write operation in early state","invocations":1,"location":null,"numPassingAsserts":1,"retryReasons":[],"status":"passed","title":"blocks panic-prone write operation in early state"},{"ancestorTitles":["WorkflowEngine minimal"],"duration":0,"failureDetails":[],"failureMessages":[],"fullName":"WorkflowEngine minimal blocks tool not allowed in current state when enforcement is blocking","invocations":1,"location":null,"numPassingAsserts":1,"retryReasons":[],"status":"passed","title":"blocks tool not allowed in current state when enforcement is blocking"}],"endTime":1757683567182,"message":"","name":"/Users/kevinbrown/MCP-ocs/tests/unit/workflow/workflow-engine.test.ts","startTime":1757683567171,"status":"passed","summary":""},{"assertionResults":[{"ancestorTitles":["TemplateEngine"],"duration":1,"failureDetails":[],"failureMessages":[],"fullName":"TemplateEngine builds a plan with variable replacement and step budget","invocations":1,"location":null,"numPassingAsserts":4,"retryReasons":[],"status":"passed","title":"builds a plan with variable replacement and step budget"},{"ancestorTitles":["TemplateEngine"],"duration":0,"failureDetails":[],"failureMessages":[],"fullName":"TemplateEngine evaluates evidence completeness across selector types","invocations":1,"location":null,"numPassingAsserts":3,"retryReasons":[],"status":"passed","title":"evaluates evidence completeness across selector types"}],"endTime":1757683567194,"message":"","name":"/Users/kevinbrown/MCP-ocs/tests/unit/templates/template-engine.test.ts","startTime":1757683567183,"status":"passed","summary":""},{"assertionResults":[{"ancestorTitles":["ToolExecutionTracker"],"duration":1,"failureDetails":[],"failureMessages":[],"fullName":"ToolExecutionTracker executes successfully, stores memory, and records history","invocations":1,"location":null,"numPassingAsserts":9,"retryReasons":[],"status":"passed","title":"executes successfully, stores memory, and records history"},{"ancestorTitles":["ToolExecutionTracker"],"duration":2,"failureDetails":[],"failureMessages":[],"fullName":"ToolExecutionTracker records failure, stores error memory, and rethrows","invocations":1,"location":null,"numPassingAsserts":6,"retryReasons":[],"status":"passed","title":"records failure, stores error memory, and rethrows"},{"ancestorTitles":["ToolExecutionTracker"],"duration":0,"failureDetails":[],"failureMessages":[],"fullName":"ToolExecutionTracker retrieves execution by id and fetches its memory","invocations":1,"location":null,"numPassingAsserts":2,"retryReasons":[],"status":"passed","title":"retrieves execution by id and fetches its memory"},{"ancestorTitles":["ToolExecutionTracker"],"duration":1,"failureDetails":[],"failureMessages":[],"fullName":"ToolExecutionTracker returns null memory when execution or memoryId is missing","invocations":1,"location":null,"numPassingAsserts":1,"retryReasons":[],"status":"passed","title":"returns null memory when execution or memoryId is missing"},{"ancestorTitles":["ToolExecutionTracker"],"duration":0,"failureDetails":[],"failureMessages":[],"fullName":"ToolExecutionTracker queries relevant memories via memory manager","invocations":1,"location":null,"numPassingAsserts":2,"retryReasons":[],"status":"passed","title":"queries relevant memories via memory manager"},{"ancestorTitles":["ToolExecutionTracker"],"duration":0,"failureDetails":[],"failureMessages":[],"fullName":"ToolExecutionTracker cleans up old executions and aggregates memory cleanup count","invocations":1,"location":null,"numPassingAsserts":2,"retryReasons":[],"status":"passed","title":"cleans up old executions and aggregates memory cleanup count"}],"endTime":1757683567207,"message":"","name":"/Users/kevinbrown/MCP-ocs/tests/unit/tools/tool-execution-tracker.test.ts","startTime":1757683567195,"status":"passed","summary":""},{"assertionResults":[{"ancestorTitles":["evidence-anchors"],"duration":0,"failureDetails":[],"failureMessages":[],"fullName":"evidence-anchors collects available anchors and always includes metrics artifact","invocations":1,"location":null,"numPassingAsserts":4,"retryReasons":[],"status":"passed","title":"collects available anchors and always includes metrics artifact"},{"ancestorTitles":["evidence-anchors"],"duration":0,"failureDetails":[],"failureMessages":[],"fullName":"evidence-anchors gracefully handles missing files","invocations":1,"location":null,"numPassingAsserts":1,"retryReasons":[],"status":"passed","title":"gracefully handles missing files"}],"endTime":1757683567217,"message":"","name":"/Users/kevinbrown/MCP-ocs/tests/unit/tools/evidence-anchors.test.ts","startTime":1757683567208,"status":"passed","summary":""},{"assertionResults":[{"ancestorTitles":["oc_read_logs via gateway"],"duration":1,"failureDetails":[],"failureMessages":[],"fullName":"oc_read_logs via gateway returns logs payload and persists via gateway","invocations":1,"location":null,"numPassingAsserts":6,"retryReasons":[],"status":"passed","title":"returns logs payload and persists via gateway"}],"endTime":1757683567227,"message":"","name":"/Users/kevinbrown/MCP-ocs/tests/unit/tools/read-ops-logs.spec.ts","startTime":1757683567218,"status":"passed","summary":""},{"assertionResults":[{"ancestorTitles":["oc_read_get_pods via gateway"],"duration":0,"failureDetails":[],"failureMessages":[],"fullName":"oc_read_get_pods via gateway returns pod summary and persists via gateway","invocations":1,"location":null,"numPassingAsserts":5,"retryReasons":[],"status":"passed","title":"returns pod summary and persists via gateway"}],"endTime":1757683567238,"message":"","name":"/Users/kevinbrown/MCP-ocs/tests/unit/tools/read-ops-get-pods.spec.ts","startTime":1757683567228,"status":"passed","summary":""},{"assertionResults":[{"ancestorTitles":["memory_search_incidents tool via gateway"],"duration":0,"failureDetails":[],"failureMessages":[],"fullName":"memory_search_incidents tool via gateway returns results with limit and computed relevance","invocations":1,"location":null,"numPassingAsserts":5,"retryReasons":[],"status":"passed","title":"returns results with limit and computed relevance"},{"ancestorTitles":["memory_search_incidents tool via gateway"],"duration":1,"failureDetails":[],"failureMessages":[],"fullName":"memory_search_incidents tool via gateway applies domainFilter by passing it to gateway","invocations":1,"location":null,"numPassingAsserts":2,"retryReasons":[],"status":"passed","title":"applies domainFilter by passing it to gateway"}],"endTime":1757683567248,"message":"","name":"/Users/kevinbrown/MCP-ocs/tests/unit/tools/memory-search-incidents.spec.ts","startTime":1757683567239,"status":"passed","summary":""},{"assertionResults":[{"ancestorTitles":["Configuration Schema","Environment Validation"],"duration":0,"failureDetails":[],"failureMessages":[],"fullName":"Configuration Schema Environment Validation should validate environment values correctly","invocations":1,"location":null,"numPassingAsserts":1,"retryReasons":[],"status":"passed","title":"should validate environment values correctly"},{"ancestorTitles":["Configuration Schema","Environment Validation"],"duration":0,"failureDetails":[],"failureMessages":[],"fullName":"Configuration Schema Environment Validation should reject clearly invalid environment values","invocations":1,"location":null,"numPassingAsserts":2,"retryReasons":[],"status":"passed","title":"should reject clearly invalid environment values"},{"ancestorTitles":["Configuration Schema","Log Level Validation"],"duration":0,"failureDetails":[],"failureMessages":[],"fullName":"Configuration Schema Log Level Validation should validate log levels","invocations":1,"location":null,"numPassingAsserts":4,"retryReasons":[],"status":"passed","title":"should validate log levels"},{"ancestorTitles":["Configuration Schema","Log Level Validation"],"duration":0,"failureDetails":[],"failureMessages":[],"fullName":"Configuration Schema Log Level Validation should reject invalid log levels","invocations":1,"location":null,"numPassingAsserts":2,"retryReasons":[],"status":"passed","title":"should reject invalid log levels"},{"ancestorTitles":["Configuration Schema","Tool Mode Validation"],"duration":0,"failureDetails":[],"failureMessages":[],"fullName":"Configuration Schema Tool Mode Validation should validate tool modes correctly","invocations":1,"location":null,"numPassingAsserts":1,"retryReasons":[],"status":"passed","title":"should validate tool modes correctly"},{"ancestorTitles":["Configuration Schema","Tool Mode Validation"],"duration":0,"failureDetails":[],"failureMessages":[],"fullName":"Configuration Schema Tool Mode Validation should reject invalid tool modes","invocations":1,"location":null,"numPassingAsserts":2,"retryReasons":[],"status":"passed","title":"should reject invalid tool modes"},{"ancestorTitles":["Configuration Schema","Schema Constants"],"duration":1,"failureDetails":[],"failureMessages":[],"fullName":"Configuration Schema Schema Constants should have defined schema constants","invocations":1,"location":null,"numPassingAsserts":2,"retryReasons":[],"status":"passed","title":"should have defined schema constants"}],"endTime":1757683567260,"message":"","name":"/Users/kevinbrown/MCP-ocs/tests/unit/config/schema.test.ts","startTime":1757683567249,"status":"passed","summary":""},{"assertionResults":[{"ancestorTitles":["oc_diagnostic_namespace_health via gateway"],"duration":1,"failureDetails":[],"failureMessages":[],"fullName":"oc_diagnostic_namespace_health via gateway runs v2 handler and persists via gateway","invocations":1,"location":null,"numPassingAsserts":2,"retryReasons":[],"status":"passed","title":"runs v2 handler and persists via gateway"}],"endTime":1757683567271,"message":"","name":"/Users/kevinbrown/MCP-ocs/tests/unit/tools/diagnostic-namespace-health.spec.ts","startTime":1757683567261,"status":"passed","summary":""},{"assertionResults":[{"ancestorTitles":["InfrastructureCorrelationChecker helpers"],"duration":0,"failureDetails":[],"failureMessages":[],"fullName":"InfrastructureCorrelationChecker helpers extracts zones from MachineSet and Node correctly","invocations":1,"location":null,"numPassingAsserts":6,"retryReasons":[],"status":"passed","title":"extracts zones from MachineSet and Node correctly"},{"ancestorTitles":["InfrastructureCorrelationChecker helpers"],"duration":0,"failureDetails":[],"failureMessages":[],"fullName":"InfrastructureCorrelationChecker helpers extracts required zone from PV nodeAffinity","invocations":1,"location":null,"numPassingAsserts":2,"retryReasons":[],"status":"passed","title":"extracts required zone from PV nodeAffinity"},{"ancestorTitles":["InfrastructureCorrelationChecker helpers"],"duration":1,"failureDetails":[],"failureMessages":[],"fullName":"InfrastructureCorrelationChecker helpers detects storage-zone conflicts when PV requires an unavailable zone","invocations":1,"location":null,"numPassingAsserts":4,"retryReasons":[],"status":"passed","title":"detects storage-zone conflicts when PV requires an unavailable zone"},{"ancestorTitles":["createInfrastructureCorrelationTools wrappers"],"duration":0,"failureDetails":[],"failureMessages":[],"fullName":"createInfrastructureCorrelationTools wrappers returns success envelope on happy path","invocations":1,"location":null,"numPassingAsserts":4,"retryReasons":[],"status":"passed","title":"returns success envelope on happy path"},{"ancestorTitles":["createInfrastructureCorrelationTools wrappers"],"duration":0,"failureDetails":[],"failureMessages":[],"fullName":"createInfrastructureCorrelationTools wrappers returns error envelope on failure","invocations":1,"location":null,"numPassingAsserts":2,"retryReasons":[],"status":"passed","title":"returns error envelope on failure"}],"endTime":1757683567284,"message":"","name":"/Users/kevinbrown/MCP-ocs/tests/unit/v2/infrastructure-correlation.test.ts","startTime":1757683567272,"status":"passed","summary":""},{"assertionResults":[{"ancestorTitles":["StructuredLogger","Basic Logging"],"duration":1,"failureDetails":[],"failureMessages":[],"fullName":"StructuredLogger Basic Logging should log debug messages when level allows","invocations":1,"location":null,"numPassingAsserts":1,"retryReasons":[],"status":"passed","title":"should log debug messages when level allows"},{"ancestorTitles":["StructuredLogger","Basic Logging"],"duration":0,"failureDetails":[],"failureMessages":[],"fullName":"StructuredLogger Basic Logging should log info messages","invocations":1,"location":null,"numPassingAsserts":1,"retryReasons":[],"status":"passed","title":"should log info messages"},{"ancestorTitles":["StructuredLogger","Basic Logging"],"duration":0,"failureDetails":[],"failureMessages":[],"fullName":"StructuredLogger Basic Logging should log warning messages","invocations":1,"location":null,"numPassingAsserts":1,"retryReasons":[],"status":"passed","title":"should log warning messages"},{"ancestorTitles":["StructuredLogger","Basic Logging"],"duration":0,"failureDetails":[],"failureMessages":[],"fullName":"StructuredLogger Basic Logging should log error messages","invocations":1,"location":null,"numPassingAsserts":1,"retryReasons":[],"status":"passed","title":"should log error messages"},{"ancestorTitles":["StructuredLogger","Context Handling"],"duration":0,"failureDetails":[],"failureMessages":[],"fullName":"StructuredLogger Context Handling should include basic context in log output","invocations":1,"location":null,"numPassingAsserts":2,"retryReasons":[],"status":"passed","title":"should include basic context in log output"},{"ancestorTitles":["StructuredLogger","Error Handling"],"duration":2,"failureDetails":[],"failureMessages":[],"fullName":"StructuredLogger Error Handling should handle Error objects properly","invocations":1,"location":null,"numPassingAsserts":3,"retryReasons":[],"status":"passed","title":"should handle Error objects properly"},{"ancestorTitles":["StructuredLogger","Specialized Logging Methods"],"duration":0,"failureDetails":[],"failureMessages":[],"fullName":"StructuredLogger Specialized Logging Methods should log tool execution with correct method","invocations":1,"location":null,"numPassingAsserts":5,"retryReasons":[],"status":"passed","title":"should log tool execution with correct method"},{"ancestorTitles":["StructuredLogger","Specialized Logging Methods"],"duration":0,"failureDetails":[],"failureMessages":[],"fullName":"StructuredLogger Specialized Logging Methods should log memory operations with correct method","invocations":1,"location":null,"numPassingAsserts":2,"retryReasons":[],"status":"passed","title":"should log memory operations with correct method"},{"ancestorTitles":["withTiming utility"],"duration":0,"failureDetails":[],"failureMessages":[],"fullName":"withTiming utility should time operations","invocations":1,"location":null,"numPassingAsserts":1,"retryReasons":[],"status":"passed","title":"should time operations"}],"endTime":1757683567297,"message":"","name":"/Users/kevinbrown/MCP-ocs/tests/unit/logging/structured-logger.test.ts","startTime":1757683567285,"status":"passed","summary":""},{"assertionResults":[{"ancestorTitles":["PVCBindingRCAEngine"],"duration":1,"failureDetails":[],"failureMessages":[],"fullName":"PVCBindingRCAEngine should detect WaitForFirstConsumer issues with high confidence","invocations":1,"location":null,"numPassingAsserts":3,"retryReasons":[],"status":"passed","title":"should detect WaitForFirstConsumer issues with high confidence"},{"ancestorTitles":["PVCBindingRCAEngine"],"duration":0,"failureDetails":[],"failureMessages":[],"fullName":"PVCBindingRCAEngine should generate correct resolution commands for student03 scenario","invocations":1,"location":null,"numPassingAsserts":3,"retryReasons":[],"status":"passed","title":"should generate correct resolution commands for student03 scenario"},{"ancestorTitles":["PVCBindingRCAEngine"],"duration":0,"failureDetails":[],"failureMessages":[],"fullName":"PVCBindingRCAEngine should analyze evidence and weight correctly","invocations":1,"location":null,"numPassingAsserts":7,"retryReasons":[],"status":"passed","title":"should analyze evidence and weight correctly"},{"ancestorTitles":["PVCBindingRCAEngine"],"duration":0,"failureDetails":[],"failureMessages":[],"fullName":"PVCBindingRCAEngine should integrate through StorageIntelligenceTools execute()","invocations":1,"location":null,"numPassingAsserts":1,"retryReasons":[],"status":"passed","title":"should integrate through StorageIntelligenceTools execute()"}],"endTime":1757683567308,"message":"","name":"/Users/kevinbrown/MCP-ocs/tests/unit/tools/pvc-binding-rca.test.ts","startTime":1757683567298,"status":"passed","summary":""},{"assertionResults":[{"ancestorTitles":["NamespaceStorageAnalyticsEngine"],"duration":1,"failureDetails":[],"failureMessages":[],"fullName":"NamespaceStorageAnalyticsEngine should analyze single namespace storage metrics","invocations":1,"location":null,"numPassingAsserts":3,"retryReasons":[],"status":"passed","title":"should analyze single namespace storage metrics"},{"ancestorTitles":["NamespaceStorageAnalyticsEngine"],"duration":0,"failureDetails":[],"failureMessages":[],"fullName":"NamespaceStorageAnalyticsEngine should perform cluster-wide analysis","invocations":1,"location":null,"numPassingAsserts":3,"retryReasons":[],"status":"passed","title":"should perform cluster-wide analysis"},{"ancestorTitles":["NamespaceStorageAnalyticsEngine"],"duration":0,"failureDetails":[],"failureMessages":[],"fullName":"NamespaceStorageAnalyticsEngine should generate cost optimization recommendations","invocations":1,"location":null,"numPassingAsserts":3,"retryReasons":[],"status":"passed","title":"should generate cost optimization recommendations"}],"endTime":1757683567318,"message":"","name":"/Users/kevinbrown/MCP-ocs/tests/unit/tools/namespace-storage-analysis.test.ts","startTime":1757683567309,"status":"passed","summary":""},{"assertionResults":[{"ancestorTitles":["Basic Test Setup"],"duration":0,"failureDetails":[],"failureMessages":[],"fullName":"Basic Test Setup should have working Jest environment","invocations":1,"location":null,"numPassingAsserts":1,"retryReasons":[],"status":"passed","title":"should have working Jest environment"},{"ancestorTitles":["Basic Test Setup"],"duration":1,"failureDetails":[],"failureMessages":[],"fullName":"Basic Test Setup should have test utilities available","invocations":1,"location":null,"numPassingAsserts":2,"retryReasons":[],"status":"passed","title":"should have test utilities available"},{"ancestorTitles":["Basic Test Setup"],"duration":0,"failureDetails":[],"failureMessages":[],"fullName":"Basic Test Setup should create test configuration","invocations":1,"location":null,"numPassingAsserts":2,"retryReasons":[],"status":"passed","title":"should create test configuration"},{"ancestorTitles":["Basic Test Setup"],"duration":0,"failureDetails":[],"failureMessages":[],"fullName":"Basic Test Setup should mock OpenShift responses","invocations":1,"location":null,"numPassingAsserts":2,"retryReasons":[],"status":"passed","title":"should mock OpenShift responses"}],"endTime":1757683567329,"message":"","name":"/Users/kevinbrown/MCP-ocs/tests/unit/basic.test.ts","startTime":1757683567320,"status":"passed","summary":""},{"assertionResults":[{"ancestorTitles":["Environment Check"],"duration":0,"failureDetails":[],"failureMessages":[],"fullName":"Environment Check should have Node.js environment","invocations":1,"location":null,"numPassingAsserts":1,"retryReasons":[],"status":"passed","title":"should have Node.js environment"},{"ancestorTitles":["Environment Check"],"duration":0,"failureDetails":[],"failureMessages":[],"fullName":"Environment Check should be able to create basic objects","invocations":1,"location":null,"numPassingAsserts":2,"retryReasons":[],"status":"passed","title":"should be able to create basic objects"},{"ancestorTitles":["Environment Check"],"duration":0,"failureDetails":[],"failureMessages":[],"fullName":"Environment Check should handle async operations","invocations":1,"location":null,"numPassingAsserts":1,"retryReasons":[],"status":"passed","title":"should handle async operations"}],"endTime":1757683567338,"message":"","name":"/Users/kevinbrown/MCP-ocs/tests/unit/environment.test.ts","startTime":1757683567330,"status":"passed","summary":""},{"assertionResults":[{"ancestorTitles":["StateMgmtTools"],"duration":1,"failureDetails":[],"failureMessages":[],"fullName":"StateMgmtTools memory_store_operational stores incident and returns success JSON","invocations":1,"location":null,"numPassingAsserts":2,"retryReasons":[],"status":"passed","title":"memory_store_operational stores incident and returns success JSON"},{"ancestorTitles":["StateMgmtTools"],"duration":0,"failureDetails":[],"failureMessages":[],"fullName":"StateMgmtTools memory_search_operational returns results JSON","invocations":1,"location":null,"numPassingAsserts":1,"retryReasons":[],"status":"passed","title":"memory_search_operational returns results JSON"},{"ancestorTitles":["StateMgmtTools"],"duration":0,"failureDetails":[],"failureMessages":[],"fullName":"StateMgmtTools core_workflow_state returns a stub state JSON","invocations":1,"location":null,"numPassingAsserts":2,"retryReasons":[],"status":"passed","title":"core_workflow_state returns a stub state JSON"},{"ancestorTitles":["StateMgmtTools"],"duration":0,"failureDetails":[],"failureMessages":[],"fullName":"StateMgmtTools memory_get_stats returns stats JSON with optional details","invocations":1,"location":null,"numPassingAsserts":2,"retryReasons":[],"status":"passed","title":"memory_get_stats returns stats JSON with optional details"},{"ancestorTitles":["StateMgmtTools"],"duration":0,"failureDetails":[],"failureMessages":[],"fullName":"StateMgmtTools memory_search_conversations returns results JSON","invocations":1,"location":null,"numPassingAsserts":1,"retryReasons":[],"status":"passed","title":"memory_search_conversations returns results JSON"}],"endTime":1757683567349,"message":"","name":"/Users/kevinbrown/MCP-ocs/tests/unit/tools/state-mgmt-tools.test.ts","startTime":1757683567340,"status":"passed","summary":""},{"assertionResults":[],"coverage":{},"endTime":1757683568886,"message":"  ● Test suite failed to run\n\n    \u001b[96mtests/unit/tools/storage-intelligence-types.test.ts\u001b[0m:\u001b[93m19\u001b[0m:\u001b[93m15\u001b[0m - \u001b[91merror\u001b[0m\u001b[90m TS2353: \u001b[0mObject literal may only specify known properties, and 'reason' does not exist in type '{ phase: string; capacity?: string; accessModes?: string[]; name?: string; } | { items: Record<string, unknown>[]; warningCount?: number; } | { name: string; provisioner?: string; parameters?: Record<string, unknown>; bindingMode?: string; } | ... 4 more ... | { ...; }'.\n\n    \u001b[7m19\u001b[0m       data: { reason: 'WaitForFirstConsumer' },\n    \u001b[7m  \u001b[0m \u001b[91m              ~~~~~~\u001b[0m\n\n      \u001b[96msrc/tools/storage-intelligence/types.ts\u001b[0m:\u001b[93m31\u001b[0m:\u001b[93m3\u001b[0m\n        \u001b[7m31\u001b[0m   data: {\n        \u001b[7m  \u001b[0m \u001b[96m  ~~~~\u001b[0m\n        The expected type comes from property 'data' which is declared here on type 'Evidence'\n    \u001b[96mtests/unit/tools/storage-intelligence-types.test.ts\u001b[0m:\u001b[93m37\u001b[0m:\u001b[93m12\u001b[0m - \u001b[91merror\u001b[0m\u001b[90m TS2532: \u001b[0mObject is possibly 'undefined'.\n\n    \u001b[7m37\u001b[0m     expect(failure.evidence[0].weight).toBeGreaterThan(0);\n    \u001b[7m  \u001b[0m \u001b[91m           ~~~~~~~~~~~~~~~~~~~\u001b[0m\n    \u001b[96mtests/unit/tools/storage-intelligence-types.test.ts\u001b[0m:\u001b[93m38\u001b[0m:\u001b[93m12\u001b[0m - \u001b[91merror\u001b[0m\u001b[90m TS2532: \u001b[0mObject is possibly 'undefined'.\n\n    \u001b[7m38\u001b[0m     expect(failure.evidence[0].weight).toBeLessThanOrEqual(1);\n    \u001b[7m  \u001b[0m \u001b[91m           ~~~~~~~~~~~~~~~~~~~\u001b[0m\n    \u001b[96mtests/unit/tools/storage-intelligence-types.test.ts\u001b[0m:\u001b[93m52\u001b[0m:\u001b[93m11\u001b[0m - \u001b[91merror\u001b[0m\u001b[90m TS2322: \u001b[0mType '{ type: \"events\"; data: {}; reasoning: string; weight: number; }' is not assignable to type 'Evidence'.\n      Types of property 'data' are incompatible.\n        Property 'items' is missing in type '{}' but required in type '{ items: Record<string, unknown>[]; warningCount?: number; }'.\n\n    \u001b[7m52\u001b[0m           { type: 'events', data: {}, reasoning: 'WFFC detected', weight: 0.9 }\n    \u001b[7m  \u001b[0m \u001b[91m          ~~~~~~~~~~~~~~~~~~~~~~~~~~~~~~~~~~~~~~~~~~~~~~~~~~~~~~~~~~~~~~~~~~~~~\u001b[0m\n\n      \u001b[96msrc/tools/storage-intelligence/types.ts\u001b[0m:\u001b[93m44\u001b[0m:\u001b[93m5\u001b[0m\n        \u001b[7m44\u001b[0m     items: Array<Record<string, unknown>>;\n        \u001b[7m  \u001b[0m \u001b[96m    ~~~~~\u001b[0m\n        'items' is declared here.\n    \u001b[96mtests/unit/tools/storage-intelligence-types.test.ts\u001b[0m:\u001b[93m66\u001b[0m:\u001b[93m12\u001b[0m - \u001b[91merror\u001b[0m\u001b[90m TS2532: \u001b[0mObject is possibly 'undefined'.\n\n    \u001b[7m66\u001b[0m     expect(data.resolutionSteps?.[0].risk).toBe('safe');\n    \u001b[7m  \u001b[0m \u001b[91m           ~~~~~~~~~~~~~~~~~~~~~~~~~\u001b[0m\n    \u001b[96mtests/unit/tools/storage-intelligence-types.test.ts\u001b[0m:\u001b[93m140\u001b[0m:\u001b[93m12\u001b[0m - \u001b[91merror\u001b[0m\u001b[90m TS2532: \u001b[0mObject is possibly 'undefined'.\n\n    \u001b[7m140\u001b[0m     expect(nsReport.namespaceAnalytics[0].namespace).toBe('student01');\n    \u001b[7m   \u001b[0m \u001b[91m           ~~~~~~~~~~~~~~~~~~~~~~~~~~~~~~\u001b[0m\n    \u001b[96mtests/unit/tools/storage-intelligence-types.test.ts\u001b[0m:\u001b[93m143\u001b[0m:\u001b[93m12\u001b[0m - \u001b[91merror\u001b[0m\u001b[90m TS2532: \u001b[0mObject is possibly 'undefined'.\n\n    \u001b[7m143\u001b[0m     expect(nsReport.recommendations[0].priority).toBe('high');\n    \u001b[7m   \u001b[0m \u001b[91m           ~~~~~~~~~~~~~~~~~~~~~~~~~~~\u001b[0m\n","name":"/Users/kevinbrown/MCP-ocs/tests/unit/tools/storage-intelligence-types.test.ts","startTime":1757683568886,"status":"failed","summary":""},{"assertionResults":[],"coverage":{},"endTime":1757683568886,"message":"  ● Test suite failed to run\n\n    Configuration error:\n\n    Could not locate module @/lib/tools/sequential-thinking-with-memory.js mapped as:\n    /Users/kevinbrown/MCP-ocs/dist/src/lib/tools/$1.js.\n\n    Please check your configuration for these entries:\n    {\n      \"moduleNameMapper\": {\n        \"/^@\\/lib\\/tools\\/(.*)$/\": \"/Users/kevinbrown/MCP-ocs/dist/src/lib/tools/$1.js\"\n      },\n      \"resolver\": undefined\n    }\n\n    > 1 | import { EnhancedSequentialThinkingOrchestrator } from '@/lib/tools/sequential-thinking-with-memory.js';\n        | ^\n      2 | import { UnifiedToolRegistry } from '@/lib/tools/tool-registry.js';\n      3 |\n      4 | describe('EnhancedSequentialThinkingOrchestrator - basic', () => {\n\n      at createNoMappedModuleFoundError (node_modules/jest-resolve/build/resolver.js:759:17)\n      at Object.<anonymous> (tests/unit/tools/sequential-thinking.spec.ts:1:1)\n","name":"/Users/kevinbrown/MCP-ocs/tests/unit/tools/sequential-thinking.spec.ts","startTime":1757683568886,"status":"failed","summary":""},{"assertionResults":[{"ancestorTitles":["ReadOpsTools"],"duration":3,"failureDetails":[],"failureMessages":[],"fullName":"ReadOpsTools oc_read_get_pods returns pod summary JSON","invocations":1,"location":null,"numPassingAsserts":3,"retryReasons":[],"status":"passed","title":"oc_read_get_pods returns pod summary JSON"},{"ancestorTitles":["ReadOpsTools"],"duration":1,"failureDetails":[],"failureMessages":[],"fullName":"ReadOpsTools oc_read_describe returns description JSON","invocations":1,"location":null,"numPassingAsserts":2,"retryReasons":[],"status":"passed","title":"oc_read_describe returns description JSON"},{"ancestorTitles":["ReadOpsTools"],"duration":0,"failureDetails":[],"failureMessages":[],"fullName":"ReadOpsTools oc_read_describe error JSON when method absent","invocations":1,"location":null,"numPassingAsserts":2,"retryReasons":[],"status":"passed","title":"oc_read_describe error JSON when method absent"},{"ancestorTitles":["ReadOpsTools"],"duration":1,"failureDetails":[],"failureMessages":[],"fullName":"ReadOpsTools oc_read_logs returns log metadata JSON","invocations":1,"location":null,"numPassingAsserts":3,"retryReasons":[],"status":"passed","title":"oc_read_logs returns log metadata JSON"},{"ancestorTitles":["ReadOpsTools"],"duration":0,"failureDetails":[],"failureMessages":[],"fullName":"ReadOpsTools memory_search_incidents returns results JSON","invocations":1,"location":null,"numPassingAsserts":2,"retryReasons":[],"status":"passed","title":"memory_search_incidents returns results JSON"}],"endTime":1757683567791,"message":"","name":"/Users/kevinbrown/MCP-ocs/tests/unit/tools/read-ops-tools.test.ts","startTime":1757683567775,"status":"passed","summary":""},{"assertionResults":[{"ancestorTitles":["oc_triage Phase B"],"duration":16,"failureDetails":[],"failureMessages":[],"fullName":"oc_triage Phase B rejects invalid intent","invocations":1,"location":null,"numPassingAsserts":1,"retryReasons":[],"status":"passed","title":"rejects invalid intent"},{"ancestorTitles":["oc_triage Phase B"],"duration":1,"failureDetails":[],"failureMessages":[],"fullName":"oc_triage Phase B maps intent to correct template id","invocations":1,"location":null,"numPassingAsserts":2,"retryReasons":[],"status":"passed","title":"maps intent to correct template id"},{"ancestorTitles":["oc_triage Phase B"],"duration":0,"failureDetails":[],"failureMessages":[],"fullName":"oc_triage Phase B builds TriageEnvelope with evidence completeness fields","invocations":1,"location":null,"numPassingAsserts":4,"retryReasons":[],"status":"passed","title":"builds TriageEnvelope with evidence completeness fields"}],"endTime":1757683567828,"message":"","name":"/Users/kevinbrown/MCP-ocs/tests/unit/tools/oc-triage.test.ts","startTime":1757683567791,"status":"passed","summary":""},{"assertionResults":[{"ancestorTitles":["DiagnosticToolsV2"],"duration":1,"failureDetails":[],"failureMessages":[],"fullName":"DiagnosticToolsV2 oc_diagnostic_cluster_health returns formatted JSON","invocations":1,"location":null,"numPassingAsserts":1,"retryReasons":[],"status":"passed","title":"oc_diagnostic_cluster_health returns formatted JSON"},{"ancestorTitles":["DiagnosticToolsV2"],"duration":1,"failureDetails":[],"failureMessages":[],"fullName":"DiagnosticToolsV2 oc_diagnostic_namespace_health delegates to v2 handler and returns JSON","invocations":1,"location":null,"numPassingAsserts":2,"retryReasons":[],"status":"passed","title":"oc_diagnostic_namespace_health delegates to v2 handler and returns JSON"},{"ancestorTitles":["DiagnosticToolsV2"],"duration":0,"failureDetails":[],"failureMessages":[],"fullName":"DiagnosticToolsV2 oc_diagnostic_pod_health returns pod health JSON","invocations":1,"location":null,"numPassingAsserts":1,"retryReasons":[],"status":"passed","title":"oc_diagnostic_pod_health returns pod health JSON"},{"ancestorTitles":["DiagnosticToolsV2"],"duration":1,"failureDetails":[],"failureMessages":[],"fullName":"DiagnosticToolsV2 oc_diagnostic_rca_checklist returns RCA report envelope","invocations":1,"location":null,"numPassingAsserts":2,"retryReasons":[],"status":"passed","title":"oc_diagnostic_rca_checklist returns RCA report envelope"}],"endTime":1757683567843,"message":"","name":"/Users/kevinbrown/MCP-ocs/tests/unit/tools/diagnostic-tools.test.ts","startTime":1757683567829,"status":"passed","summary":""},{"assertionResults":[],"coverage":{},"endTime":1757683568886,"message":"  ● Test suite failed to run\n\n    \u001b[96mtests/unit/tools/knowledge-seeding-tools.test.ts\u001b[0m:\u001b[93m56\u001b[0m:\u001b[93m23\u001b[0m - \u001b[91merror\u001b[0m\u001b[90m TS18048: \u001b[0m't' is possibly 'undefined'.\n\n    \u001b[7m56\u001b[0m     const out = await t.execute({ title: 'X', content: 'Y', operation: 'seed' });\n    \u001b[7m  \u001b[0m \u001b[91m                      ~\u001b[0m\n","name":"/Users/kevinbrown/MCP-ocs/tests/unit/tools/knowledge-seeding-tools.test.ts","startTime":1757683568886,"status":"failed","summary":""},{"assertionResults":[{"ancestorTitles":["Boundary safety - oc_triage read-only"],"duration":1,"failureDetails":[],"failureMessages":[],"fullName":"Boundary safety - oc_triage read-only uses only read operations and no mutation verbs","invocations":1,"location":null,"numPassingAsserts":1,"retryReasons":[],"status":"passed","title":"uses only read operations and no mutation verbs"}],"endTime":1757683567897,"message":"","name":"/Users/kevinbrown/MCP-ocs/tests/unit/safety/oc-triage-boundary.test.ts","startTime":1757683567883,"status":"passed","summary":""},{"assertionResults":[{"ancestorTitles":["Tool output schemas (AJV validation with mocks)"],"duration":2,"failureDetails":[],"failureMessages":[],"fullName":"Tool output schemas (AJV validation with mocks) namespace health (diagnostic) matches schema","invocations":1,"location":null,"numPassingAsserts":1,"retryReasons":[],"status":"passed","title":"namespace health (diagnostic) matches schema"},{"ancestorTitles":["Tool output schemas (AJV validation with mocks)"],"duration":0,"failureDetails":[],"failureMessages":[],"fullName":"Tool output schemas (AJV validation with mocks) pod health (diagnostic) matches schema","invocations":1,"location":null,"numPassingAsserts":1,"retryReasons":[],"status":"passed","title":"pod health (diagnostic) matches schema"},{"ancestorTitles":["Tool output schemas (AJV validation with mocks)"],"duration":2,"failureDetails":[],"failureMessages":[],"fullName":"Tool output schemas (AJV validation with mocks) read ops: get_pods/describe/logs match schemas","invocations":1,"location":null,"numPassingAsserts":3,"retryReasons":[],"status":"passed","title":"read ops: get_pods/describe/logs match schemas"},{"ancestorTitles":["Tool output schemas (AJV validation with mocks)"],"duration":23,"failureDetails":[],"failureMessages":[],"fullName":"Tool output schemas (AJV validation with mocks) state/memory operations match schemas","invocations":1,"location":null,"numPassingAsserts":5,"retryReasons":[],"status":"passed","title":"state/memory operations match schemas"}],"endTime":1757683567975,"message":"","name":"/Users/kevinbrown/MCP-ocs/tests/unit/schemas/tool-output-schemas.test.ts","startTime":1757683567898,"status":"passed","summary":""},{"assertionResults":[{"ancestorTitles":["Cluster health schema (AJV)"],"duration":3,"failureDetails":[],"failureMessages":[],"fullName":"Cluster health schema (AJV) matches schema with mock oc + fixtures","invocations":1,"location":null,"numPassingAsserts":1,"retryReasons":[],"status":"passed","title":"matches schema with mock oc + fixtures"}],"endTime":1757683568001,"message":"","name":"/Users/kevinbrown/MCP-ocs/tests/unit/schemas/cluster-health-schema.test.ts","startTime":1757683567976,"status":"passed","summary":""},{"assertionResults":[],"coverage":{},"endTime":1757683568886,"message":"  ● Test suite failed to run\n\n    \u001b[96mtests/unit/rubrics/rubric-evaluator.spec.ts\u001b[0m:\u001b[93m1\u001b[0m:\u001b[93m84\u001b[0m - \u001b[91merror\u001b[0m\u001b[90m TS5097: \u001b[0mAn import path can only end with a '.ts' extension when 'allowImportingTsExtensions' is enabled.\n\n    \u001b[7m1\u001b[0m import { evaluateWeighted, evaluateGuards, evaluateMapping, evaluateRubrics } from '../../../src/lib/rubrics/rubric-evaluator.ts';\n    \u001b[7m \u001b[0m \u001b[91m                                                                                   ~~~~~~~~~~~~~~~~~~~~~~~~~~~~~~~~~~~~~~~~~~~~~~\u001b[0m\n    \u001b[96mtests/unit/rubrics/rubric-evaluator.spec.ts\u001b[0m:\u001b[93m69\u001b[0m:\u001b[93m12\u001b[0m - \u001b[91merror\u001b[0m\u001b[90m TS18048: \u001b[0m'out.triage' is possibly 'undefined'.\n\n    \u001b[7m69\u001b[0m     expect(out.triage.label).toBe('P1');\n    \u001b[7m  \u001b[0m \u001b[91m           ~~~~~~~~~~\u001b[0m\n    \u001b[96mtests/unit/rubrics/rubric-evaluator.spec.ts\u001b[0m:\u001b[93m70\u001b[0m:\u001b[93m12\u001b[0m - \u001b[91merror\u001b[0m\u001b[90m TS18048: \u001b[0m'out.safety' is possibly 'undefined'.\n\n    \u001b[7m70\u001b[0m     expect(out.safety.allowAuto).toBe(false); // 0.9 >= 1 fails\n    \u001b[7m  \u001b[0m \u001b[91m           ~~~~~~~~~~\u001b[0m\n    \u001b[96mtests/unit/rubrics/rubric-evaluator.spec.ts\u001b[0m:\u001b[93m71\u001b[0m:\u001b[93m12\u001b[0m - \u001b[91merror\u001b[0m\u001b[90m TS18048: \u001b[0m'out.confidence' is possibly 'undefined'.\n\n    \u001b[7m71\u001b[0m     expect(out.confidence.label).toBe('High');\n    \u001b[7m  \u001b[0m \u001b[91m           ~~~~~~~~~~~~~~\u001b[0m\n","name":"/Users/kevinbrown/MCP-ocs/tests/unit/rubrics/rubric-evaluator.spec.ts","startTime":1757683568886,"status":"failed","summary":""},{"assertionResults":[{"ancestorTitles":["SharedMemoryManager (JSON mode)"],"duration":1,"failureDetails":[],"failureMessages":[],"fullName":"SharedMemoryManager (JSON mode) stores conversation and operational memory via JSON","invocations":1,"location":null,"numPassingAsserts":3,"retryReasons":[],"status":"passed","title":"stores conversation and operational memory via JSON"},{"ancestorTitles":["SharedMemoryManager (JSON mode)"],"duration":2,"failureDetails":[],"failureMessages":[],"fullName":"SharedMemoryManager (JSON mode) searches conversations and operational via JSON","invocations":1,"location":null,"numPassingAsserts":2,"retryReasons":[],"status":"passed","title":"searches conversations and operational via JSON"},{"ancestorTitles":["SharedMemoryManager (JSON mode)"],"duration":1,"failureDetails":[],"failureMessages":[],"fullName":"SharedMemoryManager (JSON mode) returns stats with chromaAvailable false and storageUsed string","invocations":1,"location":null,"numPassingAsserts":2,"retryReasons":[],"status":"passed","title":"returns stats with chromaAvailable false and storageUsed string"}],"endTime":1757683568052,"message":"","name":"/Users/kevinbrown/MCP-ocs/tests/unit/memory/shared-memory-json.test.ts","startTime":1757683568035,"status":"passed","summary":""},{"assertionResults":[],"coverage":{},"endTime":1757683568886,"message":"  ● Test suite failed to run\n\n    \u001b[96mtests/unit/memory/mcp-ocs-memory-adapter.spec.ts\u001b[0m:\u001b[93m136\u001b[0m:\u001b[93m12\u001b[0m - \u001b[91merror\u001b[0m\u001b[90m TS18048: \u001b[0m'call' is possibly 'undefined'.\n\n    \u001b[7m136\u001b[0m     expect(call[0]).toBe('pods');\n    \u001b[7m   \u001b[0m \u001b[91m           ~~~~\u001b[0m\n    \u001b[96mtests/unit/memory/mcp-ocs-memory-adapter.spec.ts\u001b[0m:\u001b[93m137\u001b[0m:\u001b[93m12\u001b[0m - \u001b[91merror\u001b[0m\u001b[90m TS18048: \u001b[0m'call' is possibly 'undefined'.\n\n    \u001b[7m137\u001b[0m     expect(call[1]).toBeUndefined();\n    \u001b[7m   \u001b[0m \u001b[91m           ~~~~\u001b[0m\n    \u001b[96mtests/unit/memory/mcp-ocs-memory-adapter.spec.ts\u001b[0m:\u001b[93m138\u001b[0m:\u001b[93m12\u001b[0m - \u001b[91merror\u001b[0m\u001b[90m TS18048: \u001b[0m'call' is possibly 'undefined'.\n\n    \u001b[7m138\u001b[0m     expect(call[2]).toBe(7);\n    \u001b[7m   \u001b[0m \u001b[91m           ~~~~\u001b[0m\n    \u001b[96mtests/unit/memory/mcp-ocs-memory-adapter.spec.ts\u001b[0m:\u001b[93m148\u001b[0m:\u001b[93m12\u001b[0m - \u001b[91merror\u001b[0m\u001b[90m TS18048: \u001b[0m'call' is possibly 'undefined'.\n\n    \u001b[7m148\u001b[0m     expect(call[0]).toBe('node crash');\n    \u001b[7m   \u001b[0m \u001b[91m           ~~~~\u001b[0m\n    \u001b[96mtests/unit/memory/mcp-ocs-memory-adapter.spec.ts\u001b[0m:\u001b[93m149\u001b[0m:\u001b[93m12\u001b[0m - \u001b[91merror\u001b[0m\u001b[90m TS18048: \u001b[0m'call' is possibly 'undefined'.\n\n    \u001b[7m149\u001b[0m     expect(call[1]).toBe('sess-123');\n    \u001b[7m   \u001b[0m \u001b[91m           ~~~~\u001b[0m\n    \u001b[96mtests/unit/memory/mcp-ocs-memory-adapter.spec.ts\u001b[0m:\u001b[93m150\u001b[0m:\u001b[93m12\u001b[0m - \u001b[91merror\u001b[0m\u001b[90m TS18048: \u001b[0m'call' is possibly 'undefined'.\n\n    \u001b[7m150\u001b[0m     expect(call[2]).toBe(10);\n    \u001b[7m   \u001b[0m \u001b[91m           ~~~~\u001b[0m\n","name":"/Users/kevinbrown/MCP-ocs/tests/unit/memory/mcp-ocs-memory-adapter.spec.ts","startTime":1757683568886,"status":"failed","summary":""},{"assertionResults":[{"ancestorTitles":["Adapter Usage Example (mocked)"],"duration":2,"failureDetails":[{"matcherResult":{"message":"expect(jest.fn()).toHaveBeenCalled()\n\nExpected number of calls: >= 1\nReceived number of calls:    0","pass":false}}],"failureMessages":["Error: expect(jest.fn()).toHaveBeenCalled()\n\nExpected number of calls: >= 1\nReceived number of calls:    0\n    at Object.<anonymous> (/Users/kevinbrown/MCP-ocs/tests/unit/memory/adapter-usage-example.spec.ts:21:28)"],"fullName":"Adapter Usage Example (mocked) runs demo without errors and triggers expected calls","invocations":1,"location":null,"numPassingAsserts":1,"retryReasons":[],"status":"failed","title":"runs demo without errors and triggers expected calls"}],"endTime":1757683568113,"message":"  ● Adapter Usage Example (mocked) › runs demo without errors and triggers expected calls\n\n    expect(jest.fn()).toHaveBeenCalled()\n\n    Expected number of calls: >= 1\n    Received number of calls:    0\n\n      19 |\n      20 |     await expect(runAdapterDemo()).resolves.toBeUndefined();\n    > 21 |     expect(initializeMock).toHaveBeenCalled();\n         |                            ^\n      22 |     expect(storeConversationMock).toHaveBeenCalled();\n      23 |     expect(searchRelevantMemoriesMock).toHaveBeenCalled();\n      24 |   });\n\n      at Object.<anonymous> (tests/unit/memory/adapter-usage-example.spec.ts:21:28)\n","name":"/Users/kevinbrown/MCP-ocs/tests/unit/memory/adapter-usage-example.spec.ts","startTime":1757683568096,"status":"failed","summary":""},{"assertionResults":[],"coverage":{},"endTime":1757683568886,"message":"  ● Test suite failed to run\n\n    Cannot find module './mcp-ocs-memory-adapter.js' from 'src/lib/memory/adapter-entry.ts'\n\n    Require stack:\n      src/lib/memory/adapter-entry.ts\n      tests/unit/memory/adapter-entry.spec.ts\n\n    > 1 | import { MCPOcsMemoryAdapter } from './mcp-ocs-memory-adapter.js';\n        | ^\n      2 |\n      3 | /**\n      4 |  * Convenience helper to create and initialize the OCS memory adapter.\n\n      at Resolver._throwModNotFoundError (node_modules/jest-resolve/build/resolver.js:427:11)\n      at Object.<anonymous> (src/lib/memory/adapter-entry.ts:1:1)\n      at Object.<anonymous> (tests/unit/memory/adapter-entry.spec.ts:2:1)\n","name":"/Users/kevinbrown/MCP-ocs/tests/unit/memory/adapter-entry.spec.ts","startTime":1757683568886,"status":"failed","summary":""},{"assertionResults":[],"coverage":{},"endTime":1757683568886,"message":"  ● Test suite failed to run\n\n    Jest encountered an unexpected token\n\n    Jest failed to parse a file. This happens e.g. when your code or its dependencies use non-standard JavaScript syntax, or when Jest is not configured to support such syntax.\n\n    Out of the box Jest supports Babel, which will be used to transform your files into valid JS based on your Babel configuration.\n\n    By default \"node_modules\" folder is ignored by transformers.\n\n    Here's what you can do:\n     • If you are trying to use ECMAScript Modules, see https://jestjs.io/docs/ecmascript-modules for how to enable it.\n     • If you are trying to use TypeScript, see https://jestjs.io/docs/getting-started#using-typescript\n     • To have some of your \"node_modules\" files transformed, you can specify a custom \"transformIgnorePatterns\" in your config.\n     • If you need a custom transformation specify a \"transform\" option in your config.\n     • If you simply want to mock your non-JS modules (e.g. binary assets) you can stub them out with the \"moduleNameMapper\" config option.\n\n    You'll find more details and examples of these config options in the docs:\n    https://jestjs.io/docs/configuration\n    For information about custom transformations, see:\n    https://jestjs.io/docs/code-transformation\n\n    Details:\n\n    /Users/kevinbrown/MCP-ocs/dist/src/lib/tools/instrumentation-middleware.js:1\n    ({\"Object.<anonymous>\":function(module,exports,require,__dirname,__filename,jest){import { appendMetricsV2, metricsVectorIdentifiers } from './metrics-writer.js';\n                                                                                      ^^^^^^\n\n    SyntaxError: Cannot use import statement outside a module\n\n      3 | // Use built JS to avoid ts-jest ESM resolution issues for new modules\n      4 | // eslint-disable-next-line @typescript-eslint/no-var-requires\n    > 5 | const { preInstrument, postInstrument, postInstrumentError } = require('../../../dist/src/lib/tools/instrumentation-middleware.js');\n        |                                                                ^\n      6 |\n      7 | const METRICS = path.resolve('analytical-artifacts/08-technical-metrics-data.json');\n      8 |\n\n      at Runtime.createScriptFromCode (node_modules/jest-runtime/build/index.js:1505:14)\n      at Object.<anonymous> (tests/unit/instrumentation/instrumentation-metrics.test.ts:5:64)\n","name":"/Users/kevinbrown/MCP-ocs/tests/unit/instrumentation/instrumentation-metrics.test.ts","startTime":1757683568886,"status":"failed","summary":""},{"assertionResults":[{"ancestorTitles":["RCA TLS/cert corner cases"],"duration":0,"failureDetails":[],"failureMessages":[],"fullName":"RCA TLS/cert corner cases expired certificate triggers route_tls_failure","invocations":1,"location":null,"numPassingAsserts":1,"retryReasons":[],"status":"passed","title":"expired certificate triggers route_tls_failure"},{"ancestorTitles":["RCA TLS/cert corner cases"],"duration":0,"failureDetails":[],"failureMessages":[],"fullName":"RCA TLS/cert corner cases handshake verify failure triggers route_tls_failure","invocations":1,"location":null,"numPassingAsserts":1,"retryReasons":[],"status":"passed","title":"handshake verify failure triggers route_tls_failure"}],"endTime":1757683568182,"message":"","name":"/Users/kevinbrown/MCP-ocs/tests/unit/diagnostics/rca_tls_more.spec.ts","startTime":1757683568169,"status":"passed","summary":""},{"assertionResults":[{"ancestorTitles":["RCA scenario fixtures"],"duration":0,"failureDetails":[],"failureMessages":[],"fullName":"RCA scenario fixtures image_pull_failures.json","invocations":1,"location":null,"numPassingAsserts":1,"retryReasons":[],"status":"passed","title":"image_pull_failures.json"},{"ancestorTitles":["RCA scenario fixtures"],"duration":0,"failureDetails":[],"failureMessages":[],"fullName":"RCA scenario fixtures network_policy_block.json","invocations":1,"location":null,"numPassingAsserts":1,"retryReasons":[],"status":"passed","title":"network_policy_block.json"},{"ancestorTitles":["RCA scenario fixtures"],"duration":1,"failureDetails":[],"failureMessages":[],"fullName":"RCA scenario fixtures precedence_service_vs_np.json","invocations":1,"location":null,"numPassingAsserts":1,"retryReasons":[],"st
[...]
 quota thresholds"],"duration":0,"failureDetails":[],"failureMessages":[],"fullName":"RCA analyzeResourceConstraints with quota thresholds flags >80% CPU usage when used/hard exceed threshold","invocations":1,"location":null,"numPassingAsserts":3,"retryReasons":[],"status":"passed","title":"flags >80% CPU usage when used/hard exceed threshold"}],"endTime":1757683568274,"message":"","name":"/Users/kevinbrown/MCP-ocs/tests/unit/diagnostics/rca_parsing_limits.spec.ts","startTime":1757683568264,"status":"passed","summary":""},{"assertionResults":[{"ancestorTitles":["RCA parseResourceValue"],"duration":0,"failureDetails":[],"failureMessages":[],"fullName":"RCA parseResourceValue CPU millicores and cores","invocations":1,"location":null,"numPassingAsserts":4,"retryReasons":[],"status":"passed","title":"CPU millicores and cores"},{"ancestorTitles":["RCA parseResourceValue"],"duration":0,"failureDetails":[],"failureMessages":[],"fullName":"RCA parseResourceValue Memory units binary and decimal","invocations":1,"location":null,"numPassingAsserts":5,"retryReasons":[],"status":"passed","title":"Memory units binary and decimal"},{"ancestorTitles":["RCA parseResourceValue"],"duration":0,"failureDetails":[],"failureMessages":[],"fullName":"RCA parseResourceValue Fallback and invalid","invocations":1,"location":null,"numPassingAsserts":2,"retryReasons":[],"status":"passed","title":"Fallback and invalid"}],"endTime":1757683568284,"message":"","name":"/Users/kevinbrown/MCP-ocs/tests/unit/diagnostics/rca_parsing.spec.ts","startTime":1757683568275,"status":"passed","summary":""},{"assertionResults":[{"ancestorTitles":["RCA memory tags include root_cause for image pull failures"],"duration":1,"failureDetails":[],"failureMessages":[],"fullName":"RCA memory tags include root_cause for image pull failures stores tag root_cause:image_pull_failures","invocations":1,"location":null,"numPassingAsserts":2,"retryReasons":[],"status":"passed","title":"stores tag root_cause:image_pull_failures"}],"endTime":1757683568295,"message":"","name":"/Users/kevinbrown/MCP-ocs/tests/unit/diagnostics/rca_memory_tags.spec.ts","startTime":1757683568286,"status":"passed","summary":""},{"assertionResults":[{"ancestorTitles":["RCA event pattern recognition"],"duration":1,"failureDetails":[],"failureMessages":[],"fullName":"RCA event pattern recognition recognizes common critical patterns","invocations":1,"location":null,"numPassingAsserts":3,"retryReasons":[],"status":"passed","title":"recognizes common critical patterns"}],"endTime":1757683568305,"message":"","name":"/Users/kevinbrown/MCP-ocs/tests/unit/diagnostics/rca_events.spec.ts","startTime":1757683568296,"status":"passed","summary":""},{"assertionResults":[{"ancestorTitles":["RCA memory integration"],"duration":0,"failureDetails":[],"failureMessages":[],"fullName":"RCA memory integration stores RCA results via ToolMemoryGateway","invocations":1,"location":null,"numPassingAsserts":2,"retryReasons":[],"status":"passed","title":"stores RCA results via ToolMemoryGateway"}],"endTime":1757683568318,"message":"","name":"/Users/kevinbrown/MCP-ocs/tests/unit/diagnostics/rca_memory.spec.ts","startTime":1757683568309,"status":"passed","summary":""},{"assertionResults":[{"ancestorTitles":["RCA end-to-end (mocked oc + memory)"],"duration":0,"failureDetails":[],"failureMessages":[],"fullName":"RCA end-to-end (mocked oc + memory) JSON-only output, service_no_backends rootCause, memory tags include root_cause","invocations":1,"location":null,"numPassingAsserts":5,"retryReasons":[],"status":"passed","title":"JSON-only output, service_no_backends rootCause, memory tags include root_cause"}],"endTime":1757683568328,"message":"","name":"/Users/kevinbrown/MCP-ocs/tests/unit/diagnostics/rca_end_to_end.spec.ts","startTime":1757683568319,"status":"passed","summary":""},{"assertionResults":[{"ancestorTitles":["pod_health discovery prioritization"],"duration":1,"failureDetails":[],"failureMessages":[],"fullName":"pod_health discovery prioritization ranks problematic pods higher and respects maxPodsToAnalyze","invocations":1,"location":null,"numPassingAsserts":2,"retryReasons":[],"status":"passed","title":"ranks problematic pods higher and respects maxPodsToAnalyze"},{"ancestorTitles":["pod_health specific pod mode"],"duration":0,"failureDetails":[],"failureMessages":[],"fullName":"pod_health specific pod mode returns health, events, and recommendations for a given pod","invocations":1,"location":null,"numPassingAsserts":5,"retryReasons":[],"status":"passed","title":"returns health, events, and recommendations for a given pod"}],"endTime":1757683568341,"message":"","name":"/Users/kevinbrown/MCP-ocs/tests/unit/diagnostics/pod_health.spec.ts","startTime":1757683568331,"status":"passed","summary":""},{"assertionResults":[{"ancestorTitles":["RCA golden output JSON (mocked oc)"],"duration":2,"failureDetails":[],"failureMessages":[],"fullName":"RCA golden output JSON (mocked oc) deterministic structure with service_no_backends root cause","invocations":1,"location":null,"numPassingAsserts":7,"retryReasons":[],"status":"passed","title":"deterministic structure with service_no_backends root cause"}],"endTime":1757683568352,"message":"","name":"/Users/kevinbrown/MCP-ocs/tests/unit/diagnostics/rca_golden_output.spec.ts","startTime":1757683568342,"status":"passed","summary":""},{"assertionResults":[{"ancestorTitles":["cluster_health prioritization and focus"],"duration":0,"failureDetails":[],"failureMessages":[],"fullName":"cluster_health prioritization and focus scope filtering: system vs user vs all","invocations":1,"location":null,"numPassingAsserts":3,"retryReasons":[],"status":"passed","title":"scope filtering: system vs user vs all"},{"ancestorTitles":["cluster_health prioritization and focus"],"duration":1,"failureDetails":[],"failureMessages":[],"fullName":"cluster_health prioritization and focus focus strategy boosts selected namespace","invocations":1,"location":null,"numPassingAsserts":2,"retryReasons":[],"status":"passed","title":"focus strategy boosts selected namespace"},{"ancestorTitles":["cluster_health prioritization and focus"],"duration":0,"failureDetails":[],"failureMessages":[],"fullName":"cluster_health prioritization and focus strategy weighting: events vs resourcePressure","invocations":1,"location":null,"numPassingAsserts":2,"retryReasons":[],"status":"passed","title":"strategy weighting: events vs resourcePressure"}],"endTime":1757683568365,"message":"","name":"/Users/kevinbrown/MCP-ocs/tests/unit/diagnostics/cluster_health.spec.ts","startTime":1757683568353,"status":"passed","summary":""},{"assertionResults":[{"ancestorTitles":["Natural interaction via registry - oc_triage"],"duration":2,"failureDetails":[],"failureMessages":[],"fullName":"Natural interaction via registry - oc_triage registry executes oc_diagnostic_triage and returns envelope","invocations":1,"location":null,"numPassingAsserts":3,"retryReasons":[],"status":"passed","title":"registry executes oc_diagnostic_triage and returns envelope"}],"endTime":1757683568381,"message":"","name":"/Users/kevinbrown/MCP-ocs/tests/unit/diagnostics/oc-triage-interaction.test.ts","startTime":1757683568366,"status":"passed","summary":""},{"assertionResults":[],"coverage":{},"endTime":1757683568886,"message":"  ● Test suite failed to run\n\n    \u001b[96mtests/unit/contract/beta-tools-contract.test.ts\u001b[0m:\u001b[93m22\u001b[0m:\u001b[93m14\u001b[0m - \u001b[91merror\u001b[0m\u001b[90m TS2532: \u001b[0mObject is possibly 'undefined'.\n\n    \u001b[7m22\u001b[0m       expect(VALIDATED_TOOLS[n].maturity).toBe(ToolMaturity.PRODUCTION);\n    \u001b[7m  \u001b[0m \u001b[91m             ~~~~~~~~~~~~~~~~~~\u001b[0m\n    \u001b[96mtests/unit/contract/beta-tools-contract.test.ts\u001b[0m:\u001b[93m23\u001b[0m:\u001b[93m14\u001b[0m - \u001b[91merror\u001b[0m\u001b[90m TS2532: \u001b[0mObject is possibly 'undefined'.\n\n    \u001b[7m23\u001b[0m       expect(VALIDATED_TOOLS[n].mcpCompatible).toBe(true);\n    \u001b[7m  \u001b[0m \u001b[91m             ~~~~~~~~~~~~~~~~~~\u001b[0m\n","name":"/Users/kevinbrown/MCP-ocs/tests/unit/contract/beta-tools-contract.test.ts","startTime":1757683568886,"status":"failed","summary":""},{"assertionResults":[],"coverage":{},"endTime":1757683568886,"message":"  ● Test suite failed to run\n\n    \u001b[96mtests/unit/health/graceful-shutdown.test.ts\u001b[0m:\u001b[93m53\u001b[0m:\u001b[93m19\u001b[0m - \u001b[91merror\u001b[0m\u001b[90m TS18048: \u001b[0m'callArgs' is possibly 'undefined'.\n\n    \u001b[7m53\u001b[0m     expect(String(callArgs[0])).toMatch(/Service\\.doWork/);\n    \u001b[7m  \u001b[0m \u001b[91m                  ~~~~~~~~\u001b[0m\n","name":"/Users/kevinbrown/MCP-ocs/tests/unit/health/graceful-shutdown.test.ts","startTime":1757683568886,"status":"failed","summary":""},{"assertionResults":[{"ancestorTitles":["cluster_health integration-like behavior"],"duration":0,"failureDetails":[],"failureMessages":[],"fullName":"cluster_health integration-like behavior produces prioritization and summaries fields in response","invocations":1,"location":null,"numPassingAsserts":3,"retryReasons":[],"status":"passed","title":"produces prioritization and summaries fields in response"}],"endTime":1757683568477,"message":"","name":"/Users/kevinbrown/MCP-ocs/tests/integration/diagnostics/cluster_health.integration.spec.ts","startTime":1757683568467,"status":"passed","summary":""},{"assertionResults":[{"ancestorTitles":["Memory System Resilience","JSON Fallback System"],"duration":0,"failureDetails":[],"failureMessages":[],"fullName":"Memory System Resilience JSON Fallback System should store conversation in JSON when ChromaDB fails","invocations":1,"location":null,"numPassingAsserts":2,"retryReasons":[],"status":"passed","title":"should store conversation in JSON when ChromaDB fails"},{"ancestorTitles":["Memory System Resilience","JSON Fallback System"],"duration":1,"failureDetails":[],"failureMessages":[],"fullName":"Memory System Resilience JSON Fallback System should store operational memory in JSON when ChromaDB fails","invocations":1,"location":null,"numPassingAsserts":2,"retryReasons":[],"status":"passed","title":"should store operational memory in JSON when ChromaDB fails"},{"ancestorTitles":["Memory System Resilience","JSON Fallback System"],"duration":0,"failureDetails":[],"failureMessages":[],"fullName":"Memory System Resilience JSON Fallback System should search JSON memories when ChromaDB unavailable","invocations":1,"location":null,"numPassingAsserts":1,"retryReasons":[],"status":"passed","title":"should search JSON memories when ChromaDB unavailable"},{"ancestorTitles":["Memory System Resilience","JSON Fallback System"],"duration":0,"failureDetails":[],"failureMessages":[],"fullName":"Memory System Resilience JSON Fallback System should handle memory statistics correctly","invocations":1,"location":null,"numPassingAsserts":3,"retryReasons":[],"status":"passed","title":"should handle memory statistics correctly"},{"ancestorTitles":["Memory System Resilience","System Resilience"],"duration":0,"failureDetails":[],"failureMessages":[],"fullName":"Memory System Resilience System Resilience should maintain functionality despite ChromaDB embedding issues","invocations":1,"location":null,"numPassingAsserts":2,"retryReasons":[],"status":"passed","title":"should maintain functionality despite ChromaDB embedding issues"}],"endTime":1757683568495,"message":"","name":"/Users/kevinbrown/MCP-ocs/tests/integration/memory/memory-resilience.test.ts","startTime":1757683568479,"status":"passed","summary":""},{"assertionResults":[{"ancestorTitles":["ChromaDB Memory Integration (Unique)"],"duration":0,"failureDetails":[],"failureMessages":[],"fullName":"ChromaDB Memory Integration (Unique) stores and retrieves a unique conversation reliably","invocations":1,"location":null,"numPassingAsserts":2,"retryReasons":[],"status":"passed","title":"stores and retrieves a unique conversation reliably"},{"ancestorTitles":["ChromaDB Memory Integration (Unique)"],"duration":0,"failureDetails":[],"failureMessages":[],"fullName":"ChromaDB Memory Integration (Unique) stores and retrieves a unique operational memory reliably","invocations":1,"location":null,"numPassingAsserts":2,"retryReasons":[],"status":"passed","title":"stores and retrieves a unique operational memory reliably"}],"endTime":1757683568506,"message":"","name":"/Users/kevinbrown/MCP-ocs/tests/integration/memory/chroma-integration-unique.test.ts","startTime":1757683568496,"status":"passed","summary":""},{"assertionResults":[{"ancestorTitles":["Memory System Integration","ChromaDB Integration"],"duration":null,"failureDetails":[],"failureMessages":[],"fullName":"Memory System Integration ChromaDB Integration should store and retrieve conversations","invocations":1,"location":null,"numPassingAsserts":0,"retryReasons":[],"status":"pending","title":"should store and retrieve conversations"},{"ancestorTitles":["Memory System Integration","ChromaDB Integration"],"duration":null,"failureDetails":[],"failureMessages":[],"fullName":"Memory System Integration ChromaDB Integration should store and retrieve operational memories","invocations":1,"location":null,"numPassingAsserts":0,"retryReasons":[],"status":"pending","title":"should store and retrieve operational memories"},{"ancestorTitles":["Memory System Integration","ChromaDB Integration"],"duration":null,"failureDetails":[],"failureMessages":[],"fullName":"Memory System Integration ChromaDB Integration should perform similarity search with relevance scoring","invocations":1,"location":null,"numPassingAsserts":0,"retryReasons":[],"status":"pending","title":"should perform similarity search with relevance scoring"},{"ancestorTitles":["Memory System Integration","ChromaDB Integration"],"duration":null,"failureDetails":[],"failureMessages":[],"fullName":"Memory System Integration ChromaDB Integration should handle auto-context extraction","invocations":1,"location":null,"numPassingAsserts":0,"retryReasons":[],"status":"pending","title":"should handle auto-context extraction"},{"ancestorTitles":["Memory System Integration","JSON Fallback Behavior"],"duration":null,"failureDetails":[],"failureMessages":[],"fullName":"Memory System Integration JSON Fallback Behavior should fall back to JSON storage when ChromaDB unavailable","invocations":1,"location":null,"numPassingAsserts":0,"retryReasons":[],"status":"pending","title":"should fall back to JSON storage when ChromaDB unavailable"},{"ancestorTitles":["Memory System Integration","JSON Fallback Behavior"],"duration":null,"failureDetails":[],"failureMessages":[],"fullName":"Memory System Integration JSON Fallback Behavior should perform text-based similarity search in JSON mode","invocations":1,"location":null,"numPassingAsserts":0,"retryReasons":[],"status":"pending","title":"should perform text-based similarity search in JSON mode"},{"ancestorTitles":["Memory System Integration","Performance and Scalability"],"duration":null,"failureDetails":[],"failureMessages":[],"fullName":"Memory System Integration Performance and Scalability should handle large number of memories efficiently","invocations":1,"location":null,"numPassingAsserts":0,"retryReasons":[],"status":"pending","title":"should handle large number of memories efficiently"},{"ancestorTitles":["Memory System Integration","Performance and Scalability"],"duration":null,"failureDetails":[],"failureMessages":[],"fullName":"Memory System Integration Performance and Scalability should handle concurrent operations safely","invocations":1,"location":null,"numPassingAsserts":0,"retryReasons":[],"status":"pending","title":"should handle concurrent operations safely"},{"ancestorTitles":["Memory System Integration","Memory Statistics and Health"],"duration":null,"failureDetails":[],"failureMessages":[],"fullName":"Memory System Integration Memory Statistics and Health should provide accurate memory statistics","invocations":1,"location":null,"numPassingAsserts":0,"retryReasons":[],"status":"pending","title":"should provide accurate memory statistics"},{"ancestorTitles":["Memory System Integration","Memory Statistics and Health"],"duration":null,"failureDetails":[],"failureMessages":[],"fullName":"Memory System Integration Memory Statistics and Health should report ChromaDB connectivity status","invocations":1,"location":null,"numPassingAsserts":0,"retryReasons":[],"status":"pending","title":"should report ChromaDB connectivity status"}],"coverage":{},"endTime":1757683568886,"message":"","name":"/Users/kevinbrown/MCP-ocs/tests/integration/memory/chroma-integration.test.ts","startTime":1757683568886,"status":"skipped","summary":""},{"assertionResults":[{"ancestorTitles":["harness: cluster-health module container"],"duration":null,"failureDetails":[],"failureMessages":[],"fullName":"harness: cluster-health module container placeholder","invocations":1,"location":null,"numPassingAsserts":0,"retryReasons":[],"status":"pending","title":"placeholder"}],"coverage":{},"endTime":1757683568886,"message":"","name":"/Users/kevinbrown/MCP-ocs/tests/harness/modules/cluster-health.test.ts","startTime":1757683568886,"status":"skipped","summary":""},{"assertionResults":[],"coverage":{},"endTime":1757683568886,"message":"  ● Test suite failed to run\n\n    \u001b[96mtests/integration/memory/chroma-integration-simple.test.ts\u001b[0m:\u001b[93m58\u001b[0m:\u001b[93m34\u001b[0m - \u001b[91merror\u001b[0m\u001b[90m TS2532: \u001b[0mObject is possibly 'undefined'.\n\n    \u001b[7m58\u001b[0m       const conversationMemory = searchResults[0].memory as any; // Type assertion for test\n    \u001b[7m  \u001b[0m \u001b[91m                                 ~~~~~~~~~~~~~~~~\u001b[0m\n    \u001b[96mtests/integration/memory/chroma-integration-simple.test.ts\u001b[0m:\u001b[93m78\u001b[0m:\u001b[93m33\u001b[0m - \u001b[91merror\u001b[0m\u001b[90m TS2532: \u001b[0mObject is possibly 'undefined'.\n\n    \u001b[7m78\u001b[0m       const operationalMemory = searchResults[0].memory as any; // Type assertion for test\n    \u001b[7m  \u001b[0m \u001b[91m                                ~~~~~~~~~~~~~~~~\u001b[0m\n","name":"/Users/kevinbrown/MCP-ocs/tests/integration/memory/chroma-integration-simple.test.ts","startTime":1757683568886,"status":"failed","summary":""},{"assertionResults":[],"coverage":{},"endTime":1757683568886,"message":"  ● Test suite failed to run\n\n    Configuration error:\n\n    Could not locate module @/lib/tools/sequential-thinking-with-memory.js mapped as:\n    /Users/kevinbrown/MCP-ocs/dist/src/lib/tools/$1.js.\n\n    Please check your configuration for these entries:\n    {\n      \"moduleNameMapper\": {\n        \"/^@\\/lib\\/tools\\/(.*)$/\": \"/Users/kevinbrown/MCP-ocs/dist/src/lib/tools/$1.js\"\n      },\n      \"resolver\": undefined\n    }\n\n    > 1 | import { EnhancedSequentialThinkingOrchestrator } from '@/lib/tools/sequential-thinking-with-memory.js';\n        | ^\n      2 | import { UnifiedToolRegistry } from '@/lib/tools/tool-registry.js';\n      3 |\n      4 | describe('Sequential thinking integration (light)', () => {\n\n      at createNoMappedModuleFoundError (node_modules/jest-resolve/build/resolver.js:759:17)\n      at Object.<anonymous> (tests/integration/sequential-thinking-integration.spec.ts:1:1)\n","name":"/Users/kevinbrown/MCP-ocs/tests/integration/sequential-thinking-integration.spec.ts","startTime":1757683568886,"status":"failed","summary":""},{"assertionResults":[{"ancestorTitles":["Beta Registry Filtering"],"duration":1,"failureDetails":[],"failureMessages":[],"fullName":"Beta Registry Filtering returns exactly 8 beta tools (PRODUCTION/BETA)","invocations":1,"location":null,"numPassingAsserts":1,"retryReasons":[],"status":"passed","title":"returns exactly 8 beta tools (PRODUCTION/BETA)"}],"endTime":1757683568875,"message":"","name":"/Users/kevinbrown/MCP-ocs/tests/beta/beta-registry.spec.ts","startTime":1757683568860,"status":"passed","summary":""}],"wasInterrupted":false}
