{"/Users/kevinbrown/MCP-ocs/src/build-test.ts": {"path":"/Users/kevinbrown/MCP-ocs/src/build-test.ts","statementMap":{"0":{"start":{"line":8,"column":0},"end":{"line":8,"column":55}},"1":{"start":{"line":10,"column":0},"end":{"line":32,"column":1}},"2":{"start":{"line":12,"column":30},"end":{"line":12,"column":55}},"3":{"start":{"line":13,"column":31},"end":{"line":13,"column":76}},"4":{"start":{"line":15,"column":26},"end":{"line":18,"column":4}},"5":{"start":{"line":20,"column":23},"end":{"line":26,"column":4}},"6":{"start":{"line":28,"column":2},"end":{"line":28,"column":64}},"7":{"start":{"line":30,"column":2},"end":{"line":30,"column":53}},"8":{"start":{"line":31,"column":2},"end":{"line":31,"column":18}}},"fnMap":{},"branchMap":{},"s":{"0":0,"1":0,"2":0,"3":0,"4":0,"5":0,"6":0,"7":0,"8":0},"f":{},"b":{}}
,"/Users/kevinbrown/MCP-ocs/src/entry-shim.ts": {"path":"/Users/kevinbrown/MCP-ocs/src/entry-shim.ts","statementMap":{"0":{"start":{"line":2,"column":28},"end":{"line":2,"column":32}}},"fnMap":{},"branchMap":{},"s":{"0":0},"f":{},"b":{}}
,"/Users/kevinbrown/MCP-ocs/src/index-sequential.ts": {"path":"/Users/kevinbrown/MCP-ocs/src/index-sequential.ts","statementMap":{"0":{"start":{"line":53,"column":0},"end":{"line":53,"column":50}},"1":{"start":{"line":55,"column":0},"end":{"line":55,"column":58}},"2":{"start":{"line":57,"column":35},"end":{"line":57,"column":84}},"3":{"start":{"line":58,"column":31},"end":{"line":58,"column":76}},"4":{"start":{"line":59,"column":23},"end":{"line":59,"column":60}},"5":{"start":{"line":62,"column":24},"end":{"line":62,"column":141}},"6":{"start":{"line":64,"column":21},"end":{"line":72,"column":2}},"7":{"start":{"line":74,"column":0},"end":{"line":74,"column":49}},"8":{"start":{"line":74,"column":6},"end":{"line":74,"column":38}},"9":{"start":{"line":76,"column":23},"end":{"line":81,"column":2}},"10":{"start":{"line":83,"column":19},"end":{"line":83,"column":53}},"11":{"start":{"line":84,"column":31},"end":{"line":84,"column":83}},"12":{"start":{"line":86,"column":21},"end":{"line":86,"column":46}},"13":{"start":{"line":88,"column":24},"end":{"line":88,"column":76}},"14":{"start":{"line":89,"column":21},"end":{"line":89,"column":68}},"15":{"start":{"line":90,"column":23},"end":{"line":90,"column":71}},"16":{"start":{"line":91,"column":19},"end":{"line":91,"column":73}},"17":{"start":{"line":93,"column":0},"end":{"line":93,"column":44}},"18":{"start":{"line":94,"column":0},"end":{"line":94,"column":41}},"19":{"start":{"line":95,"column":0},"end":{"line":95,"column":43}},"20":{"start":{"line":96,"column":0},"end":{"line":96,"column":39}},"21":{"start":{"line":98,"column":15},"end":{"line":98,"column":41}},"22":{"start":{"line":99,"column":0},"end":{"line":99,"column":75}},"23":{"start":{"line":101,"column":14},"end":{"line":101,"column":37}},"24":{"start":{"line":102,"column":0},"end":{"line":102,"column":68}},"25":{"start":{"line":105,"column":39},"end":{"line":105,"column":109}},"26":{"start":{"line":108,"column":0},"end":{"line":160,"column":3}},"27":{"start":{"line":137,"column":22},"end":{"line":137,"column":68}},"28":{"start":{"line":138,"column":20},"end":{"line":138,"column":70}},"29":{"start":{"line":139,"column":23},"end":{"line":139,"column":209}},"30":{"start":{"line":139,"column":35},"end":{"line":139,"column":209}},"31":{"start":{"line":140,"column":22},"end":{"line":140,"column":132}},"32":{"start":{"line":140,"column":46},"end":{"line":140,"column":132}},"33":{"start":{"line":141,"column":20},"end":{"line":141,"column":45}},"34":{"start":{"line":142,"column":25},"end":{"line":142,"column":95}},"35":{"start":{"line":143,"column":26},"end":{"line":143,"column":116}},"36":{"start":{"line":144,"column":30},"end":{"line":144,"column":108}},"37":{"start":{"line":145,"column":22},"end":{"line":145,"column":124}},"38":{"start":{"line":146,"column":24},"end":{"line":146,"column":51}},"39":{"start":{"line":147,"column":15},"end":{"line":147,"column":136}},"40":{"start":{"line":149,"column":4},"end":{"line":151,"column":5}},"41":{"start":{"line":150,"column":6},"end":{"line":150,"column":32}},"42":{"start":{"line":152,"column":25},"end":{"line":152,"column":55}},"43":{"start":{"line":153,"column":23},"end":{"line":153,"column":94}},"44":{"start":{"line":154,"column":19},"end":{"line":154,"column":210}},"45":{"start":{"line":155,"column":4},"end":{"line":155,"column":43}},"46":{"start":{"line":163,"column":0},"end":{"line":163,"column":38}},"47":{"start":{"line":164,"column":0},"end":{"line":164,"column":80}},"48":{"start":{"line":164,"column":71},"end":{"line":164,"column":77}},"49":{"start":{"line":167,"column":25},"end":{"line":167,"column":47}},"50":{"start":{"line":168,"column":23},"end":{"line":168,"column":43}},"51":{"start":{"line":169,"column":0},"end":{"line":169,"column":47}},"52":{"start":{"line":169,"column":6},"end":{"line":169,"column":36}},"53":{"start":{"line":172,"column":15},"end":{"line":174,"column":null}},"54":{"start":{"line":177,"column":0},"end":{"line":181,"column":3}},"55":{"start":{"line":179,"column":2},"end":{"line":179,"column":40}},"56":{"start":{"line":180,"column":2},"end":{"line":180,"column":128}},"57":{"start":{"line":180,"column":42},"end":{"line":180,"column":123}},"58":{"start":{"line":183,"column":0},"end":{"line":576,"column":3}},"59":{"start":{"line":184,"column":36},"end":{"line":184,"column":50}},"60":{"start":{"line":185,"column":20},"end":{"line":185,"column":30}},"61":{"start":{"line":186,"column":2},"end":{"line":186,"column":54}},"62":{"start":{"line":189,"column":2},"end":{"line":453,"column":3}},"63":{"start":{"line":190,"column":18},"end":{"line":190,"column":49}},"64":{"start":{"line":191,"column":25},"end":{"line":191,"column":51}},"65":{"start":{"line":192,"column":16},"end":{"line":192,"column":61}},"66":{"start":{"line":193,"column":4},"end":{"line":452,"column":5}},"67":{"start":{"line":194,"column":6},"end":{"line":194,"column":62}},"68":{"start":{"line":196,"column":21},"end":{"line":196,"column":31}},"69":{"start":{"line":197,"column":25},"end":{"line":197,"column":54}},"70":{"start":{"line":198,"column":22},"end":{"line":198,"column":37}},"71":{"start":{"line":199,"column":24},"end":{"line":199,"column":74}},"72":{"start":{"line":200,"column":19},"end":{"line":200,"column":126}},"73":{"start":{"line":201,"column":29},"end":{"line":201,"column":178}},"74":{"start":{"line":202,"column":6},"end":{"line":202,"column":94}},"75":{"start":{"line":202,"column":35},"end":{"line":202,"column":94}},"76":{"start":{"line":203,"column":23},"end":{"line":203,"column":59}},"77":{"start":{"line":204,"column":20},"end":{"line":204,"column":52}},"78":{"start":{"line":205,"column":26},"end":{"line":205,"column":28}},"79":{"start":{"line":206,"column":43},"end":{"line":206,"column":68}},"80":{"start":{"line":207,"column":31},"end":{"line":223,"column":7}},"81":{"start":{"line":208,"column":8},"end":{"line":208,"column":36}},"82":{"start":{"line":208,"column":25},"end":{"line":208,"column":36}},"83":{"start":{"line":209,"column":8},"end":{"line":219,"column":9}},"84":{"start":{"line":210,"column":20},"end":{"line":210,"column":44}},"85":{"start":{"line":211,"column":10},"end":{"line":217,"column":11}},"86":{"start":{"line":212,"column":22},"end":{"line":212,"column":26}},"87":{"start":{"line":213,"column":12},"end":{"line":215,"column":13}},"88":{"start":{"line":214,"column":14},"end":{"line":214,"column":32}},"89":{"start":{"line":216,"column":12},"end":{"line":216,"column":23}},"90":{"start":{"line":218,"column":10},"end":{"line":218,"column":21}},"91":{"start":{"line":220,"column":8},"end":{"line":220,"column":65}},"92":{"start":{"line":220,"column":32},"end":{"line":220,"column":65}},"93":{"start":{"line":221,"column":8},"end":{"line":221,"column":144}},"94":{"start":{"line":221,"column":56},"end":{"line":221,"column":58}},"95":{"start":{"line":221,"column":60},"end":{"line":221,"column":130}},"96":{"start":{"line":221,"column":101},"end":{"line":221,"column":130}},"97":{"start":{"line":221,"column":131},"end":{"line":221,"column":142}},"98":{"start":{"line":222,"column":8},"end":{"line":222,"column":19}},"99":{"start":{"line":224,"column":28},"end":{"line":224,"column":83}},"100":{"start":{"line":224,"column":39},"end":{"line":224,"column":83}},"101":{"start":{"line":225,"column":6},"end":{"line":306,"column":7}},"102":{"start":{"line":226,"column":21},"end":{"line":226,"column":47}},"103":{"start":{"line":228,"column":8},"end":{"line":279,"column":18}},"104":{"start":{"line":229,"column":10},"end":{"line":238,"column":11}},"105":{"start":{"line":230,"column":23},"end":{"line":230,"column":40}},"106":{"start":{"line":231,"column":30},"end":{"line":231,"column":43}},"107":{"start":{"line":232,"column":12},"end":{"line":237,"column":13}},"108":{"start":{"line":233,"column":28},"end":{"line":233,"column":148}},"109":{"start":{"line":234,"column":27},"end":{"line":234,"column":84}},"110":{"start":{"line":235,"column":24},"end":{"line":235,"column":69}},"111":{"start":{"line":236,"column":14},"end":{"line":236,"column":95}},"112":{"start":{"line":236,"column":23},"end":{"line":236,"column":46}},"113":{"start":{"line":236,"column":47},"end":{"line":236,"column":93}},"114":{"start":{"line":239,"column":10},"end":{"line":257,"column":11}},"115":{"start":{"line":240,"column":23},"end":{"line":240,"column":40}},"116":{"start":{"line":241,"column":12},"end":{"line":256,"column":13}},"117":{"start":{"line":242,"column":28},"end":{"line":242,"column":156}},"118":{"start":{"line":243,"column":26},"end":{"line":243,"column":83}},"119":{"start":{"line":244,"column":26},"end":{"line":244,"column":62}},"120":{"start":{"line":245,"column":31},"end":{"line":245,"column":39}},"121":{"start":{"line":246,"column":31},"end":{"line":246,"column":106}},"122":{"start":{"line":247,"column":14},"end":{"line":255,"column":15}},"123":{"start":{"line":248,"column":29},"end":{"line":248,"column":119}},"124":{"start":{"line":249,"column":16},"end":{"line":254,"column":26}},"125":{"start":{"line":250,"column":30},"end":{"line":250,"column":80}},"126":{"start":{"line":251,"column":31},"end":{"line":251,"column":71}},"127":{"start":{"line":252,"column":32},"end":{"line":252,"column":91}},"128":{"start":{"line":252,"column":51},"end":{"line":252,"column":79}},"129":{"start":{"line":253,"column":18},"end":{"line":253,"column":121}},"130":{"start":{"line":253,"column":37},"end":{"line":253,"column":69}},"131":{"start":{"line":253,"column":70},"end":{"line":253,"column":119}},"132":{"start":{"line":259,"column":10},"end":{"line":275,"column":11}},"133":{"start":{"line":261,"column":12},"end":{"line":265,"column":22}},"134":{"start":{"line":262,"column":26},"end":{"line":262,"column":158}},"135":{"start":{"line":263,"column":24},"end":{"line":263,"column":62}},"136":{"start":{"line":264,"column":14},"end":{"line":264,"column":76}},"137":{"start":{"line":264,"column":47},"end":{"line":264,"column":76}},"138":{"start":{"line":266,"column":12},"end":{"line":274,"column":13}},"139":{"start":{"line":267,"column":14},"end":{"line":273,"column":24}},"140":{"start":{"line":268,"column":30},"end":{"line":268,"column":107}},"141":{"start":{"line":269,"column":28},"end":{"line":269,"column":81}},"142":{"start":{"line":270,"column":29},"end":{"line":270,"column":71}},"143":{"start":{"line":271,"column":29},"end":{"line":271,"column":68}},"144":{"start":{"line":271,"column":48},"end":{"line":271,"column":56}},"145":{"start":{"line":272,"column":16},"end":{"line":272,"column":66}},"146":{"start":{"line":272,"column":32},"end":{"line":272,"column":66}},"147":{"start":{"line":276,"column":10},"end":{"line":278,"column":11}},"148":{"start":{"line":277,"column":12},"end":{"line":277,"column":64}},"149":{"start":{"line":280,"column":23},"end":{"line":280,"column":33}},"150":{"start":{"line":281,"column":18},"end":{"line":281,"column":64}},"151":{"start":{"line":282,"column":21},"end":{"line":282,"column":40}},"152":{"start":{"line":283,"column":8},"end":{"line":283,"column":75}},"153":{"start":{"line":284,"column":8},"end":{"line":305,"column":18}},"154":{"start":{"line":285,"column":10},"end":{"line":297,"column":11}},"155":{"start":{"line":286,"column":27},"end":{"line":286,"column":68}},"156":{"start":{"line":287,"column":25},"end":{"line":287,"column":71}},"157":{"start":{"line":288,"column":28},"end":{"line":288,"column":167}},"158":{"start":{"line":288,"column":50},"end":{"line":288,"column":166}},"159":{"start":{"line":289,"column":12},"end":{"line":289,"column":71}},"160":{"start":{"line":289,"column":31},"end":{"line":289,"column":71}},"161":{"start":{"line":291,"column":12},"end":{"line":296,"column":22}},"162":{"start":{"line":292,"column":30},"end":{"line":292,"column":102}},"163":{"start":{"line":292,"column":52},"end":{"line":292,"column":101}},"164":{"start":{"line":293,"column":14},"end":{"line":295,"column":15}},"165":{"start":{"line":293,"column":69},"end":{"line":293,"column":105}},"166":{"start":{"line":294,"column":16},"end":{"line":294,"column":59}},"167":{"start":{"line":298,"column":10},"end":{"line":304,"column":11}},"168":{"start":{"line":299,"column":27},"end":{"line":299,"column":68}},"169":{"start":{"line":300,"column":25},"end":{"line":300,"column":192}},"170":{"start":{"line":300,"column":129},"end":{"line":300,"column":184}},"171":{"start":{"line":301,"column":26},"end":{"line":301,"column":98}},"172":{"start":{"line":301,"column":48},"end":{"line":301,"column":97}},"173":{"start":{"line":302,"column":27},"end":{"line":302,"column":34}},"174":{"start":{"line":303,"column":12},"end":{"line":303,"column":105}},"175":{"start":{"line":303,"column":63},"end":{"line":303,"column":105}},"176":{"start":{"line":308,"column":26},"end":{"line":308,"column":35}},"177":{"start":{"line":309,"column":6},"end":{"line":313,"column":16}},"178":{"start":{"line":310,"column":19},"end":{"line":310,"column":70}},"179":{"start":{"line":311,"column":26},"end":{"line":311,"column":92}},"180":{"start":{"line":312,"column":8},"end":{"line":312,"column":142}},"181":{"start":{"line":315,"column":25},"end":{"line":315,"column":34}},"182":{"start":{"line":316,"column":25},"end":{"line":316,"column":34}},"183":{"start":{"line":317,"column":34},"end":{"line":317,"column":43}},"184":{"start":{"line":318,"column":6},"end":{"line":449,"column":7}},"185":{"start":{"line":319,"column":8},"end":{"line":448,"column":18}},"186":{"start":{"line":320,"column":25},"end":{"line":320,"column":72}},"187":{"start":{"line":321,"column":10},"end":{"line":325,"column":21}},"188":{"start":{"line":327,"column":10},"end":{"line":331,"column":20}},"189":{"start":{"line":328,"column":30},"end":{"line":328,"column":62}},"190":{"start":{"line":329,"column":27},"end":{"line":329,"column":77}},"191":{"start":{"line":330,"column":12},"end":{"line":330,"column":37}},"192":{"start":{"line":333,"column":10},"end":{"line":398,"column":20}},"193":{"start":{"line":334,"column":24},"end":{"line":334,"column":64}},"194":{"start":{"line":335,"column":28},"end":{"line":335,"column":126}},"195":{"start":{"line":336,"column":12},"end":{"line":397,"column":13}},"196":{"start":{"line":338,"column":34},"end":{"line":338,"column":140}},"197":{"start":{"line":338,"column":61},"end":{"line":338,"column":128}},"198":{"start":{"line":339,"column":27},"end":{"line":347,"column":15}},"199":{"start":{"line":340,"column":16},"end":{"line":345,"column":17}},"200":{"start":{"line":341,"column":18},"end":{"line":344,"column":42}},"201":{"start":{"line":342,"column":30},"end":{"line":342,"column":94}},"202":{"start":{"line":343,"column":20},"end":{"line":343,"column":113}},"203":{"start":{"line":343,"column":92},"end":{"line":343,"column":113}},"204":{"start":{"line":346,"column":16},"end":{"line":346,"column":33}},"205":{"start":{"line":348,"column":28},"end":{"line":348,"column":41}},"206":{"start":{"line":349,"column":27},"end":{"line":349,"column":47}},"207":{"start":{"line":350,"column":35},"end":{"line":350,"column":86}},"208":{"start":{"line":351,"column":33},"end":{"line":351,"column":100}},"209":{"start":{"line":352,"column":29},"end":{"line":352,"column":53}},"210":{"start":{"line":353,"column":31},"end":{"line":353,"column":110}},"211":{"start":{"line":355,"column":38},"end":{"line":355,"column":69}},"212":{"start":{"line":356,"column":38},"end":{"line":356,"column":69}},"213":{"start":{"line":357,"column":45},"end":{"line":357,"column":149}},"214":{"start":{"line":358,"column":37},"end":{"line":358,"column":179}},"215":{"start":{"line":360,"column":27},"end":{"line":360,"column":68}},"216":{"start":{"line":361,"column":36},"end":{"line":361,"column":97}},"217":{"start":{"line":362,"column":38},"end":{"line":362,"column":96}},"218":{"start":{"line":363,"column":41},"end":{"line":363,"column":76}},"219":{"start":{"line":364,"column":34},"end":{"line":387,"column":23}},"220":{"start":{"line":388,"column":35},"end":{"line":395,"column":36}},"221":{"start":{"line":396,"column":15},"end":{"line":396,"column":52}},"222":{"start":{"line":400,"column":10},"end":{"line":411,"column":20}},"223":{"start":{"line":401,"column":24},"end":{"line":401,"column":64}},"224":{"start":{"line":402,"column":12},"end":{"line":410,"column":13}},"225":{"start":{"line":403,"column":34},"end":{"line":403,"column":154}},"226":{"start":{"line":403,"column":61},"end":{"line":403,"column":128}},"227":{"start":{"line":404,"column":36},"end":{"line":404,"column":94}},"228":{"start":{"line":405,"column":32},"end":{"line":405,"column":113}},"229":{"start":{"line":406,"column":34},"end":{"line":406,"column":92}},"230":{"start":{"line":407,"column":54},"end":{"line":407,"column":119}},"231":{"start":{"line":408,"column":30},"end":{"line":408,"column":142}},"232":{"start":{"line":409,"column":15},"end":{"line":409,"column":46}},"233":{"start":{"line":413,"column":10},"end":{"line":416,"column":11}},"234":{"start":{"line":414,"column":12},"end":{"line":414,"column":45}},"235":{"start":{"line":415,"column":12},"end":{"line":415,"column":76}},"236":{"start":{"line":417,"column":31},"end":{"line":417,"column":188}},"237":{"start":{"line":418,"column":10},"end":{"line":418,"column":84}},"238":{"start":{"line":419,"column":10},"end":{"line":421,"column":11}},"239":{"start":{"line":420,"column":12},"end":{"line":420,"column":81}},"240":{"start":{"line":422,"column":10},"end":{"line":429,"column":12}},"241":{"start":{"line":431,"column":10},"end":{"line":431,"column":61}},"242":{"start":{"line":433,"column":10},"end":{"line":438,"column":20}},"243":{"start":{"line":434,"column":24},"end":{"line":434,"column":48}},"244":{"start":{"line":435,"column":24},"end":{"line":435,"column":69}},"245":{"start":{"line":436,"column":25},"end":{"line":436,"column":436}},"246":{"start":{"line":437,"column":12},"end":{"line":437,"column":32}},"247":{"start":{"line":440,"column":10},"end":{"line":447,"column":20}},"248":{"start":{"line":441,"column":12},"end":{"line":446,"column":13}},"249":{"start":{"line":442,"column":29},"end":{"line":443,"column":116}},"250":{"start":{"line":444,"column":33},"end":{"line":444,"column":168}},"251":{"start":{"line":444,"column":75},"end":{"line":444,"column":81}},"252":{"start":{"line":444,"column":139},"end":{"line":444,"column":145}},"253":{"start":{"line":445,"column":14},"end":{"line":445,"column":71}},"254":{"start":{"line":450,"column":18},"end":{"line":450,"column":183}},"255":{"start":{"line":451,"column":6},"end":{"line":451,"column":81}},"256":{"start":{"line":455,"column":26},"end":{"line":455,"column":84}},"257":{"start":{"line":456,"column":2},"end":{"line":456,"column":112}},"258":{"start":{"line":456,"column":34},"end":{"line":456,"column":112}},"259":{"start":{"line":458,"column":23},"end":{"line":458,"column":25}},"260":{"start":{"line":459,"column":16},"end":{"line":459,"column":20}},"261":{"start":{"line":462,"column":2},"end":{"line":566,"column":3}},"262":{"start":{"line":463,"column":23},"end":{"line":463,"column":121}},"263":{"start":{"line":463,"column":35},"end":{"line":463,"column":121}},"264":{"start":{"line":464,"column":25},"end":{"line":464,"column":162}},"265":{"start":{"line":465,"column":25},"end":{"line":468,"column":null}},"266":{"start":{"line":471,"column":4},"end":{"line":516,"column":5}},"267":{"start":{"line":472,"column":23},"end":{"line":472,"column":154}},"268":{"start":{"line":473,"column":6},"end":{"line":473,"column":49}},"269":{"start":{"line":474,"column":6},"end":{"line":474,"column":109}},"270":{"start":{"line":474,"column":50},"end":{"line":474,"column":109}},"271":{"start":{"line":475,"column":11},"end":{"line":516,"column":5}},"272":{"start":{"line":477,"column":25},"end":{"line":477,"column":75}},"273":{"start":{"line":478,"column":20},"end":{"line":478,"column":47}},"274":{"start":{"line":479,"column":17},"end":{"line":479,"column":121}},"275":{"start":{"line":480,"column":22},"end":{"line":480,"column":143}},"276":{"start":{"line":481,"column":19},"end":{"line":481,"column":141}},"277":{"start":{"line":483,"column":6},"end":{"line":496,"column":16}},"278":{"start":{"line":484,"column":8},"end":{"line":495,"column":18}},"279":{"start":{"line":498,"column":6},"end":{"line":512,"column":7}},"280":{"start":{"line":499,"column":26},"end":{"line":499,"column":36}},"281":{"start":{"line":500,"column":24},"end":{"line":500,"column":72}},"282":{"start":{"line":501,"column":8},"end":{"line":509,"column":11}},"283":{"start":{"line":513,"column":6},"end":{"line":513,"column":45}},"284":{"start":{"line":515,"column":6},"end":{"line":515,"column":64}},"285":{"start":{"line":519,"column":4},"end":{"line":556,"column":14}},"286":{"start":{"line":520,"column":6},"end":{"line":555,"column":7}},"287":{"start":{"line":521,"column":23},"end":{"line":521,"column":41}},"288":{"start":{"line":522,"column":21},"end":{"line":522,"column":33}},"289":{"start":{"line":524,"column":25},"end":{"line":524,"column":57}},"290":{"start":{"line":525,"column":22},"end":{"line":525,"column":23}},"291":{"start":{"line":526,"column":8},"end":{"line":529,"column":9}},"292":{"start":{"line":527,"column":26},"end":{"line":527,"column":89}},"293":{"start":{"line":527,"column":52},"end":{"line":527,"column":88}},"294":{"start":{"line":528,"column":10},"end":{"line":528,"column":64}},"295":{"start":{"line":530,"column":8},"end":{"line":554,"column":9}},"296":{"start":{"line":531,"column":10},"end":{"line":531,"column":73}},"297":{"start":{"line":533,"column":10},"end":{"line":546,"column":20}},"298":{"start":{"line":534,"column":12},"end":{"line":545,"column":22}},"299":{"start":{"line":548,"column":22},"end":{"line":548,"column":81}},"300":{"start":{"line":549,"column":10},"end":{"line":552,"column":20}},"301":{"start":{"line":551,"column":12},"end":{"line":551,"column":162}},"302":{"start":{"line":553,"column":10},"end":{"line":553,"column":154}},"303":{"start":{"line":558,"column":4},"end":{"line":558,"column":20}},"304":{"start":{"line":559,"column":4},"end":{"line":559,"column":61}},"305":{"start":{"line":560,"column":4},"end":{"line":560,"column":55}},"306":{"start":{"line":561,"column":4},"end":{"line":561,"column":55}},"307":{"start":{"line":563,"column":21},"end":{"line":563,"column":43}},"308":{"start":{"line":564,"column":23},"end":{"line":564,"column":78}},"309":{"start":{"line":565,"column":4},"end":{"line":565,"column":152}},"310":{"start":{"line":568,"column":26},"end":{"line":568,"column":58}},"311":{"start":{"line":569,"column":2},"end":{"line":574,"column":12}},"312":{"start":{"line":570,"column":4},"end":{"line":573,"column":5}},"313":{"start":{"line":571,"column":19},"end":{"line":571,"column":62}},"314":{"start":{"line":572,"column":6},"end":{"line":572,"column":162}},"315":{"start":{"line":572,"column":16},"end":{"line":572,"column":162}},"316":{"start":{"line":575,"column":2},"end":{"line":575,"column":31}},"317":{"start":{"line":578,"column":18},"end":{"line":578,"column":44}},"318":{"start":{"line":579,"column":0},"end":{"line":579,"column":32}},"319":{"start":{"line":580,"column":0},"end":{"line":580,"column":66}},"320":{"start":{"line":587,"column":23},"end":{"line":587,"column":58}},"321":{"start":{"line":588,"column":2},"end":{"line":600,"column":27}},"322":{"start":{"line":604,"column":24},"end":{"line":604,"column":31}},"323":{"start":{"line":605,"column":24},"end":{"line":605,"column":42}},"324":{"start":{"line":606,"column":14},"end":{"line":606,"column":38}},"325":{"start":{"line":607,"column":24},"end":{"line":607,"column":46}},"326":{"start":{"line":608,"column":24},"end":{"line":608,"column":59}},"327":{"start":{"line":609,"column":23},"end":{"line":609,"column":95}},"328":{"start":{"line":610,"column":26},"end":{"line":610,"column":52}},"329":{"start":{"line":611,"column":25},"end":{"line":611,"column":53}},"330":{"start":{"line":612,"column":20},"end":{"line":612,"column":55}},"331":{"start":{"line":613,"column":20},"end":{"line":613,"column":148}},"332":{"start":{"line":614,"column":23},"end":{"line":614,"column":58}},"333":{"start":{"line":615,"column":25},"end":{"line":619,"column":4}},"334":{"start":{"line":620,"column":25},"end":{"line":620,"column":73}},"335":{"start":{"line":621,"column":15},"end":{"line":633,"column":4}},"336":{"start":{"line":634,"column":2},"end":{"line":640,"column":12}},"337":{"start":{"line":635,"column":21},"end":{"line":635,"column":40}},"338":{"start":{"line":636,"column":4},"end":{"line":639,"column":5}},"339":{"start":{"line":637,"column":7},"end":{"line":637,"column":74}},"340":{"start":{"line":638,"column":7},"end":{"line":638,"column":63}},"341":{"start":{"line":642,"column":2},"end":{"line":654,"column":12}},"342":{"start":{"line":643,"column":24},"end":{"line":643,"column":46}},"343":{"start":{"line":644,"column":4},"end":{"line":653,"column":5}},"344":{"start":{"line":645,"column":20},"end":{"line":651,"column":8}},"345":{"start":{"line":652,"column":7},"end":{"line":652,"column":89}},"346":{"start":{"line":656,"column":2},"end":{"line":671,"column":12}},"347":{"start":{"line":657,"column":19},"end":{"line":657,"column":99}},"348":{"start":{"line":658,"column":4},"end":{"line":670,"column":5}},"349":{"start":{"line":660,"column":6},"end":{"line":668,"column":16}},"350":{"start":{"line":661,"column":48},"end":{"line":661,"column":121}},"351":{"start":{"line":662,"column":29},"end":{"line":665,"column":17}},"352":{"start":{"line":666,"column":19},"end":{"line":666,"column":106}},"353":{"start":{"line":667,"column":9},"end":{"line":667,"column":65}},"354":{"start":{"line":669,"column":7},"end":{"line":669,"column":36}},"355":{"start":{"line":672,"column":2},"end":{"line":672,"column":14}},"356":{"start":{"line":676,"column":2},"end":{"line":689,"column":31}},"357":{"start":{"line":678,"column":18},"end":{"line":678,"column":80}},"358":{"start":{"line":679,"column":24},"end":{"line":679,"column":88}},"359":{"start":{"line":680,"column":4},"end":{"line":680,"column":68}},"360":{"start":{"line":680,"column":51},"end":{"line":680,"column":68}},"361":{"start":{"line":681,"column":16},"end":{"line":681,"column":23}},"362":{"start":{"line":682,"column":27},"end":{"line":682,"column":69}},"363":{"start":{"line":683,"column":43},"end":{"line":683,"column":52}},"364":{"start":{"line":684,"column":15},"end":{"line":684,"column":40}},"365":{"start":{"line":685,"column":4},"end":{"line":686,"column":136}},"366":{"start":{"line":685,"column":32},"end":{"line":685,"column":87}},"367":{"start":{"line":686,"column":9},"end":{"line":686,"column":136}},"368":{"start":{"line":686,"column":49},"end":{"line":686,"column":63}},"369":{"start":{"line":686,"column":65},"end":{"line":686,"column":134}},"370":{"start":{"line":686,"column":80},"end":{"line":686,"column":134}},"371":{"start":{"line":687,"column":17},"end":{"line":687,"column":166}},"372":{"start":{"line":687,"column":65},"end":{"line":687,"column":164}},"373":{"start":{"line":688,"column":4},"end":{"line":688,"column":50}},"374":{"start":{"line":689,"column":12},"end":{"line":689,"column":29}},"375":{"start":{"line":693,"column":2},"end":{"line":714,"column":12}},"376":{"start":{"line":694,"column":16},"end":{"line":694,"column":41}},"377":{"start":{"line":695,"column":4},"end":{"line":695,"column":43}},"378":{"start":{"line":696,"column":17},"end":{"line":696,"column":81}},"379":{"start":{"line":697,"column":20},"end":{"line":697,"column":47}},"380":{"start":{"line":698,"column":4},"end":{"line":698,"column":61}},"381":{"start":{"line":700,"column":4},"end":{"line":713,"column":14}},"382":{"start":{"line":701,"column":23},"end":{"line":701,"column":49}},"383":{"start":{"line":702,"column":6},"end":{"line":702,"column":50}},"384":{"start":{"line":703,"column":24},"end":{"line":703,"column":94}},"385":{"start":{"line":704,"column":19},"end":{"line":711,"column":8}},"386":{"start":{"line":712,"column":6},"end":{"line":712,"column":64}},"387":{"start":{"line":718,"column":2},"end":{"line":721,"column":29}},"388":{"start":{"line":719,"column":16},"end":{"line":719,"column":93}},"389":{"start":{"line":720,"column":4},"end":{"line":720,"column":43}},"390":{"start":{"line":721,"column":12},"end":{"line":721,"column":27}},"391":{"start":{"line":725,"column":20},"end":{"line":725,"column":82}},"392":{"start":{"line":726,"column":29},"end":{"line":726,"column":112}},"393":{"start":{"line":727,"column":22},"end":{"line":727,"column":61}},"394":{"start":{"line":728,"column":16},"end":{"line":728,"column":49}},"395":{"start":{"line":729,"column":15},"end":{"line":729,"column":48}},"396":{"start":{"line":730,"column":2},"end":{"line":730,"column":69}},"397":{"start":{"line":734,"column":14},"end":{"line":734,"column":47}},"398":{"start":{"line":735,"column":2},"end":{"line":741,"column":3}},"399":{"start":{"line":736,"column":21},"end":{"line":736,"column":87}},"400":{"start":{"line":737,"column":17},"end":{"line":737,"column":75}},"401":{"start":{"line":738,"column":19},"end":{"line":738,"column":78}},"402":{"start":{"line":739,"column":16},"end":{"line":739,"column":65}},"403":{"start":{"line":740,"column":13},"end":{"line":740,"column":42}},"404":{"start":{"line":745,"column":21},"end":{"line":745,"column":23}},"405":{"start":{"line":746,"column":27},"end":{"line":746,"column":89}},"406":{"start":{"line":747,"column":2},"end":{"line":758,"column":3}},"407":{"start":{"line":748,"column":14},"end":{"line":748,"column":108}},"408":{"start":{"line":749,"column":16},"end":{"line":749,"column":22}},"409":{"start":{"line":750,"column":15},"end":{"line":750,"column":21}},"410":{"start":{"line":751,"column":22},"end":{"line":751,"column":28}},"411":{"start":{"line":752,"column":21},"end":{"line":752,"column":83}},"412":{"start":{"line":753,"column":25},"end":{"line":753,"column":34}},"413":{"start":{"line":754,"column":4},"end":{"line":755,"column":103}},"414":{"start":{"line":754,"column":76},"end":{"line":754,"column":123}},"415":{"start":{"line":755,"column":9},"end":{"line":755,"column":103}},"416":{"start":{"line":755,"column":73},"end":{"line":755,"column":103}},"417":{"start":{"line":756,"column":19},"end":{"line":756,"column":103}},"418":{"start":{"line":757,"column":4},"end":{"line":757,"column":71}},"419":{"start":{"line":759,"column":2},"end":{"line":759,"column":13}},"420":{"start":{"line":763,"column":2},"end":{"line":773,"column":25}},"421":{"start":{"line":764,"column":12},"end":{"line":764,"column":31}},"422":{"start":{"line":765,"column":4},"end":{"line":765,"column":71}},"423":{"start":{"line":766,"column":4},"end":{"line":766,"column":65}},"424":{"start":{"line":767,"column":4},"end":{"line":767,"column":79}},"425":{"start":{"line":768,"column":4},"end":{"line":768,"column":79}},"426":{"start":{"line":769,"column":4},"end":{"line":769,"column":84}},"427":{"start":{"line":770,"column":4},"end":{"line":770,"column":63}},"428":{"start":{"line":771,"column":4},"end":{"line":771,"column":62}},"429":{"start":{"line":772,"column":4},"end":{"line":772,"column":25}},"430":{"start":{"line":773,"column":12},"end":{"line":773,"column":23}},"431":{"start":{"line":777,"column":20},"end":{"line":777,"column":94}},"432":{"start":{"line":778,"column":14},"end":{"line":778,"column":41}},"433":{"start":{"line":779,"column":2},"end":{"line":779,"column":68}},"434":{"start":{"line":779,"column":31},"end":{"line":779,"column":68}},"435":{"start":{"line":780,"column":2},"end":{"line":780,"column":60}},"436":{"start":{"line":780,"column":29},"end":{"line":780,"column":60}},"437":{"start":{"line":781,"column":2},"end":{"line":781,"column":60}},"438":{"start":{"line":781,"column":27},"end":{"line":781,"column":60}},"439":{"start":{"line":782,"column":2},"end":{"line":782,"column":61}},"440":{"start":{"line":782,"column":29},"end":{"line":782,"column":61}},"441":{"start":{"line":783,"column":2},"end":{"line":783,"column":61}},"442":{"start":{"line":783,"column":27},"end":{"line":783,"column":61}},"443":{"start":{"line":784,"column":2},"end":{"line":784,"column":14}},"444":{"start":{"line":789,"column":2},"end":{"line":789,"column":61}},"445":{"start":{"line":789,"column":8},"end":{"line":789,"column":37}},"446":{"start":{"line":789,"column":48},"end":{"line":789,"column":59}},"447":{"start":{"line":790,"column":38},"end":{"line":790,"column":40}},"448":{"start":{"line":791,"column":21},"end":{"line":791,"column":25}},"449":{"start":{"line":792,"column":21},"end":{"line":792,"column":25}},"450":{"start":{"line":793,"column":2},"end":{"line":879,"column":3}},"451":{"start":{"line":794,"column":4},"end":{"line":804,"column":14}},"452":{"start":{"line":795,"column":20},"end":{"line":795,"column":36}},"453":{"start":{"line":796,"column":20},"end":{"line":796,"column":45}},"454":{"start":{"line":796,"column":55},"end":{"line":796,"column":80}},"455":{"start":{"line":797,"column":6},"end":{"line":797,"column":76}},"456":{"start":{"line":798,"column":34},"end":{"line":798,"column":103}},"457":{"start":{"line":799,"column":6},"end":{"line":799,"column":53}},"458":{"start":{"line":800,"column":6},"end":{"line":800,"column":83}},"459":{"start":{"line":800,"column":58},"end":{"line":800,"column":81}},"460":{"start":{"line":801,"column":6},"end":{"line":801,"column":93}},"461":{"start":{"line":802,"column":6},"end":{"line":802,"column":89}},"462":{"start":{"line":803,"column":6},"end":{"line":803,"column":58}},"463":{"start":{"line":803,"column":19},"end":{"line":803,"column":58}},"464":{"start":{"line":805,"column":9},"end":{"line":879,"column":3}},"465":{"start":{"line":806,"column":4},"end":{"line":812,"column":14}},"466":{"start":{"line":807,"column":31},"end":{"line":807,"column":90}},"467":{"start":{"line":808,"column":6},"end":{"line":808,"column":109}},"468":{"start":{"line":808,"column":48},"end":{"line":808,"column":107}},"469":{"start":{"line":809,"column":6},"end":{"line":809,"column":73}},"470":{"start":{"line":809,"column":47},"end":{"line":809,"column":71}},"471":{"start":{"line":810,"column":6},"end":{"line":810,"column":202}},"472":{"start":{"line":811,"column":6},"end":{"line":811,"column":58}},"473":{"start":{"line":811,"column":19},"end":{"line":811,"column":58}},"474":{"start":{"line":813,"column":9},"end":{"line":879,"column":3}},"475":{"start":{"line":814,"column":4},"end":{"line":825,"column":14}},"476":{"start":{"line":815,"column":24},"end":{"line":815,"column":42}},"477":{"start":{"line":816,"column":22},"end":{"line":816,"column":60}},"478":{"start":{"line":817,"column":20},"end":{"line":817,"column":66}},"479":{"start":{"line":818,"column":20},"end":{"line":818,"column":39}},"480":{"start":{"line":818,"column":49},"end":{"line":818,"column":68}},"481":{"start":{"line":819,"column":27},"end":{"line":819,"column":83}},"482":{"start":{"line":820,"column":6},"end":{"line":820,"column":41}},"483":{"start":{"line":821,"column":6},"end":{"line":821,"column":40}},"484":{"start":{"line":822,"column":6},"end":{"line":822,"column":39}},"485":{"start":{"line":823,"column":6},"end":{"line":823,"column":99}},"486":{"start":{"line":824,"column":6},"end":{"line":824,"column":58}},"487":{"start":{"line":824,"column":19},"end":{"line":824,"column":58}},"488":{"start":{"line":826,"column":9},"end":{"line":879,"column":3}},"489":{"start":{"line":827,"column":4},"end":{"line":839,"column":14}},"490":{"start":{"line":828,"column":18},"end":{"line":828,"column":36}},"491":{"start":{"line":829,"column":20},"end":{"line":829,"column":58}},"492":{"start":{"line":830,"column":24},"end":{"line":830,"column":66}},"493":{"start":{"line":831,"column":6},"end":{"line":831,"column":67}},"494":{"start":{"line":832,"column":28},"end":{"line":832,"column":90}},"495":{"start":{"line":833,"column":6},"end":{"line":833,"column":126}},"496":{"start":{"line":833,"column":42},"end":{"line":833,"column":124}},"497":{"start":{"line":834,"column":6},"end":{"line":834,"column":126}},"498":{"start":{"line":834,"column":40},"end":{"line":834,"column":124}},"499":{"start":{"line":835,"column":6},"end":{"line":835,"column":130}},"500":{"start":{"line":835,"column":40},"end":{"line":835,"column":128}},"501":{"start":{"line":836,"column":6},"end":{"line":836,"column":48}},"502":{"start":{"line":837,"column":6},"end":{"line":837,"column":141}},"503":{"start":{"line":838,"column":6},"end":{"line":838,"column":58}},"504":{"start":{"line":838,"column":19},"end":{"line":838,"column":58}},"505":{"start":{"line":840,"column":9},"end":{"line":879,"column":3}},"506":{"start":{"line":841,"column":4},"end":{"line":855,"column":14}},"507":{"start":{"line":842,"column":26},"end":{"line":842,"column":66}},"508":{"start":{"line":843,"column":18},"end":{"line":843,"column":31}},"509":{"start":{"line":844,"column":20},"end":{"line":844,"column":60}},"510":{"start":{"line":845,"column":17},"end":{"line":845,"column":33}},"511":{"start":{"line":846,"column":17},"end":{"line":846,"column":40}},"512":{"start":{"line":847,"column":6},"end":{"line":848,"column":132}},"513":{"start":{"line":847,"column":34},"end":{"line":847,"column":85}},"514":{"start":{"line":848,"column":11},"end":{"line":848,"column":132}},"515":{"start":{"line":848,"column":51},"end":{"line":848,"column":65}},"516":{"start":{"line":848,"column":67},"end":{"line":848,"column":130}},"517":{"start":{"line":848,"column":82},"end":{"line":848,"column":130}},"518":{"start":{"line":849,"column":6},"end":{"line":849,"column":32}},"519":{"start":{"line":850,"column":6},"end":{"line":850,"column":38}},"520":{"start":{"line":851,"column":20},"end":{"line":851,"column":132}},"521":{"start":{"line":851,"column":54},"end":{"line":851,"column":97}},"522":{"start":{"line":852,"column":6},"end":{"line":852,"column":40}},"523":{"start":{"line":853,"column":6},"end":{"line":853,"column":85}},"524":{"start":{"line":854,"column":6},"end":{"line":854,"column":58}},"525":{"start":{"line":854,"column":19},"end":{"line":854,"column":58}},"526":{"start":{"line":856,"column":9},"end":{"line":879,"column":3}},"527":{"start":{"line":857,"column":4},"end":{"line":863,"column":14}},"528":{"start":{"line":858,"column":6},"end":{"line":858,"column":75}},"529":{"start":{"line":859,"column":20},"end":{"line":859,"column":52}},"530":{"start":{"line":860,"column":6},"end":{"line":860,"column":119}},"531":{"start":{"line":861,"column":6},"end":{"line":861,"column":76}},"532":{"start":{"line":862,"column":6},"end":{"line":862,"column":58}},"533":{"start":{"line":862,"column":19},"end":{"line":862,"column":58}},"534":{"start":{"line":864,"column":9},"end":{"line":879,"column":3}},"535":{"start":{"line":865,"column":4},"end":{"line":870,"column":14}},"536":{"start":{"line":866,"column":17},"end":{"line":866,"column":109}},"537":{"start":{"line":867,"column":6},"end":{"line":867,"column":27}},"538":{"start":{"line":868,"column":6},"end":{"line":868,"column":76}},"539":{"start":{"line":869,"column":6},"end":{"line":869,"column":58}},"540":{"start":{"line":869,"column":19},"end":{"line":869,"column":58}},"541":{"start":{"line":871,"column":9},"end":{"line":879,"column":3}},"542":{"start":{"line":872,"column":4},"end":{"line":878,"column":14}},"543":{"start":{"line":873,"column":26},"end":{"line":873,"column":66}},"544":{"start":{"line":874,"column":18},"end":{"line":874,"column":31}},"545":{"start":{"line":875,"column":6},"end":{"line":875,"column":85}},"546":{"start":{"line":876,"column":6},"end":{"line":876,"column":92}},"547":{"start":{"line":877,"column":6},"end":{"line":877,"column":58}},"548":{"start":{"line":877,"column":19},"end":{"line":877,"column":58}},"549":{"start":{"line":880,"column":2},"end":{"line":880,"column":51}},"550":{"start":{"line":880,"column":15},"end":{"line":880,"column":51}},"551":{"start":{"line":881,"column":2},"end":{"line":881,"column":14}},"552":{"start":{"line":885,"column":2},"end":{"line":890,"column":4}},"553":{"start":{"line":894,"column":2},"end":{"line":899,"column":12}},"554":{"start":{"line":895,"column":16},"end":{"line":895,"column":41}},"555":{"start":{"line":896,"column":4},"end":{"line":896,"column":43}},"556":{"start":{"line":897,"column":17},"end":{"line":897,"column":80}},"557":{"start":{"line":898,"column":4},"end":{"line":898,"column":58}},"558":{"start":{"line":903,"column":19},"end":{"line":903,"column":45}},"559":{"start":{"line":904,"column":2},"end":{"line":911,"column":51}},"560":{"start":{"line":905,"column":34},"end":{"line":905,"column":136}},"561":{"start":{"line":905,"column":124},"end":{"line":905,"column":130}},"562":{"start":{"line":906,"column":4},"end":{"line":910,"column":6}},"563":{"start":{"line":911,"column":12},"end":{"line":911,"column":49}},"564":{"start":{"line":912,"column":2},"end":{"line":916,"column":53}},"565":{"start":{"line":913,"column":14},"end":{"line":913,"column":163}},"566":{"start":{"line":914,"column":14},"end":{"line":914,"column":15}},"567":{"start":{"line":915,"column":4},"end":{"line":915,"column":93}},"568":{"start":{"line":916,"column":12},"end":{"line":916,"column":51}},"569":{"start":{"line":917,"column":2},"end":{"line":917,"column":13}}},"fnMap":{"0":{"name":"(anonymous_0)","decl":{"start":{"line":136,"column":2},"end":{"line":136,"column":7}},"loc":{"start":{"line":136,"column":25},"end":{"line":156,"column":3}}},"1":{"name":"(anonymous_1)","decl":{"start":{"line":139,"column":23},"end":{"line":139,"column":24}},"loc":{"start":{"line":139,"column":35},"end":{"line":139,"column":209}}},"2":{"name":"(anonymous_2)","decl":{"start":{"line":140,"column":22},"end":{"line":140,"column":23}},"loc":{"start":{"line":140,"column":46},"end":{"line":140,"column":132}}},"3":{"name":"(anonymous_3)","decl":{"start":{"line":164,"column":66},"end":{"line":164,"column":67}},"loc":{"start":{"line":164,"column":71},"end":{"line":164,"column":77}}},"4":{"name":"(anonymous_4)","decl":{"start":{"line":177,"column":49},"end":{"line":177,"column":54}},"loc":{"start":{"line":177,"column":60},"end":{"line":181,"column":1}}},"5":{"name":"(anonymous_5)","decl":{"start":{"line":180,"column":31},"end":{"line":180,"column":32}},"loc":{"start":{"line":180,"column":42},"end":{"line":180,"column":123}}},"6":{"name":"(anonymous_6)","decl":{"start":{"line":183,"column":48},"end":{"line":183,"column":53}},"loc":{"start":{"line":183,"column":66},"end":{"line":576,"column":1}}},"7":{"name":"(anonymous_7)","decl":{"start":{"line":207,"column":31},"end":{"line":207,"column":32}},"loc":{"start":{"line":207,"column":49},"end":{"line":223,"column":7}}},"8":{"name":"(anonymous_8)","decl":{"start":{"line":224,"column":28},"end":{"line":224,"column":29}},"loc":{"start":{"line":224,"column":39},"end":{"line":224,"column":83}}},"9":{"name":"(anonymous_9)","decl":{"start":{"line":252,"column":42},"end":{"line":252,"column":43}},"loc":{"start":{"line":252,"column":51},"end":{"line":252,"column":79}}},"10":{"name":"(anonymous_10)","decl":{"start":{"line":271,"column":39},"end":{"line":271,"column":40}},"loc":{"start":{"line":271,"column":48},"end":{"line":271,"column":56}}},"11":{"name":"(anonymous_11)","decl":{"start":{"line":288,"column":38},"end":{"line":288,"column":39}},"loc":{"start":{"line":288,"column":50},"end":{"line":288,"column":166}}},"12":{"name":"(anonymous_12)","decl":{"start":{"line":292,"column":42},"end":{"line":292,"column":43}},"loc":{"start":{"line":292,"column":52},"end":{"line":292,"column":101}}},"13":{"name":"(anonymous_13)","decl":{"start":{"line":293,"column":60},"end":{"line":293,"column":61}},"loc":{"start":{"line":293,"column":69},"end":{"line":293,"column":105}}},"14":{"name":"(anonymous_14)","decl":{"start":{"line":300,"column":118},"end":{"line":300,"column":119}},"loc":{"start":{"line":300,"column":129},"end":{"line":300,"column":184}}},"15":{"name":"(anonymous_15)","decl":{"start":{"line":301,"column":36},"end":{"line":301,"column":37}},"loc":{"start":{"line":301,"column":48},"end":{"line":301,"column":97}}},"16":{"name":"(anonymous_16)","decl":{"start":{"line":338,"column":51},"end":{"line":338,"column":52}},"loc":{"start":{"line":338,"column":61},"end":{"line":338,"column":128}}},"17":{"name":"(anonymous_17)","decl":{"start":{"line":339,"column":27},"end":{"line":339,"column":28}},"loc":{"start":{"line":339,"column":39},"end":{"line":347,"column":15}}},"18":{"name":"(anonymous_18)","decl":{"start":{"line":403,"column":51},"end":{"line":403,"column":52}},"loc":{"start":{"line":403,"column":61},"end":{"line":403,"column":128}}},"19":{"name":"(anonymous_19)","decl":{"start":{"line":444,"column":72},"end":{"line":444,"column":73}},"loc":{"start":{"line":444,"column":75},"end":{"line":444,"column":81}}},"20":{"name":"(anonymous_20)","decl":{"start":{"line":444,"column":136},"end":{"line":444,"column":137}},"loc":{"start":{"line":444,"column":139},"end":{"line":444,"column":145}}},"21":{"name":"(anonymous_21)","decl":{"start":{"line":463,"column":23},"end":{"line":463,"column":24}},"loc":{"start":{"line":463,"column":35},"end":{"line":463,"column":121}}},"22":{"name":"(anonymous_22)","decl":{"start":{"line":527,"column":40},"end":{"line":527,"column":41}},"loc":{"start":{"line":527,"column":52},"end":{"line":527,"column":88}}},"23":{"name":"computeCoreRubricInputs","decl":{"start":{"line":586,"column":9},"end":{"line":586,"column":32}},"loc":{"start":{"line":586,"column":62},"end":{"line":601,"column":1}}},"24":{"name":"buildSummaryCard","decl":{"start":{"line":603,"column":15},"end":{"line":603,"column":31}},"loc":{"start":{"line":603,"column":184},"end":{"line":673,"column":1}}},"25":{"name":"tryRecallForTarget","decl":{"start":{"line":675,"column":15},"end":{"line":675,"column":33}},"loc":{"start":{"line":675,"column":64},"end":{"line":690,"column":1}}},"26":{"name":"(anonymous_26)","decl":{"start":{"line":687,"column":61},"end":{"line":687,"column":62}},"loc":{"start":{"line":687,"column":65},"end":{"line":687,"column":164}}},"27":{"name":"persistSummary","decl":{"start":{"line":692,"column":9},"end":{"line":692,"column":23}},"loc":{"start":{"line":692,"column":68},"end":{"line":715,"column":1}}},"28":{"name":"getEngineVersion","decl":{"start":{"line":717,"column":9},"end":{"line":717,"column":25}},"loc":{"start":{"line":717,"column":25},"end":{"line":722,"column":1}}},"29":{"name":"getDeterminismEnvelope","decl":{"start":{"line":724,"column":9},"end":{"line":724,"column":31}},"loc":{"start":{"line":724,"column":31},"end":{"line":731,"column":1}}},"30":{"name":"computeSloHint","decl":{"start":{"line":733,"column":9},"end":{"line":733,"column":23}},"loc":{"start":{"line":733,"column":37},"end":{"line":742,"column":1}}},"31":{"name":"buildGuardsDetail","decl":{"start":{"line":744,"column":9},"end":{"line":744,"column":26}},"loc":{"start":{"line":744,"column":73},"end":{"line":760,"column":1}}},"32":{"name":"scrub","decl":{"start":{"line":762,"column":9},"end":{"line":762,"column":14}},"loc":{"start":{"line":762,"column":23},"end":{"line":774,"column":1}}},"33":{"name":"sloInputsForTarget","decl":{"start":{"line":776,"column":9},"end":{"line":776,"column":27}},"loc":{"start":{"line":776,"column":37},"end":{"line":785,"column":1}}},"34":{"name":"computeDiagnosticRubricsIfAny","decl":{"start":{"line":787,"column":9},"end":{"line":787,"column":38}},"loc":{"start":{"line":787,"column":75},"end":{"line":882,"column":1}}},"35":{"name":"(anonymous_35)","decl":{"start":{"line":800,"column":46},"end":{"line":800,"column":47}},"loc":{"start":{"line":800,"column":58},"end":{"line":800,"column":81}}},"36":{"name":"(anonymous_36)","decl":{"start":{"line":808,"column":43},"end":{"line":808,"column":44}},"loc":{"start":{"line":808,"column":48},"end":{"line":808,"column":107}}},"37":{"name":"(anonymous_37)","decl":{"start":{"line":809,"column":42},"end":{"line":809,"column":43}},"loc":{"start":{"line":809,"column":47},"end":{"line":809,"column":71}}},"38":{"name":"(anonymous_38)","decl":{"start":{"line":833,"column":39},"end":{"line":833,"column":40}},"loc":{"start":{"line":833,"column":42},"end":{"line":833,"column":124}}},"39":{"name":"(anonymous_39)","decl":{"start":{"line":834,"column":37},"end":{"line":834,"column":38}},"loc":{"start":{"line":834,"column":40},"end":{"line":834,"column":124}}},"40":{"name":"(anonymous_40)","decl":{"start":{"line":835,"column":37},"end":{"line":835,"column":38}},"loc":{"start":{"line":835,"column":40},"end":{"line":835,"column":128}}},"41":{"name":"(anonymous_41)","decl":{"start":{"line":851,"column":51},"end":{"line":851,"column":52}},"loc":{"start":{"line":851,"column":54},"end":{"line":851,"column":97}}},"42":{"name":"buildCompactSummary","decl":{"start":{"line":884,"column":9},"end":{"line":884,"column":28}},"loc":{"start":{"line":884,"column":41},"end":{"line":891,"column":1}}},"43":{"name":"persistShadowDiff","decl":{"start":{"line":893,"column":9},"end":{"line":893,"column":26}},"loc":{"start":{"line":893,"column":68},"end":{"line":900,"column":1}}},"44":{"name":"buildShadowDiff","decl":{"start":{"line":902,"column":9},"end":{"line":902,"column":24}},"loc":{"start":{"line":902,"column":87},"end":{"line":918,"column":1}}},"45":{"name":"(anonymous_45)","decl":{"start":{"line":905,"column":115},"end":{"line":905,"column":116}},"loc":{"start":{"line":905,"column":124},"end":{"line":905,"column":130}}}},"branchMap":{"0":{"loc":{"start":{"line":62,"column":69},"end":{"line":62,"column":138}},"type":"cond-expr","locations":[{"start":{"line":62,"column":97},"end":{"line":62,"column":130}},{"start":{"line":62,"column":133},"end":{"line":62,"column":138}}]},"1":{"loc":{"start":{"line":67,"column":13},"end":{"line":67,"column":56}},"type":"binary-expr","locations":[{"start":{"line":67,"column":13},"end":{"line":67,"column":42}},{"start":{"line":67,"column":46},"end":{"line":67,"column":56}}]},"2":{"loc":{"start":{"line":70,"column":14},"end":{"line":70,"column":52}},"type":"binary-expr","locations":[{"start":{"line":70,"column":14},"end":{"line":70,"column":37}},{"start":{"line":70,"column":41},"end":{"line":70,"column":52}}]},"3":{"loc":{"start":{"line":71,"column":14},"end":{"line":71,"column":78}},"type":"cond-expr","locations":[{"start":{"line":71,"column":40},"end":{"line":71,"column":71}},{"start":{"line":71,"column":74},"end":{"line":71,"column":78}}]},"4":{"loc":{"start":{"line":137,"column":29},"end":{"line":137,"column":67}},"type":"binary-expr","locations":[{"start":{"line":137,"column":29},"end":{"line":137,"column":42}},{"start":{"line":137,"column":46},"end":{"line":137,"column":61}},{"start":{"line":137,"column":65},"end":{"line":137,"column":67}}]},"5":{"loc":{"start":{"line":138,"column":27},"end":{"line":138,"column":69}},"type":"binary-expr","locations":[{"start":{"line":138,"column":27},"end":{"line":138,"column":42}},{"start":{"line":138,"column":46},"end":{"line":138,"column":69}}]},"6":{"loc":{"start":{"line":139,"column":35},"end":{"line":139,"column":209}},"type":"cond-expr","locations":[{"start":{"line":139,"column":59},"end":{"line":139,"column":196}},{"start":{"line":139,"column":199},"end":{"line":139,"column":209}}]},"7":{"loc":{"start":{"line":139,"column":59},"end":{"line":139,"column":196}},"type":"cond-expr","locations":[{"start":{"line":139,"column":134},"end":{"line":139,"column":183}},{"start":{"line":139,"column":186},"end":{"line":139,"column":196}}]},"8":{"loc":{"start":{"line":140,"column":46},"end":{"line":140,"column":132}},"type":"cond-expr","locations":[{"start":{"line":140,"column":71},"end":{"line":140,"column":90}},{"start":{"line":140,"column":95},"end":{"line":140,"column":131}}]},"9":{"loc":{"start":{"line":140,"column":71},"end":{"line":140,"column":90}},"type":"binary-expr","locations":[{"start":{"line":140,"column":71},"end":{"line":140,"column":80}},{"start":{"line":140,"column":84},"end":{"line":140,"column":85}},{"start":{"line":140,"column":89},"end":{"line":140,"column":90}}]},"10":{"loc":{"start":{"line":140,"column":95},"end":{"line":140,"column":131}},"type":"cond-expr","locations":[{"start":{"line":140,"column":119},"end":{"line":140,"column":120}},{"start":{"line":140,"column":124},"end":{"line":140,"column":130}}]},"11":{"loc":{"start":{"line":140,"column":124},"end":{"line":140,"column":130}},"type":"binary-expr","locations":[{"start":{"line":140,"column":124},"end":{"line":140,"column":125}},{"start":{"line":140,"column":129},"end":{"line":140,"column":130}}]},"12":{"loc":{"start":{"line":142,"column":25},"end":{"line":142,"column":95}},"type":"cond-expr","locations":[{"start":{"line":142,"column":66},"end":{"line":142,"column":83}},{"start":{"line":142,"column":86},"end":{"line":142,"column":95}}]},"13":{"loc":{"start":{"line":143,"column":26},"end":{"line":143,"column":116}},"type":"cond-expr","locations":[{"start":{"line":143,"column":58},"end":{"line":143,"column":89}},{"start":{"line":143,"column":93},"end":{"line":143,"column":115}}]},"14":{"loc":{"start":{"line":143,"column":46},"end":{"line":143,"column":54}},"type":"binary-expr","locations":[{"start":{"line":143,"column":46},"end":{"line":143,"column":50}},{"start":{"line":143,"column":52},"end":{"line":143,"column":54}}]},"15":{"loc":{"start":{"line":143,"column":93},"end":{"line":143,"column":115}},"type":"cond-expr","locations":[{"start":{"line":143,"column":103},"end":{"line":143,"column":107}},{"start":{"line":143,"column":110},"end":{"line":143,"column":115}}]},"16":{"loc":{"start":{"line":144,"column":30},"end":{"line":144,"column":108}},"type":"cond-expr","locations":[{"start":{"line":144,"column":66},"end":{"line":144,"column":101}},{"start":{"line":144,"column":104},"end":{"line":144,"column":108}}]},"17":{"loc":{"start":{"line":144,"column":54},"end":{"line":144,"column":62}},"type":"binary-expr","locations":[{"start":{"line":144,"column":54},"end":{"line":144,"column":58}},{"start":{"line":144,"column":60},"end":{"line":144,"column":62}}]},"18":{"loc":{"start":{"line":145,"column":32},"end":{"line":145,"column":102}},"type":"binary-expr","locations":[{"start":{"line":145,"column":32},"end":{"line":145,"column":47}},{"start":{"line":145,"column":51},"end":{"line":145,"column":77}},{"start":{"line":145,"column":82},"end":{"line":145,"column":101}}]},"19":{"loc":{"start":{"line":145,"column":82},"end":{"line":145,"column":101}},"type":"cond-expr","locations":[{"start":{"line":145,"column":92},"end":{"line":145,"column":97}},{"start":{"line":145,"column":100},"end":{"line":145,"column":101}}]},"20":{"loc":{"start":{"line":145,"column":104},"end":{"line":145,"column":123}},"type":"cond-expr","locations":[{"start":{"line":145,"column":114},"end":{"line":145,"column":119}},{"start":{"line":145,"column":122},"end":{"line":145,"column":123}}]},"21":{"loc":{"start":{"line":147,"column":15},"end":{"line":147,"column":136}},"type":"cond-expr","locations":[{"start":{"line":147,"column":48},"end":{"line":147,"column":57}},{"start":{"line":147,"column":61},"end":{"line":147,"column":135}}]},"22":{"loc":{"start":{"line":147,"column":61},"end":{"line":147,"column":135}},"type":"cond-expr","locations":[{"start":{"line":147,"column":77},"end":{"line":147,"column":92}},{"start":{"line":147,"column":96},"end":{"line":147,"column":134}}]},"23":{"loc":{"start":{"line":147,"column":96},"end":{"line":147,"column":134}},"type":"cond-expr","locations":[{"start":{"line":147,"column":106},"end":{"line":147,"column":121}},{"start":{"line":147,"column":124},"end":{"line":147,"column":134}}]},"24":{"loc":{"start":{"line":149,"column":4},"end":{"line":151,"column":5}},"type":"if","locations":[{"start":{"line":149,"column":4},"end":{"line":151,"column":5}}]},"25":{"loc":{"start":{"line":149,"column":8},"end":{"line":149,"column":96}},"type":"binary-expr","locations":[{"start":{"line":149,"column":8},"end":{"line":149,"column":19}},{"start":{"line":149,"column":23},"end":{"line":149,"column":30}},{"start":{"line":149,"column":34},"end":{"line":149,"column":46}},{"start":{"line":149,"column":50},"end":{"line":149,"column":96}}]},"26":{"loc":{"start":{"line":153,"column":33},"end":{"line":153,"column":90}},"type":"binary-expr","locations":[{"start":{"line":153,"column":33},"end":{"line":153,"column":49}},{"start":{"line":153,"column":54},"end":{"line":153,"column":89}}]},"27":{"loc":{"start":{"line":153,"column":54},"end":{"line":153,"column":89}},"type":"cond-expr","locations":[{"start":{"line":153,"column":84},"end":{"line":153,"column":85}},{"start":{"line":153,"column":88},"end":{"line":153,"column":89}}]},"28":{"loc":{"start":{"line":189,"column":2},"end":{"line":453,"column":3}},"type":"if","locations":[{"start":{"line":189,"column":2},"end":{"line":453,"column":3}}]},"29":{"loc":{"start":{"line":189,"column":6},"end":{"line":189,"column":79}},"type":"binary-expr","locations":[{"start":{"line":189,"column":6},"end":{"line":189,"column":28}},{"start":{"line":189,"column":33},"end":{"line":189,"column":79}}]},"30":{"loc":{"start":{"line":193,"column":4},"end":{"line":452,"column":5}},"type":"if","locations":[{"start":{"line":193,"column":4},"end":{"line":452,"column":5}},{"start":{"line":195,"column":11},"end":{"line":452,"column":5}}]},"31":{"loc":{"start":{"line":197,"column":32},"end":{"line":197,"column":53}},"type":"binary-expr","locations":[{"start":{"line":197,"column":32},"end":{"line":197,"column":48}},{"start":{"line":197,"column":52},"end":{"line":197,"column":53}}]},"32":{"loc":{"start":{"line":199,"column":31},"end":{"line":199,"column":73}},"type":"binary-expr","locations":[{"start":{"line":199,"column":31},"end":{"line":199,"column":46}},{"start":{"line":199,"column":50},"end":{"line":199,"column":73}}]},"33":{"loc":{"start":{"line":200,"column":99},"end":{"line":200,"column":123}},"type":"binary-expr","locations":[{"start":{"line":200,"column":99},"end":{"line":200,"column":117}},{"start":{"line":200,"column":121},"end":{"line":200,"column":123}}]},"34":{"loc":{"start":{"line":202,"column":6},"end":{"line":202,"column":94}},"type":"if","locations":[{"start":{"line":202,"column":6},"end":{"line":202,"column":94}}]},"35":{"loc":{"start":{"line":206,"column":49},"end":{"line":206,"column":65}},"type":"binary-expr","locations":[{"start":{"line":206,"column":49},"end":{"line":206,"column":59}},{"start":{"line":206,"column":63},"end":{"line":206,"column":65}}]},"36":{"loc":{"start":{"line":208,"column":8},"end":{"line":208,"column":36}},"type":"if","locations":[{"start":{"line":208,"column":8},"end":{"line":208,"column":36}}]},"37":{"loc":{"start":{"line":209,"column":8},"end":{"line":219,"column":9}},"type":"if","locations":[{"start":{"line":209,"column":8},"end":{"line":219,"column":9}}]},"38":{"loc":{"start":{"line":211,"column":10},"end":{"line":217,"column":11}},"type":"if","locations":[{"start":{"line":211,"column":10},"end":{"line":217,"column":11}}]},"39":{"loc":{"start":{"line":211,"column":14},"end":{"line":211,"column":46}},"type":"binary-expr","locations":[{"start":{"line":211,"column":14},"end":{"line":211,"column":15}},{"start":{"line":211,"column":19},"end":{"line":211,"column":46}}]},"40":{"loc":{"start":{"line":213,"column":12},"end":{"line":215,"column":13}},"type":"if","locations":[{"start":{"line":213,"column":12},"end":{"line":215,"column":13}}]},"41":{"loc":{"start":{"line":213,"column":16},"end":{"line":213,"column":101}},"type":"binary-expr","locations":[{"start":{"line":213,"column":16},"end":{"line":213,"column":64}},{"start":{"line":213,"column":68},"end":{"line":213,"column":101}}]},"42":{"loc":{"start":{"line":220,"column":8},"end":{"line":220,"column":65}},"type":"if","locations":[{"start":{"line":220,"column":8},"end":{"line":220,"column":65}}]},"43":{"loc":{"start":{"line":221,"column":8},"end":{"line":221,"column":144}},"type":"if","locations":[{"start":{"line":221,"column":8},"end":{"line":221,"column":144}}]},"44":{"loc":{"start":{"line":224,"column":39},"end":{"line":224,"column":83}},"type":"binary-expr","locations":[{"start":{"line":224,"column":39},"end":{"line":224,"column":60}},{"start":{"line":224,"column":64},"end":{"line":224,"column":83}}]},"45":{"loc":{"start":{"line":229,"column":10},"end":{"line":238,"column":11}},"type":"if","locations":[{"start":{"line":229,"column":10},"end":{"line":238,"column":11}}]},"46":{"loc":{"start":{"line":229,"column":14},"end":{"line":229,"column":114}},"type":"binary-expr","locations":[{"start":{"line":229,"column":14},"end":{"line":229,"column":43}},{"start":{"line":229,"column":47},"end":{"line":229,"column":83}},{"start":{"line":229,"column":87},"end":{"line":229,"column":114}}]},"47":{"loc":{"start":{"line":232,"column":12},"end":{"line":237,"column":13}},"type":"if","locations":[{"start":{"line":232,"column":12},"end":{"line":237,"column":13}}]},"48":{"loc":{"start":{"line":232,"column":16},"end":{"line":232,"column":51}},"type":"binary-expr","locations":[{"start":{"line":232,"column":16},"end":{"line":232,"column":32}},{"start":{"line":232,"column":36},"end":{"line":232,"column":45}},{"start":{"line":232,"column":49},"end":{"line":232,"column":51}}]},"49":{"loc":{"start":{"line":234,"column":27},"end":{"line":234,"column":84}},"type":"cond-expr","locations":[{"start":{"line":234,"column":55},"end":{"line":234,"column":60}},{"start":{"line":234,"column":63},"end":{"line":234,"column":84}}]},"50":{"loc":{"start":{"line":236,"column":14},"end":{"line":236,"column":95}},"type":"if","locations":[{"start":{"line":236,"column":14},"end":{"line":236,"column":95}}]},"51":{"loc":{"start":{"line":239,"column":10},"end":{"line":257,"column":11}},"type":"if","locations":[{"start":{"line":239,"column":10},"end":{"line":257,"column":11}}]},"52":{"loc":{"start":{"line":239,"column":14},"end":{"line":239,"column":108}},"type":"binary-expr","locations":[{"start":{"line":239,"column":14},"end":{"line":239,"column":43}},{"start":{"line":239,"column":47},"end":{"line":239,"column":77}},{"start":{"line":239,"column":81},"end":{"line":239,"column":108}}]},"53":{"loc":{"start":{"line":241,"column":12},"end":{"line":256,"column":13}},"type":"if","locations":[{"start":{"line":241,"column":12},"end":{"line":256,"column":13}}]},"54":{"loc":{"start":{"line":241,"column":16},"end":{"line":241,"column":60}},"type":"binary-expr","locations":[{"start":{"line":241,"column":16},"end":{"line":241,"column":35}},{"start":{"line":241,"column":39},"end":{"line":241,"column":54}},{"start":{"line":241,"column":58},"end":{"line":241,"column":60}}]},"55":{"loc":{"start":{"line":243,"column":26},"end":{"line":243,"column":83}},"type":"cond-expr","locations":[{"start":{"line":243,"column":54},"end":{"line":243,"column":59}},{"start":{"line":243,"column":62},"end":{"line":243,"column":83}}]},"56":{"loc":{"start":{"line":246,"column":31},"end":{"line":246,"column":106}},"type":"cond-expr","locations":[{"start":{"line":246,"column":42},"end":{"line":246,"column":94}},{"start":{"line":246,"column":97},"end":{"line":246,"column":106}}]},"57":{"loc":{"start":{"line":247,"column":14},"end":{"line":255,"column":15}},"type":"if","locations":[{"start":{"line":247,"column":14},"end":{"line":255,"column":15}}]},"58":{"loc":{"start":{"line":250,"column":30},"end":{"line":250,"column":80}},"type":"cond-expr","locations":[{"start":{"line":250,"column":57},"end":{"line":250,"column":73}},{"start":{"line":250,"column":76},"end":{"line":250,"column":80}}]},"59":{"loc":{"start":{"line":251,"column":31},"end":{"line":251,"column":71}},"type":"cond-expr","locations":[{"start":{"line":251,"column":58},"end":{"line":251,"column":66}},{"start":{"line":251,"column":69},"end":{"line":251,"column":71}}]},"60":{"loc":{"start":{"line":252,"column":32},"end":{"line":252,"column":91}},"type":"binary-expr","locations":[{"start":{"line":252,"column":32},"end":{"line":252,"column":80}},{"start":{"line":252,"column":84},"end":{"line":252,"column":91}}]},"61":{"loc":{"start":{"line":252,"column":58},"end":{"line":252,"column":70}},"type":"binary-expr","locations":[{"start":{"line":252,"column":58},"end":{"line":252,"column":66}},{"start":{"line":252,"column":68},"end":{"line":252,"column":70}}]},"62":{"loc":{"start":{"line":253,"column":18},"end":{"line":253,"column":121}},"type":"if","locations":[{"start":{"line":253,"column":18},"end":{"line":253,"column":121}}]},"63":{"loc":{"start":{"line":259,"column":10},"end":{"line":275,"column":11}},"type":"if","locations":[{"start":{"line":259,"column":10},"end":{"line":275,"column":11}}]},"64":{"loc":{"start":{"line":259,"column":14},"end":{"line":259,"column":77}},"type":"binary-expr","locations":[{"start":{"line":259,"column":14},"end":{"line":259,"column":43}},{"start":{"line":259,"column":47},"end":{"line":259,"column":77}}]},"65":{"loc":{"start":{"line":262,"column":26},"end":{"line":262,"column":158}},"type":"cond-expr","locations":[{"start":{"line":262,"column":78},"end":{"line":262,"column":104}},{"start":{"line":262,"column":107},"end":{"line":262,"column":158}}]},"66":{"loc":{"start":{"line":262,"column":122},"end":{"line":262,"column":157}},"type":"binary-expr","locations":[{"start":{"line":262,"column":122},"end":{"line":262,"column":151}},{"start":{"line":262,"column":155},"end":{"line":262,"column":157}}]},"67":{"loc":{"start":{"line":264,"column":14},"end":{"line":264,"column":76}},"type":"if","locations":[{"start":{"line":264,"column":14},"end":{"line":264,"column":76}}]},"68":{"loc":{"start":{"line":264,"column":18},"end":{"line":264,"column":45}},"type":"binary-expr","locations":[{"start":{"line":264,"column":18},"end":{"line":264,"column":19}},{"start":{"line":264,"column":23},"end":{"line":264,"column":45}}]},"69":{"loc":{"start":{"line":266,"column":12},"end":{"line":274,"column":13}},"type":"if","locations":[{"start":{"line":266,"column":12},"end":{"line":274,"column":13}}]},"70":{"loc":{"start":{"line":269,"column":28},"end":{"line":269,"column":81}},"type":"cond-expr","locations":[{"start":{"line":269,"column":56},"end":{"line":269,"column":73}},{"start":{"line":269,"column":76},"end":{"line":269,"column":81}}]},"71":{"loc":{"start":{"line":270,"column":29},"end":{"line":270,"column":71}},"type":"cond-expr","locations":[{"start":{"line":270,"column":57},"end":{"line":270,"column":66}},{"start":{"line":270,"column":69},"end":{"line":270,"column":71}}]},"72":{"loc":{"start":{"line":271,"column":29},"end":{"line":271,"column":68}},"type":"binary-expr","locations":[{"start":{"line":271,"column":29},"end":{"line":271,"column":57}},{"start":{"line":271,"column":61},"end":{"line":271,"column":68}}]},"73":{"loc":{"start":{"line":272,"column":16},"end":{"line":272,"column":66}},"type":"if","locations":[{"start":{"line":272,"column":16},"end":{"line":272,"column":66}}]},"74":{"loc":{"start":{"line":276,"column":10},"end":{"line":278,"column":11}},"type":"if","locations":[{"start":{"line":276,"column":10},"end":{"line":278,"column":11}}]},"75":{"loc":{"start":{"line":276,"column":14},"end":{"line":276,"column":134}},"type":"binary-expr","locations":[{"start":{"line":276,"column":14},"end":{"line":276,"column":43}},{"start":{"line":276,"column":47},"end":{"line":276,"column":78}},{"start":{"line":276,"column":82},"end":{"line":276,"column":109}},{"start":{"line":276,"column":113},"end":{"line":276,"column":134}}]},"76":{"loc":{"start":{"line":285,"column":10},"end":{"line":297,"column":11}},"type":"if","locations":[{"start":{"line":285,"column":10},"end":{"line":297,"column":11}}]},"77":{"loc":{"start":{"line":285,"column":14},"end":{"line":285,"column":96}},"type":"binary-expr","locations":[{"start":{"line":285,"column":14},"end":{"line":285,"column":43}},{"start":{"line":285,"column":47},"end":{"line":285,"column":96}}]},"78":{"loc":{"start":{"line":286,"column":27},"end":{"line":286,"column":68}},"type":"cond-expr","locations":[{"start":{"line":286,"column":51},"end":{"line":286,"column":64}},{"start":{"line":286,"column":67},"end":{"line":286,"column":68}}]},"79":{"loc":{"start":{"line":287,"column":25},"end":{"line":287,"column":71}},"type":"cond-expr","locations":[{"start":{"line":287,"column":55},"end":{"line":287,"column":66}},{"start":{"line":287,"column":69},"end":{"line":287,"column":71}}]},"80":{"loc":{"start":{"line":288,"column":50},"end":{"line":288,"column":166}},"type":"binary-expr","locations":[{"start":{"line":288,"column":50},"end":{"line":288,"column":101}},{"start":{"line":288,"column":106},"end":{"line":288,"column":129}},{"start":{"line":288,"column":133},"end":{"line":288,"column":165}}]},"81":{"loc":{"start":{"line":288,"column":57},"end":{"line":288,"column":70}},"type":"binary-expr","locations":[{"start":{"line":288,"column":57},"end":{"line":288,"column":64}},{"start":{"line":288,"column":68},"end":{"line":288,"column":70}}]},"82":{"loc":{"start":{"line":288,"column":140},"end":{"line":288,"column":154}},"type":"binary-expr","locations":[{"start":{"line":288,"column":140},"end":{"line":288,"column":148}},{"start":{"line":288,"column":152},"end":{"line":288,"column":154}}]},"83":{"loc":{"start":{"line":289,"column":12},"end":{"line":289,"column":71}},"type":"if","locations":[{"start":{"line":289,"column":12},"end":{"line":289,"column":71}}]},"84":{"loc":{"start":{"line":292,"column":59},"end":{"line":292,"column":70}},"type":"binary-expr","locations":[{"start":{"line":292,"column":59},"end":{"line":292,"column":66}},{"start":{"line":292,"column":68},"end":{"line":292,"column":70}}]},"85":{"loc":{"start":{"line":293,"column":14},"end":{"line":295,"column":15}},"type":"if","locations":[{"start":{"line":293,"column":14},"end":{"line":295,"column":15}}]},"86":{"loc":{"start":{"line":293,"column":18},"end":{"line":293,"column":126}},"type":"binary-expr","locations":[{"start":{"line":293,"column":18},"end":{"line":293,"column":42}},{"start":{"line":293,"column":46},"end":{"line":293,"column":106}},{"start":{"line":293,"column":110},"end":{"line":293,"column":126}}]},"87":{"loc":{"start":{"line":298,"column":10},"end":{"line":304,"column":11}},"type":"if","locations":[{"start":{"line":298,"column":10},"end":{"line":304,"column":11}}]},"88":{"loc":{"start":{"line":299,"column":27},"end":{"line":299,"column":68}},"type":"cond-expr","locations":[{"start":{"line":299,"column":51},"end":{"line":299,"column":64}},{"start":{"line":299,"column":67},"end":{"line":299,"column":68}}]},"89":{"loc":{"start":{"line":300,"column":25},"end":{"line":300,"column":192}},"type":"cond-expr","locations":[{"start":{"line":300,"column":55},"end":{"line":300,"column":66}},{"start":{"line":300,"column":70},"end":{"line":300,"column":191}}]},"90":{"loc":{"start":{"line":300,"column":70},"end":{"line":300,"column":191}},"type":"cond-expr","locations":[{"start":{"line":300,"column":101},"end":{"line":300,"column":186}},{"start":{"line":300,"column":189},"end":{"line":300,"column":191}}]},"91":{"loc":{"start":{"line":301,"column":80},"end":{"line":301,"column":95}},"type":"binary-expr","locations":[{"start":{"line":301,"column":80},"end":{"line":301,"column":89}},{"start":{"line":301,"column":93},"end":{"line":301,"column":95}}]},"92":{"loc":{"start":{"line":303,"column":12},"end":{"line":303,"column":105}},"type":"if","locations":[{"start":{"line":303,"column":12},"end":{"line":303,"column":105}}]},"93":{"loc":{"start":{"line":303,"column":16},"end":{"line":303,"column":61}},"type":"binary-expr","locations":[{"start":{"line":303,"column":16},"end":{"line":303,"column":28}},{"start":{"line":303,"column":33},"end":{"line":303,"column":44}},{"start":{"line":303,"column":48},"end":{"line":303,"column":60}}]},"94":{"loc":{"start":{"line":303,"column":77},"end":{"line":303,"column":104}},"type":"binary-expr","locations":[{"start":{"line":303,"column":77},"end":{"line":303,"column":88}},{"start":{"line":303,"column":92},"end":{"line":303,"column":104}}]},"95":{"loc":{"start":{"line":311,"column":33},"end":{"line":311,"column":91}},"type":"binary-expr","locations":[{"start":{"line":311,"column":33},"end":{"line":311,"column":86}},{"start":{"line":311,"column":90},"end":{"line":311,"column":91}}]},"96":{"loc":{"start":{"line":318,"column":6},"end":{"line":449,"column":7}},"type":"if","locations":[{"start":{"line":318,"column":6},"end":{"line":449,"column":7}}]},"97":{"loc":{"start":{"line":334,"column":31},"end":{"line":334,"column":49}},"type":"binary-expr","locations":[{"start":{"line":334,"column":31},"end":{"line":334,"column":43}},{"start":{"line":334,"column":47},"end":{"line":334,"column":49}}]},"98":{"loc":{"start":{"line":335,"column":28},"end":{"line":335,"column":126}},"type":"binary-expr","locations":[{"start":{"line":335,"column":28},"end":{"line":335,"column":48}},{"start":{"line":335,"column":52},"end":{"line":335,"column":78}},{"start":{"line":335,"column":82},"end":{"line":335,"column":103}},{"start":{"line":335,"column":107},"end":{"line":335,"column":126}}]},"99":{"loc":{"start":{"line":336,"column":12},"end":{"line":397,"column":13}},"type":"if","locations":[{"start":{"line":336,"column":12},"end":{"line":397,"column":13}}]},"100":{"loc":{"start":{"line":338,"column":35},"end":{"line":338,"column":45}},"type":"binary-expr","locations":[{"start":{"line":338,"column":35},"end":{"line":338,"column":39}},{"start":{"line":338,"column":43},"end":{"line":338,"column":45}}]},"101":{"loc":{"start":{"line":338,"column":61},"end":{"line":338,"column":128}},"type":"cond-expr","locations":[{"start":{"line":338,"column":93},"end":{"line":338,"column":101}},{"start":{"line":338,"column":104},"end":{"line":338,"column":128}}]},"102":{"loc":{"start":{"line":340,"column":32},"end":{"line":340,"column":42}},"type":"binary-expr","locations":[{"start":{"line":340,"column":32},"end":{"line":340,"column":36}},{"start":{"line":340,"column":40},"end":{"line":340,"column":42}}]},"103":{"loc":{"start":{"line":342,"column":30},"end":{"line":342,"column":94}},"type":"cond-expr","locations":[{"start":{"line":342,"column":62},"end":{"line":342,"column":82}},{"start":{"line":342,"column":85},"end":{"line":342,"column":94}}]},"104":{"loc":{"start":{"line":343,"column":20},"end":{"line":343,"column":113}},"type":"if","locations":[{"start":{"line":343,"column":20},"end":{"line":343,"column":113}}]},"105":{"loc":{"start":{"line":343,"column":24},"end":{"line":343,"column":90}},"type":"binary-expr","locations":[{"start":{"line":343,"column":24},"end":{"line":343,"column":25}},{"start":{"line":343,"column":29},"end":{"line":343,"column":50}},{"start":{"line":343,"column":54},"end":{"line":343,"column":90}}]},"106":{"loc":{"start":{"line":350,"column":44},"end":{"line":350,"column":64}},"type":"binary-expr","locations":[{"start":{"line":350,"column":44},"end":{"line":350,"column":60}},{"start":{"line":350,"column":62},"end":{"line":350,"column":64}}]},"107":{"loc":{"start":{"line":351,"column":34},"end":{"line":351,"column":92}},"type":"binary-expr","locations":[{"start":{"line":351,"column":34},"end":{"line":351,"column":86}},{"start":{"line":351,"column":90},"end":{"line":351,"column":92}}]},"108":{"loc":{"start":{"line":352,"column":29},"end":{"line":352,"column":53}},"type":"binary-expr","locations":[{"start":{"line":352,"column":29},"end":{"line":352,"column":47}},{"start":{"line":352,"column":51},"end":{"line":352,"column":53}}]},"109":{"loc":{"start":{"line":353,"column":31},"end":{"line":353,"column":110}},"type":"cond-expr","locations":[{"start":{"line":353,"column":56},"end":{"line":353,"column":98}},{"start":{"line":353,"column":101},"end":{"line":353,"column":110}}]},"110":{"loc":{"start":{"line":357,"column":45},"end":{"line":357,"column":149}},"type":"cond-expr","locations":[{"start":{"line":357,"column":102},"end":{"line":357,"column":145}},{"start":{"line":357,"column":148},"end":{"line":357,"column":149}}]},"111":{"loc":{"start":{"line":357,"column":45},"end":{"line":357,"column":99}},"type":"binary-expr","locations":[{"start":{"line":357,"column":45},"end":{"line":357,"column":70}},{"start":{"line":357,"column":74},"end":{"line":357,"column":99}}]},"112":{"loc":{"start":{"line":358,"column":37},"end":{"line":358,"column":179}},"type":"cond-expr","locations":[{"start":{"line":358,"column":98},"end":{"line":358,"column":173}},{"start":{"line":358,"column":176},"end":{"line":358,"column":179}}]},"113":{"loc":{"start":{"line":358,"column":67},"end":{"line":358,"column":93}},"type":"binary-expr","locations":[{"start":{"line":358,"column":67},"end":{"line":358,"column":89}},{"start":{"line":358,"column":91},"end":{"line":358,"column":93}}]},"114":{"loc":{"start":{"line":358,"column":105},"end":{"line":358,"column":172}},"type":"binary-expr","locations":[{"start":{"line":358,"column":105},"end":{"line":358,"column":165}},{"start":{"line":358,"column":169},"end":{"line":358,"column":172}}]},"115":{"loc":{"start":{"line":365,"column":26},"end":{"line":365,"column":59}},"type":"cond-expr","locations":[{"start":{"line":365,"column":43},"end":{"line":365,"column":47}},{"start":{"line":365,"column":50},"end":{"line":365,"column":59}}]},"116":{"loc":{"start":{"line":366,"column":37},"end":{"line":366,"column":86}},"type":"cond-expr","locations":[{"start":{"line":366,"column":62},"end":{"line":366,"column":74}},{"start":{"line":366,"column":77},"end":{"line":366,"column":86}}]},"117":{"loc":{"start":{"line":369,"column":34},"end":{"line":369,"column":115}},"type":"cond-expr","locations":[{"start":{"line":369,"column":60},"end":{"line":369,"column":102}},{"start":{"line":369,"column":106},"end":{"line":369,"column":115}}]},"118":{"loc":{"start":{"line":370,"column":40},"end":{"line":370,"column":95}},"type":"cond-expr","locations":[{"start":{"line":370,"column":59},"end":{"line":370,"column":60}},{"start":{"line":370,"column":63},"end":{"line":370,"column":95}}]},"119":{"loc":{"start":{"line":371,"column":42},"end":{"line":371,"column":89}},"type":"binary-expr","locations":[{"start":{"line":371,"column":42},"end":{"line":371,"column":66}},{"start":{"line":371,"column":70},"end":{"line":371,"column":89}}]},"120":{"loc":{"start":{"line":401,"column":31},"end":{"line":401,"column":49}},"type":"binary-expr","locations":[{"start":{"line":401,"column":31},"end":{"line":401,"column":43}},{"start":{"line":401,"column":47},"end":{"line":401,"column":49}}]},"121":{"loc":{"start":{"line":402,"column":12},"end":{"line":410,"column":13}},"type":"if","locations":[{"start":{"line":402,"column":12},"end":{"line":410,"column":13}}]},"122":{"loc":{"start":{"line":403,"column":35},"end":{"line":403,"column":45}},"type":"binary-expr","locations":[{"start":{"line":403,"column":35},"end":{"line":403,"column":39}},{"start":{"line":403,"column":43},"end":{"line":403,"column":45}}]},"123":{"loc":{"start":{"line":403,"column":61},"end":{"line":403,"column":128}},"type":"cond-expr","locations":[{"start":{"line":403,"column":93},"end":{"line":403,"column":101}},{"start":{"line":403,"column":104},"end":{"line":403,"column":128}}]},"124":{"loc":{"start":{"line":404,"column":36},"end":{"line":404,"column":94}},"type":"cond-expr","locations":[{"start":{"line":404,"column":89},"end":{"line":404,"column":90}},{"start":{"line":404,"column":93},"end":{"line":404,"column":94}}]},"125":{"loc":{"start":{"line":405,"column":32},"end":{"line":405,"column":113}},"type":"cond-expr","locations":[{"start":{"line":405,"column":108},"end":{"line":405,"column":109}},{"start":{"line":405,"column":112},"end":{"line":405,"column":113}
[...]
,"93":{"start":{"line":329,"column":27},"end":{"line":332,"column":6}},"94":{"start":{"line":330,"column":23},"end":{"line":330,"column":75}},"95":{"start":{"line":331,"column":6},"end":{"line":331,"column":47}},"96":{"start":{"line":334,"column":22},"end":{"line":334,"column":63}},"97":{"start":{"line":336,"column":28},"end":{"line":339,"column":70}},"98":{"start":{"line":338,"column":16},"end":{"line":338,"column":47}},"99":{"start":{"line":339,"column":39},"end":{"line":339,"column":69}},"100":{"start":{"line":341,"column":4},"end":{"line":348,"column":6}},"101":{"start":{"line":362,"column":26},"end":{"line":369,"column":61}},"102":{"start":{"line":363,"column":18},"end":{"line":363,"column":50}},"103":{"start":{"line":364,"column":6},"end":{"line":366,"column":7}},"104":{"start":{"line":365,"column":8},"end":{"line":365,"column":25}},"105":{"start":{"line":367,"column":6},"end":{"line":367,"column":33}},"106":{"start":{"line":368,"column":6},"end":{"line":368,"column":20}},"107":{"start":{"line":372,"column":25},"end":{"line":379,"column":7}},"108":{"start":{"line":372,"column":82},"end":{"line":379,"column":6}},"109":{"start":{"line":375,"column":40},"end":{"line":375,"column":100}},"110":{"start":{"line":382,"column":28},"end":{"line":388,"column":40}},"111":{"start":{"line":383,"column":25},"end":{"line":385,"column":14}},"112":{"start":{"line":384,"column":8},"end":{"line":384,"column":45}},"113":{"start":{"line":386,"column":6},"end":{"line":386,"column":65}},"114":{"start":{"line":387,"column":6},"end":{"line":387,"column":25}},"115":{"start":{"line":390,"column":4},"end":{"line":404,"column":6}}},"fnMap":{"0":{"name":"(anonymous_0)","decl":{"start":{"line":43,"column":2},"end":{"line":43,"column":22}},"loc":{"start":{"line":43,"column":56},"end":{"line":43,"column":60}}},"1":{"name":"(anonymous_1)","decl":{"start":{"line":49,"column":2},"end":{"line":49,"column":7}},"loc":{"start":{"line":52,"column":22},"end":{"line":78,"column":3}}},"2":{"name":"(anonymous_2)","decl":{"start":{"line":72,"column":14},"end":{"line":72,"column":15}},"loc":{"start":{"line":72,"column":24},"end":{"line":72,"column":77}}},"3":{"name":"(anonymous_3)","decl":{"start":{"line":83,"column":2},"end":{"line":83,"column":7}},"loc":{"start":{"line":93,"column":5},"end":{"line":129,"column":3}}},"4":{"name":"(anonymous_4)","decl":{"start":{"line":103,"column":40},"end":{"line":103,"column":41}},"loc":{"start":{"line":103,"column":45},"end":{"line":103,"column":56}}},"5":{"name":"(anonymous_5)","decl":{"start":{"line":104,"column":45},"end":{"line":104,"column":47}},"loc":{"start":{"line":104,"column":51},"end":{"line":104,"column":68}}},"6":{"name":"(anonymous_6)","decl":{"start":{"line":105,"column":48},"end":{"line":105,"column":50}},"loc":{"start":{"line":105,"column":54},"end":{"line":105,"column":70}}},"7":{"name":"(anonymous_7)","decl":{"start":{"line":117,"column":40},"end":{"line":117,"column":41}},"loc":{"start":{"line":117,"column":45},"end":{"line":117,"column":56}}},"8":{"name":"(anonymous_8)","decl":{"start":{"line":118,"column":48},"end":{"line":118,"column":50}},"loc":{"start":{"line":118,"column":54},"end":{"line":118,"column":75}}},"9":{"name":"(anonymous_9)","decl":{"start":{"line":134,"column":2},"end":{"line":134,"column":7}},"loc":{"start":{"line":136,"column":31},"end":{"line":166,"column":3}}},"10":{"name":"(anonymous_11)","decl":{"start":{"line":200,"column":10},"end":{"line":200,"column":34}},"loc":{"start":{"line":200,"column":80},"end":{"line":210,"column":3}}},"11":{"name":"(anonymous_12)","decl":{"start":{"line":202,"column":27},"end":{"line":202,"column":28}},"loc":{"start":{"line":202,"column":32},"end":{"line":202,"column":43}}},"12":{"name":"(anonymous_13)","decl":{"start":{"line":203,"column":32},"end":{"line":203,"column":34}},"loc":{"start":{"line":203,"column":38},"end":{"line":203,"column":55}}},"13":{"name":"(anonymous_14)","decl":{"start":{"line":204,"column":35},"end":{"line":204,"column":37}},"loc":{"start":{"line":204,"column":41},"end":{"line":204,"column":57}}},"14":{"name":"(anonymous_15)","decl":{"start":{"line":212,"column":10},"end":{"line":212,"column":42}},"loc":{"start":{"line":214,"column":34},"end":{"line":231,"column":3}}},"15":{"name":"(anonymous_16)","decl":{"start":{"line":216,"column":23},"end":{"line":216,"column":29}},"loc":{"start":{"line":216,"column":32},"end":{"line":230,"column":5}}},"16":{"name":"(anonymous_17)","decl":{"start":{"line":233,"column":10},"end":{"line":233,"column":42}},"loc":{"start":{"line":233,"column":101},"end":{"line":256,"column":3}}},"17":{"name":"(anonymous_18)","decl":{"start":{"line":239,"column":49},"end":{"line":239,"column":53}},"loc":{"start":{"line":240,"column":8},"end":{"line":240,"column":44}}},"18":{"name":"(anonymous_19)","decl":{"start":{"line":240,"column":18},"end":{"line":240,"column":21}},"loc":{"start":{"line":240,"column":25},"end":{"line":240,"column":43}}},"19":{"name":"(anonymous_20)","decl":{"start":{"line":245,"column":20},"end":{"line":245,"column":23}},"loc":{"start":{"line":245,"column":27},"end":{"line":245,"column":62}}},"20":{"name":"(anonymous_21)","decl":{"start":{"line":250,"column":20},"end":{"line":250,"column":23}},"loc":{"start":{"line":250,"column":27},"end":{"line":250,"column":57}}},"21":{"name":"(anonymous_22)","decl":{"start":{"line":258,"column":10},"end":{"line":258,"column":29}},"loc":{"start":{"line":258,"column":56},"end":{"line":275,"column":3}}},"22":{"name":"(anonymous_23)","decl":{"start":{"line":277,"column":10},"end":{"line":277,"column":24}},"loc":{"start":{"line":277,"column":51},"end":{"line":285,"column":3}}},"23":{"name":"(anonymous_24)","decl":{"start":{"line":287,"column":10},"end":{"line":287,"column":27}},"loc":{"start":{"line":287,"column":54},"end":{"line":302,"column":3}}},"24":{"name":"(anonymous_25)","decl":{"start":{"line":304,"column":10},"end":{"line":304,"column":42}},"loc":{"start":{"line":304,"column":69},"end":{"line":308,"column":3}}},"25":{"name":"(anonymous_26)","decl":{"start":{"line":310,"column":10},"end":{"line":310,"column":29}},"loc":{"start":{"line":312,"column":26},"end":{"line":349,"column":3}}},"26":{"name":"(anonymous_27)","decl":{"start":{"line":329,"column":43},"end":{"line":329,"column":44}},"loc":{"start":{"line":329,"column":47},"end":{"line":332,"column":5}}},"27":{"name":"(anonymous_28)","decl":{"start":{"line":338,"column":11},"end":{"line":338,"column":12}},"loc":{"start":{"line":338,"column":16},"end":{"line":338,"column":47}}},"28":{"name":"(anonymous_29)","decl":{"start":{"line":339,"column":14},"end":{"line":339,"column":15}},"loc":{"start":{"line":339,"column":39},"end":{"line":339,"column":69}}},"29":{"name":"(anonymous_30)","decl":{"start":{"line":351,"column":10},"end":{"line":351,"column":23}},"loc":{"start":{"line":354,"column":26},"end":{"line":405,"column":3}}},"30":{"name":"(anonymous_31)","decl":{"start":{"line":362,"column":42},"end":{"line":362,"column":43}},"loc":{"start":{"line":362,"column":62},"end":{"line":369,"column":5}}},"31":{"name":"(anonymous_32)","decl":{"start":{"line":372,"column":59},"end":{"line":372,"column":60}},"loc":{"start":{"line":372,"column":82},"end":{"line":379,"column":6}}},"32":{"name":"(anonymous_33)","decl":{"start":{"line":375,"column":35},"end":{"line":375,"column":36}},"loc":{"start":{"line":375,"column":40},"end":{"line":375,"column":100}}},"33":{"name":"(anonymous_34)","decl":{"start":{"line":382,"column":49},"end":{"line":382,"column":50}},"loc":{"start":{"line":382,"column":71},"end":{"line":388,"column":5}}},"34":{"name":"(anonymous_35)","decl":{"start":{"line":383,"column":41},"end":{"line":383,"column":42}},"loc":{"start":{"line":384,"column":8},"end":{"line":384,"column":45}}}},"branchMap":{"0":{"loc":{"start":{"line":52,"column":4},"end":{"line":52,"column":22}},"type":"default-arg","locations":[{"start":{"line":52,"column":20},"end":{"line":52,"column":22}}]},"1":{"loc":{"start":{"line":121,"column":6},"end":{"line":121,"column":99}},"type":"if","locations":[{"start":{"line":121,"column":6},"end":{"line":121,"column":99}}]},"2":{"loc":{"start":{"line":122,"column":6},"end":{"line":122,"column":102}},"type":"if","locations":[{"start":{"line":122,"column":6},"end":{"line":122,"column":102}}]},"3":{"loc":{"start":{"line":136,"column":4},"end":{"line":136,"column":31}},"type":"default-arg","locations":[{"start":{"line":136,"column":29},"end":{"line":136,"column":31}}]},"4":{"loc":{"start":{"line":173,"column":4},"end":{"line":173,"column":32}},"type":"default-arg","locations":[{"start":{"line":173,"column":29},"end":{"line":173,"column":32}}]},"5":{"loc":{"start":{"line":226,"column":6},"end":{"line":226,"column":72}},"type":"if","locations":[{"start":{"line":226,"column":6},"end":{"line":226,"column":72}}]},"6":{"loc":{"start":{"line":228,"column":6},"end":{"line":228,"column":70}},"type":"if","locations":[{"start":{"line":228,"column":6},"end":{"line":228,"column":70}}]},"7":{"loc":{"start":{"line":234,"column":25},"end":{"line":234,"column":47}},"type":"binary-expr","locations":[{"start":{"line":234,"column":25},"end":{"line":234,"column":42}},{"start":{"line":234,"column":46},"end":{"line":234,"column":47}}]},"8":{"loc":{"start":{"line":237,"column":4},"end":{"line":253,"column":5}},"type":"if","locations":[{"start":{"line":237,"column":4},"end":{"line":253,"column":5}}]},"9":{"loc":{"start":{"line":238,"column":19},"end":{"line":238,"column":43}},"type":"binary-expr","locations":[{"start":{"line":238,"column":19},"end":{"line":238,"column":37}},{"start":{"line":238,"column":41},"end":{"line":238,"column":43}}]},"10":{"loc":{"start":{"line":245,"column":6},"end":{"line":247,"column":7}},"type":"if","locations":[{"start":{"line":245,"column":6},"end":{"line":247,"column":7}}]},"11":{"loc":{"start":{"line":250,"column":6},"end":{"line":252,"column":7}},"type":"if","locations":[{"start":{"line":250,"column":6},"end":{"line":252,"column":7}}]},"12":{"loc":{"start":{"line":261,"column":4},"end":{"line":263,"column":5}},"type":"if","locations":[{"start":{"line":261,"column":4},"end":{"line":263,"column":5}}]},"13":{"loc":{"start":{"line":261,"column":8},"end":{"line":261,"column":101}},"type":"binary-expr","locations":[{"start":{"line":261,"column":8},"end":{"line":261,"column":32}},{"start":{"line":261,"column":37},"end":{"line":261,"column":65}},{"start":{"line":261,"column":69},"end":{"line":261,"column":100}}]},"14":{"loc":{"start":{"line":264,"column":4},"end":{"line":266,"column":5}},"type":"if","locations":[{"start":{"line":264,"column":4},"end":{"line":266,"column":5}}]},"15":{"loc":{"start":{"line":264,"column":8},"end":{"line":264,"column":101}},"type":"binary-expr","locations":[{"start":{"line":264,"column":8},"end":{"line":264,"column":36}},{"start":{"line":264,"column":41},"end":{"line":264,"column":66}},{"start":{"line":264,"column":70},"end":{"line":264,"column":100}}]},"16":{"loc":{"start":{"line":267,"column":4},"end":{"line":269,"column":5}},"type":"if","locations":[{"start":{"line":267,"column":4},"end":{"line":269,"column":5}}]},"17":{"loc":{"start":{"line":267,"column":8},"end":{"line":267,"column":71}},"type":"binary-expr","locations":[{"start":{"line":267,"column":8},"end":{"line":267,"column":35}},{"start":{"line":267,"column":39},"end":{"line":267,"column":71}}]},"18":{"loc":{"start":{"line":270,"column":4},"end":{"line":272,"column":5}},"type":"if","locations":[{"start":{"line":270,"column":4},"end":{"line":272,"column":5}}]},"19":{"loc":{"start":{"line":270,"column":8},"end":{"line":270,"column":64}},"type":"binary-expr","locations":[{"start":{"line":270,"column":8},"end":{"line":270,"column":33}},{"start":{"line":270,"column":37},"end":{"line":270,"column":64}}]},"20":{"loc":{"start":{"line":278,"column":4},"end":{"line":280,"column":5}},"type":"if","locations":[{"start":{"line":278,"column":4},"end":{"line":280,"column":5}}]},"21":{"loc":{"start":{"line":278,"column":8},"end":{"line":278,"column":78}},"type":"binary-expr","locations":[{"start":{"line":278,"column":8},"end":{"line":278,"column":38}},{"start":{"line":278,"column":42},"end":{"line":278,"column":78}}]},"22":{"loc":{"start":{"line":281,"column":4},"end":{"line":283,"column":5}},"type":"if","locations":[{"start":{"line":281,"column":4},"end":{"line":283,"column":5}}]},"23":{"loc":{"start":{"line":282,"column":52},"end":{"line":282,"column":81}},"type":"binary-expr","locations":[{"start":{"line":282,"column":52},"end":{"line":282,"column":75}},{"start":{"line":282,"column":79},"end":{"line":282,"column":81}}]},"24":{"loc":{"start":{"line":282,"column":85},"end":{"line":282,"column":115}},"type":"binary-expr","locations":[{"start":{"line":282,"column":85},"end":{"line":282,"column":109}},{"start":{"line":282,"column":113},"end":{"line":282,"column":115}}]},"25":{"loc":{"start":{"line":288,"column":4},"end":{"line":290,"column":5}},"type":"if","locations":[{"start":{"line":288,"column":4},"end":{"line":290,"column":5}}]},"26":{"loc":{"start":{"line":291,"column":4},"end":{"line":300,"column":5}},"type":"if","locations":[{"start":{"line":291,"column":4},"end":{"line":300,"column":5}}]},"27":{"loc":{"start":{"line":294,"column":6},"end":{"line":296,"column":7}},"type":"if","locations":[{"start":{"line":294,"column":6},"end":{"line":296,"column":7}}]},"28":{"loc":{"start":{"line":294,"column":10},"end":{"line":294,"column":81}},"type":"binary-expr","locations":[{"start":{"line":294,"column":10},"end":{"line":294,"column":39}},{"start":{"line":294,"column":43},"end":{"line":294,"column":81}}]},"29":{"loc":{"start":{"line":297,"column":6},"end":{"line":299,"column":7}},"type":"if","locations":[{"start":{"line":297,"column":6},"end":{"line":299,"column":7}}]},"30":{"loc":{"start":{"line":297,"column":10},"end":{"line":297,"column":79}},"type":"binary-expr","locations":[{"start":{"line":297,"column":10},"end":{"line":297,"column":41}},{"start":{"line":297,"column":45},"end":{"line":297,"column":79}}]},"31":{"loc":{"start":{"line":319,"column":4},"end":{"line":326,"column":5}},"type":"if","locations":[{"start":{"line":319,"column":4},"end":{"line":326,"column":5}}]},"32":{"loc":{"start":{"line":345,"column":22},"end":{"line":347,"column":62}},"type":"cond-expr","locations":[{"start":{"line":346,"column":10},"end":{"line":346,"column":75}},{"start":{"line":347,"column":10},"end":{"line":347,"column":62}}]},"33":{"loc":{"start":{"line":363,"column":18},"end":{"line":363,"column":50}},"type":"binary-expr","locations":[{"start":{"line":363,"column":18},"end":{"line":363,"column":37}},{"start":{"line":363,"column":41},"end":{"line":363,"column":50}}]},"34":{"loc":{"start":{"line":364,"column":6},"end":{"line":366,"column":7}},"type":"if","locations":[{"start":{"line":364,"column":6},"end":{"line":366,"column":7}}]},"35":{"loc":{"start":{"line":375,"column":40},"end":{"line":375,"column":100}},"type":"binary-expr","locations":[{"start":{"line":375,"column":40},"end":{"line":375,"column":65}},{"start":{"line":375,"column":69},"end":{"line":375,"column":100}}]}},"s":{"0":0,"1":0,"2":0,"3":0,"4":0,"5":0,"6":0,"7":0,"8":0,"9":0,"10":0,"11":0,"12":0,"13":0,"14":0,"15":0,"16":0,"17":0,"18":0,"19":0,"20":0,"21":0,"22":0,"23":0,"24":0,"25":0,"26":0,"27":0,"28":0,"29":0,"30":0,"31":0,"32":0,"33":0,"34":0,"35":0,"36":0,"37":0,"38":0,"39":0,"40":0,"41":0,"42":0,"43":0,"44":0,"45":0,"46":0,"47":0,"48":0,"49":0,"50":0,"51":0,"52":0,"53":0,"54":0,"55":0,"56":0,"57":0,"58":0,"59":0,"60":0,"61":0,"62":0,"63":0,"64":0,"65":0,"66":0,"67":0,"68":0,"69":0,"70":0,"71":0,"72":0,"73":0,"74":0,"75":0,"76":0,"77":0,"78":0,"79":0,"80":0,"81":0,"82":0,"83":0,"84":0,"85":0,"86":0,"87":0,"88":0,"89":0,"90":0,"91":0,"92":0,"93":0,"94":0,"95":0,"96":0,"97":0,"98":0,"99":0,"100":0,"101":0,"102":0,"103":0,"104":0,"105":0,"106":0,"107":0,"108":0,"109":0,"110":0,"111":0,"112":0,"113":0,"114":0,"115":0},"f":{"0":0,"1":0,"2":0,"3":0,"4":0,"5":0,"6":0,"7":0,"8":0,"9":0,"10":0,"11":0,"12":0,"13":0,"14":0,"15":0,"16":0,"17":0,"18":0,"19":0,"20":0,"21":0,"22":0,"23":0,"24":0,"25":0,"26":0,"27":0,"28":0,"29":0,"30":0,"31":0,"32":0,"33":0,"34":0},"b":{"0":[0],"1":[0],"2":[0],"3":[0],"4":[0],"5":[0],"6":[0],"7":[0,0],"8":[0],"9":[0,0],"10":[0],"11":[0],"12":[0],"13":[0,0,0],"14":[0],"15":[0,0,0],"16":[0],"17":[0,0],"18":[0],"19":[0,0],"20":[0],"21":[0,0],"22":[0],"23":[0,0],"24":[0,0],"25":[0],"26":[0],"27":[0],"28":[0,0],"29":[0],"30":[0,0],"31":[0],"32":[0,0],"33":[0,0],"34":[0],"35":[0,0]}}
,"/Users/kevinbrown/MCP-ocs/src/v2/tools/infrastructure-correlation/test-imports.ts": {"path":"/Users/kevinbrown/MCP-ocs/src/v2/tools/infrastructure-correlation/test-imports.ts","statementMap":{"0":{"start":{"line":5,"column":0},"end":{"line":5,"column":66}}},"fnMap":{},"branchMap":{},"s":{"0":0},"f":{},"b":{}}
,"/Users/kevinbrown/MCP-ocs/src/v2/tools/infrastructure-correlation/tools.ts": {"path":"/Users/kevinbrown/MCP-ocs/src/v2/tools/infrastructure-correlation/tools.ts","statementMap":{"0":{"start":{"line":31,"column":18},"end":{"line":31,"column":80}},"1":{"start":{"line":33,"column":2},"end":{"line":94,"column":4}},"2":{"start":{"line":39,"column":6},"end":{"line":56,"column":7}},"3":{"start":{"line":40,"column":26},"end":{"line":40,"column":93}},"4":{"start":{"line":41,"column":8},"end":{"line":41,"column":82}},"5":{"start":{"line":41,"column":49},"end":{"line":41,"column":82}},"6":{"start":{"line":42,"column":23},"end":{"line":42,"column":73}},"7":{"start":{"line":44,"column":8},"end":{"line":49,"column":10}},"8":{"start":{"line":51,"column":8},"end":{"line":55,"column":10}},"9":{"start":{"line":64,"column":6},"end":{"line":92,"column":7}},"10":{"start":{"line":65,"column":23},"end":{"line":68,"column":10}},"11":{"start":{"line":71,"column":8},"end":{"line":85,"column":10}},"12":{"start":{"line":77,"column":75},"end":{"line":77,"column":97}},"13":{"start":{"line":78,"column":79},"end":{"line":78,"column":105}},"14":{"start":{"line":87,"column":8},"end":{"line":91,"column":10}},"15":{"start":{"line":101,"column":57},"end":{"line":150,"column":2}}},"fnMap":{"0":{"name":"createInfrastructureCorrelationTools","decl":{"start":{"line":26,"column":16},"end":{"line":26,"column":52}},"loc":{"start":{"line":28,"column":36},"end":{"line":95,"column":1}}},"1":{"name":"(anonymous_1)","decl":{"start":{"line":38,"column":46},"end":{"line":38,"column":51}},"loc":{"start":{"line":38,"column":62},"end":{"line":57,"column":5}}},"2":{"name":"(anonymous_2)","decl":{"start":{"line":63,"column":33},"end":{"line":63,"column":38}},"loc":{"start":{"line":63,"column":49},"end":{"line":93,"column":5}}},"3":{"name":"(anonymous_3)","decl":{"start":{"line":77,"column":70},"end":{"line":77,"column":71}},"loc":{"start":{"line":77,"column":75},"end":{"line":77,"column":97}}},"4":{"name":"(anonymous_4)","decl":{"start":{"line":78,"column":74},"end":{"line":78,"column":75}},"loc":{"start":{"line":78,"column":79},"end":{"line":78,"column":105}}}},"branchMap":{"0":{"loc":{"start":{"line":40,"column":67},"end":{"line":40,"column":91}},"type":"binary-expr","locations":[{"start":{"line":40,"column":67},"end":{"line":40,"column":82}},{"start":{"line":40,"column":86},"end":{"line":40,"column":91}}]},"1":{"loc":{"start":{"line":41,"column":8},"end":{"line":41,"column":82}},"type":"if","locations":[{"start":{"line":41,"column":8},"end":{"line":41,"column":82}}]},"2":{"loc":{"start":{"line":53,"column":17},"end":{"line":53,"column":73}},"type":"cond-expr","locations":[{"start":{"line":53,"column":42},"end":{"line":53,"column":55}},{"start":{"line":53,"column":58},"end":{"line":53,"column":73}}]},"3":{"loc":{"start":{"line":89,"column":17},"end":{"line":89,"column":73}},"type":"cond-expr","locations":[{"start":{"line":89,"column":42},"end":{"line":89,"column":55}},{"start":{"line":89,"column":58},"end":{"line":89,"column":73}}]}},"s":{"0":0,"1":0,"2":0,"3":0,"4":0,"5":0,"6":0,"7":0,"8":0,"9":0,"10":0,"11":0,"12":0,"13":0,"14":0,"15":0},"f":{"0":0,"1":0,"2":0,"3":0,"4":0},"b":{"0":[0,0],"1":[0],"2":[0,0],"3":[0,0]}}
}
