TN:
SF:src/build-test.ts
FNF:0
FNH:0
DA:8,0
DA:10,0
DA:12,0
DA:13,0
DA:15,0
DA:20,0
DA:28,0
DA:30,0
DA:31,0
LF:9
LH:0
BRF:0
BRH:0
end_of_record
TN:
SF:src/entry-shim.ts
FNF:0
FNH:0
DA:2,0
LF:1
LH:0
BRF:0
BRH:0
end_of_record
TN:
SF:src/index-sequential.ts
FN:136,(anonymous_0)
FN:139,(anonymous_1)
FN:140,(anonymous_2)
FN:164,(anonymous_3)
FN:177,(anonymous_4)
FN:180,(anonymous_5)
FN:183,(anonymous_6)
FN:207,(anonymous_7)
FN:224,(anonymous_8)
FN:252,(anonymous_9)
FN:271,(anonymous_10)
FN:288,(anonymous_11)
FN:292,(anonymous_12)
FN:293,(anonymous_13)
FN:300,(anonymous_14)
FN:301,(anonymous_15)
FN:338,(anonymous_16)
FN:339,(anonymous_17)
FN:403,(anonymous_18)
FN:444,(anonymous_19)
FN:444,(anonymous_20)
FN:463,(anonymous_21)
FN:527,(anonymous_22)
FN:586,computeCoreRubricInputs
FN:603,buildSummaryCard
FN:675,tryRecallForTarget
FN:687,(anonymous_26)
FN:692,persistSummary
FN:717,getEngineVersion
FN:724,getDeterminismEnvelope
FN:733,computeSloHint
FN:744,buildGuardsDetail
FN:762,scrub
FN:776,sloInputsForTarget
FN:787,computeDiagnosticRubricsIfAny
FN:800,(anonymous_35)
FN:808,(anonymous_36)
FN:809,(anonymous_37)
FN:833,(anonymous_38)
FN:834,(anonymous_39)
FN:835,(anonymous_40)
FN:851,(anonymous_41)
FN:884,buildCompactSummary
FN:893,persistShadowDiff
FN:902,buildShadowDiff
FN:905,(anonymous_45)
FNF:46
FNH:0
FNDA:0,(anonymous_0)
FNDA:0,(anonymous_1)
FNDA:0,(anonymous_2)
FNDA:0,(anonymous_3)
FNDA:0,(anonymous_4)
FNDA:0,(anonymous_5)
FNDA:0,(anonymous_6)
FNDA:0,(anonymous_7)
FNDA:0,(anonymous_8)
FNDA:0,(anonymous_9)
FNDA:0,(anonymous_10)
FNDA:0,(anonymous_11)
FNDA:0,(anonymous_12)
FNDA:0,(anonymous_13)
FNDA:0,(anonymous_14)
FNDA:0,(anonymous_15)
FNDA:0,(anonymous_16)
FNDA:0,(anonymous_17)
FNDA:0,(anonymous_18)
FNDA:0,(anonymous_19)
FNDA:0,(anonymous_20)
FNDA:0,(anonymous_21)
FNDA:0,(anonymous_22)
FNDA:0,computeCoreRubricInputs
FNDA:0,buildSummaryCard
FNDA:0,tryRecallForTarget
FNDA:0,(anonymous_26)
FNDA:0,persistSummary
FNDA:0,getEngineVersion
FNDA:0,getDeterminismEnvelope
FNDA:0,computeSloHint
FNDA:0,buildGuardsDetail
FNDA:0,scrub
FNDA:0,sloInputsForTarget
FNDA:0,computeDiagnosticRubricsIfAny
FNDA:0,(anonymous_35)
FNDA:0,(anonymous_36)
FNDA:0,(anonymous_37)
FNDA:0,(anonymous_38)
FNDA:0,(anonymous_39)
FNDA:0,(anonymous_40)
FNDA:0,(anonymous_41)
FNDA:0,buildCompactSummary
FNDA:0,persistShadowDiff
FNDA:0,buildShadowDiff
FNDA:0,(anonymous_45)
DA:53,0
DA:55,0
DA:57,0
DA:58,0
DA:59,0
DA:62,0
DA:64,0
DA:74,0
DA:76,0
DA:83,0
DA:84,0
DA:86,0
DA:88,0
DA:89,0
DA:90,0
DA:91,0
DA:93,0
DA:94,0
DA:95,0
DA:96,0
DA:98,0
DA:99,0
DA:101,0
DA:102,0
DA:105,0
DA:108,0
DA:137,0
DA:138,0
DA:139,0
DA:140,0
DA:141,0
DA:142,0
DA:143,0
DA:144,0
DA:145,0
DA:146,0
DA:147,0
DA:149,0
DA:150,0
DA:152,0
DA:153,0
DA:154,0
DA:155,0
DA:163,0
DA:164,0
DA:167,0
DA:168,0
DA:169,0
DA:172,0
DA:177,0
DA:179,0
DA:180,0
DA:183,0
DA:184,0
DA:185,0
DA:186,0
DA:189,0
DA:190,0
DA:191,0
DA:192,0
DA:193,0
DA:194,0
DA:196,0
DA:197,0
DA:198,0
DA:199,0
DA:200,0
DA:201,0
DA:202,0
DA:203,0
DA:204,0
DA:205,0
DA:206,0
DA:207,0
DA:208,0
DA:209,0
DA:210,0
DA:211,0
DA:212,0
DA:213,0
DA:214,0
DA:216,0
DA:218,0
DA:220,0
DA:221,0
DA:222,0
DA:224,0
DA:225,0
DA:226,0
DA:228,0
DA:229,0
DA:230,0
DA:231,0
DA:232,0
DA:233,0
DA:234,0
DA:235,0
DA:236,0
DA:239,0
DA:240,0
DA:241,0
DA:242,0
DA:243,0
DA:244,0
DA:245,0
DA:246,0
DA:247,0
DA:248,0
DA:249,0
DA:250,0
DA:251,0
DA:252,0
DA:253,0
DA:259,0
DA:261,0
DA:262,0
DA:263,0
DA:264,0
DA:266,0
DA:267,0
DA:268,0
DA:269,0
DA:270,0
DA:271,0
DA:272,0
DA:276,0
DA:277,0
DA:280,0
DA:281,0
DA:282,0
DA:283,0
DA:284,0
DA:285,0
DA:286,0
DA:287,0
DA:288,0
DA:289,0
DA:291,0
DA:292,0
DA:293,0
DA:294,0
DA:298,0
DA:299,0
DA:300,0
DA:301,0
DA:302,0
DA:303,0
DA:308,0
DA:309,0
DA:310,0
DA:311,0
DA:312,0
DA:315,0
DA:316,0
DA:317,0
DA:318,0
DA:319,0
DA:320,0
DA:321,0
DA:327,0
DA:328,0
DA:329,0
DA:330,0
DA:333,0
DA:334,0
DA:335,0
DA:336,0
DA:338,0
DA:339,0
DA:340,0
DA:341,0
DA:342,0
DA:343,0
DA:346,0
DA:348,0
DA:349,0
DA:350,0
DA:351,0
DA:352,0
DA:353,0
DA:355,0
DA:356,0
DA:357,0
DA:358,0
DA:360,0
DA:361,0
DA:362,0
DA:363,0
DA:364,0
DA:388,0
DA:396,0
DA:400,0
DA:401,0
DA:402,0
DA:403,0
DA:404,0
DA:405,0
DA:406,0
DA:407,0
DA:408,0
DA:409,0
DA:413,0
DA:414,0
DA:415,0
DA:417,0
DA:418,0
DA:419,0
DA:420,0
DA:422,0
DA:431,0
DA:433,0
DA:434,0
DA:435,0
DA:436,0
DA:437,0
DA:440,0
DA:441,0
DA:442,0
DA:444,0
DA:445,0
DA:450,0
DA:451,0
DA:455,0
DA:456,0
DA:458,0
DA:459,0
DA:462,0
DA:463,0
DA:464,0
DA:465,0
DA:471,0
DA:472,0
DA:473,0
DA:474,0
DA:475,0
DA:477,0
DA:478,0
DA:479,0
DA:480,0
DA:481,0
DA:483,0
DA:484,0
DA:498,0
DA:499,0
DA:500,0
DA:501,0
DA:513,0
DA:515,0
DA:519,0
DA:520,0
DA:521,0
DA:522,0
DA:524,0
DA:525,0
DA:526,0
DA:527,0
DA:528,0
DA:530,0
DA:531,0
DA:533,0
DA:534,0
DA:548,0
DA:549,0
DA:551,0
DA:553,0
DA:558,0
DA:559,0
DA:560,0
DA:561,0
DA:563,0
DA:564,0
DA:565,0
DA:568,0
DA:569,0
DA:570,0
DA:571,0
DA:572,0
DA:575,0
DA:578,0
DA:579,0
DA:580,0
DA:587,0
DA:588,0
DA:604,0
DA:605,0
DA:606,0
DA:607,0
DA:608,0
DA:609,0
DA:610,0
DA:611,0
DA:612,0
DA:613,0
DA:614,0
DA:615,0
DA:620,0
DA:621,0
DA:634,0
DA:635,0
DA:636,0
DA:637,0
DA:638,0
DA:642,0
DA:643,0
DA:644,0
DA:645,0
DA:652,0
DA:656,0
DA:657,0
DA:658,0
DA:660,0
DA:661,0
DA:662,0
DA:666,0
DA:667,0
DA:669,0
DA:672,0
DA:676,0
DA:678,0
DA:679,0
DA:680,0
DA:681,0
DA:682,0
DA:683,0
DA:684,0
DA:685,0
DA:686,0
DA:687,0
DA:688,0
DA:689,0
DA:693,0
DA:694,0
DA:695,0
DA:696,0
DA:697,0
DA:698,0
DA:700,0
DA:701,0
DA:702,0
DA:703,0
DA:704,0
DA:712,0
DA:718,0
DA:719,0
DA:720,0
DA:721,0
DA:725,0
DA:726,0
DA:727,0
DA:728,0
DA:729,0
DA:730,0
DA:734,0
DA:735,0
DA:736,0
DA:737,0
DA:738,0
DA:739,0
DA:740,0
DA:745,0
DA:746,0
DA:747,0
DA:748,0
DA:749,0
DA:750,0
DA:751,0
DA:752,0
DA:753,0
DA:754,0
DA:755,0
DA:756,0
DA:757,0
DA:759,0
DA:763,0
DA:764,0
DA:765,0
DA:766,0
DA:767,0
DA:768,0
DA:769,0
DA:770,0
DA:771,0
DA:772,0
DA:773,0
DA:777,0
DA:778,0
DA:779,0
DA:780,0
DA:781,0
DA:782,0
DA:783,0
DA:784,0
DA:789,0
DA:790,0
DA:791,0
DA:792,0
DA:793,0
DA:794,0
DA:795,0
DA:796,0
DA:797,0
DA:798,0
DA:799,0
DA:800,0
DA:801,0
DA:802,0
DA:803,0
DA:805,0
DA:806,0
DA:807,0
DA:808,0
DA:809,0
DA:810,0
DA:811,0
DA:813,0
DA:814,0
DA:815,0
DA:816,0
DA:817,0
DA:818,0
DA:819,0
DA:820,0
DA:821,0
DA:822,0
DA:823,0
DA:824,0
DA:826,0
DA:827,0
DA:828,0
DA:829,0
DA:830,0
DA:831,0
DA:832,0
DA:833,0
DA:834,0
DA:835,0
DA:836,0
DA:837,0
DA:838,0
DA:840,0
DA:841,0
DA:842,0
DA:843,0
DA:844,0
DA:845,0
DA:846,0
DA:847,0
DA:848,0
DA:849,0
DA:850,0
DA:851,0
DA:852,0
DA:853,0
DA:854,0
DA:856,0
DA:857,0
DA:858,0
DA:859,0
DA:860,0
DA:861,0
DA:862,0
DA:864,0
DA:865,0
DA:866,0
DA:867,0
DA:868,0
DA:869,0
DA:871,0
DA:872,0
DA:873,0
DA:874,0
DA:875,0
DA:876,0
DA:877,0
DA:880,0
DA:881,0
DA:885,0
DA:894,0
DA:895,0
DA:896,0
DA:897,0
DA:898,0
DA:903,0
DA:904,0
DA:905,0
DA:906,0
DA:911,0
DA:912,0
DA:913,0
DA:914,0
DA:915,0
DA:916,0
DA:917,0
LF:493
LH:0
BRDA:62,0,0,0
BRDA:62,0,1,0
BRDA:67,1,0,0
BRDA:67,1,1,0
BRDA:70,2,0,0
BRDA:70,2,1,0
BRDA:71,3,0,0
BRDA:71,3,1,0
BRDA:137,4,0,0
BRDA:137,4,1,0
BRDA:137,4,2,0
BRDA:138,5,0,0
BRDA:138,5,1,0
BRDA:139,6,0,0
BRDA:139,6,1,0
BRDA:139,7,0,0
BRDA:139,7,1,0
BRDA:140,8,0,0
BRDA:140,8,1,0
BRDA:140,9,0,0
BRDA:140,9,1,0
BRDA:140,9,2,0
BRDA:140,10,0,0
BRDA:140,10,1,0
BRDA:140,11,0,0
BRDA:140,11,1,0
BRDA:142,12,0,0
BRDA:142,12,1,0
BRDA:143,13,0,0
BRDA:143,13,1,0
BRDA:143,14,0,0
BRDA:143,14,1,0
BRDA:143,15,0,0
BRDA:143,15,1,0
BRDA:144,16,0,0
BRDA:144,16,1,0
BRDA:144,17,0,0
BRDA:144,17,1,0
BRDA:145,18,0,0
BRDA:145,18,1,0
BRDA:145,18,2,0
BRDA:145,19,0,0
BRDA:145,19,1,0
BRDA:145,20,0,0
BRDA:145,20,1,0
BRDA:147,21,0,0
BRDA:147,21,1,0
BRDA:147,22,0,0
BRDA:147,22,1,0
BRDA:147,23,0,0
BRDA:147,23,1,0
BRDA:149,24,0,0
BRDA:149,25,0,0
BRDA:149,25,1,0
BRDA:149,25,2,0
BRDA:149,25,3,0
BRDA:153,26,0,0
BRDA:153,26,1,0
BRDA:153,27,0,0
BRDA:153,27,1,0
BRDA:189,28,0,0
BRDA:189,29,0,0
BRDA:189,29,1,0
BRDA:193,30,0,0
BRDA:193,30,1,0
BRDA:197,31,0,0
BRDA:197,31,1,0
BRDA:199,32,0,0
BRDA:199,32,1,0
BRDA:200,33,0,0
BRDA:200,33,1,0
BRDA:202,34,0,0
BRDA:206,35,0,0
BRDA:206,35,1,0
BRDA:208,36,0,0
BRDA:209,37,0,0
BRDA:211,38,0,0
BRDA:211,39,0,0
BRDA:211,39,1,0
BRDA:213,40,0,0
BRDA:213,41,0,0
BRDA:213,41,1,0
BRDA:220,42,0,0
BRDA:221,43,0,0
BRDA:224,44,0,0
BRDA:224,44,1,0
BRDA:229,45,0,0
BRDA:229,46,0,0
BRDA:229,46,1,0
BRDA:229,46,2,0
BRDA:232,47,0,0
BRDA:232,48,0,0
BRDA:232,48,1,0
BRDA:232,48,2,0
BRDA:234,49,0,0
BRDA:234,49,1,0
BRDA:236,50,0,0
BRDA:239,51,0,0
BRDA:239,52,0,0
BRDA:239,52,1,0
BRDA:239,52,2,0
BRDA:241,53,0,0
BRDA:241,54,0,0
BRDA:241,54,1,0
BRDA:241,54,2,0
BRDA:243,55,0,0
BRDA:243,55,1,0
BRDA:246,56,0,0
BRDA:246,56,1,0
BRDA:247,57,0,0
BRDA:250,58,0,0
BRDA:250,58,1,0
BRDA:251,59,0,0
BRDA:251,59,1,0
BRDA:252,60,0,0
BRDA:252,60,1,0
BRDA:252,61,0,0
BRDA:252,61,1,0
BRDA:253,62,0,0
BRDA:259,63,0,0
BRDA:259,64,0,0
BRDA:259,64,1,0
BRDA:262,65,0,0
BRDA:262,65,1,0
BRDA:262,66,0,0
BRDA:262,66,1,0
BRDA:264,67,0,0
BRDA:264,68,0,0
BRDA:264,68,1,0
BRDA:266,69,0,0
BRDA:269,70,0,0
BRDA:269,70,1,0
BRDA:270,71,0,0
BRDA:270,71,1,0
BRDA:271,72,0,0
BRDA:271,72,1,0
BRDA:272,73,0,0
BRDA:276,74,0,0
BRDA:276,75,0,0
BRDA:276,75,1,0
BRDA:276,75,2,0
BRDA:276,75,3,0
BRDA:285,76,0,0
BRDA:285,77,0,0
BRDA:285,77,1,0
BRDA:286,78,0,0
BRDA:286,78,1,0
BRDA:287,79,0,0
BRDA:287,79,1,0
BRDA:288,80,0,0
BRDA:288,80,1,0
BRDA:288,80,2,0
BRDA:288,81,0,0
BRDA:288,81,1,0
BRDA:288,82,0,0
BRDA:288,82,1,0
BRDA:289,83,0,0
BRDA:292,84,0,0
BRDA:292,84,1,0
BRDA:293,85,0,0
BRDA:293,86,0,0
BRDA:293,86,1,0
BRDA:293,86,2,0
BRDA:298,87,0,0
BRDA:299,88,0,0
BRDA:299,88,1,0
BRDA:300,89,0,0
BRDA:300,89,1,0
BRDA:300,90,0,0
BRDA:300,90,1,0
BRDA:301,91,0,0
BRDA:301,91,1,0
BRDA:303,92,0,0
BRDA:303,93,0,0
BRDA:303,93,1,0
BRDA:303,93,2,0
BRDA:303,94,0,0
BRDA:303,94,1,0
BRDA:311,95,0,0
BRDA:311,95,1,0
BRDA:318,96,0,0
BRDA:334,97,0,0
BRDA:334,97,1,0
BRDA:335,98,0,0
BRDA:335,98,1,0
BRDA:335,98,2,0
BRDA:335,98,3,0
BRDA:336,99,0,0
BRDA:338,100,0,0
BRDA:338,100,1,0
BRDA:338,101,0,0
BRDA:338,101,1,0
BRDA:340,102,0,0
BRDA:340,102,1,0
BRDA:342,103,0,0
BRDA:342,103,1,0
BRDA:343,104,0,0
BRDA:343,105,0,0
BRDA:343,105,1,0
BRDA:343,105,2,0
BRDA:350,106,0,0
BRDA:350,106,1,0
BRDA:351,107,0,0
BRDA:351,107,1,0
BRDA:352,108,0,0
BRDA:352,108,1,0
BRDA:353,109,0,0
BRDA:353,109,1,0
BRDA:357,110,0,0
BRDA:357,110,1,0
BRDA:357,111,0,0
BRDA:357,111,1,0
BRDA:358,112,0,0
BRDA:358,112,1,0
BRDA:358,113,0,0
BRDA:358,113,1,0
BRDA:358,114,0,0
BRDA:358,114,1,0
BRDA:365,115,0,0
BRDA:365,115,1,0
BRDA:366,116,0,0
BRDA:366,116,1,0
BRDA:369,117,0,0
BRDA:369,117,1,0
BRDA:370,118,0,0
BRDA:370,118,1,0
BRDA:371,119,0,0
BRDA:371,119,1,0
BRDA:401,120,0,0
BRDA:401,120,1,0
BRDA:402,121,0,0
BRDA:403,122,0,0
BRDA:403,122,1,0
BRDA:403,123,0,0
BRDA:403,123,1,0
BRDA:404,124,0,0
BRDA:404,124,1,0
BRDA:405,125,0,0
BRDA:405,125,1,0
BRDA:406,126,0,0
BRDA:406,126,1,0
BRDA:413,127,0,0
BRDA:413,128,0,0
BRDA:413,128,1,0
BRDA:417,129,0,0
BRDA:417,129,1,0
BRDA:419,130,0,0
BRDA:435,131,0,0
BRDA:435,131,1,0
BRDA:436,132,0,0
BRDA:436,132,1,0
BRDA:436,133,0,0
BRDA:436,133,1,0
BRDA:436,134,0,0
BRDA:436,134,1,0
BRDA:441,135,0,0
BRDA:441,136,0,0
BRDA:441,136,1,0
BRDA:455,137,0,0
BRDA:455,137,1,0
BRDA:456,138,0,0
BRDA:463,139,0,0
BRDA:463,139,1,0
BRDA:465,140,0,0
BRDA:465,140,1,0
BRDA:465,140,2,0
BRDA:465,140,3,0
BRDA:471,141,0,0
BRDA:471,141,1,0
BRDA:471,142,0,0
BRDA:471,142,1,0
BRDA:472,143,0,0
BRDA:472,143,1,0
BRDA:474,144,0,0
BRDA:475,145,0,0
BRDA:475,145,1,0
BRDA:475,146,0,0
BRDA:475,146,1,0
BRDA:475,146,2,0
BRDA:477,147,0,0
BRDA:477,147,1,0
BRDA:479,148,0,0
BRDA:479,148,1,0
BRDA:479,149,0,0
BRDA:479,149,1,0
BRDA:500,150,0,0
BRDA:500,150,1,0
BRDA:503,151,0,0
BRDA:503,151,1,0
BRDA:515,152,0,0
BRDA:515,152,1,0
BRDA:520,153,0,0
BRDA:520,154,0,0
BRDA:520,154,1,0
BRDA:526,155,0,0
BRDA:528,156,0,0
BRDA:528,156,1,0
BRDA:530,157,0,0
BRDA:530,158,0,0
BRDA:530,158,1,0
BRDA:535,159,0,0
BRDA:535,159,1,0
BRDA:541,160,0,0
BRDA:541,160,1,0
BRDA:544,161,0,0
BRDA:544,161,1,0
BRDA:548,162,0,0
BRDA:548,162,1,0
BRDA:559,163,0,0
BRDA:559,163,1,0
BRDA:564,164,0,0
BRDA:564,164,1,0
BRDA:565,165,0,0
BRDA:565,165,1,0
BRDA:570,166,0,0
BRDA:572,167,0,0
BRDA:587,168,0,0
BRDA:587,168,1,0
BRDA:596,169,0,0
BRDA:596,169,1,0
BRDA:597,170,0,0
BRDA:597,170,1,0
BRDA:608,171,0,0
BRDA:608,171,1,0
BRDA:609,172,0,0
BRDA:609,172,1,0
BRDA:613,173,0,0
BRDA:613,173,1,0
BRDA:613,174,0,0
BRDA:613,174,1,0
BRDA:614,175,0,0
BRDA:614,175,1,0
BRDA:616,176,0,0
BRDA:616,176,1,0
BRDA:617,177,0,0
BRDA:617,177,1,0
BRDA:618,178,0,0
BRDA:618,178,1,0
BRDA:631,179,0,0
BRDA:631,179,1,0
BRDA:631,180,0,0
BRDA:631,180,1,0
BRDA:631,181,0,0
BRDA:631,181,1,0
BRDA:636,182,0,0
BRDA:644,183,0,0
BRDA:648,184,0,0
BRDA:648,184,1,0
BRDA:657,185,0,0
BRDA:657,185,1,0
BRDA:658,186,0,0
BRDA:663,187,0,0
BRDA:663,187,1,0
BRDA:664,188,0,0
BRDA:664,188,1,0
BRDA:678,189,0,0
BRDA:678,189,1,0
BRDA:679,190,0,0
BRDA:679,190,1,0
BRDA:680,191,0,0
BRDA:680,192,0,0
BRDA:680,192,1,0
BRDA:682,193,0,0
BRDA:682,193,1,0
BRDA:682,193,2,0
BRDA:684,194,0,0
BRDA:684,194,1,0
BRDA:685,195,0,0
BRDA:685,195,1,0
BRDA:686,196,0,0
BRDA:686,197,0,0
BRDA:687,198,0,0
BRDA:687,198,1,0
BRDA:687,198,2,0
BRDA:687,199,0,0
BRDA:687,199,1,0
BRDA:687,199,2,0
BRDA:703,200,0,0
BRDA:703,200,1,0
BRDA:706,201,0,0
BRDA:706,201,1,0
BRDA:707,202,0,0
BRDA:707,202,1,0
BRDA:708,203,0,0
BRDA:708,203,1,0
BRDA:709,204,0,0
BRDA:709,204,1,0
BRDA:710,205,0,0
BRDA:710,205,1,0
BRDA:720,206,0,0
BRDA:720,206,1,0
BRDA:725,207,0,0
BRDA:725,207,1,0
BRDA:725,207,2,0
BRDA:726,208,0,0
BRDA:726,208,1,0
BRDA:726,208,2,0
BRDA:727,209,0,0
BRDA:727,209,1,0
BRDA:728,210,0,0
BRDA:728,210,1,0
BRDA:729,211,0,0
BRDA:729,211,1,0
BRDA:734,212,0,0
BRDA:734,212,1,0
BRDA:735,213,0,0
BRDA:735,213,1,0
BRDA:735,213,2,0
BRDA:735,213,3,0
BRDA:735,213,4,0
BRDA:746,214,0,0
BRDA:746,214,1,0
BRDA:752,215,0,0
BRDA:752,215,1,0
BRDA:754,216,0,0
BRDA:754,216,1,0
BRDA:754,217,0,0
BRDA:754,217,1,0
BRDA:755,218,0,0
BRDA:755,219,0,0
BRDA:755,219,1,0
BRDA:756,220,0,0
BRDA:756,220,1,0
BRDA:778,221,0,0
BRDA:778,221,1,0
BRDA:779,222,0,0
BRDA:780,223,0,0
BRDA:781,224,0,0
BRDA:782,225,0,0
BRDA:783,226,0,0
BRDA:793,227,0,0
BRDA:793,227,1,0
BRDA:795,228,0,0
BRDA:795,228,1,0
BRDA:796,229,0,0
BRDA:796,229,1,0
BRDA:796,230,0,0
BRDA:796,230,1,0
BRDA:797,231,0,0
BRDA:797,231,1,0
BRDA:798,232,0,0
BRDA:798,232,1,0
BRDA:801,233,0,0
BRDA:801,233,1,0
BRDA:803,234,0,0
BRDA:805,235,0,0
BRDA:805,235,1,0
BRDA:807,236,0,0
BRDA:807,236,1,0
BRDA:808,237,0,0
BRDA:808,237,1,0
BRDA:811,238,0,0
BRDA:813,239,0,0
BRDA:813,239,1,0
BRDA:815,240,0,0
BRDA:815,240,1,0
BRDA:816,241,0,0
BRDA:816,241,1,0
BRDA:817,242,0,0
BRDA:817,242,1,0
BRDA:818,243,0,0
BRDA:818,243,1,0
BRDA:818,244,0,0
BRDA:818,244,1,0
BRDA:819,245,0,0
BRDA:819,245,1,0
BRDA:824,246,0,0
BRDA:826,247,0,0
BRDA:826,247,1,0
BRDA:828,248,0,0
BRDA:828,248,1,0
BRDA:829,249,0,0
BRDA:829,249,1,0
BRDA:830,250,0,0
BRDA:830,250,1,0
BRDA:831,251,0,0
BRDA:831,251,1,0
BRDA:832,252,0,0
BRDA:832,252,1,0
BRDA:833,253,0,0
BRDA:833,253,1,0
BRDA:833,254,0,0
BRDA:833,254,1,0
BRDA:833,255,0,0
BRDA:833,255,1,0
BRDA:834,256,0,0
BRDA:834,256,1,0
BRDA:834,257,0,0
BRDA:834,257,1,0
BRDA:834,258,0,0
BRDA:834,258,1,0
BRDA:835,259,0,0
BRDA:835,259,1,0
BRDA:835,260,0,0
BRDA:835,260,1,0
BRDA:835,261,0,0
BRDA:835,261,1,0
BRDA:838,262,0,0
BRDA:840,263,0,0
BRDA:840,263,1,0
BRDA:840,264,0,0
BRDA:840,264,1,0
BRDA:842,265,0,0
BRDA:842,265,1,0
BRDA:843,266,0,0
BRDA:843,266,1,0
BRDA:844,267,0,0
BRDA:844,267,1,0
BRDA:844,267,2,0
BRDA:846,268,0,0
BRDA:846,268,1,0
BRDA:847,269,0,0
BRDA:847,269,1,0
BRDA:848,270,0,0
BRDA:848,271,0,0
BRDA:851,272,0,0
BRDA:851,272,1,0
BRDA:851,273,0,0
BRDA:851,273,1,0
BRDA:851,273,2,0
BRDA:854,274,0,0
BRDA:856,275,0,0
BRDA:856,275,1,0
BRDA:858,276,0,0
BRDA:858,276,1,0
BRDA:858,276,2,0
BRDA:859,277,0,0
BRDA:859,277,1,0
BRDA:860,278,0,0
BRDA:860,278,1,0
BRDA:860,279,0,0
BRDA:860,279,1,0
BRDA:862,280,0,0
BRDA:864,281,0,0
BRDA:864,281,1,0
BRDA:866,282,0,0
BRDA:866,282,1,0
BRDA:866,282,2,0
BRDA:866,283,0,0
BRDA:866,283,1,0
BRDA:869,284,0,0
BRDA:871,285,0,0
BRDA:873,286,0,0
BRDA:873,286,1,0
BRDA:874,287,0,0
BRDA:874,287,1,0
BRDA:875,288,0,0
BRDA:875,288,1,0
BRDA:875,288,2,0
BRDA:877,289,0,0
BRDA:880,290,0,0
BRDA:905,291,0,0
BRDA:905,291,1,0
BRF:553
BRH:0
end_of_record
TN:
SF:src/index.beta.ts
FN:71,(anonymous_0)
FN:77,(anonymous_1)
FNF:2
FNH:0
FNDA:0,(anonymous_0)
FNDA:0,(anonymous_1)
DA:24,0
DA:26,0
DA:29,0
DA:31,0
DA:41,0
DA:48,0
DA:51,0
DA:52,0
DA:53,0
DA:54,0
DA:56,0
DA:57,0
DA:58,0
DA:61,0
DA:62,0
DA:65,0
DA:71,0
DA:72,0
DA:73,0
DA:77,0
DA:78,0
DA:79,0
DA:82,0
DA:83,0
DA:87,0
DA:88,0
DA:90,0
LF:27
LH:0
BRDA:82,0,0,0
BRDA:82,0,1,0
BRF:2
BRH:0
end_of_record
TN:
SF:src/v2-integration.ts
FN:24,checkNamespaceHealthV2
FN:118,generateNextActions
FNF:2
FNH:0
FNDA:0,checkNamespaceHealthV2
FNDA:0,generateNextActions
DA:11,0
DA:12,0
DA:30,0
DA:31,0
DA:34,0
DA:35,0
DA:39,0
DA:46,0
DA:98,0
DA:101,0
DA:111,0
DA:119,0
DA:122,0
DA:123,0
DA:126,0
DA:127,0
DA:130,0
DA:131,0
DA:135,0
DA:136,0
DA:137,0
DA:141,0
DA:142,0
DA:143,0
DA:147,0
DA:148,0
DA:152,0
DA:153,0
DA:156,0
DA:160,0
LF:30
LH:0
BRDA:31,0,0,0
BRDA:34,1,0,0
BRDA:34,2,0,0
BRDA:34,2,1,0
BRDA:42,3,0,0
BRDA:42,3,1,0
BRDA:78,4,0,0
BRDA:78,4,1,0
BRDA:106,5,0,0
BRDA:106,5,1,0
BRDA:108,6,0,0
BRDA:108,6,1,0
BRDA:122,7,0,0
BRDA:126,8,0,0
BRDA:130,9,0,0
BRDA:135,10,0,0
BRDA:141,11,0,0
BRDA:141,12,0,0
BRDA:141,12,1,0
BRDA:147,13,0,0
BRDA:152,14,0,0
BRDA:152,15,0,0
BRDA:152,15,1,0
BRF:23
BRH:0
end_of_record
TN:
SF:src/cli/list-beta-tools.ts
FN:15,(anonymous_0)
FN:16,(anonymous_1)
FN:18,(anonymous_2)
FN:35,(anonymous_3)
FNF:4
FNH:0
FNDA:0,(anonymous_0)
FNDA:0,(anonymous_1)
FNDA:0,(anonymous_2)
FNDA:0,(anonymous_3)
DA:12,0
DA:14,0
DA:15,0
DA:16,0
DA:18,0
DA:19,0
DA:20,0
DA:21,0
DA:24,0
DA:25,0
DA:30,0
DA:33,0
DA:34,0
DA:35,0
DA:36,0
DA:37,0
DA:39,0
DA:40,0
DA:41,0
LF:19
LH:0
BRDA:20,0,0,0
BRDA:20,0,1,0
BRDA:24,1,0,0
BRDA:36,2,0,0
BRDA:36,2,1,0
BRF:5
BRH:0
end_of_record
TN:
SF:src/cli/memory-audit.ts
FN:4,main
FN:27,(anonymous_1)
FN:28,(anonymous_2)
FN:29,(anonymous_3)
FN:44,(anonymous_4)
FNF:5
FNH:0
FNDA:0,main
FNDA:0,(anonymous_1)
FNDA:0,(anonymous_2)
FNDA:0,(anonymous_3)
FNDA:0,(anonymous_4)
DA:5,0
DA:6,0
DA:7,0
DA:8,0
DA:9,0
DA:10,0
DA:11,0
DA:13,0
DA:14,0
DA:15,0
DA:16,0
DA:17,0
DA:18,0
DA:21,0
DA:22,0
DA:23,0
DA:27,0
DA:28,0
DA:29,0
DA:30,0
DA:32,0
DA:41,0
DA:44,0
LF:23
LH:0
BRDA:5,0,0,0
BRDA:5,0,1,0
BRDA:6,1,0,0
BRDA:6,1,1,0
BRDA:7,2,0,0
BRDA:7,2,1,0
BRDA:8,3,0,0
BRDA:8,3,1,0
BRDA:9,4,0,0
BRDA:9,4,1,0
BRDA:10,5,0,0
BRDA:10,5,1,0
BRDA:10,6,0,0
BRDA:10,6,1,0
BRDA:11,7,0,0
BRDA:11,7,1,0
BRDA:16,8,0,0
BRDA:22,9,0,0
BRDA:22,9,1,0
BRDA:23,10,0,0
BRDA:23,10,1,0
BRDA:29,11,0,0
BRDA:29,11,1,0
BRDA:30,12,0,0
BRDA:30,12,1,0
BRDA:44,13,0,0
BRDA:44,13,1,0
BRF:27
BRH:0
end_of_record
TN:
SF:src/cli/memory-bench.ts
FN:14,rndWord
FN:22,genPayload
FN:28,sleep
FN:28,(anonymous_3)
FN:30,bench
FN:69,(anonymous_5)
FN:105,(anonymous_6)
FN:107,(anonymous_7)
FN:118,(anonymous_8)
FN:121,(anonymous_9)
FN:125,(anonymous_10)
FN:129,(anonymous_11)
FN:158,main
FN:178,(anonymous_13)
FNF:14
FNH:0
FNDA:0,rndWord
FNDA:0,genPayload
FNDA:0,sleep
FNDA:0,(anonymous_3)
FNDA:0,bench
FNDA:0,(anonymous_5)
FNDA:0,(anonymous_6)
FNDA:0,(anonymous_7)
FNDA:0,(anonymous_8)
FNDA:0,(anonymous_9)
FNDA:0,(anonymous_10)
FNDA:0,(anonymous_11)
FNDA:0,main
FNDA:0,(anonymous_13)
DA:15,0
DA:16,0
DA:17,0
DA:18,0
DA:19,0
DA:23,0
DA:24,0
DA:25,0
DA:28,0
DA:31,0
DA:32,0
DA:33,0
DA:34,0
DA:35,0
DA:37,0
DA:38,0
DA:41,0
DA:42,0
DA:43,0
DA:45,0
DA:47,0
DA:48,0
DA:49,0
DA:51,0
DA:52,0
DA:53,0
DA:54,0
DA:55,0
DA:56,0
DA:64,0
DA:66,0
DA:69,0
DA:70,0
DA:71,0
DA:72,0
DA:74,0
DA:75,0
DA:76,0
DA:77,0
DA:79,0
DA:82,0
DA:83,0
DA:84,0
DA:85,0
DA:86,0
DA:88,0
DA:89,0
DA:90,0
DA:91,0
DA:92,0
DA:93,0
DA:94,0
DA:95,0
DA:96,0
DA:97,0
DA:98,0
DA:99,0
DA:100,0
DA:105,0
DA:106,0
DA:107,0
DA:108,0
DA:109,0
DA:112,0
DA:118,0
DA:121,0
DA:125,0
DA:129,0
DA:133,0
DA:136,0
DA:137,0
DA:138,0
DA:144,0
DA:150,0
DA:151,0
DA:153,0
DA:159,0
DA:160,0
DA:161,0
DA:162,0
DA:164,0
DA:165,0
DA:166,0
DA:167,0
DA:168,0
DA:169,0
DA:170,0
DA:171,0
DA:172,0
DA:174,0
DA:175,0
DA:178,0
LF:92
LH:0
BRDA:31,0,0,0
BRDA:31,0,1,0
BRDA:32,1,0,0
BRDA:32,1,1,0
BRDA:33,2,0,0
BRDA:33,2,1,0
BRDA:34,3,0,0
BRDA:34,3,1,0
BRDA:35,4,0,0
BRDA:35,4,1,0
BRDA:35,4,2,0
BRDA:41,5,0,0
BRDA:41,5,1,0
BRDA:42,6,0,0
BRDA:66,7,0,0
BRDA:71,8,0,0
BRDA:71,8,1,0
BRDA:77,9,0,0
BRDA:94,10,0,0
BRDA:96,11,0,0
BRDA:98,12,0,0
BRDA:98,12,1,0
BRDA:99,13,0,0
BRDA:99,13,1,0
BRDA:100,14,0,0
BRDA:100,15,0,0
BRDA:100,15,1,0
BRDA:106,16,0,0
BRDA:124,17,0,0
BRDA:124,17,1,0
BRDA:125,18,0,0
BRDA:125,18,1,0
BRDA:128,19,0,0
BRDA:128,19,1,0
BRDA:129,20,0,0
BRDA:129,20,1,0
BRDA:136,21,0,0
BRDA:146,22,0,0
BRDA:146,22,1,0
BRDA:147,23,0,0
BRDA:147,23,1,0
BRDA:148,24,0,0
BRDA:148,24,1,0
BRDA:150,25,0,0
BRDA:150,25,1,0
BRDA:160,26,0,0
BRDA:160,27,0,0
BRDA:160,27,1,0
BRDA:164,28,0,0
BRDA:165,29,0,0
BRDA:165,29,1,0
BRDA:166,30,0,0
BRDA:166,30,1,0
BRDA:168,31,0,0
BRDA:169,32,0,0
BRDA:170,33,0,0
BRF:56
BRH:0
end_of_record
TN:
SF:src/cli/memory-smoke.ts
FN:4,main
FN:39,(anonymous_1)
FNF:2
FNH:0
FNDA:0,main
FNDA:0,(anonymous_1)
DA:5,0
DA:6,0
DA:7,0
DA:13,0
DA:24,0
DA:26,0
DA:28,0
DA:36,0
DA:39,0
LF:9
LH:0
BRDA:5,0,0,0
BRDA:5,0,1,0
BRDA:39,1,0,0
BRDA:39,1,1,0
BRF:4
BRH:0
end_of_record
TN:
SF:src/cli/memory-tools.ts
FN:7,usage
FN:18,main
FN:160,(anonymous_2)
FNF:3
FNH:0
FNDA:0,usage
FNDA:0,main
FNDA:0,(anonymous_2)
DA:8,0
DA:15,0
DA:19,0
DA:20,0
DA:23,0
DA:24,0
DA:26,0
DA:27,0
DA:28,0
DA:29,0
DA:30,0
DA:32,0
DA:33,0
DA:34,0
DA:35,0
DA:39,0
DA:40,0
DA:41,0
DA:44,0
DA:45,0
DA:46,0
DA:47,0
DA:48,0
DA:49,0
DA:50,0
DA:51,0
DA:52,0
DA:53,0
DA:54,0
DA:57,0
DA:58,0
DA:59,0
DA:60,0
DA:61,0
DA:62,0
DA:63,0
DA:64,0
DA:65,0
DA:66,0
DA:67,0
DA:68,0
DA:69,0
DA:72,0
DA:73,0
DA:74,0
DA:75,0
DA:76,0
DA:77,0
DA:78,0
DA:81,0
DA:82,0
DA:83,0
DA:84,0
DA:85,0
DA:86,0
DA:87,0
DA:88,0
DA:91,0
DA:92,0
DA:93,0
DA:94,0
DA:95,0
DA:96,0
DA:99,0
DA:100,0
DA:101,0
DA:102,0
DA:103,0
DA:104,0
DA:105,0
DA:106,0
DA:109,0
DA:110,0
DA:111,0
DA:112,0
DA:113,0
DA:114,0
DA:117,0
DA:119,0
DA:120,0
DA:121,0
DA:124,0
DA:125,0
DA:126,0
DA:127,0
DA:137,0
DA:138,0
DA:139,0
DA:140,0
DA:141,0
DA:142,0
DA:143,0
DA:144,0
DA:154,0
DA:157,0
DA:160,0
LF:96
LH:0
BRDA:20,0,0,0
BRDA:20,0,1,0
BRDA:24,1,0,0
BRDA:24,1,1,0
BRDA:24,2,0,0
BRDA:24,2,1,0
BRDA:26,3,0,0
BRDA:26,4,0,0
BRDA:26,4,1,0
BRDA:28,5,0,0
BRDA:28,5,1,0
BRDA:32,6,0,0
BRDA:34,7,0,0
BRDA:34,7,1,0
BRDA:34,8,0,0
BRDA:34,8,1,0
BRDA:44,9,0,0
BRDA:48,10,0,0
BRDA:49,11,0,0
BRDA:49,11,1,0
BRDA:49,12,0,0
BRDA:49,12,1,0
BRDA:57,13,0,0
BRDA:60,14,0,0
BRDA:61,15,0,0
BRDA:61,15,1,0
BRDA:61,16,0,0
BRDA:61,16,1,0
BRDA:63,17,0,0
BRDA:63,17,1,0
BRDA:64,18,0,0
BRDA:64,18,1,0
BRDA:64,19,0,0
BRDA:64,19,1,0
BRDA:72,20,0,0
BRDA:81,21,0,0
BRDA:83,22,0,0
BRDA:91,23,0,0
BRDA:99,24,0,0
BRDA:101,25,0,0
BRDA:109,26,0,0
BRDA:117,27,0,0
BRDA:142,28,0,0
BRDA:142,28,1,0
BRDA:142,29,0,0
BRDA:142,29,1,0
BRDA:143,30,0,0
BRDA:143,30,1,0
BRDA:143,31,0,0
BRDA:143,31,1,0
BRDA:143,32,0,0
BRDA:143,32,1,0
BRDA:152,33,0,0
BRDA:152,33,1,0
BRF:54
BRH:0
end_of_record
TN:
SF:src/lib/openshift-client-enhanced.ts
FN:60,(anonymous_0)
FN:66,(anonymous_1)
FN:84,(anonymous_2)
FN:89,(anonymous_3)
FN:118,(anonymous_4)
FN:142,(anonymous_5)
FN:162,(anonymous_6)
FN:185,(anonymous_7)
FN:216,(anonymous_8)
FN:220,(anonymous_9)
FN:240,(anonymous_10)
FN:242,(anonymous_11)
FN:296,(anonymous_12)
FN:305,(anonymous_13)
FN:307,(anonymous_14)
FN:318,(anonymous_15)
FN:338,(anonymous_16)
FN:377,(anonymous_17)
FN:392,(anonymous_18)
FN:410,(anonymous_19)
FN:425,(anonymous_20)
FN:442,(anonymous_21)
FN:459,(anonymous_22)
FN:461,(anonymous_23)
FN:465,(anonymous_24)
FN:467,(anonymous_25)
FN:471,(anonymous_26)
FN:487,(anonymous_27)
FN:495,(anonymous_28)
FNF:29
FNH:0
FNDA:0,(anonymous_0)
FNDA:0,(anonymous_1)
FNDA:0,(anonymous_2)
FNDA:0,(anonymous_3)
FNDA:0,(anonymous_4)
FNDA:0,(anonymous_5)
FNDA:0,(anonymous_6)
FNDA:0,(anonymous_7)
FNDA:0,(anonymous_8)
FNDA:0,(anonymous_9)
FNDA:0,(anonymous_10)
FNDA:0,(anonymous_11)
FNDA:0,(anonymous_12)
FNDA:0,(anonymous_13)
FNDA:0,(anonymous_14)
FNDA:0,(anonymous_15)
FNDA:0,(anonymous_16)
FNDA:0,(anonymous_17)
FNDA:0,(anonymous_18)
FNDA:0,(anonymous_19)
FNDA:0,(anonymous_20)
FNDA:0,(anonymous_21)
FNDA:0,(anonymous_22)
FNDA:0,(anonymous_23)
FNDA:0,(anonymous_24)
FNDA:0,(anonymous_25)
FNDA:0,(anonymous_26)
FNDA:0,(anonymous_27)
FNDA:0,(anonymous_28)
DA:13,0
DA:56,0
DA:57,0
DA:58,0
DA:61,0
DA:62,0
DA:63,0
DA:67,0
DA:68,0
DA:69,0
DA:71,0
DA:74,0
DA:75,0
DA:76,0
DA:77,0
DA:79,0
DA:80,0
DA:85,0
DA:86,0
DA:90,0
DA:91,0
DA:93,0
DA:94,0
DA:95,0
DA:114,0
DA:115,0
DA:116,0
DA:120,0
DA:122,0
DA:123,0
DA:124,0
DA:125,0
DA:126,0
DA:128,0
DA:130,0
DA:144,0
DA:145,0
DA:149,0
DA:150,0
DA:154,0
DA:155,0
DA:163,0
DA:165,0
DA:167,0
DA:171,0
DA:172,0
DA:173,0
DA:175,0
DA:179,0
DA:186,0
DA:187,0
DA:191,0
DA:199,0
DA:200,0
DA:201,0
DA:206,0
DA:207,0
DA:210,0
DA:217,0
DA:220,0
DA:221,0
DA:222,0
DA:226,0
DA:227,0
DA:231,0
DA:232,0
DA:234,0
DA:242,0
DA:244,0
DA:245,0
DA:247,0
DA:253,0
DA:254,0
DA:260,0
DA:261,0
DA:268,0
DA:270,0
DA:271,0
DA:280,0
DA:281,0
DA:282,0
DA:283,0
DA:284,0
DA:285,0
DA:288,0
DA:289,0
DA:297,0
DA:300,0
DA:301,0
DA:302,0
DA:305,0
DA:306,0
DA:308,0
DA:311,0
DA:312,0
DA:320,0
DA:322,0
DA:323,0
DA:326,0
DA:327,0
DA:329,0
DA:331,0
DA:338,0
DA:340,0
DA:350,0
DA:355,0
DA:356,0
DA:358,0
DA:360,0
DA:363,0
DA:378,0
DA:379,0
DA:381,0
DA:385,0
DA:393,0
DA:394,0
DA:395,0
DA:396,0
DA:398,0
DA:399,0
DA:400,0
DA:401,0
DA:404,0
DA:411,0
DA:412,0
DA:413,0
DA:415,0
DA:416,0
DA:426,0
DA:428,0
DA:429,0
DA:430,0
DA:431,0
DA:434,0
DA:435,0
DA:438,0
DA:439,0
DA:440,0
DA:442,0
DA:452,0
DA:453,0
DA:460,0
DA:461,0
DA:462,0
DA:466,0
DA:467,0
DA:468,0
DA:472,0
DA:473,0
DA:474,0
DA:475,0
DA:476,0
DA:477,0
DA:479,0
DA:480,0
DA:481,0
DA:488,0
DA:489,0
DA:496,0
DA:498,0
DA:499,0
DA:502,0
DA:503,0
DA:506,0
LF:164
LH:0
BRDA:62,0,0,0
BRDA:63,1,0,0
BRDA:67,2,0,0
BRDA:68,3,0,0
BRDA:93,4,0,0
BRDA:122,5,0,0
BRDA:122,5,1,0
BRDA:123,6,0,0
BRDA:124,7,0,0
BRDA:125,8,0,0
BRDA:126,9,0,0
BRDA:126,9,1,0
BRDA:144,10,0,0
BRDA:144,11,0,0
BRDA:144,11,1,0
BRDA:144,11,2,0
BRDA:149,12,0,0
BRDA:149,13,0,0
BRDA:149,13,1,0
BRDA:154,14,0,0
BRDA:154,15,0,0
BRDA:154,15,1,0
BRDA:154,15,2,0
BRDA:171,16,0,0
BRDA:186,17,0,0
BRDA:186,18,0,0
BRDA:186,18,1,0
BRDA:200,19,0,0
BRDA:206,20,0,0
BRDA:221,21,0,0
BRDA:226,22,0,0
BRDA:271,23,0,0
BRDA:271,23,1,0
BRDA:274,24,0,0
BRDA:274,24,1,0
BRDA:274,25,0,0
BRDA:274,25,1,0
BRDA:276,26,0,0
BRDA:276,26,1,0
BRDA:280,27,0,0
BRDA:280,27,1,0
BRDA:280,28,0,0
BRDA:280,28,1,0
BRDA:280,28,2,0
BRDA:282,29,0,0
BRDA:282,29,1,0
BRDA:282,30,0,0
BRDA:282,30,1,0
BRDA:284,31,0,0
BRDA:284,32,0,0
BRDA:284,32,1,0
BRDA:288,33,0,0
BRDA:288,33,1,0
BRDA:300,34,0,0
BRDA:320,35,0,0
BRDA:320,36,0,0
BRDA:320,36,1,0
BRDA:344,37,0,0
BRDA:344,37,1,0
BRDA:360,38,0,0
BRDA:360,38,1,0
BRDA:367,39,0,0
BRDA:367,39,1,0
BRDA:378,40,0,0
BRDA:378,40,1,0
BRDA:379,41,0,0
BRDA:379,41,1,0
BRDA:393,42,0,0
BRDA:396,43,0,0
BRDA:396,43,1,0
BRDA:401,44,0,0
BRDA:401,44,1,0
BRDA:415,45,0,0
BRDA:415,45,1,0
BRDA:428,46,0,0
BRDA:428,46,1,0
BRDA:430,47,0,0
BRDA:434,48,0,0
BRDA:452,49,0,0
BRDA:452,49,1,0
BRDA:460,50,0,0
BRDA:460,50,1,0
BRDA:462,51,0,0
BRDA:462,51,1,0
BRDA:466,52,0,0
BRDA:466,52,1,0
BRDA:468,53,0,0
BRDA:468,53,1,0
BRDA:479,54,0,0
BRDA:480,55,0,0
BRDA:498,56,0,0
BRDA:502,57,0,0
BRF:92
BRH:0
end_of_record
TN:
SF:src/lib/openshift-client.ts
FN:53,(anonymous_0)
FN:66,(anonymous_1)
FN:78,(anonymous_2)
FN:121,(anonymous_3)
FN:139,(anonymous_4)
FN:145,(anonymous_5)
FN:161,(anonymous_6)
FN:176,(anonymous_7)
FN:176,(anonymous_8)
FN:182,(anonymous_9)
FN:214,(anonymous_10)
FN:232,(anonymous_11)
FN:238,(anonymous_12)
FN:253,(anonymous_13)
FN:268,(anonymous_14)
FN:275,(anonymous_15)
FN:283,(anonymous_16)
FN:288,(anonymous_17)
FN:314,(anonymous_18)
FN:315,(anonymous_19)
FN:316,(anonymous_20)
FN:326,(anonymous_21)
FN:330,(anonymous_22)
FN:334,(anonymous_23)
FN:342,(anonymous_24)
FN:351,(anonymous_25)
FN:358,(anonymous_26)
FN:372,(anonymous_27)
FN:375,(anonymous_28)
FN:380,(anonymous_29)
FN:395,(anonymous_30)
FN:406,(anonymous_31)
FNF:32
FNH:0
FNDA:0,(anonymous_0)
FNDA:0,(anonymous_1)
FNDA:0,(anonymous_2)
FNDA:0,(anonymous_3)
FNDA:0,(anonymous_4)
FNDA:0,(anonymous_5)
FNDA:0,(anonymous_6)
FNDA:0,(anonymous_7)
FNDA:0,(anonymous_8)
FNDA:0,(anonymous_9)
FNDA:0,(anonymous_10)
FNDA:0,(anonymous_11)
FNDA:0,(anonymous_12)
FNDA:0,(anonymous_13)
FNDA:0,(anonymous_14)
FNDA:0,(anonymous_15)
FNDA:0,(anonymous_16)
FNDA:0,(anonymous_17)
FNDA:0,(anonymous_18)
FNDA:0,(anonymous_19)
FNDA:0,(anonymous_20)
FNDA:0,(anonymous_21)
FNDA:0,(anonymous_22)
FNDA:0,(anonymous_23)
FNDA:0,(anonymous_24)
FNDA:0,(anonymous_25)
FNDA:0,(anonymous_26)
FNDA:0,(anonymous_27)
FNDA:0,(anonymous_28)
FNDA:0,(anonymous_29)
FNDA:0,(anonymous_30)
FNDA:0,(anonymous_31)
DA:54,0
DA:55,0
DA:58,0
DA:59,0
DA:67,0
DA:68,0
DA:69,0
DA:71,0
DA:79,0
DA:80,0
DA:85,0
DA:86,0
DA:87,0
DA:89,0
DA:90,0
DA:91,0
DA:94,0
DA:95,0
DA:96,0
DA:97,0
DA:100,0
DA:108,0
DA:122,0
DA:124,0
DA:125,0
DA:126,0
DA:127,0
DA:130,0
DA:131,0
DA:134,0
DA:136,0
DA:137,0
DA:139,0
DA:146,0
DA:148,0
DA:149,0
DA:150,0
DA:151,0
DA:154,0
DA:162,0
DA:163,0
DA:164,0
DA:165,0
DA:166,0
DA:167,0
DA:168,0
DA:170,0
DA:172,0
DA:173,0
DA:174,0
DA:175,0
DA:176,0
DA:188,0
DA:190,0
DA:191,0
DA:192,0
DA:193,0
DA:196,0
DA:197,0
DA:200,0
DA:201,0
DA:204,0
DA:205,0
DA:208,0
DA:215,0
DA:217,0
DA:218,0
DA:219,0
DA:220,0
DA:223,0
DA:224,0
DA:227,0
DA:229,0
DA:230,0
DA:232,0
DA:239,0
DA:241,0
DA:242,0
DA:243,0
DA:244,0
DA:247,0
DA:254,0
DA:256,0
DA:257,0
DA:258,0
DA:259,0
DA:262,0
DA:269,0
DA:284,0
DA:286,0
DA:288,0
DA:290,0
DA:292,0
DA:294,0
DA:301,0
DA:303,0
DA:304,0
DA:309,0
DA:310,0
DA:315,0
DA:316,0
DA:318,0
DA:323,0
DA:324,0
DA:326,0
DA:327,0
DA:330,0
DA:331,0
DA:334,0
DA:335,0
DA:336,0
DA:338,0
DA:342,0
DA:343,0
DA:347,0
DA:348,0
DA:351,0
DA:352,0
DA:353,0
DA:361,0
DA:364,0
DA:366,0
DA:369,0
DA:373,0
DA:374,0
DA:375,0
DA:376,0
DA:378,0
DA:379,0
DA:380,0
DA:383,0
DA:396,0
DA:407,0
DA:409,0
DA:410,0
DA:411,0
DA:413,0
DA:414,0
DA:415,0
DA:417,0
DA:418,0
DA:419,0
LF:142
LH:0
BRDA:58,0,0,0
BRDA:71,1,0,0
BRDA:71,1,1,0
BRDA:85,2,0,0
BRDA:85,2,1,0
BRDA:86,3,0,0
BRDA:86,3,1,0
BRDA:87,4,0,0
BRDA:87,4,1,0
BRDA:97,5,0,0
BRDA:97,5,1,0
BRDA:101,6,0,0
BRDA:101,6,1,0
BRDA:124,7,0,0
BRDA:124,7,1,0
BRDA:126,8,0,0
BRDA:130,9,0,0
BRDA:139,10,0,0
BRDA:139,10,1,0
BRDA:148,11,0,0
BRDA:148,11,1,0
BRDA:150,12,0,0
BRDA:163,13,0,0
BRDA:163,13,1,0
BRDA:165,14,0,0
BRDA:165,14,1,0
BRDA:167,15,0,0
BRDA:175,16,0,0
BRDA:175,16,1,0
BRDA:182,17,0,0
BRDA:190,18,0,0
BRDA:190,18,1,0
BRDA:192,19,0,0
BRDA:196,20,0,0
BRDA:200,21,0,0
BRDA:204,22,0,0
BRDA:217,23,0,0
BRDA:217,23,1,0
BRDA:219,24,0,0
BRDA:223,25,0,0
BRDA:232,26,0,0
BRDA:232,26,1,0
BRDA:241,27,0,0
BRDA:241,27,1,0
BRDA:243,28,0,0
BRDA:256,29,0,0
BRDA:256,29,1,0
BRDA:258,30,0,0
BRDA:283,31,0,0
BRDA:284,32,0,0
BRDA:284,32,1,0
BRDA:303,33,0,0
BRDA:303,33,1,0
BRDA:306,34,0,0
BRDA:306,34,1,0
BRDA:307,35,0,0
BRDA:307,35,1,0
BRDA:335,36,0,0
BRDA:335,36,1,0
BRDA:364,37,0,0
BRDA:364,38,0,0
BRDA:364,38,1,0
BRDA:373,39,0,0
BRDA:373,39,1,0
BRDA:374,40,0,0
BRDA:374,40,1,0
BRDA:376,41,0,0
BRDA:376,41,1,0
BRDA:376,42,0,0
BRDA:376,42,1,0
BRDA:379,43,0,0
BRDA:380,44,0,0
BRDA:380,44,1,0
BRDA:384,45,0,0
BRDA:384,45,1,0
BRDA:385,46,0,0
BRDA:385,46,1,0
BRDA:397,47,0,0
BRDA:397,47,1,0
BRDA:398,48,0,0
BRDA:398,48,1,0
BRDA:399,49,0,0
BRDA:399,49,1,0
BRDA:399,50,0,0
BRDA:399,50,1,0
BRDA:400,51,0,0
BRDA:400,51,1,0
BRDA:401,52,0,0
BRDA:401,52,1,0
BRDA:401,52,2,0
BRDA:402,53,0,0
BRDA:402,53,1,0
BRDA:402,53,2,0
BRDA:407,54,0,0
BRDA:417,55,0,0
BRDA:418,56,0,0
BRF:96
BRH:0
end_of_record
TN:
SF:src/lib/config/config-manager.ts
FN:77,(anonymous_0)
FN:90,(anonymous_1)
FN:105,(anonymous_2)
FN:122,(anonymous_3)
FN:126,(anonymous_4)
FN:146,(anonymous_5)
FN:185,(anonymous_6)
FN:192,(anonymous_7)
FN:196,(anonymous_8)
FNF:9
FNH:0
FNDA:0,(anonymous_0)
FNDA:0,(anonymous_1)
FNDA:0,(anonymous_2)
FNDA:0,(anonymous_3)
FNDA:0,(anonymous_4)
FNDA:0,(anonymous_5)
FNDA:0,(anonymous_6)
FNDA:0,(anonymous_7)
FNDA:0,(anonymous_8)
DA:50,0
DA:51,0
DA:79,0
DA:82,0
DA:85,0
DA:87,0
DA:91,0
DA:92,0
DA:94,0
DA:95,0
DA:96,0
DA:98,0
DA:102,0
DA:106,0
DA:107,0
DA:109,0
DA:110,0
DA:111,0
DA:113,0
DA:115,0
DA:116,0
DA:117,0
DA:119,0
DA:123,0
DA:127,0
DA:133,0
DA:134,0
DA:135,0
DA:136,0
DA:137,0
DA:138,0
DA:139,0
DA:147,0
DA:176,0
DA:177,0
DA:178,0
DA:180,0
DA:182,0
DA:183,0
DA:184,0
DA:185,0
DA:187,0
DA:193,0
DA:197,0
DA:199,0
DA:200,0
DA:201,0
DA:203,0
DA:207,0
LF:49
LH:0
BRDA:95,0,0,0
BRDA:95,0,1,0
BRDA:95,1,0,0
BRDA:95,1,1,0
BRDA:95,1,2,0
BRDA:110,2,0,0
BRDA:110,3,0,0
BRDA:110,3,1,0
BRDA:116,4,0,0
BRDA:130,5,0,0
BRDA:130,5,1,0
BRDA:178,6,0,0
BRDA:182,7,0,0
BRDA:182,7,1,0
BRDA:183,8,0,0
BRDA:183,8,1,0
BRDA:184,9,0,0
BRDA:184,9,1,0
BRDA:185,10,0,0
BRDA:200,11,0,0
BRDA:200,11,1,0
BRDA:200,12,0,0
BRDA:200,12,1,0
BRDA:200,12,2,0
BRDA:201,13,0,0
BRDA:201,13,1,0
BRF:26
BRH:0
end_of_record
TN:
SF:src/lib/config/feature-flags.ts
FNF:0
FNH:0
DA:2,0
LF:1
LH:0
BRDA:21,0,0,0
BRDA:21,0,1,0
BRF:2
BRH:0
end_of_record
TN:
SF:src/lib/config/schema.ts
FN:61,(anonymous_0)
FN:66,(anonymous_1)
FN:71,(anonymous_2)
FN:76,(anonymous_3)
FN:92,(anonymous_4)
FN:100,(anonymous_5)
FN:117,(anonymous_6)
FN:122,(anonymous_7)
FN:129,(anonymous_8)
FN:135,(anonymous_9)
FN:150,(anonymous_10)
FN:173,(anonymous_11)
FN:184,(anonymous_12)
FN:198,(anonymous_13)
FN:215,(anonymous_14)
FN:234,(anonymous_15)
FN:252,isValidEnvironment
FN:256,isValidLogLevel
FN:260,isValidToolMode
FN:264,isValidEnforcementLevel
FNF:20
FNH:0
FNDA:0,(anonymous_0)
FNDA:0,(anonymous_1)
FNDA:0,(anonymous_2)
FNDA:0,(anonymous_3)
FNDA:0,(anonymous_4)
FNDA:0,(anonymous_5)
FNDA:0,(anonymous_6)
FNDA:0,(anonymous_7)
FNDA:0,(anonymous_8)
FNDA:0,(anonymous_9)
FNDA:0,(anonymous_10)
FNDA:0,(anonymous_11)
FNDA:0,(anonymous_12)
FNDA:0,(anonymous_13)
FNDA:0,(anonymous_14)
FNDA:0,(anonymous_15)
FNDA:0,isValidEnvironment
FNDA:0,isValidLogLevel
FNDA:0,isValidToolMode
FNDA:0,isValidEnforcementLevel
DA:56,0
DA:61,0
DA:66,0
DA:71,0
DA:76,0
DA:92,0
DA:100,0
DA:117,0
DA:122,0
DA:129,0
DA:135,0
DA:151,0
DA:152,0
DA:155,0
DA:158,0
DA:161,0
DA:164,0
DA:166,0
DA:174,0
DA:175,0
DA:180,0
DA:185,0
DA:187,0
DA:190,0
DA:191,0
DA:192,0
DA:194,0
DA:199,0
DA:201,0
DA:203,0
DA:207,0
DA:208,0
DA:211,0
DA:217,0
DA:218,0
DA:219,0
DA:220,0
DA:224,0
DA:225,0
DA:226,0
DA:230,0
DA:231,0
DA:235,0
DA:236,0
DA:237,0
DA:239,0
DA:242,0
DA:243,0
DA:244,0
DA:253,0
DA:257,0
DA:261,0
DA:265,0
DA:271,0
LF:54
LH:0
BRDA:71,0,0,0
BRDA:71,0,1,0
BRDA:76,1,0,0
BRDA:76,1,1,0
BRDA:92,2,0,0
BRDA:92,2,1,0
BRDA:122,3,0,0
BRDA:122,3,1,0
BRDA:155,4,0,0
BRDA:155,4,1,0
BRDA:158,5,0,0
BRDA:158,5,1,0
BRDA:194,6,0,0
BRDA:194,6,1,0
BRDA:199,7,0,0
BRDA:199,8,0,0
BRDA:199,8,1,0
BRDA:207,9,0,0
BRDA:217,10,0,0
BRDA:224,11,0,0
BRDA:235,12,0,0
BRDA:236,13,0,0
BRDA:242,14,0,0
BRDA:242,15,0,0
BRDA:242,15,1,0
BRDA:243,16,0,0
BRDA:243,16,1,0
BRF:27
BRH:0
end_of_record
TN:
SF:src/lib/enforcement/boundary-enforcer.ts
FN:13,(anonymous_0)
FN:15,(anonymous_1)
FN:18,(anonymous_2)
FN:21,(anonymous_3)
FN:28,(anonymous_4)
FN:30,(anonymous_5)
FN:35,(anonymous_6)
FNF:7
FNH:0
FNDA:0,(anonymous_0)
FNDA:0,(anonymous_1)
FNDA:0,(anonymous_2)
FNDA:0,(anonymous_3)
FNDA:0,(anonymous_4)
FNDA:0,(anonymous_5)
FNDA:0,(anonymous_6)
DA:12,0
DA:13,0
DA:16,0
DA:17,0
DA:18,0
DA:20,0
DA:21,0
DA:22,0
DA:23,0
DA:26,0
DA:27,0
DA:28,0
DA:29,0
DA:30,0
DA:31,0
DA:32,0
DA:33,0
DA:35,0
DA:37,0
LF:19
LH:0
BRDA:17,0,0,0
BRDA:17,1,0,0
BRDA:17,1,1,0
BRDA:20,2,0,0
BRDA:20,3,0,0
BRDA:20,3,1,0
BRDA:22,4,0,0
BRDA:22,4,1,0
BRDA:23,5,0,0
BRDA:23,5,1,0
BRDA:26,6,0,0
BRDA:29,7,0,0
BRDA:29,7,1,0
BRDA:30,8,0,0
BRDA:30,8,1,0
BRDA:31,9,0,0
BRDA:31,10,0,0
BRDA:31,10,1,0
BRF:18
BRH:0
end_of_record
TN:
SF:src/lib/errors/error-types.ts
FN:23,(anonymous_0)
FN:35,(anonymous_1)
FN:41,(anonymous_2)
FN:47,(anonymous_3)
FN:53,(anonymous_4)
FN:60,(anonymous_5)
FN:67,(anonymous_6)
FN:73,(anonymous_7)
FN:78,mapKindToStatus
FN:92,serializeError
FNF:10
FNH:0
FNDA:0,(anonymous_0)
FNDA:0,(anonymous_1)
FNDA:0,(anonymous_2)
FNDA:0,(anonymous_3)
FNDA:0,(anonymous_4)
FNDA:0,(anonymous_5)
FNDA:0,(anonymous_6)
FNDA:0,(anonymous_7)
FNDA:0,mapKindToStatus
FNDA:0,serializeError
DA:24,0
DA:25,0
DA:26,0
DA:27,0
DA:28,0
DA:29,0
DA:36,0
DA:42,0
DA:48,0
DA:54,0
DA:61,0
DA:62,0
DA:68,0
DA:74,0
DA:79,0
DA:80,0
DA:81,0
DA:82,0
DA:83,0
DA:88,0
DA:93,0
DA:94,0
DA:99,0
DA:100,0
DA:101,0
DA:102,0
DA:104,0
DA:105,0
DA:110,0
DA:111,0
DA:112,0
DA:114,0
LF:32
LH:0
BRDA:23,0,0,0
BRDA:27,1,0,0
BRDA:27,1,1,0
BRDA:28,2,0,0
BRDA:35,3,0,0
BRDA:36,4,0,0
BRDA:36,4,1,0
BRDA:41,5,0,0
BRDA:42,6,0,0
BRDA:42,6,1,0
BRDA:47,7,0,0
BRDA:48,8,0,0
BRDA:48,8,1,0
BRDA:53,9,0,0
BRDA:54,10,0,0
BRDA:54,10,1,0
BRDA:60,11,0,0
BRDA:67,12,0,0
BRDA:68,13,0,0
BRDA:68,13,1,0
BRDA:73,14,0,0
BRDA:74,15,0,0
BRDA:74,15,1,0
BRDA:79,16,0,0
BRDA:79,16,1,0
BRDA:79,16,2,0
BRDA:79,16,3,0
BRDA:79,16,4,0
BRDA:79,16,5,0
BRDA:79,16,6,0
BRDA:79,16,7,0
BRDA:93,17,0,0
BRDA:99,18,0,0
BRDA:100,19,0,0
BRDA:100,19,1,0
BRDA:100,20,0,0
BRDA:100,20,1,0
BRDA:101,21,0,0
BRDA:104,22,0,0
BRDA:106,23,0,0
BRDA:106,23,1,0
BRDA:110,24,0,0
BRDA:110,24,1,0
BRDA:111,25,0,0
BRF:44
BRH:0
end_of_record
TN:
SF:src/lib/health/graceful-shutdown.ts
FN:26,(anonymous_0)
FN:33,(anonymous_1)
FN:41,(anonymous_2)
FN:49,(anonymous_3)
FN:57,(anonymous_4)
FN:64,(anonymous_5)
FN:71,(anonymous_6)
FN:107,(anonymous_7)
FN:119,(anonymous_8)
FN:121,(anonymous_9)
FN:122,(anonymous_10)
FN:125,(anonymous_11)
FN:131,(anonymous_12)
FN:137,(anonymous_13)
FN:151,(anonymous_14)
FN:176,(anonymous_15)
FN:188,(anonymous_16)
FN:208,(anonymous_17)
FN:209,(anonymous_18)
FN:241,(anonymous_19)
FN:246,(anonymous_20)
FN:256,(anonymous_21)
FN:287,TrackOperation
FN:288,(anonymous_23)
FN:292,(anonymous_24)
FN:294,(anonymous_25)
FN:304,createShutdownHandler
FNF:27
FNH:0
FNDA:0,(anonymous_0)
FNDA:0,(anonymous_1)
FNDA:0,(anonymous_2)
FNDA:0,(anonymous_3)
FNDA:0,(anonymous_4)
FNDA:0,(anonymous_5)
FNDA:0,(anonymous_6)
FNDA:0,(anonymous_7)
FNDA:0,(anonymous_8)
FNDA:0,(anonymous_9)
FNDA:0,(anonymous_10)
FNDA:0,(anonymous_11)
FNDA:0,(anonymous_12)
FNDA:0,(anonymous_13)
FNDA:0,(anonymous_14)
FNDA:0,(anonymous_15)
FNDA:0,(anonymous_16)
FNDA:0,(anonymous_17)
FNDA:0,(anonymous_18)
FNDA:0,(anonymous_19)
FNDA:0,(anonymous_20)
FNDA:0,(anonymous_21)
FNDA:0,TrackOperation
FNDA:0,(anonymous_23)
FNDA:0,(anonymous_24)
FNDA:0,(anonymous_25)
FNDA:0,createShutdownHandler
DA:21,0
DA:22,0
DA:23,0
DA:24,0
DA:27,0
DA:34,0
DA:35,0
DA:42,0
DA:43,0
DA:50,0
DA:51,0
DA:58,0
DA:65,0
DA:72,0
DA:73,0
DA:74,0
DA:77,0
DA:78,0
DA:84,0
DA:86,0
DA:88,0
DA:91,0
DA:93,0
DA:94,0
DA:100,0
DA:101,0
DA:107,0
DA:108,0
DA:109,0
DA:112,0
DA:121,0
DA:122,0
DA:125,0
DA:126,0
DA:127,0
DA:131,0
DA:132,0
DA:133,0
DA:137,0
DA:138,0
DA:142,0
DA:145,0
DA:152,0
DA:153,0
DA:154,0
DA:157,0
DA:161,0
DA:162,0
DA:163,0
DA:165,0
DA:166,0
DA:168,0
DA:169,0
DA:173,0
DA:176,0
DA:179,0
DA:189,0
DA:190,0
DA:191,0
DA:194,0
DA:197,0
DA:199,0
DA:200,0
DA:201,0
DA:202,0
DA:205,0
DA:206,0
DA:209,0
DA:213,0
DA:214,0
DA:217,0
DA:219,0
DA:220,0
DA:221,0
DA:223,0
DA:229,0
DA:239,0
DA:242,0
DA:243,0
DA:247,0
DA:248,0
DA:250,0
DA:261,0
DA:262,0
DA:265,0
DA:267,0
DA:268,0
DA:269,0
DA:271,0
DA:273,0
DA:274,0
DA:276,0
DA:277,0
DA:279,0
DA:288,0
DA:289,0
DA:290,0
DA:292,0
DA:293,0
DA:294,0
DA:297,0
DA:309,0
DA:320,0
LF:103
LH:0
BRDA:71,0,0,0
BRDA:72,1,0,0
BRDA:101,2,0,0
BRDA:101,2,1,0
BRDA:132,3,0,0
BRDA:132,3,1,0
BRDA:139,4,0,0
BRDA:139,4,1,0
BRDA:152,5,0,0
BRDA:168,6,0,0
BRDA:189,7,0,0
BRDA:205,8,0,0
BRDA:205,8,1,0
BRDA:219,9,0,0
BRDA:219,9,1,0
BRDA:220,10,0,0
BRDA:220,10,1,0
BRDA:223,11,0,0
BRDA:223,11,1,0
BRDA:247,12,0,0
BRDA:261,13,0,0
BRDA:276,14,0,0
BRDA:276,14,1,0
BRDA:290,15,0,0
BRDA:290,15,1,0
BRDA:307,16,0,0
BRDA:312,17,0,0
BRDA:312,17,1,0
BRDA:313,18,0,0
BRDA:313,18,1,0
BRF:30
BRH:0
end_of_record
TN:
SF:src/lib/health/health-check.ts
FN:45,(anonymous_0)
FN:57,(anonymous_1)
FN:70,(anonymous_2)
FN:120,(anonymous_3)
FN:133,(anonymous_4)
FN:141,(anonymous_5)
FN:164,(anonymous_6)
FN:206,(anonymous_7)
FN:249,(anonymous_8)
FN:280,(anonymous_9)
FN:308,(anonymous_10)
FN:363,(anonymous_11)
FN:418,(anonymous_12)
FN:421,(anonymous_13)
FN:422,(anonymous_14)
FN:423,(anonymous_15)
FN:427,(anonymous_16)
FNF:17
FNH:0
FNDA:0,(anonymous_0)
FNDA:0,(anonymous_1)
FNDA:0,(anonymous_2)
FNDA:0,(anonymous_3)
FNDA:0,(anonymous_4)
FNDA:0,(anonymous_5)
FNDA:0,(anonymous_6)
FNDA:0,(anonymous_7)
FNDA:0,(anonymous_8)
FNDA:0,(anonymous_9)
FNDA:0,(anonymous_10)
FNDA:0,(anonymous_11)
FNDA:0,(anonymous_12)
FNDA:0,(anonymous_13)
FNDA:0,(anonymous_14)
FNDA:0,(anonymous_15)
FNDA:0,(anonymous_16)
DA:46,0
DA:47,0
DA:48,0
DA:49,0
DA:51,0
DA:58,0
DA:59,0
DA:61,0
DA:70,0
DA:71,0
DA:80,0
DA:81,0
DA:83,0
DA:84,0
DA:94,0
DA:95,0
DA:97,0
DA:106,0
DA:107,0
DA:114,0
DA:121,0
DA:123,0
DA:125,0
DA:126,0
DA:134,0
DA:136,0
DA:141,0
DA:142,0
DA:146,0
DA:147,0
DA:150,0
DA:153,0
DA:155,0
DA:156,0
DA:165,0
DA:166,0
DA:168,0
DA:169,0
DA:170,0
DA:172,0
DA:173,0
DA:186,0
DA:195,0
DA:196,0
DA:207,0
DA:208,0
DA:210,0
DA:211,0
DA:212,0
DA:215,0
DA:216,0
DA:218,0
DA:219,0
DA:220,0
DA:223,0
DA:238,0
DA:239,0
DA:250,0
DA:251,0
DA:253,0
DA:254,0
DA:255,0
DA:257,0
DA:269,0
DA:270,0
DA:281,0
DA:282,0
DA:284,0
DA:287,0
DA:289,0
DA:297,0
DA:298,0
DA:309,0
DA:310,0
DA:312,0
DA:314,0
DA:315,0
DA:318,0
DA:321,0
DA:324,0
DA:327,0
DA:330,0
DA:332,0
DA:334,0
DA:335,0
DA:343,0
DA:352,0
DA:353,0
DA:364,0
DA:365,0
DA:367,0
DA:368,0
DA:369,0
DA:372,0
DA:373,0
DA:376,0
DA:377,0
DA:379,0
DA:380,0
DA:381,0
DA:384,0
DA:385,0
DA:386,0
DA:389,0
DA:407,0
DA:408,0
DA:419,0
DA:421,0
DA:422,0
DA:423,0
DA:428,0
DA:429,0
DA:430,0
LF:113
LH:0
BRDA:80,0,0,0
BRDA:80,0,1,0
BRDA:83,1,0,0
BRDA:83,1,1,0
BRDA:87,2,0,0
BRDA:87,2,1,0
BRDA:87,2,2,0
BRDA:100,3,0,0
BRDA:100,3,1,0
BRDA:125,4,0,0
BRDA:125,4,1,0
BRDA:142,5,0,0
BRDA:142,5,1,0
BRDA:142,5,2,0
BRDA:146,6,0,0
BRDA:147,7,0,0
BRDA:147,7,1,0
BRDA:155,8,0,0
BRDA:155,8,1,0
BRDA:156,9,0,0
BRDA:156,9,1,0
BRDA:172,10,0,0
BRDA:172,10,1,0
BRDA:199,11,0,0
BRDA:199,11,1,0
BRDA:218,12,0,0
BRDA:242,13,0,0
BRDA:242,13,1,0
BRDA:273,14,0,0
BRDA:273,14,1,0
BRDA:301,15,0,0
BRDA:301,15,1,0
BRDA:334,16,0,0
BRDA:334,16,1,0
BRDA:356,17,0,0
BRDA:356,17,1,0
BRDA:379,18,0,0
BRDA:384,19,0,0
BRDA:411,20,0,0
BRDA:411,20,1,0
BRDA:428,21,0,0
BRDA:429,22,0,0
BRF:42
BRH:0
end_of_record
TN:
SF:src/lib/logging/structured-logger.ts
FN:39,(anonymous_0)
FN:44,(anonymous_1)
FN:48,(anonymous_2)
FN:54,(anonymous_3)
FN:60,(anonymous_4)
FN:66,(anonymous_5)
FN:76,(anonymous_6)
FN:90,(anonymous_7)
FN:103,(anonymous_8)
FN:115,(anonymous_9)
FN:125,(anonymous_10)
FN:136,(anonymous_11)
FN:180,(anonymous_12)
FN:201,(anonymous_13)
FN:207,(anonymous_14)
FN:221,withTiming
FN:225,(anonymous_16)
FN:243,LogMethod
FN:244,(anonymous_18)
FNF:19
FNH:0
FNDA:0,(anonymous_0)
FNDA:0,(anonymous_1)
FNDA:0,(anonymous_2)
FNDA:0,(anonymous_3)
FNDA:0,(anonymous_4)
FNDA:0,(anonymous_5)
FNDA:0,(anonymous_6)
FNDA:0,(anonymous_7)
FNDA:0,(anonymous_8)
FNDA:0,(anonymous_9)
FNDA:0,(anonymous_10)
FNDA:0,(anonymous_11)
FNDA:0,(anonymous_12)
FNDA:0,(anonymous_13)
FNDA:0,(anonymous_14)
FNDA:0,withTiming
FNDA:0,(anonymous_16)
FNDA:0,LogMethod
FNDA:0,(anonymous_18)
DA:40,0
DA:41,0
DA:45,0
DA:49,0
DA:50,0
DA:55,0
DA:56,0
DA:61,0
DA:62,0
DA:67,0
DA:68,0
DA:69,0
DA:77,0
DA:91,0
DA:104,0
DA:116,0
DA:126,0
DA:133,0
DA:137,0
DA:146,0
DA:147,0
DA:150,0
DA:151,0
DA:152,0
DA:154,0
DA:155,0
DA:156,0
DA:158,0
DA:163,0
DA:164,0
DA:166,0
DA:167,0
DA:169,0
DA:170,0
DA:172,0
DA:173,0
DA:175,0
DA:176,0
DA:181,0
DA:183,0
DA:185,0
DA:188,0
DA:189,0
DA:190,0
DA:192,0
DA:194,0
DA:198,0
DA:202,0
DA:207,0
DA:208,0
DA:216,0
DA:225,0
DA:226,0
DA:227,0
DA:228,0
DA:229,0
DA:230,0
DA:231,0
DA:233,0
DA:234,0
DA:235,0
DA:244,0
DA:245,0
DA:246,0
DA:248,0
LF:65
LH:0
BRDA:39,0,0,0
BRDA:39,1,0,0
BRDA:49,2,0,0
BRDA:55,3,0,0
BRDA:61,4,0,0
BRDA:67,5,0,0
BRDA:68,6,0,0
BRDA:68,6,1,0
BRDA:77,7,0,0
BRDA:77,7,1,0
BRDA:142,8,0,0
BRDA:142,8,1,0
BRDA:146,9,0,0
BRDA:150,10,0,0
BRDA:151,11,0,0
BRDA:155,12,0,0
BRDA:155,12,1,0
BRDA:158,13,0,0
BRDA:164,14,0,0
BRDA:164,14,1,0
BRDA:164,14,2,0
BRDA:164,14,3,0
BRDA:185,15,0,0
BRDA:188,16,0,0
BRDA:188,16,1,0
BRDA:190,17,0,0
BRDA:190,17,1,0
BRDA:190,18,0,0
BRDA:190,18,1,0
BRDA:234,19,0,0
BRDA:234,19,1,0
BRDA:246,20,0,0
BRDA:246,20,1,0
BRF:33
BRH:0
end_of_record
TN:
SF:src/lib/memory/adapter-entry.ts
FN:7,createOcsAdapter
FNF:1
FNH:0
FNDA:0,createOcsAdapter
DA:8,0
DA:9,0
DA:10,0
LF:3
LH:0
BRF:0
BRH:0
end_of_record
TN:
SF:src/lib/memory/auto-memory-system.ts
FN:3,(anonymous_0)
FN:5,(anonymous_1)
FN:7,(anonymous_2)
FN:11,(anonymous_3)
FNF:4
FNH:0
FNDA:0,(anonymous_0)
FNDA:0,(anonymous_1)
FNDA:0,(anonymous_2)
FNDA:0,(anonymous_3)
DA:8,0
LF:1
LH:0
BRF:0
BRH:0
end_of_record
TN:
SF:src/lib/memory/chroma-adapter.ts
FN:19,(anonymous_0)
FN:27,(anonymous_1)
FN:42,(anonymous_2)
FN:46,(anonymous_3)
FN:60,(anonymous_4)
FN:74,(anonymous_5)
FN:77,(anonymous_6)
FN:85,(anonymous_7)
FN:88,(anonymous_8)
FN:107,(anonymous_9)
FN:113,(anonymous_10)
FN:129,(anonymous_11)
FN:138,(anonymous_12)
FN:147,(anonymous_13)
FN:149,(anonymous_14)
FN:152,(anonymous_15)
FN:179,(anonymous_16)
FN:221,(anonymous_17)
FN:225,(anonymous_18)
FN:228,(anonymous_19)
FNF:20
FNH:0
FNDA:0,(anonymous_0)
FNDA:0,(anonymous_1)
FNDA:0,(anonymous_2)
FNDA:0,(anonymous_3)
FNDA:0,(anonymous_4)
FNDA:0,(anonymous_5)
FNDA:0,(anonymous_6)
FNDA:0,(anonymous_7)
FNDA:0,(anonymous_8)
FNDA:0,(anonymous_9)
FNDA:0,(anonymous_10)
FNDA:0,(anonymous_11)
FNDA:0,(anonymous_12)
FNDA:0,(anonymous_13)
FNDA:0,(anonymous_14)
FNDA:0,(anonymous_15)
FNDA:0,(anonymous_16)
FNDA:0,(anonymous_17)
FNDA:0,(anonymous_18)
FNDA:0,(anonymous_19)
DA:15,0
DA:21,0
DA:22,0
DA:23,0
DA:24,0
DA:28,0
DA:29,0
DA:30,0
DA:31,0
DA:32,0
DA:34,0
DA:35,0
DA:37,0
DA:43,0
DA:48,0
DA:57,0
DA:62,0
DA:71,0
DA:75,0
DA:77,0
DA:78,0
DA:79,0
DA:80,0
DA:81,0
DA:82,0
DA:83,0
DA:84,0
DA:85,0
DA:87,0
DA:88,0
DA:91,0
DA:109,0
DA:112,0
DA:113,0
DA:114,0
DA:115,0
DA:120,0
DA:121,0
DA:122,0
DA:123,0
DA:125,0
DA:128,0
DA:129,0
DA:130,0
DA:131,0
DA:132,0
DA:133,0
DA:134,0
DA:138,0
DA:139,0
DA:140,0
DA:141,0
DA:142,0
DA:143,0
DA:144,0
DA:145,0
DA:146,0
DA:147,0
DA:149,0
DA:151,0
DA:152,0
DA:154,0
DA:155,0
DA:156,0
DA:157,0
DA:158,0
DA:159,0
DA:180,0
DA:181,0
DA:182,0
DA:183,0
DA:186,0
DA:187,0
DA:188,0
DA:189,0
DA:190,0
DA:191,0
DA:193,0
DA:194,0
DA:195,0
DA:196,0
DA:197,0
DA:205,0
DA:207,0
DA:208,0
DA:209,0
DA:223,0
DA:224,0
DA:225,0
DA:227,0
DA:228,0
LF:91
LH:0
BRDA:22,0,0,0
BRDA:22,0,1,0
BRDA:29,1,0,0
BRDA:29,1,1,0
BRDA:31,2,0,0
BRDA:31,2,1,0
BRDA:66,3,0,0
BRDA:66,3,1,0
BRDA:66,4,0,0
BRDA:66,4,1,0
BRDA:74,5,0,0
BRDA:78,6,0,0
BRDA:78,6,1,0
BRDA:78,7,0,0
BRDA:78,7,1,0
BRDA:78,7,2,0
BRDA:79,8,0,0
BRDA:79,8,1,0
BRDA:79,9,0,0
BRDA:79,9,1,0
BRDA:79,9,2,0
BRDA:80,10,0,0
BRDA:80,10,1,0
BRDA:80,11,0,0
BRDA:80,11,1,0
BRDA:80,11,2,0
BRDA:81,12,0,0
BRDA:81,12,1,0
BRDA:81,13,0,0
BRDA:81,13,1,0
BRDA:84,14,0,0
BRDA:84,14,1,0
BRDA:86,15,0,0
BRDA:86,15,1,0
BRDA:87,16,0,0
BRDA:87,16,1,0
BRDA:89,17,0,0
BRDA:89,17,1,0
BRDA:93,18,0,0
BRDA:93,18,1,0
BRDA:94,19,0,0
BRDA:94,19,1,0
BRDA:95,20,0,0
BRDA:95,20,1,0
BRDA:96,21,0,0
BRDA:96,21,1,0
BRDA:96,22,0,0
BRDA:96,22,1,0
BRDA:97,23,0,0
BRDA:97,23,1,0
BRDA:97,24,0,0
BRDA:97,24,1,0
BRDA:101,25,0,0
BRDA:101,25,1,0
BRDA:101,26,0,0
BRDA:101,26,1,0
BRDA:102,27,0,0
BRDA:102,27,1,0
BRDA:102,28,0,0
BRDA:102,28,1,0
BRDA:107,29,0,0
BRDA:114,30,0,0
BRDA:114,30,1,0
BRDA:115,31,0,0
BRDA:115,31,1,0
BRDA:117,32,0,0
BRDA:117,32,1,0
BRDA:120,33,0,0
BRDA:120,33,1,0
BRDA:120,33,2,0
BRDA:121,34,0,0
BRDA:121,34,1,0
BRDA:122,35,0,0
BRDA:122,35,1,0
BRDA:123,36,0,0
BRDA:123,36,1,0
BRDA:123,36,2,0
BRDA:125,37,0,0
BRDA:130,38,0,0
BRDA:130,38,1,0
BRDA:131,39,0,0
BRDA:131,39,1,0
BRDA:131,39,2,0
BRDA:131,40,0,0
BRDA:131,40,1,0
BRDA:131,41,0,0
BRDA:131,41,1,0
BRDA:132,42,0,0
BRDA:139,43,0,0
BRDA:139,43,1,0
BRDA:139,44,0,0
BRDA:139,44,1,0
BRDA:139,44,2,0
BRDA:140,45,0,0
BRDA:140,45,1,0
BRDA:140,46,0,0
BRDA:140,46,1,0
BRDA:140,46,2,0
BRDA:141,47,0,0
BRDA:141,47,1,0
BRDA:141,48,0,0
BRDA:141,48,1,0
BRDA:141,48,2,0
BRDA:142,49,0,0
BRDA:142,49,1,0
BRDA:142,50,0,0
BRDA:142,50,1,0
BRDA:146,51,0,0
BRDA:146,51,1,0
BRDA:148,52,0,0
BRDA:148,52,1,0
BRDA:150,53,0,0
BRDA:150,53,1,0
BRDA:151,54,0,0
BRDA:151,54,1,0
BRDA:153,55,0,0
BRDA:153,55,1,0
BRDA:154,56,0,0
BRDA:154,56,1,0
BRDA:155,57,0,0
BRDA:155,57,1,0
BRDA:155,58,0,0
BRDA:155,58,1,0
BRDA:155,59,0,0
BRDA:155,59,1,0
BRDA:156,60,0,0
BRDA:156,60,1,0
BRDA:156,60,2,0
BRDA:156,61,0,0
BRDA:156,61,1,0
BRDA:157,62,0,0
BRDA:157,62,1,0
BRDA:157,63,0,0
BRDA:157,63,1,0
BRDA:162,64,0,0
BRDA:162,64,1,0
BRDA:163,65,0,0
BRDA:163,65,1,0
BRDA:164,66,0,0
BRDA:164,66,1,0
BRDA:164,67,0,0
BRDA:164,67,1,0
BRDA:167,68,0,0
BRDA:167,68,1,0
BRDA:172,69,0,0
BRDA:172,69,1,0
BRDA:172,70,0,0
BRDA:172,70,1,0
BRDA:173,71,0,0
BRDA:173,71,1,0
BRDA:173,72,0,0
BRDA:173,72,1,0
BRDA:181,73,0,0
BRDA:181,73,1,0
BRDA:182,74,0,0
BRDA:182,74,1,0
BRDA:187,75,0,0
BRDA:187,75,1,0
BRDA:187,75,2,0
BRDA:188,76,0,0
BRDA:188,76,1,0
BRDA:189,77,0,0
BRDA:189,77,1,0
BRDA:190,78,0,0
BRDA:190,78,1,0
BRDA:190,79,0,0
BRDA:190,79,1,0
BRDA:191,80,0,0
BRDA:191,80,1,0
BRDA:191,81,0,0
BRDA:191,81,1,0
BRDA:193,82,0,0
BRDA:193,82,1,0
BRDA:195,83,0,0
BRDA:195,83,1,0
BRDA:198,84,0,0
BRDA:198,84,1,0
BRDA:205,85,0,0
BRDA:207,86,0,0
BRDA:207,86,1,0
BRDA:208,87,0,0
BRDA:208,87,1,0
BRDA:210,88,0,0
BRDA:210,88,1,0
BRDA:212,89,0,0
BRDA:212,89,1,0
BRDA:212,90,0,0
BRDA:212,90,1,0
BRDA:214,91,0,0
BRDA:214,91,1,0
BRDA:221,92,0,0
BRDA:223,93,0,0
BRDA:223,93,1,0
BRF:193
BRH:0
end_of_record
TN:
SF:src/lib/memory/chroma-memory-manager.ts
FN:5,(anonymous_0)
FN:42,(anonymous_1)
FN:45,(anonymous_2)
FN:51,(anonymous_3)
FN:67,(anonymous_4)
FN:72,(anonymous_5)
FN:74,(anonymous_6)
FN:90,(anonymous_7)
FN:100,(anonymous_8)
FN:137,(anonymous_9)
FN:139,(anonymous_10)
FN:184,(anonymous_11)
FN:206,(anonymous_12)
FN:210,(anonymous_13)
FN:212,(anonymous_14)
FN:231,(anonymous_15)
FN:244,(anonymous_16)
FN:247,(anonymous_17)
FN:256,(anonymous_18)
FN:260,(anonymous_19)
FN:277,(anonymous_20)
FN:301,(anonymous_21)
FN:349,(anonymous_22)
FN:358,(anonymous_23)
FN:364,(anonymous_24)
FN:365,(anonymous_25)
FN:377,(anonymous_26)
FN:386,(anonymous_27)
FN:387,(anonymous_28)
FN:397,(anonymous_29)
FN:399,(anonymous_30)
FN:415,(anonymous_31)
FN:416,(anonymous_32)
FN:422,(anonymous_33)
FN:424,(anonymous_34)
FN:431,(anonymous_35)
FN:441,(anonymous_36)
FN:446,(anonymous_37)
FN:448,(anonymous_38)
FN:448,(anonymous_39)
FN:454,(anonymous_40)
FN:458,(anonymous_41)
FN:463,(anonymous_42)
FN:487,(anonymous_43)
FN:497,(anonymous_44)
FN:503,(anonymous_45)
FN:513,(anonymous_46)
FN:527,(anonymous_47)
FN:552,(anonymous_48)
FN:563,(anonymous_49)
FN:567,(anonymous_50)
FN:583,(anonymous_51)
FN:590,(anonymous_52)
FN:591,(anonymous_53)
FN:605,(anonymous_54)
FN:607,(anonymous_55)
FN:619,(anonymous_56)
FN:627,(anonymous_57)
FN:643,(anonymous_58)
FN:643,(anonymous_59)
FN:647,(anonymous_60)
FN:653,(anonymous_61)
FN:665,(anonymous_62)
FN:669,(anonymous_63)
FN:677,(anonymous_64)
FN:681,(anonymous_65)
FN:682,(anonymous_66)
FN:689,(anonymous_67)
FN:693,(anonymous_68)
FN:715,(anonymous_69)
FN:716,(anonymous_70)
FN:718,(anonymous_71)
FN:719,(anonymous_72)
FN:728,(anonymous_73)
FN:755,(anonymous_74)
FN:769,(anonymous_75)
FN:842,(anonymous_76)
FN:845,(anonymous_77)
FN:860,extractTags
FN:869,(anonymous_79)
FN:872,extractContext
FN:892,isCaptureMode
FN:900,simpleHashEmbedding
FN:916,(anonymous_83)
FN:917,(anonymous_84)
FN:921,coerceToConversation
FNF:86
FNH:0
FNDA:0,(anonymous_0)
FNDA:0,(anonymous_1)
FNDA:0,(anonymous_2)
FNDA:0,(anonymous_3)
FNDA:0,(anonymous_4)
FNDA:0,(anonymous_5)
FNDA:0,(anonymous_6)
FNDA:0,(anonymous_7)
FNDA:0,(anonymous_8)
FNDA:0,(anonymous_9)
FNDA:0,(anonymous_10)
FNDA:0,(anonymous_11)
FNDA:0,(anonymous_12)
FNDA:0,(anonymous_13)
FNDA:0,(anonymous_14)
FNDA:0,(anonymous_15)
FNDA:0,(anonymous_16)
FNDA:0,(anonymous_17)
FNDA:0,(anonymous_18)
FNDA:0,(anonymous_19)
FNDA:0,(anonymous_20)
FNDA:0,(anonymous_21)
FNDA:0,(anonymous_22)
FNDA:0,(anonymous_23)
FNDA:0,(anonymous_24)
FNDA:0,(anonymous_25)
FNDA:0,(anonymous_26)
FNDA:0,(anonymous_27)
FNDA:0,(anonymous_28)
FNDA:0,(anonymous_29)
FNDA:0,(anonymous_30)
FNDA:0,(anonymous_31)
FNDA:0,(anonymous_32)
FNDA:0,(anonymous_33)
FNDA:0,(anonymous_34)
FNDA:0,(anonymous_35)
FNDA:0,(anonymous_36)
FNDA:0,(anonymous_37)
FNDA:0,(anonymous_38)
FNDA:0,(anonymous_39)
FNDA:0,(anonymous_40)
FNDA:0,(anonymous_41)
FNDA:0,(anonymous_42)
FNDA:0,(anonymous_43)
FNDA:0,(anonymous_44)
FNDA:0,(anonymous_45)
FNDA:0,(anonymous_46)
FNDA:0,(anonymous_47)
FNDA:0,(anonymous_48)
FNDA:0,(anonymous_49)
FNDA:0,(anonymous_50)
FNDA:0,(anonymous_51)
FNDA:0,(anonymous_52)
FNDA:0,(anonymous_53)
FNDA:0,(anonymous_54)
FNDA:0,(anonymous_55)
FNDA:0,(anonymous_56)
FNDA:0,(anonymous_57)
FNDA:0,(anonymous_58)
FNDA:0,(anonymous_59)
FNDA:0,(anonymous_60)
FNDA:0,(anonymous_61)
FNDA:0,(anonymous_62)
FNDA:0,(anonymous_63)
FNDA:0,(anonymous_64)
FNDA:0,(anonymous_65)
FNDA:0,(anonymous_66)
FNDA:0,(anonymous_67)
FNDA:0,(anonymous_68)
FNDA:0,(anonymous_69)
FNDA:0,(anonymous_70)
FNDA:0,(anonymous_71)
FNDA:0,(anonymous_72)
FNDA:0,(anonymous_73)
FNDA:0,(anonymous_74)
FNDA:0,(anonymous_75)
FNDA:0,(anonymous_76)
FNDA:0,(anonymous_77)
FNDA:0,extractTags
FNDA:0,(anonymous_79)
FNDA:0,extractContext
FNDA:0,isCaptureMode
FNDA:0,simpleHashEmbedding
FNDA:0,(anonymous_83)
FNDA:0,(anonymous_84)
FNDA:0,coerceToConversation
DA:5,0
DA:6,0
DA:7,0
DA:8,0
DA:9,0
DA:10,0
DA:32,0
DA:33,0
DA:34,0
DA:35,0
DA:36,0
DA:37,0
DA:38,0
DA:39,0
DA:43,0
DA:44,0
DA:45,0
DA:46,0
DA:52,0
DA:53,0
DA:54,0
DA:56,0
DA:57,0
DA:58,0
DA:59,0
DA:60,0
DA:68,0
DA:69,0
DA:72,0
DA:75,0
DA:76,0
DA:77,0
DA:89,0
DA:90,0
DA:91,0
DA:93,0
DA:96,0
DA:101,0
DA:103,0
DA:105,0
DA:108,0
DA:109,0
DA:110,0
DA:111,0
DA:112,0
DA:113,0
DA:114,0
DA:115,0
DA:120,0
DA:121,0
DA:122,0
DA:123,0
DA:124,0
DA:126,0
DA:129,0
DA:131,0
DA:132,0
DA:133,0
DA:137,0
DA:140,0
DA:141,0
DA:145,0
DA:147,0
DA:148,0
DA:151,0
DA:152,0
DA:153,0
DA:154,0
DA:155,0
DA:160,0
DA:161,0
DA:176,0
DA:177,0
DA:179,0
DA:180,0
DA:185,0
DA:186,0
DA:188,0
DA:189,0
DA:190,0
DA:191,0
DA:196,0
DA:198,0
DA:199,0
DA:201,0
DA:202,0
DA:207,0
DA:211,0
DA:212,0
DA:217,0
DA:218,0
DA:219,0
DA:220,0
DA:221,0
DA:222,0
DA:223,0
DA:224,0
DA:225,0
DA:226,0
DA:228,0
DA:230,0
DA:231,0
DA:232,0
DA:233,0
DA:234,0
DA:235,0
DA:240,0
DA:241,0
DA:242,0
DA:243,0
DA:244,0
DA:245,0
DA:247,0
DA:248,0
DA:249,0
DA:250,0
DA:251,0
DA:252,0
DA:253,0
DA:254,0
DA:256,0
DA:259,0
DA:260,0
DA:261,0
DA:262,0
DA:267,0
DA:268,0
DA:269,0
DA:270,0
DA:272,0
DA:276,0
DA:277,0
DA:278,0
DA:279,0
DA:280,0
DA:281,0
DA:282,0
DA:285,0
DA:286,0
DA:288,0
DA:291,0
DA:295,0
DA:296,0
DA:297,0
DA:298,0
DA:302,0
DA:303,0
DA:304,0
DA:307,0
DA:311,0
DA:312,0
DA:314,0
DA:315,0
DA:316,0
DA:317,0
DA:319,0
DA:320,0
DA:322,0
DA:323,0
DA:337,0
DA:341,0
DA:343,0
DA:344,0
DA:350,0
DA:351,0
DA:352,0
DA:354,0
DA:359,0
DA:361,0
DA:362,0
DA:363,0
DA:364,0
DA:365,0
DA:366,0
DA:367,0
DA:368,0
DA:373,0
DA:376,0
DA:377,0
DA:378,0
DA:379,0
DA:380,0
DA:381,0
DA:384,0
DA:385,0
DA:386,0
DA:387,0
DA:388,0
DA:389,0
DA:390,0
DA:394,0
DA:395,0
DA:396,0
DA:397,0
DA:398,0
DA:399,0
DA:400,0
DA:401,0
DA:408,0
DA:411,0
DA:413,0
DA:414,0
DA:415,0
DA:416,0
DA:417,0
DA:419,0
DA:420,0
DA:421,0
DA:422,0
DA:423,0
DA:424,0
DA:425,0
DA:426,0
DA:429,0
DA:431,0
DA:432,0
DA:435,0
DA:436,0
DA:442,0
DA:443,0
DA:444,0
DA:445,0
DA:446,0
DA:447,0
DA:448,0
DA:451,0
DA:455,0
DA:459,0
DA:460,0
DA:464,0
DA:465,0
DA:467,0
DA:468,0
DA:469,0
DA:470,0
DA:471,0
DA:474,0
DA:475,0
DA:476,0
DA:477,0
DA:478,0
DA:482,0
DA:484,0
DA:488,0
DA:490,0
DA:491,0
DA:492,0
DA:494,0
DA:495,0
DA:496,0
DA:497,0
DA:498,0
DA:504,0
DA:506,0
DA:507,0
DA:508,0
DA:510,0
DA:511,0
DA:512,0
DA:513,0
DA:514,0
DA:517,0
DA:518,0
DA:519,0
DA:520,0
DA:522,0
DA:528,0
DA:529,0
DA:530,0
DA:532,0
DA:534,0
DA:537,0
DA:539,0
DA:540,0
DA:543,0
DA:545,0
DA:547,0
DA:548,0
DA:553,0
DA:554,0
DA:556,0
DA:557,0
DA:558,0
DA:560,0
DA:561,0
DA:562,0
DA:563,0
DA:564,0
DA:567,0
DA:568,0
DA:569,0
DA:570,0
DA:571,0
DA:572,0
DA:573,0
DA:574,0
DA:580,0
DA:584,0
DA:585,0
DA:587,0
DA:588,0
DA:589,0
DA:590,0
DA:591,0
DA:592,0
DA:593,0
DA:594,0
DA:598,0
DA:599,0
DA:600,0
DA:602,0
DA:603,0
DA:604,0
DA:605,0
DA:606,0
DA:607,0
DA:608,0
DA:609,0
DA:610,0
DA:611,0
DA:615,0
DA:620,0
DA:622,0
DA:624,0
DA:625,0
DA:626,0
DA:628,0
DA:629,0
DA:630,0
DA:631,0
DA:632,0
DA:634,0
DA:640,0
DA:642,0
DA:643,0
DA:648,0
DA:649,0
DA:654,0
DA:655,0
DA:656,0
DA:657,0
DA:658,0
DA:659,0
DA:660,0
DA:661,0
DA:662,0
DA:666,0
DA:667,0
DA:669,0
DA:671,0
DA:672,0
DA:674,0
DA:678,0
DA:679,0
DA:680,0
DA:681,0
DA:682,0
DA:684,0
DA:685,0
DA:690,0
DA:694,0
DA:696,0
DA:697,0
DA:698,0
DA:699,0
DA:708,0
DA:709,0
DA:710,0
DA:712,0
DA:715,0
DA:716,0
DA:718,0
DA:719,0
DA:723,0
DA:724,0
DA:729,0
DA:730,0
DA:732,0
DA:733,0
DA:736,0
DA:737,0
DA:739,0
DA:740,0
DA:741,0
DA:742,0
DA:744,0
DA:745,0
DA:748,0
DA:750,0
DA:751,0
DA:756,0
DA:757,0
DA:758,0
DA:762,0
DA:764,0
DA:765,0
DA:770,0
DA:771,0
DA:772,0
DA:775,0
DA:776,0
DA:777,0
DA:778,0
DA:779,0
DA:782,0
DA:783,0
DA:785,0
DA:786,0
DA:787,0
DA:788,0
DA:789,0
DA:790,0
DA:791,0
DA:794,0
DA:795,0
DA:796,0
DA:797,0
DA:798,0
DA:799,0
DA:800,0
DA:811,0
DA:812,0
DA:813,0
DA:814,0
DA:815,0
DA:816,0
DA:817,0
DA:823,0
DA:826,0
DA:828,0
DA:829,0
DA:833,0
DA:834,0
DA:836,0
DA:837,0
DA:843,0
DA:844,0
DA:845,0
DA:846,0
DA:847,0
DA:848,0
DA:849,0
DA:850,0
DA:851,0
DA:855,0
DA:861,0
DA:868,0
DA:869,0
DA:873,0
DA:876,0
DA:878,0
DA:879,0
DA:883,0
DA:884,0
DA:885,0
DA:888,0
DA:893,0
DA:894,0
DA:895,0
DA:896,0
DA:901,0
DA:902,0
DA:903,0
DA:904,0
DA:905,0
DA:906,0
DA:907,0
DA:908,0
DA:909,0
DA:911,0
DA:912,0
DA:913,0
DA:916,0
DA:917,0
DA:922,0
DA:923,0
DA:924,0
DA:925,0
DA:926,0
DA:927,0
DA:928,0
DA:929,0
LF:482
LH:0
BRDA:5,0,0,0
BRDA:5,0,1,0
BRDA:37,1,0,0
BRDA:37,1,1,0
BRDA:38,2,0,0
BRDA:38,2,1,0
BRDA:43,3,0,0
BRDA:43,4,0,0
BRDA:43,4,1,0
BRDA:53,5,0,0
BRDA:53,5,1,0
BRDA:57,6,0,0
BRDA:58,7,0,0
BRDA:60,8,0,0
BRDA:60,9,0,0
BRDA:60,9,1,0
BRDA:68,10,0,0
BRDA:68,11,0,0
BRDA:68,11,1,0
BRDA:89,12,0,0
BRDA:89,12,1,0
BRDA:89,13,0,0
BRDA:89,13,1,0
BRDA:101,14,0,0
BRDA:110,15,0,0
BRDA:110,15,1,0
BRDA:111,16,0,0
BRDA:121,17,0,0
BRDA:121,17,1,0
BRDA:137,18,0,0
BRDA:137,18,1,0
BRDA:140,19,0,0
BRDA:147,20,0,0
BRDA:160,21,0,0
BRDA:160,21,1,0
BRDA:170,22,0,0
BRDA:170,22,1,0
BRDA:170,23,0,0
BRDA:170,23,1,0
BRDA:171,24,0,0
BRDA:171,24,1,0
BRDA:171,25,0,0
BRDA:171,25,1,0
BRDA:206,26,0,0
BRDA:210,27,0,0
BRDA:211,28,0,0
BRDA:211,28,1,0
BRDA:212,29,0,0
BRDA:212,29,1,0
BRDA:219,30,0,0
BRDA:219,30,1,0
BRDA:224,31,0,0
BRDA:226,32,0,0
BRDA:232,33,0,0
BRDA:232,33,1,0
BRDA:233,34,0,0
BRDA:233,34,1,0
BRDA:234,35,0,0
BRDA:234,35,1,0
BRDA:235,36,0,0
BRDA:235,36,1,0
BRDA:237,37,0,0
BRDA:237,37,1,0
BRDA:242,38,0,0
BRDA:243,39,0,0
BRDA:244,40,0,0
BRDA:248,41,0,0
BRDA:249,42,0,0
BRDA:249,42,1,0
BRDA:250,43,0,0
BRDA:250,43,1,0
BRDA:251,44,0,0
BRDA:252,45,0,0
BRDA:252,45,1,0
BRDA:253,46,0,0
BRDA:253,46,1,0
BRDA:261,47,0,0
BRDA:261,47,1,0
BRDA:262,48,0,0
BRDA:262,48,1,0
BRDA:264,49,0,0
BRDA:264,49,1,0
BRDA:267,50,0,0
BRDA:267,50,1,0
BRDA:267,50,2,0
BRDA:268,51,0,0
BRDA:268,51,1,0
BRDA:269,52,0,0
BRDA:269,52,1,0
BRDA:269,52,2,0
BRDA:272,53,0,0
BRDA:278,54,0,0
BRDA:278,54,1,0
BRDA:279,55,0,0
BRDA:279,55,1,0
BRDA:279,56,0,0
BRDA:279,56,1,0
BRDA:279,57,0,0
BRDA:279,57,1,0
BRDA:279,58,0,0
BRDA:279,58,1,0
BRDA:280,59,0,0
BRDA:285,60,0,0
BRDA:301,61,0,0
BRDA:307,62,0,0
BRDA:307,62,1,0
BRDA:312,63,0,0
BRDA:322,64,0,0
BRDA:363,65,0,0
BRDA:365,66,0,0
BRDA:365,66,1,0
BRDA:365,66,2,0
BRDA:366,67,0,0
BRDA:376,68,0,0
BRDA:378,69,0,0
BRDA:378,69,1,0
BRDA:378,69,2,0
BRDA:378,69,3,0
BRDA:379,70,0,0
BRDA:385,71,0,0
BRDA:387,72,0,0
BRDA:387,72,1,0
BRDA:387,72,2,0
BRDA:388,73,0,0
BRDA:396,74,0,0
BRDA:398,75,0,0
BRDA:398,75,1,0
BRDA:398,76,0,0
BRDA:398,76,1,0
BRDA:400,77,0,0
BRDA:400,77,1,0
BRDA:401,78,0,0
BRDA:411,79,0,0
BRDA:411,79,1,0
BRDA:411,80,0,0
BRDA:411,80,1,0
BRDA:414,81,0,0
BRDA:416,82,0,0
BRDA:416,82,1,0
BRDA:416,82,2,0
BRDA:417,83,0,0
BRDA:421,84,0,0
BRDA:423,85,0,0
BRDA:423,85,1,0
BRDA:423,86,0,0
BRDA:423,86,1,0
BRDA:425,87,0,0
BRDA:425,87,1,0
BRDA:426,88,0,0
BRDA:445,89,0,0
BRDA:447,90,0,0
BRDA:447,90,1,0
BRDA:447,91,0,0
BRDA:447,91,1,0
BRDA:448,92,0,0
BRDA:448,92,1,0
BRDA:469,93,0,0
BRDA:469,94,0,0
BRDA:469,94,1,0
BRDA:476,95,0,0
BRDA:476,96,0,0
BRDA:476,96,1,0
BRDA:492,97,0,0
BRDA:496,98,0,0
BRDA:508,99,0,0
BRDA:512,100,0,0
BRDA:519,101,0,0
BRDA:519,101,1,0
BRDA:528,102,0,0
BRDA:537,103,0,0
BRDA:537,103,1,0
BRDA:543,104,0,0
BRDA:554,105,0,0
BRDA:554,105,1,0
BRDA:558,106,0,0
BRDA:562,107,0,0
BRDA:568,108,0,0
BRDA:568,108,1,0
BRDA:569,109,0,0
BRDA:569,109,1,0
BRDA:570,110,0,0
BRDA:570,110,1,0
BRDA:571,111,0,0
BRDA:571,111,1,0
BRDA:575,112,0,0
BRDA:575,112,1,0
BRDA:576,113,0,0
BRDA:576,113,1,0
BRDA:577,114,0,0
BRDA:577,114,1,0
BRDA:585,115,0,0
BRDA:589,116,0,0
BRDA:591,117,0,0
BRDA:591,117,1,0
BRDA:591,117,2,0
BRDA:592,118,0,0
BRDA:600,119,0,0
BRDA:604,120,0,0
BRDA:606,121,0,0
BRDA:606,121,1,0
BRDA:606,122,0,0
BRDA:606,122,1,0
BRDA:608,123,0,0
BRDA:608,123,1,0
BRDA:609,124,0,0
BRDA:620,125,0,0
BRDA:648,126,0,0
BRDA:658,127,0,0
BRDA:658,127,1,0
BRDA:658,128,0,0
BRDA:658,128,1,0
BRDA:659,129,0,0
BRDA:659,129,1,0
BRDA:662,130,0,0
BRDA:662,130,1,0
BRDA:666,131,0,0
BRDA:667,132,0,0
BRDA:671,133,0,0
BRDA:696,134,0,0
BRDA:698,135,0,0
BRDA:728,136,0,0
BRDA:732,137,0,0
BRDA:740,138,0,0
BRDA:740,138,1,0
BRDA:741,139,0,0
BRDA:770,140,0,0
BRDA:786,141,0,0
BRDA:805,142,0,0
BRDA:805,142,1,0
BRDA:805,143,0,0
BRDA:805,143,1,0
BRDA:806,144,0,0
BRDA:806,144,1,0
BRDA:806,145,0,0
BRDA:806,145,1,0
BRDA:847,146,0,0
BRDA:848,147,0,0
BRDA:894,148,0,0
BRDA:896,149,0,0
BRDA:896,149,1,0
BRDA:896,149,2,0
BRDA:896,149,3,0
BRDA:917,150,0,0
BRDA:917,150,1,0
BRDA:923,151,0,0
BRDA:923,151,1,0
BRDA:924,152,0,0
BRDA:924,152,1,0
BRDA:925,153,0,0
BRDA:925,153,1,0
BRDA:925,153,2,0
BRDA:925,153,3,0
BRDA:926,154,0,0
BRDA:926,154,1,0
BRDA:926,154,2,0
BRDA:927,155,0,0
BRDA:927,155,1,0
BRDA:928,156,0,0
BRDA:928,156,1,0
BRF:259
BRH:0
end_of_record
TN:
SF:src/lib/memory/knowledge-seeding-system.ts
FN:3,(anonymous_0)
FN:5,(anonymous_1)
FNF:2
FNH:0
FNDA:0,(anonymous_0)
FNDA:0,(anonymous_1)
DA:12,0
LF:1
LH:0
BRF:0
BRH:0
end_of_record
TN:
SF:src/lib/memory/mcp-ocs-memory-adapter.ts
FN:19,(anonymous_0)
FN:23,(anonymous_1)
FN:27,(anonymous_2)
FN:46,(anonymous_3)
FN:54,(anonymous_4)
FN:62,(anonymous_5)
FN:78,(anonymous_6)
FN:95,(anonymous_7)
FN:97,(anonymous_8)
FN:119,(anonymous_9)
FN:123,(anonymous_10)
FN:128,(anonymous_11)
FN:129,(anonymous_12)
FN:130,(anonymous_13)
FN:150,(anonymous_14)
FN:168,(anonymous_15)
FN:170,(anonymous_16)
FN:171,(anonymous_17)
FN:175,(anonymous_18)
FNF:19
FNH:0
FNDA:0,(anonymous_0)
FNDA:0,(anonymous_1)
FNDA:0,(anonymous_2)
FNDA:0,(anonymous_3)
FNDA:0,(anonymous_4)
FNDA:0,(anonymous_5)
FNDA:0,(anonymous_6)
FNDA:0,(anonymous_7)
FNDA:0,(anonymous_8)
FNDA:0,(anonymous_9)
FNDA:0,(anonymous_10)
FNDA:0,(anonymous_11)
FNDA:0,(anonymous_12)
FNDA:0,(anonymous_13)
FNDA:0,(anonymous_14)
FNDA:0,(anonymous_15)
FNDA:0,(anonymous_16)
FNDA:0,(anonymous_17)
FNDA:0,(anonymous_18)
DA:20,0
DA:24,0
DA:28,0
DA:43,0
DA:51,0
DA:53,0
DA:54,0
DA:55,0
DA:59,0
DA:72,0
DA:78,0
DA:86,0
DA:96,0
DA:97,0
DA:101,0
DA:102,0
DA:104,0
DA:105,0
DA:107,0
DA:108,0
DA:110,0
DA:111,0
DA:113,0
DA:114,0
DA:116,0
DA:120,0
DA:121,0
DA:122,0
DA:123,0
DA:126,0
DA:128,0
DA:129,0
DA:130,0
DA:132,0
DA:133,0
DA:134,0
DA:135,0
DA:137,0
DA:138,0
DA:139,0
DA:140,0
DA:143,0
DA:144,0
DA:145,0
DA:147,0
DA:151,0
DA:152,0
DA:153,0
DA:154,0
DA:155,0
DA:156,0
DA:157,0
DA:158,0
DA:159,0
DA:163,0
DA:164,0
DA:165,0
DA:169,0
DA:170,0
DA:171,0
DA:172,0
DA:176,0
LF:62
LH:0
BRDA:39,0,0,0
BRDA:39,0,1,0
BRDA:49,1,0,0
BRDA:53,2,0,0
BRDA:97,3,0,0
BRDA:97,3,1,0
BRDA:97,4,0,0
BRDA:97,4,1,0
BRDA:101,5,0,0
BRDA:101,6,0,0
BRDA:101,6,1,0
BRDA:104,7,0,0
BRDA:104,8,0,0
BRDA:104,8,1,0
BRDA:107,9,0,0
BRDA:107,10,0,0
BRDA:107,10,1,0
BRDA:110,11,0,0
BRDA:110,12,0,0
BRDA:110,12,1,0
BRDA:113,13,0,0
BRDA:113,14,0,0
BRDA:113,14,1,0
BRDA:132,15,0,0
BRDA:132,16,0,0
BRDA:132,16,1,0
BRDA:137,17,0,0
BRDA:137,18,0,0
BRDA:137,18,1,0
BRDA:156,19,0,0
BRDA:158,20,0,0
BRDA:158,20,1,0
BRDA:159,21,0,0
BRDA:164,22,0,0
BRDA:164,22,1,0
BRDA:169,23,0,0
BRDA:170,24,0,0
BRDA:171,25,0,0
BRF:38
BRH:0
end_of_record
TN:
SF:src/lib/memory/shared-memory.ts
FN:69,(anonymous_0)
FN:79,(anonymous_1)
FN:82,(anonymous_2)
FN:89,(anonymous_3)
FN:97,(anonymous_4)
FN:100,(anonymous_5)
FN:107,(anonymous_6)
FN:112,(anonymous_7)
FN:115,(anonymous_8)
FN:120,(anonymous_9)
FN:137,(anonymous_10)
FN:154,(anonymous_11)
FN:159,(anonymous_12)
FN:164,(anonymous_13)
FN:172,(anonymous_14)
FN:180,(anonymous_15)
FN:182,(anonymous_16)
FN:208,(anonymous_17)
FN:212,(anonymous_18)
FN:214,(anonymous_19)
FN:242,(anonymous_20)
FN:246,(anonymous_21)
FN:251,(anonymous_22)
FN:252,(anonymous_23)
FN:256,(anonymous_24)
FN:269,(anonymous_25)
FN:274,(anonymous_26)
FN:275,(anonymous_27)
FN:279,(anonymous_28)
FN:280,(anonymous_29)
FN:300,(anonymous_30)
FN:308,(anonymous_31)
FN:312,(anonymous_32)
FN:335,(anonymous_33)
FN:342,(anonymous_34)
FN:344,(anonymous_35)
FN:351,(anonymous_36)
FN:360,(anonymous_37)
FN:362,(anonymous_38)
FN:369,(anonymous_39)
FN:378,(anonymous_40)
FN:382,(anonymous_41)
FN:403,(anonymous_42)
FN:420,(anonymous_43)
FN:430,(anonymous_44)
FN:437,(anonymous_45)
FN:442,(anonymous_46)
FN:444,(anonymous_47)
FN:450,(anonymous_48)
FN:460,(anonymous_49)
FN:468,(anonymous_50)
FN:469,(anonymous_51)
FN:470,(anonymous_52)
FN:471,(anonymous_53)
FN:502,(anonymous_54)
FN:561,(anonymous_55)
FN:565,(anonymous_56)
FN:574,(anonymous_57)
FN:575,(anonymous_58)
FN:578,(anonymous_59)
FN:599,(anonymous_60)
FN:616,(anonymous_61)
FN:632,(anonymous_62)
FN:643,(anonymous_63)
FN:681,(anonymous_64)
FN:683,(anonymous_65)
FN:724,(anonymous_66)
FN:727,(anonymous_67)
FN:728,(anonymous_68)
FN:740,(anonymous_69)
FN:767,(anonymous_70)
FN:794,(anonymous_71)
FN:817,(anonymous_72)
FN:824,(anonymous_73)
FN:833,(anonymous_74)
FN:837,(anonymous_75)
FN:861,(anonymous_76)
FN:865,(anonymous_77)
FN:891,(anonymous_78)
FN:901,(anonymous_79)
FN:924,(anonymous_80)
FNF:81
FNH:0
FNDA:0,(anonymous_0)
FNDA:0,(anonymous_1)
FNDA:0,(anonymous_2)
FNDA:0,(anonymous_3)
FNDA:0,(anonymous_4)
FNDA:0,(anonymous_5)
FNDA:0,(anonymous_6)
FNDA:0,(anonymous_7)
FNDA:0,(anonymous_8)
FNDA:0,(anonymous_9)
FNDA:0,(anonymous_10)
FNDA:0,(anonymous_11)
FNDA:0,(anonymous_12)
FNDA:0,(anonymous_13)
FNDA:0,(anonymous_14)
FNDA:0,(anonymous_15)
FNDA:0,(anonymous_16)
FNDA:0,(anonymous_17)
FNDA:0,(anonymous_18)
FNDA:0,(anonymous_19)
FNDA:0,(anonymous_20)
FNDA:0,(anonymous_21)
FNDA:0,(anonymous_22)
FNDA:0,(anonymous_23)
FNDA:0,(anonymous_24)
FNDA:0,(anonymous_25)
FNDA:0,(anonymous_26)
FNDA:0,(anonymous_27)
FNDA:0,(anonymous_28)
FNDA:0,(anonymous_29)
FNDA:0,(anonymous_30)
FNDA:0,(anonymous_31)
FNDA:0,(anonymous_32)
FNDA:0,(anonymous_33)
FNDA:0,(anonymous_34)
FNDA:0,(anonymous_35)
FNDA:0,(anonymous_36)
FNDA:0,(anonymous_37)
FNDA:0,(anonymous_38)
FNDA:0,(anonymous_39)
FNDA:0,(anonymous_40)
FNDA:0,(anonymous_41)
FNDA:0,(anonymous_42)
FNDA:0,(anonymous_43)
FNDA:0,(anonymous_44)
FNDA:0,(anonymous_45)
FNDA:0,(anonymous_46)
FNDA:0,(anonymous_47)
FNDA:0,(anonymous_48)
FNDA:0,(anonymous_49)
FNDA:0,(anonymous_50)
FNDA:0,(anonymous_51)
FNDA:0,(anonymous_52)
FNDA:0,(anonymous_53)
FNDA:0,(anonymous_54)
FNDA:0,(anonymous_55)
FNDA:0,(anonymous_56)
FNDA:0,(anonymous_57)
FNDA:0,(anonymous_58)
FNDA:0,(anonymous_59)
FNDA:0,(anonymous_60)
FNDA:0,(anonymous_61)
FNDA:0,(anonymous_62)
FNDA:0,(anonymous_63)
FNDA:0,(anonymous_64)
FNDA:0,(anonymous_65)
FNDA:0,(anonymous_66)
FNDA:0,(anonymous_67)
FNDA:0,(anonymous_68)
FNDA:0,(anonymous_69)
FNDA:0,(anonymous_70)
FNDA:0,(anonymous_71)
FNDA:0,(anonymous_72)
FNDA:0,(anonymous_73)
FNDA:0,(anonymous_74)
FNDA:0,(anonymous_75)
FNDA:0,(anonymous_76)
FNDA:0,(anonymous_77)
FNDA:0,(anonymous_78)
FNDA:0,(anonymous_79)
FNDA:0,(anonymous_80)
DA:70,0
DA:78,0
DA:79,0
DA:80,0
DA:81,0
DA:82,0
DA:86,0
DA:90,0
DA:96,0
DA:97,0
DA:98,0
DA:99,0
DA:100,0
DA:104,0
DA:108,0
DA:109,0
DA:112,0
DA:115,0
DA:117,0
DA:121,0
DA:124,0
DA:127,0
DA:136,0
DA:137,0
DA:138,0
DA:139,0
DA:143,0
DA:155,0
DA:156,0
DA:160,0
DA:161,0
DA:165,0
DA:166,0
DA:168,0
DA:169,0
DA:173,0
DA:174,0
DA:176,0
DA:177,0
DA:181,0
DA:182,0
DA:184,0
DA:186,0
DA:187,0
DA:189,0
DA:190,0
DA:191,0
DA:192,0
DA:194,0
DA:195,0
DA:196,0
DA:203,0
DA:207,0
DA:208,0
DA:213,0
DA:214,0
DA:216,0
DA:218,0
DA:219,0
DA:221,0
DA:222,0
DA:223,0
DA:224,0
DA:226,0
DA:227,0
DA:229,0
DA:230,0
DA:237,0
DA:241,0
DA:242,0
DA:247,0
DA:248,0
DA:251,0
DA:252,0
DA:254,0
DA:255,0
DA:256,0
DA:257,0
DA:261,0
DA:266,0
DA:270,0
DA:271,0
DA:273,0
DA:274,0
DA:275,0
DA:278,0
DA:279,0
DA:280,0
DA:293,0
DA:295,0
DA:296,0
DA:301,0
DA:302,0
DA:303,0
DA:304,0
DA:305,0
DA:309,0
DA:313,0
DA:315,0
DA:321,0
DA:322,0
DA:323,0
DA:324,0
DA:326,0
DA:327,0
DA:330,0
DA:331,0
DA:336,0
DA:338,0
DA:339,0
DA:340,0
DA:341,0
DA:342,0
DA:343,0
DA:344,0
DA:346,0
DA:347,0
DA:350,0
DA:351,0
DA:352,0
DA:357,0
DA:358,0
DA:359,0
DA:360,0
DA:361,0
DA:362,0
DA:364,0
DA:365,0
DA:368,0
DA:369,0
DA:370,0
DA:374,0
DA:379,0
DA:383,0
DA:384,0
DA:386,0
DA:393,0
DA:394,0
DA:395,0
DA:402,0
DA:403,0
DA:404,0
DA:405,0
DA:406,0
DA:407,0
DA:410,0
DA:414,0
DA:416,0
DA:421,0
DA:422,0
DA:423,0
DA:427,0
DA:428,0
DA:429,0
DA:430,0
DA:431,0
DA:434,0
DA:435,0
DA:436,0
DA:437,0
DA:438,0
DA:441,0
DA:442,0
DA:443,0
DA:444,0
DA:445,0
DA:446,0
DA:447,0
DA:450,0
DA:451,0
DA:454,0
DA:455,0
DA:456,0
DA:457,0
DA:461,0
DA:462,0
DA:464,0
DA:466,0
DA:468,0
DA:469,0
DA:470,0
DA:471,0
DA:474,0
DA:478,0
DA:479,0
DA:480,0
DA:487,0
DA:488,0
DA:489,0
DA:492,0
DA:496,0
DA:498,0
DA:503,0
DA:505,0
DA:506,0
DA:509,0
DA:513,0
DA:514,0
DA:515,0
DA:526,0
DA:527,0
DA:528,0
DA:530,0
DA:531,0
DA:532,0
DA:533,0
DA:543,0
DA:544,0
DA:547,0
DA:552,0
DA:553,0
DA:555,0
DA:556,0
DA:562,0
DA:563,0
DA:565,0
DA:566,0
DA:567,0
DA:568,0
DA:569,0
DA:574,0
DA:575,0
DA:579,0
DA:580,0
DA:581,0
DA:582,0
DA:584,0
DA:597,0
DA:600,0
DA:601,0
DA:602,0
DA:603,0
DA:608,0
DA:609,0
DA:610,0
DA:611,0
DA:612,0
DA:617,0
DA:620,0
DA:622,0
DA:623,0
DA:626,0
DA:629,0
DA:634,0
DA:635,0
DA:638,0
DA:639,0
DA:643,0
DA:645,0
DA:646,0
DA:647,0
DA:648,0
DA:650,0
DA:652,0
DA:656,0
DA:657,0
DA:658,0
DA:669,0
DA:670,0
DA:672,0
DA:675,0
DA:678,0
DA:683,0
DA:685,0
DA:686,0
DA:687,0
DA:688,0
DA:690,0
DA:692,0
DA:696,0
DA:697,0
DA:698,0
DA:711,0
DA:712,0
DA:714,0
DA:717,0
DA:720,0
DA:726,0
DA:727,0
DA:728,0
DA:729,0
DA:730,0
DA:731,0
DA:733,0
DA:736,0
DA:741,0
DA:742,0
DA:743,0
DA:744,0
DA:745,0
DA:747,0
DA:750,0
DA:751,0
DA:753,0
DA:754,0
DA:755,0
DA:757,0
DA:762,0
DA:763,0
DA:764,0
DA:768,0
DA:769,0
DA:770,0
DA:771,0
DA:772,0
DA:774,0
DA:777,0
DA:778,0
DA:780,0
DA:781,0
DA:782,0
DA:784,0
DA:789,0
DA:790,0
DA:791,0
DA:795,0
DA:796,0
DA:797,0
DA:798,0
DA:807,0
DA:818,0
DA:819,0
DA:821,0
DA:825,0
DA:834,0
DA:835,0
DA:837,0
DA:850,0
DA:851,0
DA:853,0
DA:855,0
DA:857,0
DA:862,0
DA:863,0
DA:865,0
DA:880,0
DA:881,0
DA:883,0
DA:885,0
DA:887,0
DA:892,0
DA:893,0
DA:894,0
DA:895,0
DA:897,0
DA:902,0
DA:904,0
DA:905,0
DA:907,0
DA:908,0
DA:909,0
DA:911,0
DA:912,0
DA:914,0
DA:921,0
DA:925,0
DA:927,0
DA:928,0
DA:929,0
DA:931,0
LF:360
LH:0
BRDA:81,0,0,0
BRDA:99,1,0,0
BRDA:138,2,0,0
BRDA:180,3,0,0
BRDA:187,4,0,0
BRDA:195,5,0,0
BRDA:212,6,0,0
BRDA:219,7,0,0
BRDA:226,8,0,0
BRDA:226,8,1,0
BRDA:226,9,0,0
BRDA:226,9,1,0
BRDA:229,10,0,0
BRDA:256,11,0,0
BRDA:257,12,0,0
BRDA:257,12,1,0
BRDA:257,12,2,0
BRDA:266,13,0,0
BRDA:266,13,1,0
BRDA:304,14,0,0
BRDA:304,14,1,0
BRDA:305,15,0,0
BRDA:305,15,1,0
BRDA:321,16,0,0
BRDA:321,16,1,0
BRDA:336,17,0,0
BRDA:341,18,0,0
BRDA:343,19,0,0
BRDA:343,19,1,0
BRDA:343,19,2,0
BRDA:343,20,0,0
BRDA:343,20,1,0
BRDA:344,21,0,0
BRDA:344,21,1,0
BRDA:346,22,0,0
BRDA:350,23,0,0
BRDA:359,24,0,0
BRDA:361,25,0,0
BRDA:361,25,1,0
BRDA:361,25,2,0
BRDA:361,26,0,0
BRDA:361,26,1,0
BRDA:362,27,0,0
BRDA:362,27,1,0
BRDA:364,28,0,0
BRDA:368,29,0,0
BRDA:383,30,0,0
BRDA:402,31,0,0
BRDA:402,32,0,0
BRDA:402,32,1,0
BRDA:404,33,0,0
BRDA:404,33,1,0
BRDA:404,33,2,0
BRDA:405,34,0,0
BRDA:421,35,0,0
BRDA:423,36,0,0
BRDA:427,37,0,0
BRDA:429,38,0,0
BRDA:434,39,0,0
BRDA:434,40,0,0
BRDA:434,40,1,0
BRDA:436,41,0,0
BRDA:441,42,0,0
BRDA:441,42,1,0
BRDA:443,43,0,0
BRDA:443,43,1,0
BRDA:443,43,2,0
BRDA:443,44,0,0
BRDA:443,44,1,0
BRDA:444,45,0,0
BRDA:444,45,1,0
BRDA:445,46,0,0
BRDA:456,47,0,0
BRDA:461,48,0,0
BRDA:462,49,0,0
BRDA:469,50,0,0
BRDA:469,50,1,0
BRDA:470,51,0,0
BRDA:470,51,1,0
BRDA:471,52,0,0
BRDA:471,52,1,0
BRDA:487,53,0,0
BRDA:502,54,0,0
BRDA:503,55,0,0
BRDA:526,56,0,0
BRDA:530,57,0,0
BRDA:530,58,0,0
BRDA:530,58,1,0
BRDA:532,59,0,0
BRDA:532,59,1,0
BRDA:535,60,0,0
BRDA:535,60,1,0
BRDA:536,61,0,0
BRDA:536,61,1,0
BRDA:555,62,0,0
BRDA:555,62,1,0
BRDA:575,63,0,0
BRDA:575,63,1,0
BRDA:604,64,0,0
BRDA:604,64,1,0
BRDA:605,65,0,0
BRDA:605,65,1,0
BRDA:608,66,0,0
BRDA:610,67,0,0
BRDA:611,68,0,0
BRDA:622,69,0,0
BRDA:622,69,1,0
BRDA:629,70,0,0
BRDA:629,70,1,0
BRDA:634,71,0,0
BRDA:638,72,0,0
BRDA:645,73,0,0
BRDA:648,74,0,0
BRDA:650,75,0,0
BRDA:650,76,0,0
BRDA:650,76,1,0
BRDA:656,77,0,0
BRDA:656,77,1,0
BRDA:670,78,0,0
BRDA:672,79,0,0
BRDA:675,80,0,0
BRDA:685,81,0,0
BRDA:688,82,0,0
BRDA:690,83,0,0
BRDA:690,84,0,0
BRDA:690,84,1,0
BRDA:696,85,0,0
BRDA:696,85,1,0
BRDA:699,86,0,0
BRDA:699,86,1,0
BRDA:699,87,0,0
BRDA:699,87,1,0
BRDA:740,88,0,0
BRDA:741,89,0,0
BRDA:744,90,0,0
BRDA:747,91,0,0
BRDA:747,92,0,0
BRDA:747,92,1,0
BRDA:750,93,0,0
BRDA:754,94,0,0
BRDA:757,95,0,0
BRDA:757,96,0,0
BRDA:757,96,1,0
BRDA:763,97,0,0
BRDA:767,98,0,0
BRDA:768,99,0,0
BRDA:771,100,0,0
BRDA:774,101,0,0
BRDA:774,102,0,0
BRDA:774,102,1,0
BRDA:777,103,0,0
BRDA:781,104,0,0
BRDA:784,105,0,0
BRDA:784,106,0,0
BRDA:784,106,1,0
BRDA:790,107,0,0
BRDA:796,108,0,0
BRDA:799,109,0,0
BRDA:799,109,1,0
BRDA:799,109,2,0
BRDA:800,110,0,0
BRDA:800,110,1,0
BRDA:800,110,2,0
BRDA:802,111,0,0
BRDA:802,111,1,0
BRDA:808,112,0,0
BRDA:808,112,1,0
BRDA:809,113,0,0
BRDA:809,113,1,0
BRDA:818,114,0,0
BRDA:839,115,0,0
BRDA:839,115,1,0
BRDA:840,116,0,0
BRDA:840,116,1,0
BRDA:841,117,0,0
BRDA:841,117,1,0
BRDA:842,118,0,0
BRDA:842,118,1,0
BRDA:844,119,0,0
BRDA:844,119,1,0
BRDA:845,120,0,0
BRDA:845,120,1,0
BRDA:850,121,0,0
BRDA:850,122,0,0
BRDA:850,122,1,0
BRDA:867,123,0,0
BRDA:867,123,1,0
BRDA:868,124,0,0
BRDA:868,124,1,0
BRDA:869,125,0,0
BRDA:869,125,1,0
BRDA:871,126,0,0
BRDA:871,126,1,0
BRDA:872,127,0,0
BRDA:872,127,1,0
BRDA:873,128,0,0
BRDA:873,128,1,0
BRDA:875,129,0,0
BRDA:875,129,1,0
BRDA:880,130,0,0
BRDA:880,131,0,0
BRDA:880,131,1,0
BRDA:911,132,0,0
BRDA:911,132,1,0
BRDA:925,133,0,0
BRF:205
BRH:0
end_of_record
TN:
SF:src/lib/memory/unified-memory-adapter.ts
FN:60,(anonymous_0)
FN:83,(anonymous_1)
FN:102,(anonymous_2)
FN:104,(anonymous_3)
FN:116,(anonymous_4)
FN:128,(anonymous_5)
FN:156,(anonymous_6)
FN:163,(anonymous_7)
FN:165,(anonymous_8)
FN:166,(anonymous_9)
FN:167,(anonymous_10)
FN:170,(anonymous_11)
FN:174,(anonymous_12)
FN:176,(anonymous_13)
FN:196,(anonymous_14)
FN:203,(anonymous_15)
FN:214,(anonymous_16)
FN:227,(anonymous_17)
FN:232,(anonymous_18)
FN:256,(anonymous_19)
FN:258,(anonymous_20)
FN:263,(anonymous_21)
FN:276,(anonymous_22)
FNF:23
FNH:0
FNDA:0,(anonymous_0)
FNDA:0,(anonymous_1)
FNDA:0,(anonymous_2)
FNDA:0,(anonymous_3)
FNDA:0,(anonymous_4)
FNDA:0,(anonymous_5)
FNDA:0,(anonymous_6)
FNDA:0,(anonymous_7)
FNDA:0,(anonymous_8)
FNDA:0,(anonymous_9)
FNDA:0,(anonymous_10)
FNDA:0,(anonymous_11)
FNDA:0,(anonymous_12)
FNDA:0,(anonymous_13)
FNDA:0,(anonymous_14)
FNDA:0,(anonymous_15)
FNDA:0,(anonymous_16)
FNDA:0,(anonymous_17)
FNDA:0,(anonymous_18)
FNDA:0,(anonymous_19)
FNDA:0,(anonymous_20)
FNDA:0,(anonymous_21)
FNDA:0,(anonymous_22)
DA:53,0
DA:57,0
DA:58,0
DA:61,0
DA:63,0
DA:64,0
DA:65,0
DA:67,0
DA:68,0
DA:69,0
DA:70,0
DA:71,0
DA:72,0
DA:73,0
DA:74,0
DA:76,0
DA:77,0
DA:78,0
DA:80,0
DA:84,0
DA:85,0
DA:87,0
DA:88,0
DA:90,0
DA:91,0
DA:92,0
DA:94,0
DA:95,0
DA:96,0
DA:99,0
DA:102,0
DA:105,0
DA:106,0
DA:117,0
DA:118,0
DA:138,0
DA:157,0
DA:158,0
DA:159,0
DA:160,0
DA:164,0
DA:165,0
DA:166,0
DA:167,0
DA:168,0
DA:169,0
DA:170,0
DA:171,0
DA:175,0
DA:176,0
DA:177,0
DA:178,0
DA:179,0
DA:180,0
DA:198,0
DA:199,0
DA:200,0
DA:202,0
DA:203,0
DA:204,0
DA:205,0
DA:206,0
DA:207,0
DA:208,0
DA:209,0
DA:211,0
DA:214,0
DA:215,0
DA:216,0
DA:217,0
DA:218,0
DA:219,0
DA:220,0
DA:221,0
DA:222,0
DA:223,0
DA:224,0
DA:225,0
DA:226,0
DA:227,0
DA:228,0
DA:229,0
DA:232,0
DA:233,0
DA:235,0
DA:236,0
DA:237,0
DA:257,0
DA:258,0
DA:259,0
DA:260,0
DA:264,0
DA:265,0
DA:266,0
DA:267,0
DA:268,0
DA:269,0
DA:270,0
DA:273,0
DA:276,0
DA:277,0
DA:278,0
DA:279,0
DA:280,0
LF:104
LH:0
BRDA:64,0,0,0
BRDA:65,1,0,0
BRDA:67,2,0,0
BRDA:67,2,1,0
BRDA:68,3,0,0
BRDA:68,3,1,0
BRDA:70,4,0,0
BRDA:70,4,1,0
BRDA:90,5,0,0
BRDA:91,6,0,0
BRDA:91,6,1,0
BRDA:91,7,0,0
BRDA:91,7,1,0
BRDA:105,8,0,0
BRDA:105,8,1,0
BRDA:117,9,0,0
BRDA:117,9,1,0
BRDA:117,10,0,0
BRDA:117,10,1,0
BRDA:133,11,0,0
BRDA:134,12,0,0
BRDA:135,13,0,0
BRDA:136,14,0,0
BRDA:142,15,0,0
BRDA:142,15,1,0
BRDA:156,16,0,0
BRDA:157,17,0,0
BRDA:157,17,1,0
BRDA:174,18,0,0
BRDA:177,19,0,0
BRDA:177,19,1,0
BRDA:178,20,0,0
BRDA:178,20,1,0
BRDA:179,21,0,0
BRDA:179,21,1,0
BRDA:182,22,0,0
BRDA:182,22,1,0
BRDA:183,23,0,0
BRDA:183,23,1,0
BRDA:184,24,0,0
BRDA:184,24,1,0
BRDA:185,25,0,0
BRDA:185,25,1,0
BRDA:185,26,0,0
BRDA:185,26,1,0
BRDA:186,27,0,0
BRDA:186,27,1,0
BRDA:190,28,0,0
BRDA:190,28,1,0
BRDA:190,29,0,0
BRDA:190,29,1,0
BRDA:191,30,0,0
BRDA:191,30,1,0
BRDA:191,31,0,0
BRDA:191,31,1,0
BRDA:196,32,0,0
BRDA:199,33,0,0
BRDA:199,34,0,0
BRDA:199,34,1,0
BRDA:204,35,0,0
BRDA:204,35,1,0
BRDA:206,36,0,0
BRDA:206,36,1,0
BRDA:206,36,2,0
BRDA:207,37,0,0
BRDA:207,37,1,0
BRDA:208,38,0,0
BRDA:208,38,1,0
BRDA:209,39,0,0
BRDA:209,39,1,0
BRDA:209,39,2,0
BRDA:211,40,0,0
BRDA:215,41,0,0
BRDA:215,41,1,0
BRDA:216,42,0,0
BRDA:216,42,1,0
BRDA:217,43,0,0
BRDA:217,43,1,0
BRDA:219,44,0,0
BRDA:219,44,1,0
BRDA:220,45,0,0
BRDA:220,45,1,0
BRDA:221,46,0,0
BRDA:221,46,1,0
BRDA:221,47,0,0
BRDA:221,47,1,0
BRDA:221,48,0,0
BRDA:221,48,1,0
BRDA:222,49,0,0
BRDA:222,49,1,0
BRDA:222,49,2,0
BRDA:222,50,0,0
BRDA:222,50,1,0
BRDA:223,51,0,0
BRDA:223,51,1,0
BRDA:223,52,0,0
BRDA:223,52,1,0
BRDA:226,53,0,0
BRDA:226,53,1,0
BRDA:227,54,0,0
BRDA:227,54,1,0
BRDA:228,55,0,0
BRDA:228,55,1,0
BRDA:228,55,2,0
BRDA:229,56,0,0
BRDA:229,56,1,0
BRDA:232,57,0,0
BRDA:232,57,1,0
BRDA:233,58,0,0
BRDA:233,58,1,0
BRDA:233,58,2,0
BRDA:235,59,0,0
BRDA:235,59,1,0
BRDA:241,60,0,0
BRDA:241,60,1,0
BRDA:242,61,0,0
BRDA:242,61,1,0
BRDA:242,62,0,0
BRDA:242,62,1,0
BRDA:250,63,0,0
BRDA:250,63,1,0
BRDA:250,64,0,0
BRDA:250,64,1,0
BRDA:251,65,0,0
BRDA:251,65,1,0
BRDA:251,66,0,0
BRDA:251,66,1,0
BRDA:257,67,0,0
BRDA:258,68,0,0
BRDA:259,69,0,0
BRDA:270,70,0,0
BRDA:270,70,1,0
BRDA:277,71,0,0
BRF:133
BRH:0
end_of_record
TN:
SF:src/lib/memory/vector-memory-manager.ts
FN:3,(anonymous_0)
FN:5,(anonymous_1)
FN:9,(anonymous_2)
FN:13,(anonymous_3)
FN:17,(anonymous_4)
FNF:5
FNH:0
FNDA:0,(anonymous_0)
FNDA:0,(anonymous_1)
FNDA:0,(anonymous_2)
FNDA:0,(anonymous_3)
FNDA:0,(anonymous_4)
DA:6,0
DA:10,0
DA:14,0
DA:18,0
LF:4
LH:0
BRDA:13,0,0,0
BRDA:17,1,0,0
BRF:2
BRH:0
end_of_record
TN:
SF:src/lib/memory/vector-store.ts
FN:3,(anonymous_0)
FNF:1
FNH:0
FNDA:0,(anonymous_0)
LF:0
LH:0
BRF:0
BRH:0
end_of_record
TN:
SF:src/lib/memory/utils/dedup.ts
FN:3,stableStringify
FN:11,dedupHash
FNF:2
FNH:0
FNDA:0,stableStringify
FNDA:0,dedupHash
DA:4,0
DA:5,0
DA:7,0
DA:12,0
DA:13,0
LF:5
LH:0
BRF:0
BRH:0
end_of_record
TN:
SF:src/lib/memory/utils/tag-enforcer.ts
FN:10,tagEnforcer
FNF:1
FNH:0
FNDA:0,tagEnforcer
DA:11,0
DA:12,0
DA:13,0
DA:14,0
DA:15,0
DA:16,0
LF:6
LH:0
BRDA:10,0,0,0
BRDA:13,1,0,0
BRDA:14,2,0,0
BRDA:15,3,0,0
BRF:4
BRH:0
end_of_record
TN:
SF:src/lib/rubrics/expr.ts
FN:9,tokenize
FN:13,(anonymous_1)
FN:14,(anonymous_2)
FN:15,(anonymous_3)
FN:58,(anonymous_4)
FN:69,(anonymous_5)
FN:70,(anonymous_6)
FN:71,(anonymous_7)
FN:74,(anonymous_8)
FN:84,(anonymous_9)
FN:94,(anonymous_10)
FN:114,(anonymous_11)
FN:122,(anonymous_12)
FN:126,normalize
FNF:14
FNH:0
FNDA:0,tokenize
FNDA:0,(anonymous_1)
FNDA:0,(anonymous_2)
FNDA:0,(anonymous_3)
FNDA:0,(anonymous_4)
FNDA:0,(anonymous_5)
FNDA:0,(anonymous_6)
FNDA:0,(anonymous_7)
FNDA:0,(anonymous_8)
FNDA:0,(anonymous_9)
FNDA:0,(anonymous_10)
FNDA:0,(anonymous_11)
FNDA:0,(anonymous_12)
FNDA:0,normalize
DA:10,0
DA:11,0
DA:12,0
DA:13,0
DA:14,0
DA:15,0
DA:16,0
DA:17,0
DA:18,0
DA:19,0
DA:20,0
DA:22,0
DA:23,0
DA:24,0
DA:25,0
DA:26,0
DA:27,0
DA:29,0
DA:31,0
DA:32,0
DA:33,0
DA:34,0
DA:35,0
DA:38,0
DA:39,0
DA:40,0
DA:41,0
DA:42,0
DA:43,0
DA:44,0
DA:47,0
DA:49,0
DA:50,0
DA:54,0
DA:55,0
DA:56,0
DA:59,0
DA:60,0
DA:61,0
DA:62,0
DA:63,0
DA:64,0
DA:65,0
DA:66,0
DA:69,0
DA:70,0
DA:71,0
DA:75,0
DA:76,0
DA:77,0
DA:78,0
DA:79,0
DA:81,0
DA:85,0
DA:86,0
DA:87,0
DA:88,0
DA:89,0
DA:91,0
DA:95,0
DA:96,0
DA:97,0
DA:98,0
DA:99,0
DA:100,0
DA:101,0
DA:102,0
DA:103,0
DA:104,0
DA:105,0
DA:106,0
DA:107,0
DA:108,0
DA:111,0
DA:115,0
DA:116,0
DA:117,0
DA:118,0
DA:119,0
DA:120,0
[...]
DA:321,0
DA:325,0
DA:326,0
DA:327,0
DA:328,0
DA:331,0
DA:333,0
DA:334,0
DA:337,0
DA:338,0
DA:339,0
DA:342,0
DA:343,0
DA:344,0
DA:346,0
DA:348,0
DA:356,0
DA:367,0
DA:371,0
DA:373,0
DA:383,0
DA:402,0
DA:404,0
DA:405,0
DA:418,0
DA:426,0
DA:432,0
DA:433,0
DA:435,0
DA:436,0
DA:438,0
DA:439,0
DA:443,0
DA:449,0
DA:453,0
DA:454,0
DA:455,0
DA:459,0
DA:460,0
DA:461,0
DA:465,0
DA:469,0
DA:470,0
DA:472,0
DA:481,0
DA:482,0
DA:488,0
DA:496,0
DA:505,0
DA:506,0
DA:510,0
DA:512,0
DA:513,0
DA:516,0
DA:517,0
DA:522,0
DA:523,0
DA:525,0
DA:527,0
DA:528,0
DA:529,0
DA:532,0
DA:536,0
DA:538,0
DA:539,0
DA:540,0
DA:543,0
DA:544,0
LF:124
LH:0
BRDA:11,0,0,0
BRDA:11,0,1,0
BRDA:19,1,0,0
BRDA:19,1,1,0
BRDA:184,2,0,0
BRDA:194,3,0,0
BRDA:210,4,0,0
BRDA:210,4,1,0
BRDA:210,4,2,0
BRDA:210,4,3,0
BRDA:217,5,0,0
BRDA:217,5,1,0
BRDA:217,5,2,0
BRDA:222,6,0,0
BRDA:222,6,1,0
BRDA:222,6,2,0
BRDA:241,7,0,0
BRDA:255,8,0,0
BRDA:273,9,0,0
BRDA:276,10,0,0
BRDA:276,10,1,0
BRDA:285,11,0,0
BRDA:305,12,0,0
BRDA:305,12,1,0
BRDA:326,13,0,0
BRDA:333,14,0,0
BRDA:338,15,0,0
BRDA:402,16,0,0
BRDA:402,16,1,0
BRDA:404,17,0,0
BRDA:404,18,0,0
BRDA:404,18,1,0
BRDA:433,19,0,0
BRDA:433,19,1,0
BRDA:454,20,0,0
BRDA:459,21,0,0
BRDA:469,22,0,0
BRDA:481,23,0,0
BRDA:481,23,1,0
BRDA:516,24,0,0
BRDA:516,25,0,0
BRDA:516,25,1,0
BRDA:527,26,0,0
BRDA:529,27,0,0
BRDA:538,28,0,0
BRDA:540,29,0,0
BRF:46
BRH:0
end_of_record
TN:
SF:src/registry/validated-tools.ts
FN:73,isValidatedTool
FNF:1
FNH:0
FNDA:0,isValidatedTool
DA:4,0
DA:74,0
LF:2
LH:0
BRF:0
BRH:0
end_of_record
TN:
SF:src/tools/diagnostics/index-v1-backup.ts
FN:13,(anonymous_0)
FN:18,(anonymous_1)
FN:148,(anonymous_2)
FN:185,(anonymous_3)
FN:218,(anonymous_4)
FN:228,(anonymous_5)
FN:229,(anonymous_6)
FN:230,(anonymous_7)
FN:246,(anonymous_8)
FN:259,(anonymous_9)
FN:267,(anonymous_10)
FN:274,(anonymous_11)
FN:282,(anonymous_12)
FN:287,(anonymous_13)
FN:293,(anonymous_14)
FNF:15
FNH:0
FNDA:0,(anonymous_0)
FNDA:0,(anonymous_1)
FNDA:0,(anonymous_2)
FNDA:0,(anonymous_3)
FNDA:0,(anonymous_4)
FNDA:0,(anonymous_5)
FNDA:0,(anonymous_6)
FNDA:0,(anonymous_7)
FNDA:0,(anonymous_8)
FNDA:0,(anonymous_9)
FNDA:0,(anonymous_10)
FNDA:0,(anonymous_11)
FNDA:0,(anonymous_12)
FNDA:0,(anonymous_13)
FNDA:0,(anonymous_14)
DA:14,0
DA:15,0
DA:19,0
DA:149,0
DA:151,0
DA:152,0
DA:154,0
DA:157,0
DA:160,0
DA:163,0
DA:166,0
DA:170,0
DA:181,0
DA:186,0
DA:189,0
DA:192,0
DA:204,0
DA:215,0
DA:219,0
DA:222,0
DA:225,0
DA:228,0
DA:229,0
DA:230,0
DA:236,0
DA:237,0
DA:239,0
DA:240,0
DA:243,0
DA:247,0
DA:250,0
DA:260,0
DA:263,0
DA:266,0
DA:267,0
DA:269,0
DA:274,0
DA:279,0
DA:284,0
DA:285,0
DA:287,0
DA:288,0
DA:289,0
DA:293,0
DA:294,0
DA:295,0
DA:304,0
LF:47
LH:0
BRDA:149,0,0,0
BRDA:149,0,1,0
BRDA:152,1,0,0
BRDA:152,1,1,0
BRDA:152,1,2,0
BRDA:152,1,3,0
BRDA:152,1,4,0
BRDA:174,2,0,0
BRDA:174,2,1,0
BRDA:219,3,0,0
BRDA:219,3,1,0
BRDA:226,4,0,0
BRDA:226,4,1,0
BRDA:228,5,0,0
BRDA:228,5,1,0
BRDA:229,6,0,0
BRDA:229,6,1,0
BRDA:236,7,0,0
BRDA:239,8,0,0
BRDA:266,9,0,0
BRDA:266,9,1,0
BRDA:270,10,0,0
BRDA:270,10,1,0
BRDA:271,11,0,0
BRDA:271,11,1,0
BRDA:272,12,0,0
BRDA:272,12,1,0
BRDA:288,13,0,0
BRDA:288,13,1,0
BRDA:294,14,0,0
BRDA:299,15,0,0
BRDA:299,15,1,0
BRF:32
BRH:0
end_of_record
TN:
SF:src/tools/diagnostics/v2-suite.ts
FN:27,(anonymous_0)
FN:36,(anonymous_1)
FNF:2
FNH:0
FNDA:0,(anonymous_0)
FNDA:0,(anonymous_1)
DA:19,0
DA:20,0
DA:22,0
DA:28,0
DA:38,0
DA:46,0
LF:6
LH:0
BRDA:39,0,0,0
BRDA:39,0,1,0
BRDA:41,1,0,0
BRDA:41,1,1,0
BRDA:42,2,0,0
BRDA:42,2,1,0
BRF:6
BRH:0
end_of_record
TN:
SF:src/tools/memory/knowledge-seeding-tool-v2.ts
FN:10,(anonymous_0)
FN:12,(anonymous_1)
FN:39,(anonymous_2)
FN:41,(anonymous_3)
FN:48,(anonymous_4)
FNF:5
FNH:0
FNDA:0,(anonymous_0)
FNDA:0,(anonymous_1)
FNDA:0,(anonymous_2)
FNDA:0,(anonymous_3)
FNDA:0,(anonymous_4)
DA:10,0
DA:13,0
DA:14,0
DA:15,0
DA:16,0
DA:17,0
DA:19,0
DA:20,0
DA:21,0
DA:23,0
DA:24,0
DA:25,0
DA:27,0
DA:28,0
DA:29,0
DA:31,0
DA:33,0
DA:39,0
DA:42,0
DA:48,0
LF:20
LH:0
BRDA:14,0,0,0
BRDA:14,0,1,0
BRDA:15,1,0,0
BRDA:16,2,0,0
BRDA:16,2,1,0
BRDA:19,3,0,0
BRDA:23,4,0,0
BRDA:24,5,0,0
BRDA:24,5,1,0
BRDA:24,6,0,0
BRDA:24,6,1,0
BRDA:25,7,0,0
BRDA:25,7,1,0
BRDA:27,8,0,0
BRF:14
BRH:0
end_of_record
TN:
SF:src/tools/storage-intelligence/implementation-reference.ts
FN:28,(anonymous_0)
FN:43,(anonymous_1)
FN:62,(anonymous_2)
FN:77,(anonymous_3)
FN:98,(anonymous_4)
FN:105,(anonymous_5)
FN:117,(anonymous_6)
FN:125,(anonymous_7)
FN:132,(anonymous_8)
FN:144,(anonymous_9)
FNF:10
FNH:0
FNDA:0,(anonymous_0)
FNDA:0,(anonymous_1)
FNDA:0,(anonymous_2)
FNDA:0,(anonymous_3)
FNDA:0,(anonymous_4)
FNDA:0,(anonymous_5)
FNDA:0,(anonymous_6)
FNDA:0,(anonymous_7)
FNDA:0,(anonymous_8)
FNDA:0,(anonymous_9)
DA:29,0
DA:30,0
DA:51,0
DA:63,0
DA:64,0
DA:88,0
DA:99,0
DA:100,0
DA:102,0
DA:106,0
DA:118,0
DA:126,0
DA:127,0
DA:129,0
DA:133,0
DA:145,0
DA:152,0
LF:17
LH:0
BRF:0
BRH:0
end_of_record
TN:
SF:src/tools/storage-intelligence/types.ts
FNF:0
FNH:0
DA:304,0
LF:1
LH:0
BRF:0
BRH:0
end_of_record
TN:
SF:src/types/tool-maturity.ts
FN:2,(anonymous_0)
FNF:1
FNH:0
FNDA:0,(anonymous_0)
DA:2,0
DA:3,0
DA:4,0
DA:5,0
DA:6,0
LF:5
LH:0
BRDA:2,0,0,0
BRDA:2,0,1,0
BRF:2
BRH:0
end_of_record
TN:
SF:src/utils/async-timeout.ts
FN:5,createTimeoutSignal
FN:9,(anonymous_1)
FN:12,(anonymous_2)
FN:15,withTimeout
FN:19,(anonymous_4)
FN:20,(anonymous_5)
FN:26,(anonymous_6)
FN:27,(anonymous_7)
FNF:8
FNH:0
FNDA:0,createTimeoutSignal
FNDA:0,(anonymous_1)
FNDA:0,(anonymous_2)
FNDA:0,withTimeout
FNDA:0,(anonymous_4)
FNDA:0,(anonymous_5)
FNDA:0,(anonymous_6)
FNDA:0,(anonymous_7)
DA:6,0
DA:8,0
DA:9,0
DA:10,0
DA:12,0
DA:16,0
DA:17,0
DA:19,0
DA:20,0
DA:21,0
DA:22,0
DA:24,0
DA:25,0
DA:26,0
DA:27,0
LF:15
LH:0
BRDA:8,0,0,0
BRDA:10,1,0,0
BRDA:15,2,0,0
BRDA:16,3,0,0
BRDA:16,4,0,0
BRDA:16,4,1,0
BRDA:24,5,0,0
BRF:7
BRH:0
end_of_record
TN:
SF:src/utils/strict-stdio.ts
FN:5,stripEmojis
FN:21,setupStrictStdio
FN:24,(anonymous_2)
FN:28,(anonymous_3)
FN:30,(anonymous_4)
FNF:5
FNH:0
FNDA:0,stripEmojis
FNDA:0,setupStrictStdio
FNDA:0,(anonymous_2)
FNDA:0,(anonymous_3)
FNDA:0,(anonymous_4)
DA:8,0
DA:22,0
DA:24,0
DA:27,0
DA:28,0
DA:29,0
DA:30,0
DA:31,0
DA:32,0
DA:34,0
DA:36,0
DA:38,0
DA:41,0
LF:13
LH:0
BRDA:22,0,0,0
BRDA:31,1,0,0
BRDA:32,2,0,0
BRDA:32,3,0,0
BRDA:32,3,1,0
BRF:5
BRH:0
end_of_record
TN:
SF:src/utils/time.ts
FN:1,nowIso
FN:5,isValidDateInput
FN:12,nowEpoch
FNF:3
FNH:2
FNDA:33,nowIso
FNDA:0,isValidDateInput
FNDA:26,nowEpoch
DA:1,1
DA:2,33
DA:5,1
DA:6,0
DA:7,0
DA:12,1
DA:13,26
LF:7
LH:5
BRF:0
BRH:0
end_of_record
TN:
SF:src/v2/lib/oc-wrapper-v2.ts
FN:37,(anonymous_0)
FN:45,(anonymous_1)
FN:116,(anonymous_2)
FN:136,(anonymous_3)
FN:157,(anonymous_4)
FN:177,(anonymous_5)
FN:197,(anonymous_6)
FN:217,(anonymous_7)
FN:236,(anonymous_8)
FN:248,(anonymous_9)
FN:250,(anonymous_10)
FN:252,(anonymous_11)
FN:258,(anonymous_12)
FN:268,(anonymous_13)
FN:297,(anonymous_14)
FN:316,(anonymous_15)
FN:329,(anonymous_16)
FN:337,(anonymous_17)
FN:338,(anonymous_18)
FNF:19
FNH:0
FNDA:0,(anonymous_0)
FNDA:0,(anonymous_1)
FNDA:0,(anonymous_2)
FNDA:0,(anonymous_3)
FNDA:0,(anonymous_4)
FNDA:0,(anonymous_5)
FNDA:0,(anonymous_6)
FNDA:0,(anonymous_7)
FNDA:0,(anonymous_8)
FNDA:0,(anonymous_9)
FNDA:0,(anonymous_10)
FNDA:0,(anonymous_11)
FNDA:0,(anonymous_12)
FNDA:0,(anonymous_13)
FNDA:0,(anonymous_14)
FNDA:0,(anonymous_15)
FNDA:0,(anonymous_16)
FNDA:0,(anonymous_17)
FNDA:0,(anonymous_18)
DA:15,0
DA:35,0
DA:38,0
DA:39,0
DA:55,0
DA:58,0
DA:61,0
DA:62,0
DA:63,0
DA:64,0
DA:68,0
DA:69,0
DA:70,0
DA:71,0
DA:80,0
DA:81,0
DA:82,0
DA:83,0
DA:84,0
DA:85,0
DA:88,0
DA:89,0
DA:96,0
DA:103,0
DA:104,0
DA:105,0
DA:110,0
DA:117,0
DA:126,0
DA:127,0
DA:129,0
DA:138,0
DA:147,0
DA:148,0
DA:150,0
DA:158,0
DA:167,0
DA:168,0
DA:170,0
DA:178,0
DA:179,0
DA:187,0
DA:190,0
DA:198,0
DA:207,0
DA:208,0
DA:210,0
DA:218,0
DA:219,0
DA:227,0
DA:229,0
DA:237,0
DA:238,0
DA:239,0
DA:241,0
DA:249,0
DA:250,0
DA:252,0
DA:260,0
DA:269,0
DA:272,0
DA:273,0
DA:274,0
DA:276,0
DA:277,0
DA:282,0
DA:284,0
DA:285,0
DA:286,0
DA:289,0
DA:290,0
DA:291,0
DA:293,0
DA:299,0
DA:301,0
DA:302,0
DA:303,0
DA:306,0
DA:307,0
DA:311,0
DA:312,0
DA:318,0
DA:320,0
DA:321,0
DA:324,0
DA:325,0
DA:330,0
DA:331,0
DA:333,0
DA:334,0
DA:338,0
LF:91
LH:0
BRDA:37,0,0,0
BRDA:37,1,0,0
BRDA:47,2,0,0
BRDA:50,3,0,0
BRDA:52,4,0,0
BRDA:54,5,0,0
BRDA:62,6,0,0
BRDA:68,7,0,0
BRDA:68,7,1,0
BRDA:69,8,0,0
BRDA:69,9,0,0
BRDA:69,9,1,0
BRDA:88,10,0,0
BRDA:88,11,0,0
BRDA:88,11,1,0
BRDA:104,12,0,0
BRDA:129,13,0,0
BRDA:129,13,1,0
BRDA:150,14,0,0
BRDA:150,14,1,0
BRDA:170,15,0,0
BRDA:170,15,1,0
BRDA:210,16,0,0
BRDA:210,16,1,0
BRDA:273,17,0,0
BRDA:273,17,1,0
BRDA:285,18,0,0
BRDA:285,18,1,0
BRDA:289,19,0,0
BRDA:289,19,1,0
BRDA:289,20,0,0
BRDA:289,20,1,0
BRDA:290,21,0,0
BRDA:302,22,0,0
BRDA:306,23,0,0
BRDA:311,24,0,0
BRDA:320,25,0,0
BRDA:324,26,0,0
BRDA:331,27,0,0
BRF:39
BRH:0
end_of_record
TN:
SF:src/v2/tools/check-namespace-health/enhanced-index.ts
FN:58,(anonymous_0)
FN:72,(anonymous_1)
FN:178,(anonymous_2)
FN:190,(anonymous_3)
FN:211,(anonymous_4)
FN:214,(anonymous_5)
FN:238,(anonymous_6)
FN:240,(anonymous_7)
FN:249,(anonymous_8)
FN:265,(anonymous_9)
FN:333,(anonymous_10)
FN:351,(anonymous_11)
FN:402,(anonymous_12)
FN:437,(anonymous_13)
FN:458,(anonymous_14)
FN:486,(anonymous_15)
FN:523,(anonymous_16)
FN:524,(anonymous_17)
FN:539,(anonymous_18)
FN:573,(anonymous_19)
FN:584,(anonymous_20)
FN:610,(anonymous_21)
FN:642,(anonymous_22)
FN:691,(anonymous_23)
FN:709,(anonymous_24)
FN:715,(anonymous_25)
FN:725,(anonymous_26)
FN:730,(anonymous_27)
FN:734,(anonymous_28)
FN:742,(anonymous_29)
FN:750,(anonymous_30)
FNF:31
FNH:0
FNDA:0,(anonymous_0)
FNDA:0,(anonymous_1)
FNDA:0,(anonymous_2)
FNDA:0,(anonymous_3)
FNDA:0,(anonymous_4)
FNDA:0,(anonymous_5)
FNDA:0,(anonymous_6)
FNDA:0,(anonymous_7)
FNDA:0,(anonymous_8)
FNDA:0,(anonymous_9)
FNDA:0,(anonymous_10)
FNDA:0,(anonymous_11)
FNDA:0,(anonymous_12)
FNDA:0,(anonymous_13)
FNDA:0,(anonymous_14)
FNDA:0,(anonymous_15)
FNDA:0,(anonymous_16)
FNDA:0,(anonymous_17)
FNDA:0,(anonymous_18)
FNDA:0,(anonymous_19)
FNDA:0,(anonymous_20)
FNDA:0,(anonymous_21)
FNDA:0,(anonymous_22)
FNDA:0,(anonymous_23)
FNDA:0,(anonymous_24)
FNDA:0,(anonymous_25)
FNDA:0,(anonymous_26)
FNDA:0,(anonymous_27)
FNDA:0,(anonymous_28)
FNDA:0,(anonymous_29)
FNDA:0,(anonymous_30)
DA:59,0
DA:60,0
DA:61,0
DA:64,0
DA:65,0
DA:73,0
DA:74,0
DA:77,0
DA:78,0
DA:79,0
DA:82,0
DA:84,0
DA:93,0
DA:94,0
DA:95,0
DA:96,0
DA:97,0
DA:100,0
DA:103,0
DA:105,0
DA:106,0
DA:107,0
DA:113,0
DA:114,0
DA:116,0
DA:123,0
DA:124,0
DA:133,0
DA:136,0
DA:147,0
DA:163,0
DA:166,0
DA:179,0
DA:194,0
DA:197,0
DA:199,0
DA:202,0
DA:203,0
DA:204,0
DA:211,0
DA:212,0
DA:213,0
DA:214,0
DA:220,0
DA:221,0
DA:222,0
DA:223,0
DA:228,0
DA:229,0
DA:232,0
DA:240,0
DA:241,0
DA:242,0
DA:243,0
DA:244,0
DA:249,0
DA:250,0
DA:251,0
DA:255,0
DA:256,0
DA:259,0
DA:275,0
DA:278,0
DA:279,0
DA:280,0
DA:281,0
DA:282,0
DA:284,0
DA:285,0
DA:287,0
DA:290,0
DA:294,0
DA:295,0
DA:297,0
DA:298,0
DA:299,0
DA:300,0
DA:303,0
DA:304,0
DA:309,0
DA:310,0
DA:312,0
DA:313,0
DA:314,0
DA:315,0
DA:320,0
DA:321,0
DA:322,0
DA:323,0
DA:325,0
DA:329,0
DA:334,0
DA:336,0
DA:345,0
DA:346,0
DA:347,0
DA:348,0
DA:351,0
DA:352,0
DA:353,0
DA:357,0
DA:358,0
DA:359,0
DA:361,0
DA:362,0
DA:364,0
DA:366,0
DA:367,0
DA:370,0
DA:371,0
DA:374,0
DA:375,0
DA:377,0
DA:381,0
DA:382,0
DA:386,0
DA:387,0
DA:388,0
DA:394,0
DA:395,0
DA:399,0
DA:403,0
DA:405,0
DA:413,0
DA:414,0
DA:415,0
DA:417,0
DA:419,0
DA:420,0
DA:422,0
DA:423,0
DA:424,0
DA:426,0
DA:427,0
DA:428,0
DA:430,0
DA:434,0
DA:438,0
DA:440,0
DA:444,0
DA:445,0
DA:446,0
DA:448,0
DA:449,0
DA:450,0
DA:451,0
DA:455,0
DA:459,0
DA:460,0
DA:462,0
DA:464,0
DA:465,0
DA:466,0
DA:467,0
DA:468,0
DA:469,0
DA:470,0
DA:472,0
DA:473,0
DA:474,0
DA:475,0
DA:476,0
DA:478,0
DA:483,0
DA:491,0
DA:492,0
DA:494,0
DA:507,0
DA:508,0
DA:509,0
DA:510,0
DA:512,0
DA:513,0
DA:515,0
DA:516,0
DA:517,0
DA:522,0
DA:523,0
DA:524,0
DA:525,0
DA:526,0
DA:527,0
DA:528,0
DA:530,0
DA:532,0
DA:533,0
DA:534,0
DA:539,0
DA:540,0
DA:541,0
DA:542,0
DA:543,0
DA:544,0
DA:545,0
DA:548,0
DA:549,0
DA:550,0
DA:551,0
DA:552,0
DA:554,0
DA:555,0
DA:556,0
DA:559,0
DA:560,0
DA:561,0
DA:564,0
DA:565,0
DA:569,0
DA:571,0
DA:572,0
DA:573,0
DA:574,0
DA:575,0
DA:576,0
DA:577,0
DA:578,0
DA:581,0
DA:591,0
DA:593,0
DA:594,0
DA:597,0
DA:598,0
DA:601,0
DA:602,0
DA:605,0
DA:606,0
DA:609,0
DA:610,0
DA:611,0
DA:612,0
DA:614,0
DA:618,0
DA:619,0
DA:623,0
DA:624,0
DA:626,0
DA:627,0
DA:629,0
DA:630,0
DA:632,0
DA:633,0
DA:635,0
DA:639,0
DA:649,0
DA:650,0
DA:653,0
DA:654,0
DA:655,0
DA:657,0
DA:660,0
DA:661,0
DA:662,0
DA:664,0
DA:667,0
DA:668,0
DA:671,0
DA:672,0
DA:675,0
DA:676,0
DA:679,0
DA:680,0
DA:683,0
DA:684,0
DA:687,0
DA:692,0
DA:710,0
DA:711,0
DA:712,0
DA:716,0
DA:717,0
DA:718,0
DA:719,0
DA:722,0
DA:726,0
DA:727,0
DA:728,0
DA:730,0
DA:731,0
DA:732,0
DA:734,0
DA:735,0
DA:742,0
DA:743,0
DA:750,0
DA:751,0
DA:752,0
DA:759,0
DA:762,0
LF:288
LH:0
BRDA:64,0,0,0
BRDA:74,1,0,0
BRDA:74,2,0,0
BRDA:78,3,0,0
BRDA:105,4,0,0
BRDA:105,5,0,0
BRDA:105,5,1,0
BRDA:127,6,0,0
BRDA:127,6,1,0
BRDA:168,7,0,0
BRDA:168,7,1,0
BRDA:180,8,0,0
BRDA:180,8,1,0
BRDA:180,8,2,0
BRDA:197,9,0,0
BRDA:203,10,0,0
BRDA:212,11,0,0
BRDA:220,12,0,0
BRDA:222,13,0,0
BRDA:228,14,0,0
BRDA:241,15,0,0
BRDA:243,16,0,0
BRDA:250,17,0,0
BRDA:255,18,0,0
BRDA:255,19,0,0
BRDA:255,19,1,0
BRDA:278,20,0,0
BRDA:278,20,1,0
BRDA:281,21,0,0
BRDA:281,21,1,0
BRDA:282,22,0,0
BRDA:282,22,1,0
BRDA:294,23,0,0
BRDA:297,24,0,0
BRDA:297,24,1,0
BRDA:297,25,0,0
BRDA:297,25,1,0
BRDA:299,26,0,0
BRDA:303,27,0,0
BRDA:309,28,0,0
BRDA:312,29,0,0
BRDA:312,29,1,0
BRDA:312,30,0,0
BRDA:312,30,1,0
BRDA:314,31,0,0
BRDA:320,32,0,0
BRDA:322,33,0,0
BRDA:322,33,1,0
BRDA:322,34,0,0
BRDA:322,34,1,0
BRDA:322,34,2,0
BRDA:325,35,0,0
BRDA:334,36,0,0
BRDA:334,36,1,0
BRDA:348,37,0,0
BRDA:348,37,1,0
BRDA:352,38,0,0
BRDA:352,39,0,0
BRDA:352,39,1,0
BRDA:361,40,0,0
BRDA:364,41,0,0
BRDA:364,41,1,0
BRDA:364,41,2,0
BRDA:364,41,3,0
BRDA:364,41,4,0
BRDA:374,42,0,0
BRDA:381,43,0,0
BRDA:386,44,0,0
BRDA:387,45,0,0
BRDA:394,46,0,0
BRDA:403,47,0,0
BRDA:403,47,1,0
BRDA:417,48,0,0
BRDA:417,48,1,0
BRDA:417,48,2,0
BRDA:417,48,3,0
BRDA:438,49,0,0
BRDA:438,49,1,0
BRDA:444,50,0,0
BRDA:444,51,0,0
BRDA:444,51,1,0
BRDA:448,52,0,0
BRDA:459,53,0,0
BRDA:459,53,1,0
BRDA:465,54,0,0
BRDA:466,55,0,0
BRDA:466,55,1,0
BRDA:469,56,0,0
BRDA:472,57,0,0
BRDA:491,58,0,0
BRDA:491,58,1,0
BRDA:492,59,0,0
BRDA:492,59,1,0
BRDA:509,60,0,0
BRDA:509,60,1,0
BRDA:510,61,0,0
BRDA:510,61,1,0
BRDA:512,62,0,0
BRDA:512,62,1,0
BRDA:513,63,0,0
BRDA:513,63,1,0
BRDA:515,64,0,0
BRDA:522,65,0,0
BRDA:522,65,1,0
BRDA:522,65,2,0
BRDA:523,66,0,0
BRDA:523,66,1,0
BRDA:524,67,0,0
BRDA:524,67,1,0
BRDA:526,68,0,0
BRDA:532,69,0,0
BRDA:532,70,0,0
BRDA:532,70,1,0
BRDA:532,70,2,0
BRDA:540,71,0,0
BRDA:540,71,1,0
BRDA:544,72,0,0
BRDA:554,73,0,0
BRDA:554,74,0,0
BRDA:554,74,1,0
BRDA:559,75,0,0
BRDA:559,76,0,0
BRDA:559,76,1,0
BRDA:564,77,0,0
BRDA:564,78,0,0
BRDA:564,78,1,0
BRDA:569,79,0,0
BRDA:569,79,1,0
BRDA:571,80,0,0
BRDA:571,80,1,0
BRDA:571,81,0,0
BRDA:571,81,1,0
BRDA:573,82,0,0
BRDA:573,82,1,0
BRDA:573,83,0,0
BRDA:573,83,1,0
BRDA:575,84,0,0
BRDA:575,84,1,0
BRDA:575,85,0,0
BRDA:575,85,1,0
BRDA:577,86,0,0
BRDA:577,87,0,0
BRDA:577,87,1,0
BRDA:593,88,0,0
BRDA:597,89,0,0
BRDA:601,90,0,0
BRDA:605,91,0,0
BRDA:609,92,0,0
BRDA:611,93,0,0
BRDA:611,93,1,0
BRDA:618,94,0,0
BRDA:618,95,0,0
BRDA:618,95,1,0
BRDA:623,96,0,0
BRDA:624,97,0,0
BRDA:624,97,1,0
BRDA:624,97,2,0
BRDA:624,97,3,0
BRDA:649,98,0,0
BRDA:649,99,0,0
BRDA:649,99,1,0
BRDA:653,100,0,0
BRDA:653,101,0,0
BRDA:653,101,1,0
BRDA:654,102,0,0
BRDA:660,103,0,0
BRDA:660,104,0,0
BRDA:660,104,1,0
BRDA:661,105,0,0
BRDA:661,106,0,0
BRDA:661,106,1,0
BRDA:667,107,0,0
BRDA:671,108,0,0
BRDA:671,109,0,0
BRDA:671,109,1,0
BRDA:675,110,0,0
BRDA:679,111,0,0
BRDA:679,112,0,0
BRDA:679,112,1,0
BRDA:683,113,0,0
BRDA:683,114,0,0
BRDA:683,114,1,0
BRDA:716,115,0,0
BRDA:716,115,1,0
BRDA:718,116,0,0
BRDA:719,117,0,0
BRDA:719,117,1,0
BRDA:732,118,0,0
BRDA:732,118,1,0
BRDA:737,119,0,0
BRDA:737,119,1,0
BRDA:738,120,0,0
BRDA:738,120,1,0
BRDA:765,121,0,0
BRDA:765,121,1,0
BRF:195
BRH:0
end_of_record
TN:
SF:src/v2/tools/infrastructure-correlation/enhanced-memory-integration.ts
FN:43,(anonymous_0)
FN:49,(anonymous_1)
FN:72,(anonymous_2)
FN:83,(anonymous_3)
FN:103,(anonymous_4)
FN:104,(anonymous_5)
FN:105,(anonymous_6)
FN:117,(anonymous_7)
FN:118,(anonymous_8)
FN:134,(anonymous_9)
FN:200,(anonymous_11)
FN:202,(anonymous_12)
FN:203,(anonymous_13)
FN:204,(anonymous_14)
FN:212,(anonymous_15)
FN:216,(anonymous_16)
FN:233,(anonymous_17)
FN:239,(anonymous_18)
FN:240,(anonymous_19)
FN:245,(anonymous_20)
FN:250,(anonymous_21)
FN:258,(anonymous_22)
FN:277,(anonymous_23)
FN:287,(anonymous_24)
FN:304,(anonymous_25)
FN:310,(anonymous_26)
FN:329,(anonymous_27)
FN:338,(anonymous_28)
FN:339,(anonymous_29)
FN:351,(anonymous_30)
FN:362,(anonymous_31)
FN:372,(anonymous_32)
FN:375,(anonymous_33)
FN:382,(anonymous_34)
FN:383,(anonymous_35)
FNF:35
FNH:0
FNDA:0,(anonymous_0)
FNDA:0,(anonymous_1)
FNDA:0,(anonymous_2)
FNDA:0,(anonymous_3)
FNDA:0,(anonymous_4)
FNDA:0,(anonymous_5)
FNDA:0,(anonymous_6)
FNDA:0,(anonymous_7)
FNDA:0,(anonymous_8)
FNDA:0,(anonymous_9)
FNDA:0,(anonymous_11)
FNDA:0,(anonymous_12)
FNDA:0,(anonymous_13)
FNDA:0,(anonymous_14)
FNDA:0,(anonymous_15)
FNDA:0,(anonymous_16)
FNDA:0,(anonymous_17)
FNDA:0,(anonymous_18)
FNDA:0,(anonymous_19)
FNDA:0,(anonymous_20)
FNDA:0,(anonymous_21)
FNDA:0,(anonymous_22)
FNDA:0,(anonymous_23)
FNDA:0,(anonymous_24)
FNDA:0,(anonymous_25)
FNDA:0,(anonymous_26)
FNDA:0,(anonymous_27)
FNDA:0,(anonymous_28)
FNDA:0,(anonymous_29)
FNDA:0,(anonymous_30)
FNDA:0,(anonymous_31)
FNDA:0,(anonymous_32)
FNDA:0,(anonymous_33)
FNDA:0,(anonymous_34)
FNDA:0,(anonymous_35)
DA:43,0
DA:54,0
DA:56,0
DA:59,0
DA:65,0
DA:71,0
DA:72,0
DA:75,0
DA:76,0
DA:95,0
DA:96,0
DA:103,0
DA:104,0
DA:105,0
DA:117,0
DA:118,0
DA:121,0
DA:122,0
DA:124,0
DA:126,0
DA:127,0
DA:143,0
DA:145,0
DA:146,0
DA:149,0
DA:151,0
DA:158,0
DA:159,0
DA:180,0
DA:181,0
DA:182,0
DA:184,0
DA:186,0
DA:187,0
DA:201,0
DA:202,0
DA:203,0
DA:204,0
DA:209,0
DA:216,0
DA:217,0
DA:218,0
DA:220,0
DA:225,0
DA:226,0
DA:227,0
DA:228,0
DA:229,0
DA:234,0
DA:237,0
DA:238,0
DA:239,0
DA:240,0
DA:242,0
DA:245,0
DA:246,0
DA:250,0
DA:251,0
DA:255,0
DA:259,0
DA:261,0
DA:262,0
DA:264,0
DA:265,0
DA:267,0
DA:268,0
DA:270,0
DA:271,0
DA:274,0
DA:278,0
DA:279,0
DA:281,0
DA:282,0
DA:284,0
DA:288,0
DA:289,0
DA:291,0
DA:292,0
DA:294,0
DA:295,0
DA:297,0
DA:298,0
DA:301,0
DA:307,0
DA:319,0
DA:320,0
DA:329,0
DA:330,0
DA:331,0
DA:334,0
DA:336,0
DA:338,0
DA:339,0
DA:341,0
DA:362,0
DA:363,0
DA:364,0
DA:365,0
DA:367,0
DA:368,0
DA:372,0
DA:375,0
DA:382,0
DA:383,0
DA:384,0
DA:386,0
DA:387,0
DA:390,0
LF:108
LH:0
BRDA:52,0,0,0
BRDA:121,1,0,0
BRDA:122,2,0,0
BRDA:136,3,0,0
BRDA:173,4,0,0
BRDA:226,5,0,0
BRDA:228,6,0,0
BRDA:234,7,0,0
BRDA:234,7,1,0
BRDA:237,8,0,0
BRDA:238,9,0,0
BRDA:238,9,1,0
BRDA:245,10,0,0
BRDA:250,11,0,0
BRDA:261,12,0,0
BRDA:261,13,0,0
BRDA:261,13,1,0
BRDA:261,13,2,0
BRDA:264,14,0,0
BRDA:264,15,0,0
BRDA:264,15,1,0
BRDA:264,15,2,0
BRDA:267,16,0,0
BRDA:267,17,0,0
BRDA:267,17,1,0
BRDA:270,18,0,0
BRDA:270,19,0,0
BRDA:270,19,1,0
BRDA:278,20,0,0
BRDA:278,21,0,0
BRDA:278,21,1,0
BRDA:281,22,0,0
BRDA:282,23,0,0
BRDA:282,23,1,0
BRDA:282,24,0,0
BRDA:282,24,1,0
BRDA:288,25,0,0
BRDA:291,26,0,0
BRDA:294,27,0,0
BRDA:294,28,0,0
BRDA:294,28,1,0
BRDA:297,29,0,0
BRDA:297,30,0,0
BRDA:297,30,1,0
BRDA:319,31,0,0
BRDA:345,32,0,0
BRDA:345,32,1,0
BRDA:363,33,0,0
BRDA:363,33,1,0
BRDA:364,34,0,0
BRDA:375,35,0,0
BRDA:375,35,1,0
BRF:52
BRH:0
end_of_record
TN:
SF:src/v2/tools/infrastructure-correlation/test-imports.ts
FNF:0
FNH:0
DA:5,0
LF:1
LH:0
BRF:0
BRH:0
end_of_record
TN:
SF:src/v2/tools/infrastructure-correlation/tools.ts
FN:26,createInfrastructureCorrelationTools
FN:38,(anonymous_1)
FN:63,(anonymous_2)
FN:77,(anonymous_3)
FN:78,(anonymous_4)
FNF:5
FNH:0
FNDA:0,createInfrastructureCorrelationTools
FNDA:0,(anonymous_1)
FNDA:0,(anonymous_2)
FNDA:0,(anonymous_3)
FNDA:0,(anonymous_4)
DA:31,0
DA:33,0
DA:39,0
DA:40,0
DA:41,0
DA:42,0
DA:44,0
DA:51,0
DA:64,0
DA:65,0
DA:71,0
DA:77,0
DA:78,0
DA:87,0
DA:101,0
LF:15
LH:0
BRDA:40,0,0,0
BRDA:40,0,1,0
BRDA:41,1,0,0
BRDA:53,2,0,0
BRDA:53,2,1,0
BRDA:89,3,0,0
BRDA:89,3,1,0
BRF:7
BRH:0
end_of_record
