{"numFailedTestSuites":0,"numFailedTests":0,"numPassedTestSuites":1,"numPassedTests":4,"numPendingTestSuites":0,"numPendingTests":0,"numRuntimeErrorTestSuites":0,"numTodoTests":0,"numTotalTestSuites":1,"numTotalTests":4,"openHandles":[],"snapshot":{"added":0,"didUpdate":false,"failure":false,"filesAdded":0,"filesRemoved":0,"filesRemovedList":[],"filesUnmatched":0,"filesUpdated":0,"matched":0,"total":0,"unchecked":0,"uncheckedKeysByFile":[],"unmatched":0,"updated":0},"startTime":1757277785322,"success":true,"testResults":[{"assertionResults":[{"ancestorTitles":["Basic Test Setup"],"duration":1,"failureDetails":[],"failureMessages":[],"fullName":"Basic Test Setup should have working Jest environment","invocations":1,"location":null,"numPassingAsserts":1,"retryReasons":[],"status":"passed","title":"should have working Jest environment"},{"ancestorTitles":["Basic Test Setup"],"duration":1,"failureDetails":[],"failureMessages":[],"fullName":"Basic Test Setup should have test utilities available","invocations":1,"location":null,"numPassingAsserts":2,"retryReasons":[],"status":"passed","title":"should have test utilities available"},{"ancestorTitles":["Basic Test Setup"],"duration":0,"failureDetails":[],"failureMessages":[],"fullName":"Basic Test Setup should create test configuration","invocations":1,"location":null,"numPassingAsserts":2,"retryReasons":[],"status":"passed","title":"should create test configuration"},{"ancestorTitles":["Basic Test Setup"],"duration":0,"failureDetails":[],"failureMessages":[],"fullName":"Basic Test Setup should mock OpenShift responses","invocations":1,"location":null,"numPassingAsserts":2,"retryReasons":[],"status":"passed","title":"should mock OpenShift responses"}],"endTime":1757277786005,"message":"","name":"/Users/kevinbrown/MCP-ocs/tests/unit/basic.test.ts","startTime":1757277785423,"status":"passed","summary":""}],"wasInterrupted":false}
