{"numFailedTestSuites":0,"numFailedTests":0,"numPassedTestSuites":9,"numPassedTests":40,"numPendingTestSuites":0,"numPendingTests":0,"numRuntimeErrorTestSuites":0,"numTodoTests":0,"numTotalTestSuites":9,"numTotalTests":40,"openHandles":[],"snapshot":{"added":0,"didUpdate":false,"failure":false,"filesAdded":0,"filesRemoved":0,"filesRemovedList":[],"filesUnmatched":0,"filesUpdated":0,"matched":0,"total":0,"unchecked":0,"uncheckedKeysByFile":[],"unmatched":0,"updated":0},"startTime":1757278658867,"success":true,"testResults":[{"assertionResults":[{"ancestorTitles":["Date-Time Safety"],"duration":20,"failureDetails":[],"failureMessages":[],"fullName":"Date-Time Safety StateMgmtTools: uses numeric epoch for memory stores (policy)","invocations":1,"location":null,"numPassingAsserts":7,"retryReasons":[],"status":"passed","title":"StateMgmtTools: uses numeric epoch for memory stores (policy)"},{"ancestorTitles":["Date-Time Safety"],"duration":8,"failureDetails":[],"failureMessages":[],"fullName":"Date-Time Safety ReadOpsTools: returns ISO for user-facing, numeric for memory","invocations":1,"location":null,"numPassingAsserts":4,"retryReasons":[],"status":"passed","title":"ReadOpsTools: returns ISO for user-facing, numeric for memory"},{"ancestorTitles":["Date-Time Safety"],"duration":94,"failureDetails":[],"failureMessages":[],"fullName":"Date-Time Safety EnhancedNamespaceHealthChecker: returns ISO timestamp and validates dates","invocations":1,"location":null,"numPassingAsserts":2,"retryReasons":[],"status":"passed","title":"EnhancedNamespaceHealthChecker: returns ISO timestamp and validates dates"}],"endTime":1757278660067,"message":"","name":"/Users/kevinbrown/MCP-ocs/tests/unit/date-time-safety.test.ts","startTime":1757278658968,"status":"passed","summary":""},{"assertionResults":[{"ancestorTitles":["UnifiedToolRegistry"],"duration":0,"failureDetails":[],"failureMessages":[],"fullName":"UnifiedToolRegistry registers and executes a tool returning string","invocations":1,"location":null,"numPassingAsserts":2,"retryReasons":[],"status":"passed","title":"registers and executes a tool returning string"},{"ancestorTitles":["UnifiedToolRegistry"],"duration":5,"failureDetails":[],"failureMessages":[],"fullName":"UnifiedToolRegistry rejects duplicate tool names","invocations":1,"location":null,"numPassingAsserts":1,"retryReasons":[],"status":"passed","title":"rejects duplicate tool names"},{"ancestorTitles":["UnifiedToolRegistry"],"duration":1,"failureDetails":[],"failureMessages":[],"fullName":"UnifiedToolRegistry validates required fields and categories/versions","invocations":1,"location":null,"numPassingAsserts":3,"retryReasons":[],"status":"passed","title":"validates required fields and categories/versions"},{"ancestorTitles":["UnifiedToolRegistry"],"duration":0,"failureDetails":[],"failureMessages":[],"fullName":"UnifiedToolRegistry returns standardized error JSON when tool returns non-string","invocations":1,"location":null,"numPassingAsserts":4,"retryReasons":[],"status":"passed","title":"returns standardized error JSON when tool returns non-string"},{"ancestorTitles":["UnifiedToolRegistry"],"duration":1,"failureDetails":[],"failureMessages":[],"fullName":"UnifiedToolRegistry throws an error when tool is not found","invocations":1,"location":null,"numPassingAsserts":1,"retryReasons":[],"status":"passed","title":"throws an error when tool is not found"},{"ancestorTitles":["UnifiedToolRegistry"],"duration":0,"failureDetails":[],"failureMessages":[],"fullName":"UnifiedToolRegistry reports stats and MCP tool metadata correctly","invocations":1,"location":null,"numPassingAsserts":6,"retryReasons":[],"status":"passed","title":"reports stats and MCP tool metadata correctly"},{"ancestorTitles":["Global tool registry singleton"],"duration":0,"failureDetails":[],"failureMessages":[],"fullName":"Global tool registry singleton returns same instance until reset","invocations":1,"location":null,"numPassingAsserts":2,"retryReasons":[],"status":"passed","title":"returns same instance until reset"}],"endTime":1757278660136,"message":"","name":"/Users/kevinbrown/MCP-ocs/tests/unit/tools/tool-registry.test.ts","startTime":1757278660069,"status":"passed","summary":""},{"assertionResults":[{"ancestorTitles":["WorkflowEngine minimal"],"duration":1,"failureDetails":[],"failureMessages":[],"fullName":"WorkflowEngine minimal blocks panic-prone write operation in early state","invocations":1,"location":null,"numPassingAsserts":1,"retryReasons":[],"status":"passed","title":"blocks panic-prone write operation in early state"},{"ancestorTitles":["WorkflowEngine minimal"],"duration":0,"failureDetails":[],"failureMessages":[],"fullName":"WorkflowEngine minimal blocks tool not allowed in current state when enforcement is blocking","invocations":1,"location":null,"numPassingAsserts":1,"retryReasons":[],"status":"passed","title":"blocks tool not allowed in current state when enforcement is blocking"}],"endTime":1757278660150,"message":"","name":"/Users/kevinbrown/MCP-ocs/tests/unit/workflow/workflow-engine.test.ts","startTime":1757278660138,"status":"passed","summary":""},{"assertionResults":[{"ancestorTitles":["Tool output schemas (AJV validation with mocks)"],"duration":2,"failureDetails":[],"failureMessages":[],"fullName":"Tool output schemas (AJV validation with mocks) namespace health (diagnostic) matches schema","invocations":1,"location":null,"numPassingAsserts":1,"retryReasons":[],"status":"passed","title":"namespace health (diagnostic) matches schema"},{"ancestorTitles":["Tool output schemas (AJV validation with mocks)"],"duration":1,"failureDetails":[],"failureMessages":[],"fullName":"Tool output schemas (AJV validation with mocks) pod health (diagnostic) matches schema","invocations":1,"location":null,"numPassingAsserts":1,"retryReasons":[],"status":"passed","title":"pod health (diagnostic) matches schema"},{"ancestorTitles":["Tool output schemas (AJV validation with mocks)"],"duration":1,"failureDetails":[],"failureMessages":[],"fullName":"Tool output schemas (AJV validation with mocks) read ops: get_pods/describe/logs match schemas","invocations":1,"location":null,"numPassingAsserts":3,"retryReasons":[],"status":"passed","title":"read ops: get_pods/describe/logs match schemas"},{"ancestorTitles":["Tool output schemas (AJV validation with mocks)"],"duration":9,"failureDetails":[],"failureMessages":[],"fullName":"Tool output schemas (AJV validation with mocks) state/memory operations match schemas","invocations":1,"location":null,"numPassingAsserts":5,"retryReasons":[],"status":"passed","title":"state/memory operations match schemas"}],"endTime":1757278660223,"message":"","name":"/Users/kevinbrown/MCP-ocs/tests/unit/schemas/tool-output-schemas.test.ts","startTime":1757278660153,"status":"passed","summary":""},{"assertionResults":[{"ancestorTitles":["StructuredLogger","Basic Logging"],"duration":1,"failureDetails":[],"failureMessages":[],"fullName":"StructuredLogger Basic Logging should log debug messages when level allows","invocations":1,"location":null,"numPassingAsserts":1,"retryReasons":[],"status":"passed","title":"should log debug messages when level allows"},{"ancestorTitles":["StructuredLogger","Basic Logging"],"duration":0,"failureDetails":[],"failureMessages":[],"fullName":"StructuredLogger Basic Logging should log info messages","invocations":1,"location":null,"numPassingAsserts":1,"retryReasons":[],"status":"passed","title":"should log info messages"},{"ancestorTitles":["StructuredLogger","Basic Logging"],"duration":0,"failureDetails":[],"failureMessages":[],"fullName":"StructuredLogger Basic Logging should log warning messages","invocations":1,"location":null,"numPassingAsserts":1,"retryReasons":[],"status":"passed","title":"should log warning messages"},{"ancestorTitles":["StructuredLogger","Basic Logging"],"duration":0,"failureDetails":[],"failureMessages":[],"fullName":"StructuredLogger Basic Logging should log error messages","invocations":1,"location":null,"numPassingAsserts":1,"retryReasons":[],"status":"passed","title":"should log error messages"},{"ancestorTitles":["StructuredLogger","Context Handling"],"duration":0,"failureDetails":[],"failureMessages":[],"fullName":"StructuredLogger Context Handling should include basic context in log output","invocations":1,"location":null,"numPassingAsserts":2,"retryReasons":[],"status":"passed","title":"should include basic context in log output"},{"ancestorTitles":["StructuredLogger","Error Handling"],"duration":2,"failureDetails":[],"failureMessages":[],"fullName":"StructuredLogger Error Handling should handle Error objects properly","invocations":1,"location":null,"numPassingAsserts":3,"retryReasons":[],"status":"passed","title":"should handle Error objects properly"},{"ancestorTitles":["StructuredLogger","Specialized Logging Methods"],"duration":0,"failureDetails":[],"failureMessages":[],"fullName":"StructuredLogger Specialized Logging Methods should log tool execution with correct method","invocations":1,"location":null,"numPassingAsserts":5,"retryReasons":[],"status":"passed","title":"should log tool execution with correct method"},{"ancestorTitles":["StructuredLogger","Specialized Logging Methods"],"duration":1,"failureDetails":[],"failureMessages":[],"fullName":"StructuredLogger Specialized Logging Methods should log memory operations with correct method","invocations":1,"location":null,"numPassingAsserts":2,"retryReasons":[],"status":"passed","title":"should log memory operations with correct method"},{"ancestorTitles":["withTiming utility"],"duration":0,"failureDetails":[],"failureMessages":[],"fullName":"withTiming utility should time operations","invocations":1,"location":null,"numPassingAsserts":1,"retryReasons":[],"status":"passed","title":"should time operations"}],"endTime":1757278660239,"message":"","name":"/Users/kevinbrown/MCP-ocs/tests/unit/logging/structured-logger.test.ts","startTime":1757278660224,"status":"passed","summary":""},{"assertionResults":[{"ancestorTitles":["MEMORY_RECALL_CONFIDENCE_V1"],"duration":0,"failureDetails":[],"failureMessages":[],"fullName":"MEMORY_RECALL_CONFIDENCE_V1 labels High for strong and fresh recall","invocations":1,"location":null,"numPassingAsserts":2,"retryReasons":[],"status":"passed","title":"labels High for strong and fresh recall"},{"ancestorTitles":["MEMORY_RECALL_CONFIDENCE_V1"],"duration":0,"failureDetails":[],"failureMessages":[],"fullName":"MEMORY_RECALL_CONFIDENCE_V1 labels Medium for decent similarity","invocations":1,"location":null,"numPassingAsserts":1,"retryReasons":[],"status":"passed","title":"labels Medium for decent similarity"},{"ancestorTitles":["MEMORY_RECALL_CONFIDENCE_V1"],"duration":0,"failureDetails":[],"failureMessages":[],"fullName":"MEMORY_RECALL_CONFIDENCE_V1 labels Medium for recent but low similarity","invocations":1,"location":null,"numPassingAsserts":1,"retryReasons":[],"status":"passed","title":"labels Medium for recent but low similarity"},{"ancestorTitles":["MEMORY_RECALL_CONFIDENCE_V1"],"duration":1,"failureDetails":[],"failureMessages":[],"fullName":"MEMORY_RECALL_CONFIDENCE_V1 labels Low otherwise","invocations":1,"location":null,"numPassingAsserts":1,"retryReasons":[],"status":"passed","title":"labels Low otherwise"}],"endTime":1757278660255,"message":"","name":"/Users/kevinbrown/MCP-ocs/tests/unit/rubrics/intelligence/memory-recall-confidence.spec.ts","startTime":1757278660240,"status":"passed","summary":""},{"assertionResults":[{"ancestorTitles":["SharedMemoryManager (JSON mode)"],"duration":11,"failureDetails":[],"failureMessages":[],"fullName":"SharedMemoryManager (JSON mode) stores conversation and operational memory via JSON","invocations":1,"location":null,"numPassingAsserts":3,"retryReasons":[],"status":"passed","title":"stores conversation and operational memory via JSON"},{"ancestorTitles":["SharedMemoryManager (JSON mode)"],"duration":3,"failureDetails":[],"failureMessages":[],"fullName":"SharedMemoryManager (JSON mode) searches conversations and operational via JSON","invocations":1,"location":null,"numPassingAsserts":2,"retryReasons":[],"status":"passed","title":"searches conversations and operational via JSON"},{"ancestorTitles":["SharedMemoryManager (JSON mode)"],"duration":1,"failureDetails":[],"failureMessages":[],"fullName":"SharedMemoryManager (JSON mode) returns stats with chromaAvailable false and storageUsed string","invocations":1,"location":null,"numPassingAsserts":2,"retryReasons":[],"status":"passed","title":"returns stats with chromaAvailable false and storageUsed string"}],"endTime":1757278660283,"message":"","name":"/Users/kevinbrown/MCP-ocs/tests/unit/memory/shared-memory-json.test.ts","startTime":1757278660256,"status":"passed","summary":""},{"assertionResults":[{"ancestorTitles":["Cluster health schema (AJV)"],"duration":1,"failureDetails":[],"failureMessages":[],"fullName":"Cluster health schema (AJV) matches schema with mock oc + fixtures","invocations":1,"location":null,"numPassingAsserts":1,"retryReasons":[],"status":"passed","title":"matches schema with mock oc + fixtures"}],"endTime":1757278660310,"message":"","name":"/Users/kevinbrown/MCP-ocs/tests/unit/schemas/cluster-health-schema.test.ts","startTime":1757278660285,"status":"passed","summary":""},{"assertionResults":[{"ancestorTitles":["Configuration Schema","Environment Validation"],"duration":0,"failureDetails":[],"failureMessages":[],"fullName":"Configuration Schema Environment Validation should validate environment values correctly","invocations":1,"location":null,"numPassingAsserts":1,"retryReasons":[],"status":"passed","title":"should validate environment values correctly"},{"ancestorTitles":["Configuration Schema","Environment Validation"],"duration":0,"failureDetails":[],"failureMessages":[],"fullName":"Configuration Schema Environment Validation should reject clearly invalid environment values","invocations":1,"location":null,"numPassingAsserts":2,"retryReasons":[],"status":"passed","title":"should reject clearly invalid environment values"},{"ancestorTitles":["Configuration Schema","Log Level Validation"],"duration":0,"failureDetails":[],"failureMessages":[],"fullName":"Configuration Schema Log Level Validation should validate log levels","invocations":1,"location":null,"numPassingAsserts":4,"retryReasons":[],"status":"passed","title":"should validate log levels"},{"ancestorTitles":["Configuration Schema","Log Level Validation"],"duration":0,"failureDetails":[],"failureMessages":[],"fullName":"Configuration Schema Log Level Validation should reject invalid log levels","invocations":1,"location":null,"numPassingAsserts":2,"retryReasons":[],"status":"passed","title":"should reject invalid log levels"},{"ancestorTitles":["Configuration Schema","Tool Mode Validation"],"duration":0,"failureDetails":[],"failureMessages":[],"fullName":"Configuration Schema Tool Mode Validation should validate tool modes correctly","invocations":1,"location":null,"numPassingAsserts":1,"retryReasons":[],"status":"passed","title":"should validate tool modes correctly"},{"ancestorTitles":["Configuration Schema","Tool Mode Validation"],"duration":0,"failureDetails":[],"failureMessages":[],"fullName":"Configuration Schema Tool Mode Validation should reject invalid tool modes","invocations":1,"location":null,"numPassingAsserts":2,"retryReasons":[],"status":"passed","title":"should reject invalid tool modes"},{"ancestorTitles":["Configuration Schema","Schema Constants"],"duration":1,"failureDetails":[],"failureMessages":[],"fullName":"Configuration Schema Schema Constants should have defined schema constants","invocations":1,"location":null,"numPassingAsserts":2,"retryReasons":[],"status":"passed","title":"should have defined schema constants"}],"endTime":1757278660323,"message":"","name":"/Users/kevinbrown/MCP-ocs/tests/unit/config/schema.test.ts","startTime":1757278660311,"status":"passed","summary":""}],"wasInterrupted":false}
