{"numFailedTestSuites":0,"numFailedTests":0,"numPassedTestSuites":2,"numPassedTests":8,"numPendingTestSuites":0,"numPendingTests":0,"numRuntimeErrorTestSuites":0,"numTodoTests":0,"numTotalTestSuites":2,"numTotalTests":8,"openHandles":[],"snapshot":{"added":0,"didUpdate":false,"failure":false,"filesAdded":0,"filesRemoved":0,"filesRemovedList":[],"filesUnmatched":0,"filesUpdated":0,"matched":0,"total":0,"unchecked":0,"uncheckedKeysByFile":[],"unmatched":0,"updated":0},"startTime":1757279016923,"success":true,"testResults":[{"assertionResults":[{"ancestorTitles":["TemplateEngine"],"duration":49,"failureDetails":[],"failureMessages":[],"fullName":"TemplateEngine builds a plan with variable replacement and step budget","invocations":1,"location":null,"numPassingAsserts":4,"retryReasons":[],"status":"passed","title":"builds a plan with variable replacement and step budget"},{"ancestorTitles":["TemplateEngine"],"duration":0,"failureDetails":[],"failureMessages":[],"fullName":"TemplateEngine evaluates evidence completeness across selector types","invocations":1,"location":null,"numPassingAsserts":3,"retryReasons":[],"status":"passed","title":"evaluates evidence completeness across selector types"}],"endTime":1757279018086,"message":"","name":"/Users/kevinbrown/MCP-ocs/tests/unit/templates/template-engine.test.ts","startTime":1757279017026,"status":"passed","summary":""},{"assertionResults":[{"ancestorTitles":["ToolExecutionTracker"],"duration":1,"failureDetails":[],"failureMessages":[],"fullName":"ToolExecutionTracker executes successfully, stores memory, and records history","invocations":1,"location":null,"numPassingAsserts":9,"retryReasons":[],"status":"passed","title":"executes successfully, stores memory, and records history"},{"ancestorTitles":["ToolExecutionTracker"],"duration":4,"failureDetails":[],"failureMessages":[],"fullName":"ToolExecutionTracker records failure, stores error memory, and rethrows","invocations":1,"location":null,"numPassingAsserts":6,"retryReasons":[],"status":"passed","title":"records failure, stores error memory, and rethrows"},{"ancestorTitles":["ToolExecutionTracker"],"duration":1,"failureDetails":[],"failureMessages":[],"fullName":"ToolExecutionTracker retrieves execution by id and fetches its memory","invocations":1,"location":null,"numPassingAsserts":2,"retryReasons":[],"status":"passed","title":"retrieves execution by id and fetches its memory"},{"ancestorTitles":["ToolExecutionTracker"],"duration":0,"failureDetails":[],"failureMessages":[],"fullName":"ToolExecutionTracker returns null memory when execution or memoryId is missing","invocations":1,"location":null,"numPassingAsserts":1,"retryReasons":[],"status":"passed","title":"returns null memory when execution or memoryId is missing"},{"ancestorTitles":["ToolExecutionTracker"],"duration":0,"failureDetails":[],"failureMessages":[],"fullName":"ToolExecutionTracker queries relevant memories via memory manager","invocations":1,"location":null,"numPassingAsserts":2,"retryReasons":[],"status":"passed","title":"queries relevant memories via memory manager"},{"ancestorTitles":["ToolExecutionTracker"],"duration":0,"failureDetails":[],"failureMessages":[],"fullName":"ToolExecutionTracker cleans up old executions and aggregates memory cleanup count","invocations":1,"location":null,"numPassingAsserts":2,"retryReasons":[],"status":"passed","title":"cleans up old executions and aggregates memory cleanup count"}],"endTime":1757279018169,"message":"","name":"/Users/kevinbrown/MCP-ocs/tests/unit/tools/tool-execution-tracker.test.ts","startTime":1757279018090,"status":"passed","summary":""}],"wasInterrupted":false}
